[2022-10-08T10:29:00.637+0000] {processor.py:156} INFO - Started process (PID=235) to work on /home/airflow/.local/lib/python3.7/site-packages/airflow/example_dags/example_dag_decorator.py
[2022-10-08T10:29:00.638+0000] {processor.py:758} INFO - Processing file /home/airflow/.local/lib/python3.7/site-packages/airflow/example_dags/example_dag_decorator.py for tasks to queue
[2022-10-08T10:29:00.638+0000] {logging_mixin.py:117} INFO - [2022-10-08T10:29:00.638+0000] {dagbag.py:525} INFO - Filling up the DagBag from /home/airflow/.local/lib/python3.7/site-packages/airflow/example_dags/example_dag_decorator.py
[2022-10-08T10:29:00.677+0000] {processor.py:768} INFO - DAG(s) dict_keys(['example_dag_decorator']) retrieved from /home/airflow/.local/lib/python3.7/site-packages/airflow/example_dags/example_dag_decorator.py
[2022-10-08T10:29:00.927+0000] {logging_mixin.py:117} INFO - [2022-10-08T10:29:00.926+0000] {manager.py:507} INFO - Created Permission View: can edit on DAG:example_dag_decorator
[2022-10-08T10:29:00.935+0000] {logging_mixin.py:117} INFO - [2022-10-08T10:29:00.935+0000] {manager.py:507} INFO - Created Permission View: can delete on DAG:example_dag_decorator
[2022-10-08T10:29:00.941+0000] {logging_mixin.py:117} INFO - [2022-10-08T10:29:00.941+0000] {manager.py:507} INFO - Created Permission View: can read on DAG:example_dag_decorator
[2022-10-08T10:29:00.941+0000] {logging_mixin.py:117} INFO - [2022-10-08T10:29:00.941+0000] {dag.py:2573} INFO - Sync 1 DAGs
[2022-10-08T10:29:00.955+0000] {logging_mixin.py:117} INFO - [2022-10-08T10:29:00.955+0000] {dag.py:2594} INFO - Creating ORM DAG for example_dag_decorator
[2022-10-08T10:29:00.970+0000] {logging_mixin.py:117} INFO - [2022-10-08T10:29:00.970+0000] {dag.py:3328} INFO - Setting next_dagrun for example_dag_decorator to None, run_after=None
[2022-10-08T10:29:00.991+0000] {processor.py:178} INFO - Processing /home/airflow/.local/lib/python3.7/site-packages/airflow/example_dags/example_dag_decorator.py took 0.357 seconds
[2022-10-08T10:29:31.499+0000] {processor.py:156} INFO - Started process (PID=442) to work on /home/airflow/.local/lib/python3.7/site-packages/airflow/example_dags/example_dag_decorator.py
[2022-10-08T10:29:31.500+0000] {processor.py:758} INFO - Processing file /home/airflow/.local/lib/python3.7/site-packages/airflow/example_dags/example_dag_decorator.py for tasks to queue
[2022-10-08T10:29:31.500+0000] {logging_mixin.py:117} INFO - [2022-10-08T10:29:31.500+0000] {dagbag.py:525} INFO - Filling up the DagBag from /home/airflow/.local/lib/python3.7/site-packages/airflow/example_dags/example_dag_decorator.py
[2022-10-08T10:29:31.529+0000] {processor.py:768} INFO - DAG(s) dict_keys(['example_dag_decorator']) retrieved from /home/airflow/.local/lib/python3.7/site-packages/airflow/example_dags/example_dag_decorator.py
[2022-10-08T10:29:31.725+0000] {logging_mixin.py:117} INFO - [2022-10-08T10:29:31.725+0000] {dag.py:2573} INFO - Sync 1 DAGs
[2022-10-08T10:29:31.747+0000] {logging_mixin.py:117} INFO - [2022-10-08T10:29:31.747+0000] {dag.py:3328} INFO - Setting next_dagrun for example_dag_decorator to None, run_after=None
[2022-10-08T10:29:31.765+0000] {processor.py:178} INFO - Processing /home/airflow/.local/lib/python3.7/site-packages/airflow/example_dags/example_dag_decorator.py took 0.269 seconds
[2022-10-08T10:30:02.637+0000] {processor.py:156} INFO - Started process (PID=651) to work on /home/airflow/.local/lib/python3.7/site-packages/airflow/example_dags/example_dag_decorator.py
[2022-10-08T10:30:02.638+0000] {processor.py:758} INFO - Processing file /home/airflow/.local/lib/python3.7/site-packages/airflow/example_dags/example_dag_decorator.py for tasks to queue
[2022-10-08T10:30:02.638+0000] {logging_mixin.py:117} INFO - [2022-10-08T10:30:02.638+0000] {dagbag.py:525} INFO - Filling up the DagBag from /home/airflow/.local/lib/python3.7/site-packages/airflow/example_dags/example_dag_decorator.py
[2022-10-08T10:30:02.665+0000] {processor.py:768} INFO - DAG(s) dict_keys(['example_dag_decorator']) retrieved from /home/airflow/.local/lib/python3.7/site-packages/airflow/example_dags/example_dag_decorator.py
[2022-10-08T10:30:02.862+0000] {logging_mixin.py:117} INFO - [2022-10-08T10:30:02.861+0000] {dag.py:2573} INFO - Sync 1 DAGs
[2022-10-08T10:30:02.884+0000] {logging_mixin.py:117} INFO - [2022-10-08T10:30:02.883+0000] {dag.py:3328} INFO - Setting next_dagrun for example_dag_decorator to None, run_after=None
[2022-10-08T10:30:02.902+0000] {processor.py:178} INFO - Processing /home/airflow/.local/lib/python3.7/site-packages/airflow/example_dags/example_dag_decorator.py took 0.268 seconds
[2022-10-08T10:30:33.425+0000] {processor.py:156} INFO - Started process (PID=860) to work on /home/airflow/.local/lib/python3.7/site-packages/airflow/example_dags/example_dag_decorator.py
[2022-10-08T10:30:33.425+0000] {processor.py:758} INFO - Processing file /home/airflow/.local/lib/python3.7/site-packages/airflow/example_dags/example_dag_decorator.py for tasks to queue
[2022-10-08T10:30:33.426+0000] {logging_mixin.py:117} INFO - [2022-10-08T10:30:33.426+0000] {dagbag.py:525} INFO - Filling up the DagBag from /home/airflow/.local/lib/python3.7/site-packages/airflow/example_dags/example_dag_decorator.py
[2022-10-08T10:30:33.453+0000] {processor.py:768} INFO - DAG(s) dict_keys(['example_dag_decorator']) retrieved from /home/airflow/.local/lib/python3.7/site-packages/airflow/example_dags/example_dag_decorator.py
[2022-10-08T10:30:33.645+0000] {logging_mixin.py:117} INFO - [2022-10-08T10:30:33.645+0000] {dag.py:2573} INFO - Sync 1 DAGs
[2022-10-08T10:30:33.668+0000] {logging_mixin.py:117} INFO - [2022-10-08T10:30:33.668+0000] {dag.py:3328} INFO - Setting next_dagrun for example_dag_decorator to None, run_after=None
[2022-10-08T10:30:33.687+0000] {processor.py:178} INFO - Processing /home/airflow/.local/lib/python3.7/site-packages/airflow/example_dags/example_dag_decorator.py took 0.265 seconds
[2022-10-08T10:31:04.167+0000] {processor.py:156} INFO - Started process (PID=1056) to work on /home/airflow/.local/lib/python3.7/site-packages/airflow/example_dags/example_dag_decorator.py
[2022-10-08T10:31:04.168+0000] {processor.py:758} INFO - Processing file /home/airflow/.local/lib/python3.7/site-packages/airflow/example_dags/example_dag_decorator.py for tasks to queue
[2022-10-08T10:31:04.168+0000] {logging_mixin.py:117} INFO - [2022-10-08T10:31:04.168+0000] {dagbag.py:525} INFO - Filling up the DagBag from /home/airflow/.local/lib/python3.7/site-packages/airflow/example_dags/example_dag_decorator.py
[2022-10-08T10:31:04.194+0000] {processor.py:768} INFO - DAG(s) dict_keys(['example_dag_decorator']) retrieved from /home/airflow/.local/lib/python3.7/site-packages/airflow/example_dags/example_dag_decorator.py
[2022-10-08T10:31:04.377+0000] {logging_mixin.py:117} INFO - [2022-10-08T10:31:04.377+0000] {dag.py:2573} INFO - Sync 1 DAGs
[2022-10-08T10:31:04.407+0000] {logging_mixin.py:117} INFO - [2022-10-08T10:31:04.407+0000] {dag.py:3328} INFO - Setting next_dagrun for example_dag_decorator to None, run_after=None
[2022-10-08T10:31:04.425+0000] {processor.py:178} INFO - Processing /home/airflow/.local/lib/python3.7/site-packages/airflow/example_dags/example_dag_decorator.py took 0.260 seconds
[2022-10-08T10:31:34.637+0000] {processor.py:156} INFO - Started process (PID=1263) to work on /home/airflow/.local/lib/python3.7/site-packages/airflow/example_dags/example_dag_decorator.py
[2022-10-08T10:31:34.638+0000] {processor.py:758} INFO - Processing file /home/airflow/.local/lib/python3.7/site-packages/airflow/example_dags/example_dag_decorator.py for tasks to queue
[2022-10-08T10:31:34.638+0000] {logging_mixin.py:117} INFO - [2022-10-08T10:31:34.638+0000] {dagbag.py:525} INFO - Filling up the DagBag from /home/airflow/.local/lib/python3.7/site-packages/airflow/example_dags/example_dag_decorator.py
[2022-10-08T10:31:34.776+0000] {processor.py:768} INFO - DAG(s) dict_keys(['example_dag_decorator']) retrieved from /home/airflow/.local/lib/python3.7/site-packages/airflow/example_dags/example_dag_decorator.py
[2022-10-08T10:31:34.853+0000] {logging_mixin.py:117} INFO - [2022-10-08T10:31:34.853+0000] {dag.py:2573} INFO - Sync 1 DAGs
[2022-10-08T10:31:34.877+0000] {logging_mixin.py:117} INFO - [2022-10-08T10:31:34.876+0000] {dag.py:3328} INFO - Setting next_dagrun for example_dag_decorator to None, run_after=None
[2022-10-08T10:31:34.895+0000] {processor.py:178} INFO - Processing /home/airflow/.local/lib/python3.7/site-packages/airflow/example_dags/example_dag_decorator.py took 0.260 seconds
[2022-10-08T10:32:04.932+0000] {processor.py:156} INFO - Started process (PID=1470) to work on /home/airflow/.local/lib/python3.7/site-packages/airflow/example_dags/example_dag_decorator.py
[2022-10-08T10:32:04.933+0000] {processor.py:758} INFO - Processing file /home/airflow/.local/lib/python3.7/site-packages/airflow/example_dags/example_dag_decorator.py for tasks to queue
[2022-10-08T10:32:04.933+0000] {logging_mixin.py:117} INFO - [2022-10-08T10:32:04.933+0000] {dagbag.py:525} INFO - Filling up the DagBag from /home/airflow/.local/lib/python3.7/site-packages/airflow/example_dags/example_dag_decorator.py
[2022-10-08T10:32:05.189+0000] {processor.py:768} INFO - DAG(s) dict_keys(['example_dag_decorator']) retrieved from /home/airflow/.local/lib/python3.7/site-packages/airflow/example_dags/example_dag_decorator.py
[2022-10-08T10:32:05.378+0000] {logging_mixin.py:117} INFO - [2022-10-08T10:32:05.378+0000] {dag.py:2573} INFO - Sync 1 DAGs
[2022-10-08T10:32:05.400+0000] {logging_mixin.py:117} INFO - [2022-10-08T10:32:05.400+0000] {dag.py:3328} INFO - Setting next_dagrun for example_dag_decorator to None, run_after=None
[2022-10-08T10:32:05.474+0000] {processor.py:178} INFO - Processing /home/airflow/.local/lib/python3.7/site-packages/airflow/example_dags/example_dag_decorator.py took 0.544 seconds
[2022-10-08T10:32:36.210+0000] {processor.py:156} INFO - Started process (PID=1668) to work on /home/airflow/.local/lib/python3.7/site-packages/airflow/example_dags/example_dag_decorator.py
[2022-10-08T10:32:36.210+0000] {processor.py:758} INFO - Processing file /home/airflow/.local/lib/python3.7/site-packages/airflow/example_dags/example_dag_decorator.py for tasks to queue
[2022-10-08T10:32:36.211+0000] {logging_mixin.py:117} INFO - [2022-10-08T10:32:36.211+0000] {dagbag.py:525} INFO - Filling up the DagBag from /home/airflow/.local/lib/python3.7/site-packages/airflow/example_dags/example_dag_decorator.py
[2022-10-08T10:32:36.238+0000] {processor.py:768} INFO - DAG(s) dict_keys(['example_dag_decorator']) retrieved from /home/airflow/.local/lib/python3.7/site-packages/airflow/example_dags/example_dag_decorator.py
[2022-10-08T10:32:36.316+0000] {logging_mixin.py:117} INFO - [2022-10-08T10:32:36.316+0000] {dag.py:2573} INFO - Sync 1 DAGs
[2022-10-08T10:32:36.340+0000] {logging_mixin.py:117} INFO - [2022-10-08T10:32:36.340+0000] {dag.py:3328} INFO - Setting next_dagrun for example_dag_decorator to None, run_after=None
[2022-10-08T10:32:36.375+0000] {processor.py:178} INFO - Processing /home/airflow/.local/lib/python3.7/site-packages/airflow/example_dags/example_dag_decorator.py took 0.168 seconds
[2022-10-08T10:33:06.512+0000] {processor.py:156} INFO - Started process (PID=1875) to work on /home/airflow/.local/lib/python3.7/site-packages/airflow/example_dags/example_dag_decorator.py
[2022-10-08T10:33:06.513+0000] {processor.py:758} INFO - Processing file /home/airflow/.local/lib/python3.7/site-packages/airflow/example_dags/example_dag_decorator.py for tasks to queue
[2022-10-08T10:33:06.513+0000] {logging_mixin.py:117} INFO - [2022-10-08T10:33:06.513+0000] {dagbag.py:525} INFO - Filling up the DagBag from /home/airflow/.local/lib/python3.7/site-packages/airflow/example_dags/example_dag_decorator.py
[2022-10-08T10:33:06.540+0000] {processor.py:768} INFO - DAG(s) dict_keys(['example_dag_decorator']) retrieved from /home/airflow/.local/lib/python3.7/site-packages/airflow/example_dags/example_dag_decorator.py
[2022-10-08T10:33:06.618+0000] {logging_mixin.py:117} INFO - [2022-10-08T10:33:06.618+0000] {dag.py:2573} INFO - Sync 1 DAGs
[2022-10-08T10:33:06.640+0000] {logging_mixin.py:117} INFO - [2022-10-08T10:33:06.640+0000] {dag.py:3328} INFO - Setting next_dagrun for example_dag_decorator to None, run_after=None
[2022-10-08T10:33:06.658+0000] {processor.py:178} INFO - Processing /home/airflow/.local/lib/python3.7/site-packages/airflow/example_dags/example_dag_decorator.py took 0.148 seconds
[2022-10-08T10:33:37.338+0000] {processor.py:156} INFO - Started process (PID=2082) to work on /home/airflow/.local/lib/python3.7/site-packages/airflow/example_dags/example_dag_decorator.py
[2022-10-08T10:33:37.339+0000] {processor.py:758} INFO - Processing file /home/airflow/.local/lib/python3.7/site-packages/airflow/example_dags/example_dag_decorator.py for tasks to queue
[2022-10-08T10:33:37.339+0000] {logging_mixin.py:117} INFO - [2022-10-08T10:33:37.339+0000] {dagbag.py:525} INFO - Filling up the DagBag from /home/airflow/.local/lib/python3.7/site-packages/airflow/example_dags/example_dag_decorator.py
[2022-10-08T10:33:37.380+0000] {processor.py:768} INFO - DAG(s) dict_keys(['example_dag_decorator']) retrieved from /home/airflow/.local/lib/python3.7/site-packages/airflow/example_dags/example_dag_decorator.py
[2022-10-08T10:33:37.495+0000] {logging_mixin.py:117} INFO - [2022-10-08T10:33:37.495+0000] {dag.py:2573} INFO - Sync 1 DAGs
[2022-10-08T10:33:37.520+0000] {logging_mixin.py:117} INFO - [2022-10-08T10:33:37.520+0000] {dag.py:3328} INFO - Setting next_dagrun for example_dag_decorator to None, run_after=None
[2022-10-08T10:33:37.576+0000] {processor.py:178} INFO - Processing /home/airflow/.local/lib/python3.7/site-packages/airflow/example_dags/example_dag_decorator.py took 0.241 seconds
[2022-10-08T10:34:08.322+0000] {processor.py:156} INFO - Started process (PID=2280) to work on /home/airflow/.local/lib/python3.7/site-packages/airflow/example_dags/example_dag_decorator.py
[2022-10-08T10:34:08.322+0000] {processor.py:758} INFO - Processing file /home/airflow/.local/lib/python3.7/site-packages/airflow/example_dags/example_dag_decorator.py for tasks to queue
[2022-10-08T10:34:08.323+0000] {logging_mixin.py:117} INFO - [2022-10-08T10:34:08.323+0000] {dagbag.py:525} INFO - Filling up the DagBag from /home/airflow/.local/lib/python3.7/site-packages/airflow/example_dags/example_dag_decorator.py
[2022-10-08T10:34:08.351+0000] {processor.py:768} INFO - DAG(s) dict_keys(['example_dag_decorator']) retrieved from /home/airflow/.local/lib/python3.7/site-packages/airflow/example_dags/example_dag_decorator.py
[2022-10-08T10:34:08.434+0000] {logging_mixin.py:117} INFO - [2022-10-08T10:34:08.434+0000] {dag.py:2573} INFO - Sync 1 DAGs
[2022-10-08T10:34:08.471+0000] {logging_mixin.py:117} INFO - [2022-10-08T10:34:08.471+0000] {dag.py:3328} INFO - Setting next_dagrun for example_dag_decorator to None, run_after=None
[2022-10-08T10:34:08.490+0000] {processor.py:178} INFO - Processing /home/airflow/.local/lib/python3.7/site-packages/airflow/example_dags/example_dag_decorator.py took 0.171 seconds
[2022-10-08T10:34:39.283+0000] {processor.py:156} INFO - Started process (PID=2487) to work on /home/airflow/.local/lib/python3.7/site-packages/airflow/example_dags/example_dag_decorator.py
[2022-10-08T10:34:39.284+0000] {processor.py:758} INFO - Processing file /home/airflow/.local/lib/python3.7/site-packages/airflow/example_dags/example_dag_decorator.py for tasks to queue
[2022-10-08T10:34:39.284+0000] {logging_mixin.py:117} INFO - [2022-10-08T10:34:39.284+0000] {dagbag.py:525} INFO - Filling up the DagBag from /home/airflow/.local/lib/python3.7/site-packages/airflow/example_dags/example_dag_decorator.py
[2022-10-08T10:34:39.312+0000] {processor.py:768} INFO - DAG(s) dict_keys(['example_dag_decorator']) retrieved from /home/airflow/.local/lib/python3.7/site-packages/airflow/example_dags/example_dag_decorator.py
[2022-10-08T10:34:39.393+0000] {logging_mixin.py:117} INFO - [2022-10-08T10:34:39.393+0000] {dag.py:2573} INFO - Sync 1 DAGs
[2022-10-08T10:34:39.419+0000] {logging_mixin.py:117} INFO - [2022-10-08T10:34:39.419+0000] {dag.py:3328} INFO - Setting next_dagrun for example_dag_decorator to None, run_after=None
[2022-10-08T10:34:39.437+0000] {processor.py:178} INFO - Processing /home/airflow/.local/lib/python3.7/site-packages/airflow/example_dags/example_dag_decorator.py took 0.157 seconds
[2022-10-08T10:35:10.050+0000] {processor.py:156} INFO - Started process (PID=2694) to work on /home/airflow/.local/lib/python3.7/site-packages/airflow/example_dags/example_dag_decorator.py
[2022-10-08T10:35:10.050+0000] {processor.py:758} INFO - Processing file /home/airflow/.local/lib/python3.7/site-packages/airflow/example_dags/example_dag_decorator.py for tasks to queue
[2022-10-08T10:35:10.051+0000] {logging_mixin.py:117} INFO - [2022-10-08T10:35:10.051+0000] {dagbag.py:525} INFO - Filling up the DagBag from /home/airflow/.local/lib/python3.7/site-packages/airflow/example_dags/example_dag_decorator.py
[2022-10-08T10:35:10.077+0000] {processor.py:768} INFO - DAG(s) dict_keys(['example_dag_decorator']) retrieved from /home/airflow/.local/lib/python3.7/site-packages/airflow/example_dags/example_dag_decorator.py
[2022-10-08T10:35:10.157+0000] {logging_mixin.py:117} INFO - [2022-10-08T10:35:10.157+0000] {dag.py:2573} INFO - Sync 1 DAGs
[2022-10-08T10:35:10.184+0000] {logging_mixin.py:117} INFO - [2022-10-08T10:35:10.184+0000] {dag.py:3328} INFO - Setting next_dagrun for example_dag_decorator to None, run_after=None
[2022-10-08T10:35:10.202+0000] {processor.py:178} INFO - Processing /home/airflow/.local/lib/python3.7/site-packages/airflow/example_dags/example_dag_decorator.py took 0.155 seconds
[2022-10-08T10:35:40.843+0000] {processor.py:156} INFO - Started process (PID=2892) to work on /home/airflow/.local/lib/python3.7/site-packages/airflow/example_dags/example_dag_decorator.py
[2022-10-08T10:35:40.844+0000] {processor.py:758} INFO - Processing file /home/airflow/.local/lib/python3.7/site-packages/airflow/example_dags/example_dag_decorator.py for tasks to queue
[2022-10-08T10:35:40.845+0000] {logging_mixin.py:117} INFO - [2022-10-08T10:35:40.845+0000] {dagbag.py:525} INFO - Filling up the DagBag from /home/airflow/.local/lib/python3.7/site-packages/airflow/example_dags/example_dag_decorator.py
[2022-10-08T10:35:40.874+0000] {processor.py:768} INFO - DAG(s) dict_keys(['example_dag_decorator']) retrieved from /home/airflow/.local/lib/python3.7/site-packages/airflow/example_dags/example_dag_decorator.py
[2022-10-08T10:35:40.956+0000] {logging_mixin.py:117} INFO - [2022-10-08T10:35:40.956+0000] {dag.py:2573} INFO - Sync 1 DAGs
[2022-10-08T10:35:40.982+0000] {logging_mixin.py:117} INFO - [2022-10-08T10:35:40.982+0000] {dag.py:3328} INFO - Setting next_dagrun for example_dag_decorator to None, run_after=None
[2022-10-08T10:35:41.002+0000] {processor.py:178} INFO - Processing /home/airflow/.local/lib/python3.7/site-packages/airflow/example_dags/example_dag_decorator.py took 0.161 seconds
[2022-10-08T10:36:11.066+0000] {processor.py:156} INFO - Started process (PID=3099) to work on /home/airflow/.local/lib/python3.7/site-packages/airflow/example_dags/example_dag_decorator.py
[2022-10-08T10:36:11.067+0000] {processor.py:758} INFO - Processing file /home/airflow/.local/lib/python3.7/site-packages/airflow/example_dags/example_dag_decorator.py for tasks to queue
[2022-10-08T10:36:11.067+0000] {logging_mixin.py:117} INFO - [2022-10-08T10:36:11.067+0000] {dagbag.py:525} INFO - Filling up the DagBag from /home/airflow/.local/lib/python3.7/site-packages/airflow/example_dags/example_dag_decorator.py
[2022-10-08T10:36:11.093+0000] {processor.py:768} INFO - DAG(s) dict_keys(['example_dag_decorator']) retrieved from /home/airflow/.local/lib/python3.7/site-packages/airflow/example_dags/example_dag_decorator.py
[2022-10-08T10:36:11.172+0000] {logging_mixin.py:117} INFO - [2022-10-08T10:36:11.172+0000] {dag.py:2573} INFO - Sync 1 DAGs
[2022-10-08T10:36:11.195+0000] {logging_mixin.py:117} INFO - [2022-10-08T10:36:11.195+0000] {dag.py:3328} INFO - Setting next_dagrun for example_dag_decorator to None, run_after=None
[2022-10-08T10:36:11.214+0000] {processor.py:178} INFO - Processing /home/airflow/.local/lib/python3.7/site-packages/airflow/example_dags/example_dag_decorator.py took 0.151 seconds
[2022-10-08T10:36:42.031+0000] {processor.py:156} INFO - Started process (PID=3306) to work on /home/airflow/.local/lib/python3.7/site-packages/airflow/example_dags/example_dag_decorator.py
[2022-10-08T10:36:42.032+0000] {processor.py:758} INFO - Processing file /home/airflow/.local/lib/python3.7/site-packages/airflow/example_dags/example_dag_decorator.py for tasks to queue
[2022-10-08T10:36:42.032+0000] {logging_mixin.py:117} INFO - [2022-10-08T10:36:42.032+0000] {dagbag.py:525} INFO - Filling up the DagBag from /home/airflow/.local/lib/python3.7/site-packages/airflow/example_dags/example_dag_decorator.py
[2022-10-08T10:36:42.058+0000] {processor.py:768} INFO - DAG(s) dict_keys(['example_dag_decorator']) retrieved from /home/airflow/.local/lib/python3.7/site-packages/airflow/example_dags/example_dag_decorator.py
[2022-10-08T10:36:42.134+0000] {logging_mixin.py:117} INFO - [2022-10-08T10:36:42.134+0000] {dag.py:2573} INFO - Sync 1 DAGs
[2022-10-08T10:36:42.157+0000] {logging_mixin.py:117} INFO - [2022-10-08T10:36:42.157+0000] {dag.py:3328} INFO - Setting next_dagrun for example_dag_decorator to None, run_after=None
[2022-10-08T10:36:42.175+0000] {processor.py:178} INFO - Processing /home/airflow/.local/lib/python3.7/site-packages/airflow/example_dags/example_dag_decorator.py took 0.146 seconds
[2022-10-08T10:37:12.922+0000] {processor.py:156} INFO - Started process (PID=3504) to work on /home/airflow/.local/lib/python3.7/site-packages/airflow/example_dags/example_dag_decorator.py
[2022-10-08T10:37:12.922+0000] {processor.py:758} INFO - Processing file /home/airflow/.local/lib/python3.7/site-packages/airflow/example_dags/example_dag_decorator.py for tasks to queue
[2022-10-08T10:37:12.923+0000] {logging_mixin.py:117} INFO - [2022-10-08T10:37:12.923+0000] {dagbag.py:525} INFO - Filling up the DagBag from /home/airflow/.local/lib/python3.7/site-packages/airflow/example_dags/example_dag_decorator.py
[2022-10-08T10:37:12.950+0000] {processor.py:768} INFO - DAG(s) dict_keys(['example_dag_decorator']) retrieved from /home/airflow/.local/lib/python3.7/site-packages/airflow/example_dags/example_dag_decorator.py
[2022-10-08T10:37:13.027+0000] {logging_mixin.py:117} INFO - [2022-10-08T10:37:13.027+0000] {dag.py:2573} INFO - Sync 1 DAGs
[2022-10-08T10:37:13.050+0000] {logging_mixin.py:117} INFO - [2022-10-08T10:37:13.050+0000] {dag.py:3328} INFO - Setting next_dagrun for example_dag_decorator to None, run_after=None
[2022-10-08T10:37:13.068+0000] {processor.py:178} INFO - Processing /home/airflow/.local/lib/python3.7/site-packages/airflow/example_dags/example_dag_decorator.py took 0.149 seconds
[2022-10-08T10:37:43.256+0000] {processor.py:156} INFO - Started process (PID=3710) to work on /home/airflow/.local/lib/python3.7/site-packages/airflow/example_dags/example_dag_decorator.py
[2022-10-08T10:37:43.257+0000] {processor.py:758} INFO - Processing file /home/airflow/.local/lib/python3.7/site-packages/airflow/example_dags/example_dag_decorator.py for tasks to queue
[2022-10-08T10:37:43.257+0000] {logging_mixin.py:117} INFO - [2022-10-08T10:37:43.257+0000] {dagbag.py:525} INFO - Filling up the DagBag from /home/airflow/.local/lib/python3.7/site-packages/airflow/example_dags/example_dag_decorator.py
[2022-10-08T10:37:43.284+0000] {processor.py:768} INFO - DAG(s) dict_keys(['example_dag_decorator']) retrieved from /home/airflow/.local/lib/python3.7/site-packages/airflow/example_dags/example_dag_decorator.py
[2022-10-08T10:37:43.364+0000] {logging_mixin.py:117} INFO - [2022-10-08T10:37:43.364+0000] {dag.py:2573} INFO - Sync 1 DAGs
[2022-10-08T10:37:43.387+0000] {logging_mixin.py:117} INFO - [2022-10-08T10:37:43.386+0000] {dag.py:3328} INFO - Setting next_dagrun for example_dag_decorator to None, run_after=None
[2022-10-08T10:37:43.404+0000] {processor.py:178} INFO - Processing /home/airflow/.local/lib/python3.7/site-packages/airflow/example_dags/example_dag_decorator.py took 0.151 seconds
[2022-10-08T10:38:13.692+0000] {processor.py:156} INFO - Started process (PID=3917) to work on /home/airflow/.local/lib/python3.7/site-packages/airflow/example_dags/example_dag_decorator.py
[2022-10-08T10:38:13.693+0000] {processor.py:758} INFO - Processing file /home/airflow/.local/lib/python3.7/site-packages/airflow/example_dags/example_dag_decorator.py for tasks to queue
[2022-10-08T10:38:13.693+0000] {logging_mixin.py:117} INFO - [2022-10-08T10:38:13.693+0000] {dagbag.py:525} INFO - Filling up the DagBag from /home/airflow/.local/lib/python3.7/site-packages/airflow/example_dags/example_dag_decorator.py
[2022-10-08T10:38:13.720+0000] {processor.py:768} INFO - DAG(s) dict_keys(['example_dag_decorator']) retrieved from /home/airflow/.local/lib/python3.7/site-packages/airflow/example_dags/example_dag_decorator.py
[2022-10-08T10:38:13.801+0000] {logging_mixin.py:117} INFO - [2022-10-08T10:38:13.801+0000] {dag.py:2573} INFO - Sync 1 DAGs
[2022-10-08T10:38:13.830+0000] {logging_mixin.py:117} INFO - [2022-10-08T10:38:13.830+0000] {dag.py:3328} INFO - Setting next_dagrun for example_dag_decorator to None, run_after=None
[2022-10-08T10:38:13.875+0000] {processor.py:178} INFO - Processing /home/airflow/.local/lib/python3.7/site-packages/airflow/example_dags/example_dag_decorator.py took 0.185 seconds
[2022-10-08T10:38:44.410+0000] {processor.py:156} INFO - Started process (PID=4115) to work on /home/airflow/.local/lib/python3.7/site-packages/airflow/example_dags/example_dag_decorator.py
[2022-10-08T10:38:44.411+0000] {processor.py:758} INFO - Processing file /home/airflow/.local/lib/python3.7/site-packages/airflow/example_dags/example_dag_decorator.py for tasks to queue
[2022-10-08T10:38:44.411+0000] {logging_mixin.py:117} INFO - [2022-10-08T10:38:44.411+0000] {dagbag.py:525} INFO - Filling up the DagBag from /home/airflow/.local/lib/python3.7/site-packages/airflow/example_dags/example_dag_decorator.py
[2022-10-08T10:38:44.437+0000] {processor.py:768} INFO - DAG(s) dict_keys(['example_dag_decorator']) retrieved from /home/airflow/.local/lib/python3.7/site-packages/airflow/example_dags/example_dag_decorator.py
[2022-10-08T10:38:44.534+0000] {logging_mixin.py:117} INFO - [2022-10-08T10:38:44.534+0000] {dag.py:2573} INFO - Sync 1 DAGs
[2022-10-08T10:38:44.560+0000] {logging_mixin.py:117} INFO - [2022-10-08T10:38:44.560+0000] {dag.py:3328} INFO - Setting next_dagrun for example_dag_decorator to None, run_after=None
[2022-10-08T10:38:44.581+0000] {processor.py:178} INFO - Processing /home/airflow/.local/lib/python3.7/site-packages/airflow/example_dags/example_dag_decorator.py took 0.173 seconds
[2022-10-08T10:39:14.951+0000] {processor.py:156} INFO - Started process (PID=4322) to work on /home/airflow/.local/lib/python3.7/site-packages/airflow/example_dags/example_dag_decorator.py
[2022-10-08T10:39:14.951+0000] {processor.py:758} INFO - Processing file /home/airflow/.local/lib/python3.7/site-packages/airflow/example_dags/example_dag_decorator.py for tasks to queue
[2022-10-08T10:39:14.952+0000] {logging_mixin.py:117} INFO - [2022-10-08T10:39:14.952+0000] {dagbag.py:525} INFO - Filling up the DagBag from /home/airflow/.local/lib/python3.7/site-packages/airflow/example_dags/example_dag_decorator.py
[2022-10-08T10:39:14.980+0000] {processor.py:768} INFO - DAG(s) dict_keys(['example_dag_decorator']) retrieved from /home/airflow/.local/lib/python3.7/site-packages/airflow/example_dags/example_dag_decorator.py
[2022-10-08T10:39:15.056+0000] {logging_mixin.py:117} INFO - [2022-10-08T10:39:15.056+0000] {dag.py:2573} INFO - Sync 1 DAGs
[2022-10-08T10:39:15.080+0000] {logging_mixin.py:117} INFO - [2022-10-08T10:39:15.080+0000] {dag.py:3328} INFO - Setting next_dagrun for example_dag_decorator to None, run_after=None
[2022-10-08T10:39:15.099+0000] {processor.py:178} INFO - Processing /home/airflow/.local/lib/python3.7/site-packages/airflow/example_dags/example_dag_decorator.py took 0.151 seconds
[2022-10-08T10:39:45.655+0000] {processor.py:156} INFO - Started process (PID=4529) to work on /home/airflow/.local/lib/python3.7/site-packages/airflow/example_dags/example_dag_decorator.py
[2022-10-08T10:39:45.656+0000] {processor.py:758} INFO - Processing file /home/airflow/.local/lib/python3.7/site-packages/airflow/example_dags/example_dag_decorator.py for tasks to queue
[2022-10-08T10:39:45.657+0000] {logging_mixin.py:117} INFO - [2022-10-08T10:39:45.657+0000] {dagbag.py:525} INFO - Filling up the DagBag from /home/airflow/.local/lib/python3.7/site-packages/airflow/example_dags/example_dag_decorator.py
[2022-10-08T10:39:45.685+0000] {processor.py:768} INFO - DAG(s) dict_keys(['example_dag_decorator']) retrieved from /home/airflow/.local/lib/python3.7/site-packages/airflow/example_dags/example_dag_decorator.py
[2022-10-08T10:39:45.767+0000] {logging_mixin.py:117} INFO - [2022-10-08T10:39:45.767+0000] {dag.py:2573} INFO - Sync 1 DAGs
[2022-10-08T10:39:45.795+0000] {logging_mixin.py:117} INFO - [2022-10-08T10:39:45.795+0000] {dag.py:3328} INFO - Setting next_dagrun for example_dag_decorator to None, run_after=None
[2022-10-08T10:39:45.814+0000] {processor.py:178} INFO - Processing /home/airflow/.local/lib/python3.7/site-packages/airflow/example_dags/example_dag_decorator.py took 0.162 seconds
[2022-10-08T10:40:16.251+0000] {processor.py:156} INFO - Started process (PID=4727) to work on /home/airflow/.local/lib/python3.7/site-packages/airflow/example_dags/example_dag_decorator.py
[2022-10-08T10:40:16.252+0000] {processor.py:758} INFO - Processing file /home/airflow/.local/lib/python3.7/site-packages/airflow/example_dags/example_dag_decorator.py for tasks to queue
[2022-10-08T10:40:16.252+0000] {logging_mixin.py:117} INFO - [2022-10-08T10:40:16.252+0000] {dagbag.py:525} INFO - Filling up the DagBag from /home/airflow/.local/lib/python3.7/site-packages/airflow/example_dags/example_dag_decorator.py
[2022-10-08T10:40:16.278+0000] {processor.py:768} INFO - DAG(s) dict_keys(['example_dag_decorator']) retrieved from /home/airflow/.local/lib/python3.7/site-packages/airflow/example_dags/example_dag_decorator.py
[2022-10-08T10:40:16.364+0000] {logging_mixin.py:117} INFO - [2022-10-08T10:40:16.364+0000] {dag.py:2573} INFO - Sync 1 DAGs
[2022-10-08T10:40:16.387+0000] {logging_mixin.py:117} INFO - [2022-10-08T10:40:16.387+0000] {dag.py:3328} INFO - Setting next_dagrun for example_dag_decorator to None, run_after=None
[2022-10-08T10:40:16.407+0000] {processor.py:178} INFO - Processing /home/airflow/.local/lib/python3.7/site-packages/airflow/example_dags/example_dag_decorator.py took 0.159 seconds
[2022-10-08T10:40:46.833+0000] {processor.py:156} INFO - Started process (PID=4934) to work on /home/airflow/.local/lib/python3.7/site-packages/airflow/example_dags/example_dag_decorator.py
[2022-10-08T10:40:46.834+0000] {processor.py:758} INFO - Processing file /home/airflow/.local/lib/python3.7/site-packages/airflow/example_dags/example_dag_decorator.py for tasks to queue
[2022-10-08T10:40:46.834+0000] {logging_mixin.py:117} INFO - [2022-10-08T10:40:46.834+0000] {dagbag.py:525} INFO - Filling up the DagBag from /home/airflow/.local/lib/python3.7/site-packages/airflow/example_dags/example_dag_decorator.py
[2022-10-08T10:40:46.861+0000] {processor.py:768} INFO - DAG(s) dict_keys(['example_dag_decorator']) retrieved from /home/airflow/.local/lib/python3.7/site-packages/airflow/example_dags/example_dag_decorator.py
[2022-10-08T10:40:46.938+0000] {logging_mixin.py:117} INFO - [2022-10-08T10:40:46.938+0000] {dag.py:2573} INFO - Sync 1 DAGs
[2022-10-08T10:40:46.964+0000] {logging_mixin.py:117} INFO - [2022-10-08T10:40:46.964+0000] {dag.py:3328} INFO - Setting next_dagrun for example_dag_decorator to None, run_after=None
[2022-10-08T10:40:46.983+0000] {processor.py:178} INFO - Processing /home/airflow/.local/lib/python3.7/site-packages/airflow/example_dags/example_dag_decorator.py took 0.152 seconds
[2022-10-08T10:41:17.595+0000] {processor.py:156} INFO - Started process (PID=5142) to work on /home/airflow/.local/lib/python3.7/site-packages/airflow/example_dags/example_dag_decorator.py
[2022-10-08T10:41:17.595+0000] {processor.py:758} INFO - Processing file /home/airflow/.local/lib/python3.7/site-packages/airflow/example_dags/example_dag_decorator.py for tasks to queue
[2022-10-08T10:41:17.596+0000] {logging_mixin.py:117} INFO - [2022-10-08T10:41:17.596+0000] {dagbag.py:525} INFO - Filling up the DagBag from /home/airflow/.local/lib/python3.7/site-packages/airflow/example_dags/example_dag_decorator.py
[2022-10-08T10:41:17.623+0000] {processor.py:768} INFO - DAG(s) dict_keys(['example_dag_decorator']) retrieved from /home/airflow/.local/lib/python3.7/site-packages/airflow/example_dags/example_dag_decorator.py
[2022-10-08T10:41:17.700+0000] {logging_mixin.py:117} INFO - [2022-10-08T10:41:17.699+0000] {dag.py:2573} INFO - Sync 1 DAGs
[2022-10-08T10:41:17.722+0000] {logging_mixin.py:117} INFO - [2022-10-08T10:41:17.722+0000] {dag.py:3328} INFO - Setting next_dagrun for example_dag_decorator to None, run_after=None
[2022-10-08T10:41:17.740+0000] {processor.py:178} INFO - Processing /home/airflow/.local/lib/python3.7/site-packages/airflow/example_dags/example_dag_decorator.py took 0.148 seconds
[2022-10-08T10:41:48.124+0000] {processor.py:156} INFO - Started process (PID=5349) to work on /home/airflow/.local/lib/python3.7/site-packages/airflow/example_dags/example_dag_decorator.py
[2022-10-08T10:41:48.125+0000] {processor.py:758} INFO - Processing file /home/airflow/.local/lib/python3.7/site-packages/airflow/example_dags/example_dag_decorator.py for tasks to queue
[2022-10-08T10:41:48.125+0000] {logging_mixin.py:117} INFO - [2022-10-08T10:41:48.125+0000] {dagbag.py:525} INFO - Filling up the DagBag from /home/airflow/.local/lib/python3.7/site-packages/airflow/example_dags/example_dag_decorator.py
[2022-10-08T10:41:48.182+0000] {processor.py:768} INFO - DAG(s) dict_keys(['example_dag_decorator']) retrieved from /home/airflow/.local/lib/python3.7/site-packages/airflow/example_dags/example_dag_decorator.py
[2022-10-08T10:41:48.375+0000] {logging_mixin.py:117} INFO - [2022-10-08T10:41:48.375+0000] {dag.py:2573} INFO - Sync 1 DAGs
[2022-10-08T10:41:48.400+0000] {logging_mixin.py:117} INFO - [2022-10-08T10:41:48.400+0000] {dag.py:3328} INFO - Setting next_dagrun for example_dag_decorator to None, run_after=None
[2022-10-08T10:41:48.471+0000] {processor.py:178} INFO - Processing /home/airflow/.local/lib/python3.7/site-packages/airflow/example_dags/example_dag_decorator.py took 0.349 seconds
[2022-10-08T10:42:18.751+0000] {processor.py:156} INFO - Started process (PID=5547) to work on /home/airflow/.local/lib/python3.7/site-packages/airflow/example_dags/example_dag_decorator.py
[2022-10-08T10:42:18.752+0000] {processor.py:758} INFO - Processing file /home/airflow/.local/lib/python3.7/site-packages/airflow/example_dags/example_dag_decorator.py for tasks to queue
[2022-10-08T10:42:18.752+0000] {logging_mixin.py:117} INFO - [2022-10-08T10:42:18.752+0000] {dagbag.py:525} INFO - Filling up the DagBag from /home/airflow/.local/lib/python3.7/site-packages/airflow/example_dags/example_dag_decorator.py
[2022-10-08T10:42:18.778+0000] {processor.py:768} INFO - DAG(s) dict_keys(['example_dag_decorator']) retrieved from /home/airflow/.local/lib/python3.7/site-packages/airflow/example_dags/example_dag_decorator.py
[2022-10-08T10:42:18.906+0000] {logging_mixin.py:117} INFO - [2022-10-08T10:42:18.905+0000] {dag.py:2573} INFO - Sync 1 DAGs
[2022-10-08T10:42:18.929+0000] {logging_mixin.py:117} INFO - [2022-10-08T10:42:18.928+0000] {dag.py:3328} INFO - Setting next_dagrun for example_dag_decorator to None, run_after=None
[2022-10-08T10:42:18.949+0000] {processor.py:178} INFO - Processing /home/airflow/.local/lib/python3.7/site-packages/airflow/example_dags/example_dag_decorator.py took 0.201 seconds
[2022-10-08T10:42:49.405+0000] {processor.py:156} INFO - Started process (PID=5754) to work on /home/airflow/.local/lib/python3.7/site-packages/airflow/example_dags/example_dag_decorator.py
[2022-10-08T10:42:49.406+0000] {processor.py:758} INFO - Processing file /home/airflow/.local/lib/python3.7/site-packages/airflow/example_dags/example_dag_decorator.py for tasks to queue
[2022-10-08T10:42:49.406+0000] {logging_mixin.py:117} INFO - [2022-10-08T10:42:49.406+0000] {dagbag.py:525} INFO - Filling up the DagBag from /home/airflow/.local/lib/python3.7/site-packages/airflow/example_dags/example_dag_decorator.py
[2022-10-08T10:42:49.434+0000] {processor.py:768} INFO - DAG(s) dict_keys(['example_dag_decorator']) retrieved from /home/airflow/.local/lib/python3.7/site-packages/airflow/example_dags/example_dag_decorator.py
[2022-10-08T10:42:49.511+0000] {logging_mixin.py:117} INFO - [2022-10-08T10:42:49.511+0000] {dag.py:2573} INFO - Sync 1 DAGs
[2022-10-08T10:42:49.534+0000] {logging_mixin.py:117} INFO - [2022-10-08T10:42:49.534+0000] {dag.py:3328} INFO - Setting next_dagrun for example_dag_decorator to None, run_after=None
[2022-10-08T10:42:49.552+0000] {processor.py:178} INFO - Processing /home/airflow/.local/lib/python3.7/site-packages/airflow/example_dags/example_dag_decorator.py took 0.149 seconds
[2022-10-08T10:43:20.387+0000] {processor.py:156} INFO - Started process (PID=5961) to work on /home/airflow/.local/lib/python3.7/site-packages/airflow/example_dags/example_dag_decorator.py
[2022-10-08T10:43:20.387+0000] {processor.py:758} INFO - Processing file /home/airflow/.local/lib/python3.7/site-packages/airflow/example_dags/example_dag_decorator.py for tasks to queue
[2022-10-08T10:43:20.388+0000] {logging_mixin.py:117} INFO - [2022-10-08T10:43:20.388+0000] {dagbag.py:525} INFO - Filling up the DagBag from /home/airflow/.local/lib/python3.7/site-packages/airflow/example_dags/example_dag_decorator.py
[2022-10-08T10:43:20.413+0000] {processor.py:768} INFO - DAG(s) dict_keys(['example_dag_decorator']) retrieved from /home/airflow/.local/lib/python3.7/site-packages/airflow/example_dags/example_dag_decorator.py
[2022-10-08T10:43:20.490+0000] {logging_mixin.py:117} INFO - [2022-10-08T10:43:20.490+0000] {dag.py:2573} INFO - Sync 1 DAGs
[2022-10-08T10:43:20.513+0000] {logging_mixin.py:117} INFO - [2022-10-08T10:43:20.513+0000] {dag.py:3328} INFO - Setting next_dagrun for example_dag_decorator to None, run_after=None
[2022-10-08T10:43:20.531+0000] {processor.py:178} INFO - Processing /home/airflow/.local/lib/python3.7/site-packages/airflow/example_dags/example_dag_decorator.py took 0.147 seconds
[2022-10-08T10:43:50.851+0000] {processor.py:156} INFO - Started process (PID=6160) to work on /home/airflow/.local/lib/python3.7/site-packages/airflow/example_dags/example_dag_decorator.py
[2022-10-08T10:43:50.852+0000] {processor.py:758} INFO - Processing file /home/airflow/.local/lib/python3.7/site-packages/airflow/example_dags/example_dag_decorator.py for tasks to queue
[2022-10-08T10:43:50.852+0000] {logging_mixin.py:117} INFO - [2022-10-08T10:43:50.852+0000] {dagbag.py:525} INFO - Filling up the DagBag from /home/airflow/.local/lib/python3.7/site-packages/airflow/example_dags/example_dag_decorator.py
[2022-10-08T10:43:50.878+0000] {processor.py:768} INFO - DAG(s) dict_keys(['example_dag_decorator']) retrieved from /home/airflow/.local/lib/python3.7/site-packages/airflow/example_dags/example_dag_decorator.py
[2022-10-08T10:43:50.957+0000] {logging_mixin.py:117} INFO - [2022-10-08T10:43:50.957+0000] {dag.py:2573} INFO - Sync 1 DAGs
[2022-10-08T10:43:50.980+0000] {logging_mixin.py:117} INFO - [2022-10-08T10:43:50.980+0000] {dag.py:3328} INFO - Setting next_dagrun for example_dag_decorator to None, run_after=None
[2022-10-08T10:43:50.998+0000] {processor.py:178} INFO - Processing /home/airflow/.local/lib/python3.7/site-packages/airflow/example_dags/example_dag_decorator.py took 0.149 seconds
[2022-10-08T10:44:21.250+0000] {processor.py:156} INFO - Started process (PID=6367) to work on /home/airflow/.local/lib/python3.7/site-packages/airflow/example_dags/example_dag_decorator.py
[2022-10-08T10:44:21.251+0000] {processor.py:758} INFO - Processing file /home/airflow/.local/lib/python3.7/site-packages/airflow/example_dags/example_dag_decorator.py for tasks to queue
[2022-10-08T10:44:21.251+0000] {logging_mixin.py:117} INFO - [2022-10-08T10:44:21.251+0000] {dagbag.py:525} INFO - Filling up the DagBag from /home/airflow/.local/lib/python3.7/site-packages/airflow/example_dags/example_dag_decorator.py
[2022-10-08T10:44:21.278+0000] {processor.py:768} INFO - DAG(s) dict_keys(['example_dag_decorator']) retrieved from /home/airflow/.local/lib/python3.7/site-packages/airflow/example_dags/example_dag_decorator.py
[2022-10-08T10:44:21.354+0000] {logging_mixin.py:117} INFO - [2022-10-08T10:44:21.354+0000] {dag.py:2573} INFO - Sync 1 DAGs
[2022-10-08T10:44:21.376+0000] {logging_mixin.py:117} INFO - [2022-10-08T10:44:21.376+0000] {dag.py:3328} INFO - Setting next_dagrun for example_dag_decorator to None, run_after=None
[2022-10-08T10:44:21.395+0000] {processor.py:178} INFO - Processing /home/airflow/.local/lib/python3.7/site-packages/airflow/example_dags/example_dag_decorator.py took 0.147 seconds
[2022-10-08T10:44:51.886+0000] {processor.py:156} INFO - Started process (PID=6574) to work on /home/airflow/.local/lib/python3.7/site-packages/airflow/example_dags/example_dag_decorator.py
[2022-10-08T10:44:51.887+0000] {processor.py:758} INFO - Processing file /home/airflow/.local/lib/python3.7/site-packages/airflow/example_dags/example_dag_decorator.py for tasks to queue
[2022-10-08T10:44:51.888+0000] {logging_mixin.py:117} INFO - [2022-10-08T10:44:51.887+0000] {dagbag.py:525} INFO - Filling up the DagBag from /home/airflow/.local/lib/python3.7/site-packages/airflow/example_dags/example_dag_decorator.py
[2022-10-08T10:44:51.913+0000] {processor.py:768} INFO - DAG(s) dict_keys(['example_dag_decorator']) retrieved from /home/airflow/.local/lib/python3.7/site-packages/airflow/example_dags/example_dag_decorator.py
[2022-10-08T10:44:51.988+0000] {logging_mixin.py:117} INFO - [2022-10-08T10:44:51.988+0000] {dag.py:2573} INFO - Sync 1 DAGs
[2022-10-08T10:44:52.012+0000] {logging_mixin.py:117} INFO - [2022-10-08T10:44:52.011+0000] {dag.py:3328} INFO - Setting next_dagrun for example_dag_decorator to None, run_after=None
[2022-10-08T10:44:52.029+0000] {processor.py:178} INFO - Processing /home/airflow/.local/lib/python3.7/site-packages/airflow/example_dags/example_dag_decorator.py took 0.145 seconds
[2022-10-08T10:45:22.422+0000] {processor.py:156} INFO - Started process (PID=6772) to work on /home/airflow/.local/lib/python3.7/site-packages/airflow/example_dags/example_dag_decorator.py
[2022-10-08T10:45:22.423+0000] {processor.py:758} INFO - Processing file /home/airflow/.local/lib/python3.7/site-packages/airflow/example_dags/example_dag_decorator.py for tasks to queue
[2022-10-08T10:45:22.423+0000] {logging_mixin.py:117} INFO - [2022-10-08T10:45:22.423+0000] {dagbag.py:525} INFO - Filling up the DagBag from /home/airflow/.local/lib/python3.7/site-packages/airflow/example_dags/example_dag_decorator.py
[2022-10-08T10:45:22.451+0000] {processor.py:768} INFO - DAG(s) dict_keys(['example_dag_decorator']) retrieved from /home/airflow/.local/lib/python3.7/site-packages/airflow/example_dags/example_dag_decorator.py
[2022-10-08T10:45:22.533+0000] {logging_mixin.py:117} INFO - [2022-10-08T10:45:22.533+0000] {dag.py:2573} INFO - Sync 1 DAGs
[2022-10-08T10:45:22.557+0000] {logging_mixin.py:117} INFO - [2022-10-08T10:45:22.557+0000] {dag.py:3328} INFO - Setting next_dagrun for example_dag_decorator to None, run_after=None
[2022-10-08T10:45:22.575+0000] {processor.py:178} INFO - Processing /home/airflow/.local/lib/python3.7/site-packages/airflow/example_dags/example_dag_decorator.py took 0.155 seconds
[2022-10-08T10:45:52.980+0000] {processor.py:156} INFO - Started process (PID=6979) to work on /home/airflow/.local/lib/python3.7/site-packages/airflow/example_dags/example_dag_decorator.py
[2022-10-08T10:45:52.980+0000] {processor.py:758} INFO - Processing file /home/airflow/.local/lib/python3.7/site-packages/airflow/example_dags/example_dag_decorator.py for tasks to queue
[2022-10-08T10:45:52.981+0000] {logging_mixin.py:117} INFO - [2022-10-08T10:45:52.981+0000] {dagbag.py:525} INFO - Filling up the DagBag from /home/airflow/.local/lib/python3.7/site-packages/airflow/example_dags/example_dag_decorator.py
[2022-10-08T10:45:53.008+0000] {processor.py:768} INFO - DAG(s) dict_keys(['example_dag_decorator']) retrieved from /home/airflow/.local/lib/python3.7/site-packages/airflow/example_dags/example_dag_decorator.py
[2022-10-08T10:45:53.087+0000] {logging_mixin.py:117} INFO - [2022-10-08T10:45:53.087+0000] {dag.py:2573} INFO - Sync 1 DAGs
[2022-10-08T10:45:53.111+0000] {logging_mixin.py:117} INFO - [2022-10-08T10:45:53.110+0000] {dag.py:3328} INFO - Setting next_dagrun for example_dag_decorator to None, run_after=None
[2022-10-08T10:45:53.128+0000] {processor.py:178} INFO - Processing /home/airflow/.local/lib/python3.7/site-packages/airflow/example_dags/example_dag_decorator.py took 0.151 seconds
[2022-10-08T10:46:23.538+0000] {processor.py:156} INFO - Started process (PID=7186) to work on /home/airflow/.local/lib/python3.7/site-packages/airflow/example_dags/example_dag_decorator.py
[2022-10-08T10:46:23.539+0000] {processor.py:758} INFO - Processing file /home/airflow/.local/lib/python3.7/site-packages/airflow/example_dags/example_dag_decorator.py for tasks to queue
[2022-10-08T10:46:23.539+0000] {logging_mixin.py:117} INFO - [2022-10-08T10:46:23.539+0000] {dagbag.py:525} INFO - Filling up the DagBag from /home/airflow/.local/lib/python3.7/site-packages/airflow/example_dags/example_dag_decorator.py
[2022-10-08T10:46:23.567+0000] {processor.py:768} INFO - DAG(s) dict_keys(['example_dag_decorator']) retrieved from /home/airflow/.local/lib/python3.7/site-packages/airflow/example_dags/example_dag_decorator.py
[2022-10-08T10:46:23.653+0000] {logging_mixin.py:117} INFO - [2022-10-08T10:46:23.652+0000] {dag.py:2573} INFO - Sync 1 DAGs
[2022-10-08T10:46:23.676+0000] {logging_mixin.py:117} INFO - [2022-10-08T10:46:23.676+0000] {dag.py:3328} INFO - Setting next_dagrun for example_dag_decorator to None, run_after=None
[2022-10-08T10:46:23.701+0000] {processor.py:178} INFO - Processing /home/airflow/.local/lib/python3.7/site-packages/airflow/example_dags/example_dag_decorator.py took 0.165 seconds
[2022-10-08T10:46:54.077+0000] {processor.py:156} INFO - Started process (PID=7384) to work on /home/airflow/.local/lib/python3.7/site-packages/airflow/example_dags/example_dag_decorator.py
[2022-10-08T10:46:54.078+0000] {processor.py:758} INFO - Processing file /home/airflow/.local/lib/python3.7/site-packages/airflow/example_dags/example_dag_decorator.py for tasks to queue
[2022-10-08T10:46:54.079+0000] {logging_mixin.py:117} INFO - [2022-10-08T10:46:54.079+0000] {dagbag.py:525} INFO - Filling up the DagBag from /home/airflow/.local/lib/python3.7/site-packages/airflow/example_dags/example_dag_decorator.py
[2022-10-08T10:46:54.106+0000] {processor.py:768} INFO - DAG(s) dict_keys(['example_dag_decorator']) retrieved from /home/airflow/.local/lib/python3.7/site-packages/airflow/example_dags/example_dag_decorator.py
[2022-10-08T10:46:54.208+0000] {logging_mixin.py:117} INFO - [2022-10-08T10:46:54.208+0000] {dag.py:2573} INFO - Sync 1 DAGs
[2022-10-08T10:46:54.234+0000] {logging_mixin.py:117} INFO - [2022-10-08T10:46:54.234+0000] {dag.py:3328} INFO - Setting next_dagrun for example_dag_decorator to None, run_after=None
[2022-10-08T10:46:54.251+0000] {processor.py:178} INFO - Processing /home/airflow/.local/lib/python3.7/site-packages/airflow/example_dags/example_dag_decorator.py took 0.176 seconds
[2022-10-08T10:47:24.486+0000] {processor.py:156} INFO - Started process (PID=7591) to work on /home/airflow/.local/lib/python3.7/site-packages/airflow/example_dags/example_dag_decorator.py
[2022-10-08T10:47:24.487+0000] {processor.py:758} INFO - Processing file /home/airflow/.local/lib/python3.7/site-packages/airflow/example_dags/example_dag_decorator.py for tasks to queue
[2022-10-08T10:47:24.487+0000] {logging_mixin.py:117} INFO - [2022-10-08T10:47:24.487+0000] {dagbag.py:525} INFO - Filling up the DagBag from /home/airflow/.local/lib/python3.7/site-packages/airflow/example_dags/example_dag_decorator.py
[2022-10-08T10:47:24.516+0000] {processor.py:768} INFO - DAG(s) dict_keys(['example_dag_decorator']) retrieved from /home/airflow/.local/lib/python3.7/site-packages/airflow/example_dags/example_dag_decorator.py
[2022-10-08T10:47:24.595+0000] {logging_mixin.py:117} INFO - [2022-10-08T10:47:24.595+0000] {dag.py:2573} INFO - Sync 1 DAGs
[2022-10-08T10:47:24.620+0000] {logging_mixin.py:117} INFO - [2022-10-08T10:47:24.620+0000] {dag.py:3328} INFO - Setting next_dagrun for example_dag_decorator to None, run_after=None
[2022-10-08T10:47:24.639+0000] {processor.py:178} INFO - Processing /home/airflow/.local/lib/python3.7/site-packages/airflow/example_dags/example_dag_decorator.py took 0.156 seconds
[2022-10-08T10:47:55.268+0000] {processor.py:156} INFO - Started process (PID=7798) to work on /home/airflow/.local/lib/python3.7/site-packages/airflow/example_dags/example_dag_decorator.py
[2022-10-08T10:47:55.269+0000] {processor.py:758} INFO - Processing file /home/airflow/.local/lib/python3.7/site-packages/airflow/example_dags/example_dag_decorator.py for tasks to queue
[2022-10-08T10:47:55.270+0000] {logging_mixin.py:117} INFO - [2022-10-08T10:47:55.270+0000] {dagbag.py:525} INFO - Filling up the DagBag from /home/airflow/.local/lib/python3.7/site-packages/airflow/example_dags/example_dag_decorator.py
[2022-10-08T10:47:55.298+0000] {processor.py:768} INFO - DAG(s) dict_keys(['example_dag_decorator']) retrieved from /home/airflow/.local/lib/python3.7/site-packages/airflow/example_dags/example_dag_decorator.py
[2022-10-08T10:47:55.377+0000] {logging_mixin.py:117} INFO - [2022-10-08T10:47:55.377+0000] {dag.py:2573} INFO - Sync 1 DAGs
[2022-10-08T10:47:55.401+0000] {logging_mixin.py:117} INFO - [2022-10-08T10:47:55.401+0000] {dag.py:3328} INFO - Setting next_dagrun for example_dag_decorator to None, run_after=None
[2022-10-08T10:47:55.419+0000] {processor.py:178} INFO - Processing /home/airflow/.local/lib/python3.7/site-packages/airflow/example_dags/example_dag_decorator.py took 0.153 seconds
[2022-10-08T10:48:25.861+0000] {processor.py:156} INFO - Started process (PID=8005) to work on /home/airflow/.local/lib/python3.7/site-packages/airflow/example_dags/example_dag_decorator.py
[2022-10-08T10:48:25.862+0000] {processor.py:758} INFO - Processing file /home/airflow/.local/lib/python3.7/site-packages/airflow/example_dags/example_dag_decorator.py for tasks to queue
[2022-10-08T10:48:25.863+0000] {logging_mixin.py:117} INFO - [2022-10-08T10:48:25.862+0000] {dagbag.py:525} INFO - Filling up the DagBag from /home/airflow/.local/lib/python3.7/site-packages/airflow/example_dags/example_dag_decorator.py
[2022-10-08T10:48:25.890+0000] {processor.py:768} INFO - DAG(s) dict_keys(['example_dag_decorator']) retrieved from /home/airflow/.local/lib/python3.7/site-packages/airflow/example_dags/example_dag_decorator.py
[2022-10-08T10:48:25.989+0000] {logging_mixin.py:117} INFO - [2022-10-08T10:48:25.989+0000] {dag.py:2573} INFO - Sync 1 DAGs
[2022-10-08T10:48:26.023+0000] {logging_mixin.py:117} INFO - [2022-10-08T10:48:26.022+0000] {dag.py:3328} INFO - Setting next_dagrun for example_dag_decorator to None, run_after=None
[2022-10-08T10:48:26.049+0000] {processor.py:178} INFO - Processing /home/airflow/.local/lib/python3.7/site-packages/airflow/example_dags/example_dag_decorator.py took 0.190 seconds
[2022-10-08T10:48:56.519+0000] {processor.py:156} INFO - Started process (PID=8203) to work on /home/airflow/.local/lib/python3.7/site-packages/airflow/example_dags/example_dag_decorator.py
[2022-10-08T10:48:56.520+0000] {processor.py:758} INFO - Processing file /home/airflow/.local/lib/python3.7/site-packages/airflow/example_dags/example_dag_decorator.py for tasks to queue
[2022-10-08T10:48:56.520+0000] {logging_mixin.py:117} INFO - [2022-10-08T10:48:56.520+0000] {dagbag.py:525} INFO - Filling up the DagBag from /home/airflow/.local/lib/python3.7/site-packages/airflow/example_dags/example_dag_decorator.py
[2022-10-08T10:48:56.548+0000] {processor.py:768} INFO - DAG(s) dict_keys(['example_dag_decorator']) retrieved from /home/airflow/.local/lib/python3.7/site-packages/airflow/example_dags/example_dag_decorator.py
[2022-10-08T10:48:56.631+0000] {logging_mixin.py:117} INFO - [2022-10-08T10:48:56.631+0000] {dag.py:2573} INFO - Sync 1 DAGs
[2022-10-08T10:48:56.657+0000] {logging_mixin.py:117} INFO - [2022-10-08T10:48:56.657+0000] {dag.py:3328} INFO - Setting next_dagrun for example_dag_decorator to None, run_after=None
[2022-10-08T10:48:56.675+0000] {processor.py:178} INFO - Processing /home/airflow/.local/lib/python3.7/site-packages/airflow/example_dags/example_dag_decorator.py took 0.158 seconds
[2022-10-08T10:49:27.201+0000] {processor.py:156} INFO - Started process (PID=8430) to work on /home/airflow/.local/lib/python3.7/site-packages/airflow/example_dags/example_dag_decorator.py
[2022-10-08T10:49:27.202+0000] {processor.py:758} INFO - Processing file /home/airflow/.local/lib/python3.7/site-packages/airflow/example_dags/example_dag_decorator.py for tasks to queue
[2022-10-08T10:49:27.203+0000] {logging_mixin.py:117} INFO - [2022-10-08T10:49:27.203+0000] {dagbag.py:525} INFO - Filling up the DagBag from /home/airflow/.local/lib/python3.7/site-packages/airflow/example_dags/example_dag_decorator.py
[2022-10-08T10:49:27.230+0000] {processor.py:768} INFO - DAG(s) dict_keys(['example_dag_decorator']) retrieved from /home/airflow/.local/lib/python3.7/site-packages/airflow/example_dags/example_dag_decorator.py
[2022-10-08T10:49:27.312+0000] {logging_mixin.py:117} INFO - [2022-10-08T10:49:27.311+0000] {dag.py:2573} INFO - Sync 1 DAGs
[2022-10-08T10:49:27.337+0000] {logging_mixin.py:117} INFO - [2022-10-08T10:49:27.336+0000] {dag.py:3328} INFO - Setting next_dagrun for example_dag_decorator to None, run_after=None
[2022-10-08T10:49:27.355+0000] {processor.py:178} INFO - Processing /home/airflow/.local/lib/python3.7/site-packages/airflow/example_dags/example_dag_decorator.py took 0.156 seconds
[2022-10-08T10:49:58.150+0000] {processor.py:156} INFO - Started process (PID=8667) to work on /home/airflow/.local/lib/python3.7/site-packages/airflow/example_dags/example_dag_decorator.py
[2022-10-08T10:49:58.151+0000] {processor.py:758} INFO - Processing file /home/airflow/.local/lib/python3.7/site-packages/airflow/example_dags/example_dag_decorator.py for tasks to queue
[2022-10-08T10:49:58.151+0000] {logging_mixin.py:117} INFO - [2022-10-08T10:49:58.151+0000] {dagbag.py:525} INFO - Filling up the DagBag from /home/airflow/.local/lib/python3.7/site-packages/airflow/example_dags/example_dag_decorator.py
[2022-10-08T10:49:58.179+0000] {processor.py:768} INFO - DAG(s) dict_keys(['example_dag_decorator']) retrieved from /home/airflow/.local/lib/python3.7/site-packages/airflow/example_dags/example_dag_decorator.py
[2022-10-08T10:49:58.264+0000] {logging_mixin.py:117} INFO - [2022-10-08T10:49:58.264+0000] {dag.py:2573} INFO - Sync 1 DAGs
[2022-10-08T10:49:58.289+0000] {logging_mixin.py:117} INFO - [2022-10-08T10:49:58.288+0000] {dag.py:3328} INFO - Setting next_dagrun for example_dag_decorator to None, run_after=None
[2022-10-08T10:49:58.308+0000] {processor.py:178} INFO - Processing /home/airflow/.local/lib/python3.7/site-packages/airflow/example_dags/example_dag_decorator.py took 0.161 seconds
[2022-10-08T10:50:28.906+0000] {processor.py:156} INFO - Started process (PID=8870) to work on /home/airflow/.local/lib/python3.7/site-packages/airflow/example_dags/example_dag_decorator.py
[2022-10-08T10:50:28.906+0000] {processor.py:758} INFO - Processing file /home/airflow/.local/lib/python3.7/site-packages/airflow/example_dags/example_dag_decorator.py for tasks to queue
[2022-10-08T10:50:28.907+0000] {logging_mixin.py:117} INFO - [2022-10-08T10:50:28.907+0000] {dagbag.py:525} INFO - Filling up the DagBag from /home/airflow/.local/lib/python3.7/site-packages/airflow/example_dags/example_dag_decorator.py
[2022-10-08T10:50:28.933+0000] {processor.py:768} INFO - DAG(s) dict_keys(['example_dag_decorator']) retrieved from /home/airflow/.local/lib/python3.7/site-packages/airflow/example_dags/example_dag_decorator.py
[2022-10-08T10:50:29.011+0000] {logging_mixin.py:117} INFO - [2022-10-08T10:50:29.011+0000] {dag.py:2573} INFO - Sync 1 DAGs
[2022-10-08T10:50:29.036+0000] {logging_mixin.py:117} INFO - [2022-10-08T10:50:29.036+0000] {dag.py:3328} INFO - Setting next_dagrun for example_dag_decorator to None, run_after=None
[2022-10-08T10:50:29.057+0000] {processor.py:178} INFO - Processing /home/airflow/.local/lib/python3.7/site-packages/airflow/example_dags/example_dag_decorator.py took 0.154 seconds
[2022-10-08T10:50:59.423+0000] {processor.py:156} INFO - Started process (PID=9082) to work on /home/airflow/.local/lib/python3.7/site-packages/airflow/example_dags/example_dag_decorator.py
[2022-10-08T10:50:59.424+0000] {processor.py:758} INFO - Processing file /home/airflow/.local/lib/python3.7/site-packages/airflow/example_dags/example_dag_decorator.py for tasks to queue
[2022-10-08T10:50:59.425+0000] {logging_mixin.py:117} INFO - [2022-10-08T10:50:59.425+0000] {dagbag.py:525} INFO - Filling up the DagBag from /home/airflow/.local/lib/python3.7/site-packages/airflow/example_dags/example_dag_decorator.py
[2022-10-08T10:50:59.451+0000] {processor.py:768} INFO - DAG(s) dict_keys(['example_dag_decorator']) retrieved from /home/airflow/.local/lib/python3.7/site-packages/airflow/example_dags/example_dag_decorator.py
[2022-10-08T10:50:59.529+0000] {logging_mixin.py:117} INFO - [2022-10-08T10:50:59.529+0000] {dag.py:2573} INFO - Sync 1 DAGs
[2022-10-08T10:50:59.554+0000] {logging_mixin.py:117} INFO - [2022-10-08T10:50:59.554+0000] {dag.py:3328} INFO - Setting next_dagrun for example_dag_decorator to None, run_after=None
[2022-10-08T10:50:59.573+0000] {processor.py:178} INFO - Processing /home/airflow/.local/lib/python3.7/site-packages/airflow/example_dags/example_dag_decorator.py took 0.152 seconds
[2022-10-08T10:51:30.159+0000] {processor.py:156} INFO - Started process (PID=9304) to work on /home/airflow/.local/lib/python3.7/site-packages/airflow/example_dags/example_dag_decorator.py
[2022-10-08T10:51:30.160+0000] {processor.py:758} INFO - Processing file /home/airflow/.local/lib/python3.7/site-packages/airflow/example_dags/example_dag_decorator.py for tasks to queue
[2022-10-08T10:51:30.161+0000] {logging_mixin.py:117} INFO - [2022-10-08T10:51:30.160+0000] {dagbag.py:525} INFO - Filling up the DagBag from /home/airflow/.local/lib/python3.7/site-packages/airflow/example_dags/example_dag_decorator.py
[2022-10-08T10:51:30.188+0000] {processor.py:768} INFO - DAG(s) dict_keys(['example_dag_decorator']) retrieved from /home/airflow/.local/lib/python3.7/site-packages/airflow/example_dags/example_dag_decorator.py
[2022-10-08T10:51:30.292+0000] {logging_mixin.py:117} INFO - [2022-10-08T10:51:30.292+0000] {dag.py:2573} INFO - Sync 1 DAGs
[2022-10-08T10:51:30.316+0000] {logging_mixin.py:117} INFO - [2022-10-08T10:51:30.316+0000] {dag.py:3328} INFO - Setting next_dagrun for example_dag_decorator to None, run_after=None
[2022-10-08T10:51:30.334+0000] {processor.py:178} INFO - Processing /home/airflow/.local/lib/python3.7/site-packages/airflow/example_dags/example_dag_decorator.py took 0.177 seconds
[2022-10-08T10:52:01.191+0000] {processor.py:156} INFO - Started process (PID=9541) to work on /home/airflow/.local/lib/python3.7/site-packages/airflow/example_dags/example_dag_decorator.py
[2022-10-08T10:52:01.192+0000] {processor.py:758} INFO - Processing file /home/airflow/.local/lib/python3.7/site-packages/airflow/example_dags/example_dag_decorator.py for tasks to queue
[2022-10-08T10:52:01.192+0000] {logging_mixin.py:117} INFO - [2022-10-08T10:52:01.192+0000] {dagbag.py:525} INFO - Filling up the DagBag from /home/airflow/.local/lib/python3.7/site-packages/airflow/example_dags/example_dag_decorator.py
[2022-10-08T10:52:01.218+0000] {processor.py:768} INFO - DAG(s) dict_keys(['example_dag_decorator']) retrieved from /home/airflow/.local/lib/python3.7/site-packages/airflow/example_dags/example_dag_decorator.py
[2022-10-08T10:52:01.299+0000] {logging_mixin.py:117} INFO - [2022-10-08T10:52:01.298+0000] {dag.py:2573} INFO - Sync 1 DAGs
[2022-10-08T10:52:01.323+0000] {logging_mixin.py:117} INFO - [2022-10-08T10:52:01.323+0000] {dag.py:3328} INFO - Setting next_dagrun for example_dag_decorator to None, run_after=None
[2022-10-08T10:52:01.342+0000] {processor.py:178} INFO - Processing /home/airflow/.local/lib/python3.7/site-packages/airflow/example_dags/example_dag_decorator.py took 0.154 seconds
[2022-10-08T10:52:31.914+0000] {processor.py:156} INFO - Started process (PID=9769) to work on /home/airflow/.local/lib/python3.7/site-packages/airflow/example_dags/example_dag_decorator.py
[2022-10-08T10:52:31.915+0000] {processor.py:758} INFO - Processing file /home/airflow/.local/lib/python3.7/site-packages/airflow/example_dags/example_dag_decorator.py for tasks to queue
[2022-10-08T10:52:31.915+0000] {logging_mixin.py:117} INFO - [2022-10-08T10:52:31.915+0000] {dagbag.py:525} INFO - Filling up the DagBag from /home/airflow/.local/lib/python3.7/site-packages/airflow/example_dags/example_dag_decorator.py
[2022-10-08T10:52:31.942+0000] {processor.py:768} INFO - DAG(s) dict_keys(['example_dag_decorator']) retrieved from /home/airflow/.local/lib/python3.7/site-packages/airflow/example_dags/example_dag_decorator.py
[2022-10-08T10:52:32.025+0000] {logging_mixin.py:117} INFO - [2022-10-08T10:52:32.025+0000] {dag.py:2573} INFO - Sync 1 DAGs
[2022-10-08T10:52:32.052+0000] {logging_mixin.py:117} INFO - [2022-10-08T10:52:32.052+0000] {dag.py:3328} INFO - Setting next_dagrun for example_dag_decorator to None, run_after=None
[2022-10-08T10:52:32.071+0000] {processor.py:178} INFO - Processing /home/airflow/.local/lib/python3.7/site-packages/airflow/example_dags/example_dag_decorator.py took 0.160 seconds
[2022-10-08T10:53:02.567+0000] {processor.py:156} INFO - Started process (PID=9996) to work on /home/airflow/.local/lib/python3.7/site-packages/airflow/example_dags/example_dag_decorator.py
[2022-10-08T10:53:02.568+0000] {processor.py:758} INFO - Processing file /home/airflow/.local/lib/python3.7/site-packages/airflow/example_dags/example_dag_decorator.py for tasks to queue
[2022-10-08T10:53:02.568+0000] {logging_mixin.py:117} INFO - [2022-10-08T10:53:02.568+0000] {dagbag.py:525} INFO - Filling up the DagBag from /home/airflow/.local/lib/python3.7/site-packages/airflow/example_dags/example_dag_decorator.py
[2022-10-08T10:53:02.599+0000] {processor.py:768} INFO - DAG(s) dict_keys(['example_dag_decorator']) retrieved from /home/airflow/.local/lib/python3.7/site-packages/airflow/example_dags/example_dag_decorator.py
[2022-10-08T10:53:02.682+0000] {logging_mixin.py:117} INFO - [2022-10-08T10:53:02.682+0000] {dag.py:2573} INFO - Sync 1 DAGs
[2022-10-08T10:53:02.709+0000] {logging_mixin.py:117} INFO - [2022-10-08T10:53:02.709+0000] {dag.py:3328} INFO - Setting next_dagrun for example_dag_decorator to None, run_after=None
[2022-10-08T10:53:02.727+0000] {processor.py:178} INFO - Processing /home/airflow/.local/lib/python3.7/site-packages/airflow/example_dags/example_dag_decorator.py took 0.162 seconds
[2022-10-08T10:53:33.320+0000] {processor.py:156} INFO - Started process (PID=10223) to work on /home/airflow/.local/lib/python3.7/site-packages/airflow/example_dags/example_dag_decorator.py
[2022-10-08T10:53:33.321+0000] {processor.py:758} INFO - Processing file /home/airflow/.local/lib/python3.7/site-packages/airflow/example_dags/example_dag_decorator.py for tasks to queue
[2022-10-08T10:53:33.321+0000] {logging_mixin.py:117} INFO - [2022-10-08T10:53:33.321+0000] {dagbag.py:525} INFO - Filling up the DagBag from /home/airflow/.local/lib/python3.7/site-packages/airflow/example_dags/example_dag_decorator.py
[2022-10-08T10:53:33.348+0000] {processor.py:768} INFO - DAG(s) dict_keys(['example_dag_decorator']) retrieved from /home/airflow/.local/lib/python3.7/site-packages/airflow/example_dags/example_dag_decorator.py
[2022-10-08T10:53:33.427+0000] {logging_mixin.py:117} INFO - [2022-10-08T10:53:33.426+0000] {dag.py:2573} INFO - Sync 1 DAGs
[2022-10-08T10:53:33.449+0000] {logging_mixin.py:117} INFO - [2022-10-08T10:53:33.449+0000] {dag.py:3328} INFO - Setting next_dagrun for example_dag_decorator to None, run_after=None
[2022-10-08T10:53:33.468+0000] {processor.py:178} INFO - Processing /home/airflow/.local/lib/python3.7/site-packages/airflow/example_dags/example_dag_decorator.py took 0.150 seconds
[2022-10-08T10:54:03.927+0000] {processor.py:156} INFO - Started process (PID=10431) to work on /home/airflow/.local/lib/python3.7/site-packages/airflow/example_dags/example_dag_decorator.py
[2022-10-08T10:54:03.928+0000] {processor.py:758} INFO - Processing file /home/airflow/.local/lib/python3.7/site-packages/airflow/example_dags/example_dag_decorator.py for tasks to queue
[2022-10-08T10:54:03.929+0000] {logging_mixin.py:117} INFO - [2022-10-08T10:54:03.929+0000] {dagbag.py:525} INFO - Filling up the DagBag from /home/airflow/.local/lib/python3.7/site-packages/airflow/example_dags/example_dag_decorator.py
[2022-10-08T10:54:03.957+0000] {processor.py:768} INFO - DAG(s) dict_keys(['example_dag_decorator']) retrieved from /home/airflow/.local/lib/python3.7/site-packages/airflow/example_dags/example_dag_decorator.py
[2022-10-08T10:54:04.037+0000] {logging_mixin.py:117} INFO - [2022-10-08T10:54:04.036+0000] {dag.py:2573} INFO - Sync 1 DAGs
[2022-10-08T10:54:04.060+0000] {logging_mixin.py:117} INFO - [2022-10-08T10:54:04.060+0000] {dag.py:3328} INFO - Setting next_dagrun for example_dag_decorator to None, run_after=None
[2022-10-08T10:54:04.079+0000] {processor.py:178} INFO - Processing /home/airflow/.local/lib/python3.7/site-packages/airflow/example_dags/example_dag_decorator.py took 0.154 seconds
[2022-10-08T10:54:34.572+0000] {processor.py:156} INFO - Started process (PID=10653) to work on /home/airflow/.local/lib/python3.7/site-packages/airflow/example_dags/example_dag_decorator.py
[2022-10-08T10:54:34.573+0000] {processor.py:758} INFO - Processing file /home/airflow/.local/lib/python3.7/site-packages/airflow/example_dags/example_dag_decorator.py for tasks to queue
[2022-10-08T10:54:34.574+0000] {logging_mixin.py:117} INFO - [2022-10-08T10:54:34.574+0000] {dagbag.py:525} INFO - Filling up the DagBag from /home/airflow/.local/lib/python3.7/site-packages/airflow/example_dags/example_dag_decorator.py
[2022-10-08T10:54:34.600+0000] {processor.py:768} INFO - DAG(s) dict_keys(['example_dag_decorator']) retrieved from /home/airflow/.local/lib/python3.7/site-packages/airflow/example_dags/example_dag_decorator.py
[2022-10-08T10:54:34.677+0000] {logging_mixin.py:117} INFO - [2022-10-08T10:54:34.676+0000] {dag.py:2573} INFO - Sync 1 DAGs
[2022-10-08T10:54:34.701+0000] {logging_mixin.py:117} INFO - [2022-10-08T10:54:34.701+0000] {dag.py:3328} INFO - Setting next_dagrun for example_dag_decorator to None, run_after=None
[2022-10-08T10:54:34.719+0000] {processor.py:178} INFO - Processing /home/airflow/.local/lib/python3.7/site-packages/airflow/example_dags/example_dag_decorator.py took 0.149 seconds
[2022-10-08T10:55:05.501+0000] {processor.py:156} INFO - Started process (PID=10875) to work on /home/airflow/.local/lib/python3.7/site-packages/airflow/example_dags/example_dag_decorator.py
[2022-10-08T10:55:05.501+0000] {processor.py:758} INFO - Processing file /home/airflow/.local/lib/python3.7/site-packages/airflow/example_dags/example_dag_decorator.py for tasks to queue
[2022-10-08T10:55:05.502+0000] {logging_mixin.py:117} INFO - [2022-10-08T10:55:05.502+0000] {dagbag.py:525} INFO - Filling up the DagBag from /home/airflow/.local/lib/python3.7/site-packages/airflow/example_dags/example_dag_decorator.py
[2022-10-08T10:55:05.535+0000] {processor.py:768} INFO - DAG(s) dict_keys(['example_dag_decorator']) retrieved from /home/airflow/.local/lib/python3.7/site-packages/airflow/example_dags/example_dag_decorator.py
[2022-10-08T10:55:05.620+0000] {logging_mixin.py:117} INFO - [2022-10-08T10:55:05.619+0000] {dag.py:2573} INFO - Sync 1 DAGs
[2022-10-08T10:55:05.662+0000] {logging_mixin.py:117} INFO - [2022-10-08T10:55:05.662+0000] {dag.py:3328} INFO - Setting next_dagrun for example_dag_decorator to None, run_after=None
[2022-10-08T10:55:05.682+0000] {processor.py:178} INFO - Processing /home/airflow/.local/lib/python3.7/site-packages/airflow/example_dags/example_dag_decorator.py took 0.184 seconds
[2022-10-08T10:55:36.343+0000] {processor.py:156} INFO - Started process (PID=11078) to work on /home/airflow/.local/lib/python3.7/site-packages/airflow/example_dags/example_dag_decorator.py
[2022-10-08T10:55:36.344+0000] {processor.py:758} INFO - Processing file /home/airflow/.local/lib/python3.7/site-packages/airflow/example_dags/example_dag_decorator.py for tasks to queue
[2022-10-08T10:55:36.345+0000] {logging_mixin.py:117} INFO - [2022-10-08T10:55:36.345+0000] {dagbag.py:525} INFO - Filling up the DagBag from /home/airflow/.local/lib/python3.7/site-packages/airflow/example_dags/example_dag_decorator.py
[2022-10-08T10:55:36.371+0000] {processor.py:768} INFO - DAG(s) dict_keys(['example_dag_decorator']) retrieved from /home/airflow/.local/lib/python3.7/site-packages/airflow/example_dags/example_dag_decorator.py
[2022-10-08T10:55:36.450+0000] {logging_mixin.py:117} INFO - [2022-10-08T10:55:36.450+0000] {dag.py:2573} INFO - Sync 1 DAGs
[2022-10-08T10:55:36.479+0000] {logging_mixin.py:117} INFO - [2022-10-08T10:55:36.479+0000] {dag.py:3328} INFO - Setting next_dagrun for example_dag_decorator to None, run_after=None
[2022-10-08T10:55:36.497+0000] {processor.py:178} INFO - Processing /home/airflow/.local/lib/python3.7/site-packages/airflow/example_dags/example_dag_decorator.py took 0.156 seconds
[2022-10-08T10:56:07.346+0000] {processor.py:156} INFO - Started process (PID=11290) to work on /home/airflow/.local/lib/python3.7/site-packages/airflow/example_dags/example_dag_decorator.py
[2022-10-08T10:56:07.346+0000] {processor.py:758} INFO - Processing file /home/airflow/.local/lib/python3.7/site-packages/airflow/example_dags/example_dag_decorator.py for tasks to queue
[2022-10-08T10:56:07.347+0000] {logging_mixin.py:117} INFO - [2022-10-08T10:56:07.347+0000] {dagbag.py:525} INFO - Filling up the DagBag from /home/airflow/.local/lib/python3.7/site-packages/airflow/example_dags/example_dag_decorator.py
[2022-10-08T10:56:07.376+0000] {processor.py:768} INFO - DAG(s) dict_keys(['example_dag_decorator']) retrieved from /home/airflow/.local/lib/python3.7/site-packages/airflow/example_dags/example_dag_decorator.py
[2022-10-08T10:56:07.458+0000] {logging_mixin.py:117} INFO - [2022-10-08T10:56:07.458+0000] {dag.py:2573} INFO - Sync 1 DAGs
[2022-10-08T10:56:07.484+0000] {logging_mixin.py:117} INFO - [2022-10-08T10:56:07.484+0000] {dag.py:3328} INFO - Setting next_dagrun for example_dag_decorator to None, run_after=None
[2022-10-08T10:56:07.503+0000] {processor.py:178} INFO - Processing /home/airflow/.local/lib/python3.7/site-packages/airflow/example_dags/example_dag_decorator.py took 0.160 seconds
[2022-10-08T10:56:37.598+0000] {processor.py:156} INFO - Started process (PID=11502) to work on /home/airflow/.local/lib/python3.7/site-packages/airflow/example_dags/example_dag_decorator.py
[2022-10-08T10:56:37.598+0000] {processor.py:758} INFO - Processing file /home/airflow/.local/lib/python3.7/site-packages/airflow/example_dags/example_dag_decorator.py for tasks to queue
[2022-10-08T10:56:37.599+0000] {logging_mixin.py:117} INFO - [2022-10-08T10:56:37.599+0000] {dagbag.py:525} INFO - Filling up the DagBag from /home/airflow/.local/lib/python3.7/site-packages/airflow/example_dags/example_dag_decorator.py
[2022-10-08T10:56:37.625+0000] {processor.py:768} INFO - DAG(s) dict_keys(['example_dag_decorator']) retrieved from /home/airflow/.local/lib/python3.7/site-packages/airflow/example_dags/example_dag_decorator.py
[2022-10-08T10:56:37.708+0000] {logging_mixin.py:117} INFO - [2022-10-08T10:56:37.708+0000] {dag.py:2573} INFO - Sync 1 DAGs
[2022-10-08T10:56:37.733+0000] {logging_mixin.py:117} INFO - [2022-10-08T10:56:37.732+0000] {dag.py:3328} INFO - Setting next_dagrun for example_dag_decorator to None, run_after=None
[2022-10-08T10:56:37.751+0000] {processor.py:178} INFO - Processing /home/airflow/.local/lib/python3.7/site-packages/airflow/example_dags/example_dag_decorator.py took 0.156 seconds
[2022-10-08T10:57:07.842+0000] {processor.py:156} INFO - Started process (PID=11717) to work on /home/airflow/.local/lib/python3.7/site-packages/airflow/example_dags/example_dag_decorator.py
[2022-10-08T10:57:07.843+0000] {processor.py:758} INFO - Processing file /home/airflow/.local/lib/python3.7/site-packages/airflow/example_dags/example_dag_decorator.py for tasks to queue
[2022-10-08T10:57:07.843+0000] {logging_mixin.py:117} INFO - [2022-10-08T10:57:07.843+0000] {dagbag.py:525} INFO - Filling up the DagBag from /home/airflow/.local/lib/python3.7/site-packages/airflow/example_dags/example_dag_decorator.py
[2022-10-08T10:57:07.872+0000] {processor.py:768} INFO - DAG(s) dict_keys(['example_dag_decorator']) retrieved from /home/airflow/.local/lib/python3.7/site-packages/airflow/example_dags/example_dag_decorator.py
[2022-10-08T10:57:07.950+0000] {logging_mixin.py:117} INFO - [2022-10-08T10:57:07.950+0000] {dag.py:2573} INFO - Sync 1 DAGs
[2022-10-08T10:57:07.972+0000] {logging_mixin.py:117} INFO - [2022-10-08T10:57:07.972+0000] {dag.py:3328} INFO - Setting next_dagrun for example_dag_decorator to None, run_after=None
[2022-10-08T10:57:07.990+0000] {processor.py:178} INFO - Processing /home/airflow/.local/lib/python3.7/site-packages/airflow/example_dags/example_dag_decorator.py took 0.150 seconds
[2022-10-08T10:57:38.040+0000] {processor.py:156} INFO - Started process (PID=11927) to work on /home/airflow/.local/lib/python3.7/site-packages/airflow/example_dags/example_dag_decorator.py
[2022-10-08T10:57:38.040+0000] {processor.py:758} INFO - Processing file /home/airflow/.local/lib/python3.7/site-packages/airflow/example_dags/example_dag_decorator.py for tasks to queue
[2022-10-08T10:57:38.041+0000] {logging_mixin.py:117} INFO - [2022-10-08T10:57:38.041+0000] {dagbag.py:525} INFO - Filling up the DagBag from /home/airflow/.local/lib/python3.7/site-packages/airflow/example_dags/example_dag_decorator.py
[2022-10-08T10:57:38.067+0000] {processor.py:768} INFO - DAG(s) dict_keys(['example_dag_decorator']) retrieved from /home/airflow/.local/lib/python3.7/site-packages/airflow/example_dags/example_dag_decorator.py
[2022-10-08T10:57:38.143+0000] {logging_mixin.py:117} INFO - [2022-10-08T10:57:38.143+0000] {dag.py:2573} INFO - Sync 1 DAGs
[2022-10-08T10:57:38.177+0000] {logging_mixin.py:117} INFO - [2022-10-08T10:57:38.177+0000] {dag.py:3328} INFO - Setting next_dagrun for example_dag_decorator to None, run_after=None
[2022-10-08T10:57:38.195+0000] {processor.py:178} INFO - Processing /home/airflow/.local/lib/python3.7/site-packages/airflow/example_dags/example_dag_decorator.py took 0.158 seconds
[2022-10-08T10:58:08.866+0000] {processor.py:156} INFO - Started process (PID=12140) to work on /home/airflow/.local/lib/python3.7/site-packages/airflow/example_dags/example_dag_decorator.py
[2022-10-08T10:58:08.867+0000] {processor.py:758} INFO - Processing file /home/airflow/.local/lib/python3.7/site-packages/airflow/example_dags/example_dag_decorator.py for tasks to queue
[2022-10-08T10:58:08.867+0000] {logging_mixin.py:117} INFO - [2022-10-08T10:58:08.867+0000] {dagbag.py:525} INFO - Filling up the DagBag from /home/airflow/.local/lib/python3.7/site-packages/airflow/example_dags/example_dag_decorator.py
[2022-10-08T10:58:08.893+0000] {processor.py:768} INFO - DAG(s) dict_keys(['example_dag_decorator']) retrieved from /home/airflow/.local/lib/python3.7/site-packages/airflow/example_dags/example_dag_decorator.py
[2022-10-08T10:58:09.000+0000] {logging_mixin.py:117} INFO - [2022-10-08T10:58:09.000+0000] {dag.py:2573} INFO - Sync 1 DAGs
[2022-10-08T10:58:09.023+0000] {logging_mixin.py:117} INFO - [2022-10-08T10:58:09.023+0000] {dag.py:3328} INFO - Setting next_dagrun for example_dag_decorator to None, run_after=None
[2022-10-08T10:58:09.041+0000] {processor.py:178} INFO - Processing /home/airflow/.local/lib/python3.7/site-packages/airflow/example_dags/example_dag_decorator.py took 0.177 seconds
[2022-10-08T10:58:39.733+0000] {processor.py:156} INFO - Started process (PID=12343) to work on /home/airflow/.local/lib/python3.7/site-packages/airflow/example_dags/example_dag_decorator.py
[2022-10-08T10:58:39.734+0000] {processor.py:758} INFO - Processing file /home/airflow/.local/lib/python3.7/site-packages/airflow/example_dags/example_dag_decorator.py for tasks to queue
[2022-10-08T10:58:39.734+0000] {logging_mixin.py:117} INFO - [2022-10-08T10:58:39.734+0000] {dagbag.py:525} INFO - Filling up the DagBag from /home/airflow/.local/lib/python3.7/site-packages/airflow/example_dags/example_dag_decorator.py
[2022-10-08T10:58:39.760+0000] {processor.py:768} INFO - DAG(s) dict_keys(['example_dag_decorator']) retrieved from /home/airflow/.local/lib/python3.7/site-packages/airflow/example_dags/example_dag_decorator.py
[2022-10-08T10:58:39.880+0000] {logging_mixin.py:117} INFO - [2022-10-08T10:58:39.880+0000] {dag.py:2573} INFO - Sync 1 DAGs
[2022-10-08T10:58:39.906+0000] {logging_mixin.py:117} INFO - [2022-10-08T10:58:39.906+0000] {dag.py:3328} INFO - Setting next_dagrun for example_dag_decorator to None, run_after=None
[2022-10-08T10:58:39.925+0000] {processor.py:178} INFO - Processing /home/airflow/.local/lib/python3.7/site-packages/airflow/example_dags/example_dag_decorator.py took 0.194 seconds
[2022-10-08T10:59:10.763+0000] {processor.py:156} INFO - Started process (PID=12580) to work on /home/airflow/.local/lib/python3.7/site-packages/airflow/example_dags/example_dag_decorator.py
[2022-10-08T10:59:10.764+0000] {processor.py:758} INFO - Processing file /home/airflow/.local/lib/python3.7/site-packages/airflow/example_dags/example_dag_decorator.py for tasks to queue
[2022-10-08T10:59:10.764+0000] {logging_mixin.py:117} INFO - [2022-10-08T10:59:10.764+0000] {dagbag.py:525} INFO - Filling up the DagBag from /home/airflow/.local/lib/python3.7/site-packages/airflow/example_dags/example_dag_decorator.py
[2022-10-08T10:59:10.791+0000] {processor.py:768} INFO - DAG(s) dict_keys(['example_dag_decorator']) retrieved from /home/airflow/.local/lib/python3.7/site-packages/airflow/example_dags/example_dag_decorator.py
[2022-10-08T10:59:10.881+0000] {logging_mixin.py:117} INFO - [2022-10-08T10:59:10.881+0000] {dag.py:2573} INFO - Sync 1 DAGs
[2022-10-08T10:59:10.907+0000] {logging_mixin.py:117} INFO - [2022-10-08T10:59:10.907+0000] {dag.py:3328} INFO - Setting next_dagrun for example_dag_decorator to None, run_after=None
[2022-10-08T10:59:10.977+0000] {processor.py:178} INFO - Processing /home/airflow/.local/lib/python3.7/site-packages/airflow/example_dags/example_dag_decorator.py took 0.217 seconds
[2022-10-08T10:59:41.210+0000] {processor.py:156} INFO - Started process (PID=12812) to work on /home/airflow/.local/lib/python3.7/site-packages/airflow/example_dags/example_dag_decorator.py
[2022-10-08T10:59:41.210+0000] {processor.py:758} INFO - Processing file /home/airflow/.local/lib/python3.7/site-packages/airflow/example_dags/example_dag_decorator.py for tasks to queue
[2022-10-08T10:59:41.211+0000] {logging_mixin.py:117} INFO - [2022-10-08T10:59:41.211+0000] {dagbag.py:525} INFO - Filling up the DagBag from /home/airflow/.local/lib/python3.7/site-packages/airflow/example_dags/example_dag_decorator.py
[2022-10-08T10:59:41.237+0000] {processor.py:768} INFO - DAG(s) dict_keys(['example_dag_decorator']) retrieved from /home/airflow/.local/lib/python3.7/site-packages/airflow/example_dags/example_dag_decorator.py
[2022-10-08T10:59:41.316+0000] {logging_mixin.py:117} INFO - [2022-10-08T10:59:41.316+0000] {dag.py:2573} INFO - Sync 1 DAGs
[2022-10-08T10:59:41.339+0000] {logging_mixin.py:117} INFO - [2022-10-08T10:59:41.339+0000] {dag.py:3328} INFO - Setting next_dagrun for example_dag_decorator to None, run_after=None
[2022-10-08T10:59:41.356+0000] {processor.py:178} INFO - Processing /home/airflow/.local/lib/python3.7/site-packages/airflow/example_dags/example_dag_decorator.py took 0.150 seconds
[2022-10-08T11:00:12.096+0000] {processor.py:156} INFO - Started process (PID=13015) to work on /home/airflow/.local/lib/python3.7/site-packages/airflow/example_dags/example_dag_decorator.py
[2022-10-08T11:00:12.097+0000] {processor.py:758} INFO - Processing file /home/airflow/.local/lib/python3.7/site-packages/airflow/example_dags/example_dag_decorator.py for tasks to queue
[2022-10-08T11:00:12.097+0000] {logging_mixin.py:117} INFO - [2022-10-08T11:00:12.097+0000] {dagbag.py:525} INFO - Filling up the DagBag from /home/airflow/.local/lib/python3.7/site-packages/airflow/example_dags/example_dag_decorator.py
[2022-10-08T11:00:12.125+0000] {processor.py:768} INFO - DAG(s) dict_keys(['example_dag_decorator']) retrieved from /home/airflow/.local/lib/python3.7/site-packages/airflow/example_dags/example_dag_decorator.py
[2022-10-08T11:00:12.402+0000] {logging_mixin.py:117} INFO - [2022-10-08T11:00:12.402+0000] {dag.py:2573} INFO - Sync 1 DAGs
[2022-10-08T11:00:12.496+0000] {logging_mixin.py:117} INFO - [2022-10-08T11:00:12.496+0000] {dag.py:3328} INFO - Setting next_dagrun for example_dag_decorator to None, run_after=None
[2022-10-08T11:00:12.578+0000] {processor.py:178} INFO - Processing /home/airflow/.local/lib/python3.7/site-packages/airflow/example_dags/example_dag_decorator.py took 0.485 seconds
[2022-10-08T11:00:42.939+0000] {processor.py:156} INFO - Started process (PID=13227) to work on /home/airflow/.local/lib/python3.7/site-packages/airflow/example_dags/example_dag_decorator.py
[2022-10-08T11:00:42.940+0000] {processor.py:758} INFO - Processing file /home/airflow/.local/lib/python3.7/site-packages/airflow/example_dags/example_dag_decorator.py for tasks to queue
[2022-10-08T11:00:42.940+0000] {logging_mixin.py:117} INFO - [2022-10-08T11:00:42.940+0000] {dagbag.py:525} INFO - Filling up the DagBag from /home/airflow/.local/lib/python3.7/site-packages/airflow/example_dags/example_dag_decorator.py
[2022-10-08T11:00:42.971+0000] {processor.py:768} INFO - DAG(s) dict_keys(['example_dag_decorator']) retrieved from /home/airflow/.local/lib/python3.7/site-packages/airflow/example_dags/example_dag_decorator.py
[2022-10-08T11:00:43.050+0000] {logging_mixin.py:117} INFO - [2022-10-08T11:00:43.050+0000] {dag.py:2573} INFO - Sync 1 DAGs
[2022-10-08T11:00:43.082+0000] {logging_mixin.py:117} INFO - [2022-10-08T11:00:43.081+0000] {dag.py:3328} INFO - Setting next_dagrun for example_dag_decorator to None, run_after=None
[2022-10-08T11:00:43.100+0000] {processor.py:178} INFO - Processing /home/airflow/.local/lib/python3.7/site-packages/airflow/example_dags/example_dag_decorator.py took 0.164 seconds
[2022-10-08T11:01:13.697+0000] {processor.py:156} INFO - Started process (PID=13439) to work on /home/airflow/.local/lib/python3.7/site-packages/airflow/example_dags/example_dag_decorator.py
[2022-10-08T11:01:13.698+0000] {processor.py:758} INFO - Processing file /home/airflow/.local/lib/python3.7/site-packages/airflow/example_dags/example_dag_decorator.py for tasks to queue
[2022-10-08T11:01:13.699+0000] {logging_mixin.py:117} INFO - [2022-10-08T11:01:13.699+0000] {dagbag.py:525} INFO - Filling up the DagBag from /home/airflow/.local/lib/python3.7/site-packages/airflow/example_dags/example_dag_decorator.py
[2022-10-08T11:01:13.726+0000] {processor.py:768} INFO - DAG(s) dict_keys(['example_dag_decorator']) retrieved from /home/airflow/.local/lib/python3.7/site-packages/airflow/example_dags/example_dag_decorator.py
[2022-10-08T11:01:13.804+0000] {logging_mixin.py:117} INFO - [2022-10-08T11:01:13.804+0000] {dag.py:2573} INFO - Sync 1 DAGs
[2022-10-08T11:01:13.827+0000] {logging_mixin.py:117} INFO - [2022-10-08T11:01:13.827+0000] {dag.py:3328} INFO - Setting next_dagrun for example_dag_decorator to None, run_after=None
[2022-10-08T11:01:13.845+0000] {processor.py:178} INFO - Processing /home/airflow/.local/lib/python3.7/site-packages/airflow/example_dags/example_dag_decorator.py took 0.150 seconds
[2022-10-08T11:01:44.571+0000] {processor.py:156} INFO - Started process (PID=13642) to work on /home/airflow/.local/lib/python3.7/site-packages/airflow/example_dags/example_dag_decorator.py
[2022-10-08T11:01:44.572+0000] {processor.py:758} INFO - Processing file /home/airflow/.local/lib/python3.7/site-packages/airflow/example_dags/example_dag_decorator.py for tasks to queue
[2022-10-08T11:01:44.572+0000] {logging_mixin.py:117} INFO - [2022-10-08T11:01:44.572+0000] {dagbag.py:525} INFO - Filling up the DagBag from /home/airflow/.local/lib/python3.7/site-packages/airflow/example_dags/example_dag_decorator.py
[2022-10-08T11:01:44.600+0000] {processor.py:768} INFO - DAG(s) dict_keys(['example_dag_decorator']) retrieved from /home/airflow/.local/lib/python3.7/site-packages/airflow/example_dags/example_dag_decorator.py
[2022-10-08T11:01:44.689+0000] {logging_mixin.py:117} INFO - [2022-10-08T11:01:44.689+0000] {dag.py:2573} INFO - Sync 1 DAGs
[2022-10-08T11:01:44.713+0000] {logging_mixin.py:117} INFO - [2022-10-08T11:01:44.713+0000] {dag.py:3328} INFO - Setting next_dagrun for example_dag_decorator to None, run_after=None
[2022-10-08T11:01:44.731+0000] {processor.py:178} INFO - Processing /home/airflow/.local/lib/python3.7/site-packages/airflow/example_dags/example_dag_decorator.py took 0.163 seconds
[2022-10-08T11:02:15.168+0000] {processor.py:156} INFO - Started process (PID=13854) to work on /home/airflow/.local/lib/python3.7/site-packages/airflow/example_dags/example_dag_decorator.py
[2022-10-08T11:02:15.169+0000] {processor.py:758} INFO - Processing file /home/airflow/.local/lib/python3.7/site-packages/airflow/example_dags/example_dag_decorator.py for tasks to queue
[2022-10-08T11:02:15.170+0000] {logging_mixin.py:117} INFO - [2022-10-08T11:02:15.169+0000] {dagbag.py:525} INFO - Filling up the DagBag from /home/airflow/.local/lib/python3.7/site-packages/airflow/example_dags/example_dag_decorator.py
[2022-10-08T11:02:15.196+0000] {processor.py:768} INFO - DAG(s) dict_keys(['example_dag_decorator']) retrieved from /home/airflow/.local/lib/python3.7/site-packages/airflow/example_dags/example_dag_decorator.py
[2022-10-08T11:02:15.272+0000] {logging_mixin.py:117} INFO - [2022-10-08T11:02:15.272+0000] {dag.py:2573} INFO - Sync 1 DAGs
[2022-10-08T11:02:15.295+0000] {logging_mixin.py:117} INFO - [2022-10-08T11:02:15.295+0000] {dag.py:3328} INFO - Setting next_dagrun for example_dag_decorator to None, run_after=None
[2022-10-08T11:02:15.315+0000] {processor.py:178} INFO - Processing /home/airflow/.local/lib/python3.7/site-packages/airflow/example_dags/example_dag_decorator.py took 0.148 seconds
[2022-10-08T11:02:46.117+0000] {processor.py:156} INFO - Started process (PID=14066) to work on /home/airflow/.local/lib/python3.7/site-packages/airflow/example_dags/example_dag_decorator.py
[2022-10-08T11:02:46.118+0000] {processor.py:758} INFO - Processing file /home/airflow/.local/lib/python3.7/site-packages/airflow/example_dags/example_dag_decorator.py for tasks to queue
[2022-10-08T11:02:46.118+0000] {logging_mixin.py:117} INFO - [2022-10-08T11:02:46.118+0000] {dagbag.py:525} INFO - Filling up the DagBag from /home/airflow/.local/lib/python3.7/site-packages/airflow/example_dags/example_dag_decorator.py
[2022-10-08T11:02:46.165+0000] {processor.py:768} INFO - DAG(s) dict_keys(['example_dag_decorator']) retrieved from /home/airflow/.local/lib/python3.7/site-packages/airflow/example_dags/example_dag_decorator.py
[2022-10-08T11:02:46.243+0000] {logging_mixin.py:117} INFO - [2022-10-08T11:02:46.243+0000] {dag.py:2573} INFO - Sync 1 DAGs
[2022-10-08T11:02:46.284+0000] {logging_mixin.py:117} INFO - [2022-10-08T11:02:46.284+0000] {dag.py:3328} INFO - Setting next_dagrun for example_dag_decorator to None, run_after=None
[2022-10-08T11:02:46.302+0000] {processor.py:178} INFO - Processing /home/airflow/.local/lib/python3.7/site-packages/airflow/example_dags/example_dag_decorator.py took 0.188 seconds
[2022-10-08T11:03:16.980+0000] {processor.py:156} INFO - Started process (PID=14279) to work on /home/airflow/.local/lib/python3.7/site-packages/airflow/example_dags/example_dag_decorator.py
[2022-10-08T11:03:16.981+0000] {processor.py:758} INFO - Processing file /home/airflow/.local/lib/python3.7/site-packages/airflow/example_dags/example_dag_decorator.py for tasks to queue
[2022-10-08T11:03:16.981+0000] {logging_mixin.py:117} INFO - [2022-10-08T11:03:16.981+0000] {dagbag.py:525} INFO - Filling up the DagBag from /home/airflow/.local/lib/python3.7/site-packages/airflow/example_dags/example_dag_decorator.py
[2022-10-08T11:03:17.091+0000] {processor.py:768} INFO - DAG(s) dict_keys(['example_dag_decorator']) retrieved from /home/airflow/.local/lib/python3.7/site-packages/airflow/example_dags/example_dag_decorator.py
[2022-10-08T11:03:17.379+0000] {logging_mixin.py:117} INFO - [2022-10-08T11:03:17.378+0000] {dag.py:2573} INFO - Sync 1 DAGs
[2022-10-08T11:03:17.467+0000] {logging_mixin.py:117} INFO - [2022-10-08T11:03:17.467+0000] {dag.py:3328} INFO - Setting next_dagrun for example_dag_decorator to None, run_after=None
[2022-10-08T11:03:17.492+0000] {processor.py:178} INFO - Processing /home/airflow/.local/lib/python3.7/site-packages/airflow/example_dags/example_dag_decorator.py took 0.516 seconds
[2022-10-08T11:03:47.530+0000] {processor.py:156} INFO - Started process (PID=14484) to work on /home/airflow/.local/lib/python3.7/site-packages/airflow/example_dags/example_dag_decorator.py
[2022-10-08T11:03:47.531+0000] {processor.py:758} INFO - Processing file /home/airflow/.local/lib/python3.7/site-packages/airflow/example_dags/example_dag_decorator.py for tasks to queue
[2022-10-08T11:03:47.531+0000] {logging_mixin.py:117} INFO - [2022-10-08T11:03:47.531+0000] {dagbag.py:525} INFO - Filling up the DagBag from /home/airflow/.local/lib/python3.7/site-packages/airflow/example_dags/example_dag_decorator.py
[2022-10-08T11:03:47.558+0000] {processor.py:768} INFO - DAG(s) dict_keys(['example_dag_decorator']) retrieved from /home/airflow/.local/lib/python3.7/site-packages/airflow/example_dags/example_dag_decorator.py
[2022-10-08T11:03:47.640+0000] {logging_mixin.py:117} INFO - [2022-10-08T11:03:47.639+0000] {dag.py:2573} INFO - Sync 1 DAGs
[2022-10-08T11:03:47.663+0000] {logging_mixin.py:117} INFO - [2022-10-08T11:03:47.663+0000] {dag.py:3328} INFO - Setting next_dagrun for example_dag_decorator to None, run_after=None
[2022-10-08T11:03:47.681+0000] {processor.py:178} INFO - Processing /home/airflow/.local/lib/python3.7/site-packages/airflow/example_dags/example_dag_decorator.py took 0.154 seconds
[2022-10-08T11:04:18.102+0000] {processor.py:156} INFO - Started process (PID=14694) to work on /home/airflow/.local/lib/python3.7/site-packages/airflow/example_dags/example_dag_decorator.py
[2022-10-08T11:04:18.103+0000] {processor.py:758} INFO - Processing file /home/airflow/.local/lib/python3.7/site-packages/airflow/example_dags/example_dag_decorator.py for tasks to queue
[2022-10-08T11:04:18.104+0000] {logging_mixin.py:117} INFO - [2022-10-08T11:04:18.104+0000] {dagbag.py:525} INFO - Filling up the DagBag from /home/airflow/.local/lib/python3.7/site-packages/airflow/example_dags/example_dag_decorator.py
[2022-10-08T11:04:18.164+0000] {processor.py:768} INFO - DAG(s) dict_keys(['example_dag_decorator']) retrieved from /home/airflow/.local/lib/python3.7/site-packages/airflow/example_dags/example_dag_decorator.py
[2022-10-08T11:04:18.272+0000] {logging_mixin.py:117} INFO - [2022-10-08T11:04:18.272+0000] {dag.py:2573} INFO - Sync 1 DAGs
[2022-10-08T11:04:18.294+0000] {logging_mixin.py:117} INFO - [2022-10-08T11:04:18.294+0000] {dag.py:3328} INFO - Setting next_dagrun for example_dag_decorator to None, run_after=None
[2022-10-08T11:04:18.314+0000] {processor.py:178} INFO - Processing /home/airflow/.local/lib/python3.7/site-packages/airflow/example_dags/example_dag_decorator.py took 0.215 seconds
[2022-10-08T11:04:48.403+0000] {processor.py:156} INFO - Started process (PID=14906) to work on /home/airflow/.local/lib/python3.7/site-packages/airflow/example_dags/example_dag_decorator.py
[2022-10-08T11:04:48.404+0000] {processor.py:758} INFO - Processing file /home/airflow/.local/lib/python3.7/site-packages/airflow/example_dags/example_dag_decorator.py for tasks to queue
[2022-10-08T11:04:48.404+0000] {logging_mixin.py:117} INFO - [2022-10-08T11:04:48.404+0000] {dagbag.py:525} INFO - Filling up the DagBag from /home/airflow/.local/lib/python3.7/site-packages/airflow/example_dags/example_dag_decorator.py
[2022-10-08T11:04:48.475+0000] {processor.py:768} INFO - DAG(s) dict_keys(['example_dag_decorator']) retrieved from /home/airflow/.local/lib/python3.7/site-packages/airflow/example_dags/example_dag_decorator.py
[2022-10-08T11:04:48.673+0000] {logging_mixin.py:117} INFO - [2022-10-08T11:04:48.673+0000] {dag.py:2573} INFO - Sync 1 DAGs
[2022-10-08T11:04:48.766+0000] {logging_mixin.py:117} INFO - [2022-10-08T11:04:48.766+0000] {dag.py:3328} INFO - Setting next_dagrun for example_dag_decorator to None, run_after=None
[2022-10-08T11:04:48.794+0000] {processor.py:178} INFO - Processing /home/airflow/.local/lib/python3.7/site-packages/airflow/example_dags/example_dag_decorator.py took 0.394 seconds
[2022-10-08T11:05:19.522+0000] {processor.py:156} INFO - Started process (PID=15111) to work on /home/airflow/.local/lib/python3.7/site-packages/airflow/example_dags/example_dag_decorator.py
[2022-10-08T11:05:19.523+0000] {processor.py:758} INFO - Processing file /home/airflow/.local/lib/python3.7/site-packages/airflow/example_dags/example_dag_decorator.py for tasks to queue
[2022-10-08T11:05:19.523+0000] {logging_mixin.py:117} INFO - [2022-10-08T11:05:19.523+0000] {dagbag.py:525} INFO - Filling up the DagBag from /home/airflow/.local/lib/python3.7/site-packages/airflow/example_dags/example_dag_decorator.py
[2022-10-08T11:05:19.550+0000] {processor.py:768} INFO - DAG(s) dict_keys(['example_dag_decorator']) retrieved from /home/airflow/.local/lib/python3.7/site-packages/airflow/example_dags/example_dag_decorator.py
[2022-10-08T11:05:19.630+0000] {logging_mixin.py:117} INFO - [2022-10-08T11:05:19.630+0000] {dag.py:2573} INFO - Sync 1 DAGs
[2022-10-08T11:05:19.652+0000] {logging_mixin.py:117} INFO - [2022-10-08T11:05:19.652+0000] {dag.py:3328} INFO - Setting next_dagrun for example_dag_decorator to None, run_after=None
[2022-10-08T11:05:19.670+0000] {processor.py:178} INFO - Processing /home/airflow/.local/lib/python3.7/site-packages/airflow/example_dags/example_dag_decorator.py took 0.150 seconds
[2022-10-08T11:05:49.715+0000] {processor.py:156} INFO - Started process (PID=15343) to work on /home/airflow/.local/lib/python3.7/site-packages/airflow/example_dags/example_dag_decorator.py
[2022-10-08T11:05:49.715+0000] {processor.py:758} INFO - Processing file /home/airflow/.local/lib/python3.7/site-packages/airflow/example_dags/example_dag_decorator.py for tasks to queue
[2022-10-08T11:05:49.716+0000] {logging_mixin.py:117} INFO - [2022-10-08T11:05:49.716+0000] {dagbag.py:525} INFO - Filling up the DagBag from /home/airflow/.local/lib/python3.7/site-packages/airflow/example_dags/example_dag_decorator.py
[2022-10-08T11:05:49.742+0000] {processor.py:768} INFO - DAG(s) dict_keys(['example_dag_decorator']) retrieved from /home/airflow/.local/lib/python3.7/site-packages/airflow/example_dags/example_dag_decorator.py
[2022-10-08T11:05:49.823+0000] {logging_mixin.py:117} INFO - [2022-10-08T11:05:49.823+0000] {dag.py:2573} INFO - Sync 1 DAGs
[2022-10-08T11:05:49.847+0000] {logging_mixin.py:117} INFO - [2022-10-08T11:05:49.847+0000] {dag.py:3328} INFO - Setting next_dagrun for example_dag_decorator to None, run_after=None
[2022-10-08T11:05:49.866+0000] {processor.py:178} INFO - Processing /home/airflow/.local/lib/python3.7/site-packages/airflow/example_dags/example_dag_decorator.py took 0.153 seconds
[2022-10-08T11:06:20.394+0000] {processor.py:156} INFO - Started process (PID=15555) to work on /home/airflow/.local/lib/python3.7/site-packages/airflow/example_dags/example_dag_decorator.py
[2022-10-08T11:06:20.395+0000] {processor.py:758} INFO - Processing file /home/airflow/.local/lib/python3.7/site-packages/airflow/example_dags/example_dag_decorator.py for tasks to queue
[2022-10-08T11:06:20.396+0000] {logging_mixin.py:117} INFO - [2022-10-08T11:06:20.396+0000] {dagbag.py:525} INFO - Filling up the DagBag from /home/airflow/.local/lib/python3.7/site-packages/airflow/example_dags/example_dag_decorator.py
[2022-10-08T11:06:20.423+0000] {processor.py:768} INFO - DAG(s) dict_keys(['example_dag_decorator']) retrieved from /home/airflow/.local/lib/python3.7/site-packages/airflow/example_dags/example_dag_decorator.py
[2022-10-08T11:06:20.578+0000] {logging_mixin.py:117} INFO - [2022-10-08T11:06:20.578+0000] {dag.py:2573} INFO - Sync 1 DAGs
[2022-10-08T11:06:20.604+0000] {logging_mixin.py:117} INFO - [2022-10-08T11:06:20.604+0000] {dag.py:3328} INFO - Setting next_dagrun for example_dag_decorator to None, run_after=None
[2022-10-08T11:06:20.625+0000] {processor.py:178} INFO - Processing /home/airflow/.local/lib/python3.7/site-packages/airflow/example_dags/example_dag_decorator.py took 0.234 seconds
[2022-10-08T11:06:51.413+0000] {processor.py:156} INFO - Started process (PID=15756) to work on /home/airflow/.local/lib/python3.7/site-packages/airflow/example_dags/example_dag_decorator.py
[2022-10-08T11:06:51.414+0000] {processor.py:758} INFO - Processing file /home/airflow/.local/lib/python3.7/site-packages/airflow/example_dags/example_dag_decorator.py for tasks to queue
[2022-10-08T11:06:51.414+0000] {logging_mixin.py:117} INFO - [2022-10-08T11:06:51.414+0000] {dagbag.py:525} INFO - Filling up the DagBag from /home/airflow/.local/lib/python3.7/site-packages/airflow/example_dags/example_dag_decorator.py
[2022-10-08T11:06:51.441+0000] {processor.py:768} INFO - DAG(s) dict_keys(['example_dag_decorator']) retrieved from /home/airflow/.local/lib/python3.7/site-packages/airflow/example_dags/example_dag_decorator.py
[2022-10-08T11:06:51.519+0000] {logging_mixin.py:117} INFO - [2022-10-08T11:06:51.519+0000] {dag.py:2573} INFO - Sync 1 DAGs
[2022-10-08T11:06:51.544+0000] {logging_mixin.py:117} INFO - [2022-10-08T11:06:51.544+0000] {dag.py:3328} INFO - Setting next_dagrun for example_dag_decorator to None, run_after=None
[2022-10-08T11:06:51.572+0000] {processor.py:178} INFO - Processing /home/airflow/.local/lib/python3.7/site-packages/airflow/example_dags/example_dag_decorator.py took 0.162 seconds
