[2022-10-08T10:29:00.304+0000] {processor.py:156} INFO - Started process (PID=230) to work on /home/airflow/.local/lib/python3.7/site-packages/airflow/example_dags/example_complex.py
[2022-10-08T10:29:00.304+0000] {processor.py:758} INFO - Processing file /home/airflow/.local/lib/python3.7/site-packages/airflow/example_dags/example_complex.py for tasks to queue
[2022-10-08T10:29:00.305+0000] {logging_mixin.py:117} INFO - [2022-10-08T10:29:00.305+0000] {dagbag.py:525} INFO - Filling up the DagBag from /home/airflow/.local/lib/python3.7/site-packages/airflow/example_dags/example_complex.py
[2022-10-08T10:29:00.329+0000] {processor.py:768} INFO - DAG(s) dict_keys(['example_complex']) retrieved from /home/airflow/.local/lib/python3.7/site-packages/airflow/example_dags/example_complex.py
[2022-10-08T10:29:00.671+0000] {logging_mixin.py:117} INFO - [2022-10-08T10:29:00.671+0000] {manager.py:507} INFO - Created Permission View: can edit on DAG:example_complex
[2022-10-08T10:29:00.683+0000] {logging_mixin.py:117} INFO - [2022-10-08T10:29:00.683+0000] {manager.py:507} INFO - Created Permission View: can delete on DAG:example_complex
[2022-10-08T10:29:00.690+0000] {logging_mixin.py:117} INFO - [2022-10-08T10:29:00.690+0000] {manager.py:507} INFO - Created Permission View: can read on DAG:example_complex
[2022-10-08T10:29:00.690+0000] {logging_mixin.py:117} INFO - [2022-10-08T10:29:00.690+0000] {dag.py:2573} INFO - Sync 1 DAGs
[2022-10-08T10:29:00.706+0000] {logging_mixin.py:117} INFO - [2022-10-08T10:29:00.706+0000] {dag.py:2594} INFO - Creating ORM DAG for example_complex
[2022-10-08T10:29:00.718+0000] {logging_mixin.py:117} INFO - [2022-10-08T10:29:00.718+0000] {dag.py:3328} INFO - Setting next_dagrun for example_complex to None, run_after=None
[2022-10-08T10:29:00.737+0000] {processor.py:178} INFO - Processing /home/airflow/.local/lib/python3.7/site-packages/airflow/example_dags/example_complex.py took 0.436 seconds
[2022-10-08T10:29:31.232+0000] {processor.py:156} INFO - Started process (PID=437) to work on /home/airflow/.local/lib/python3.7/site-packages/airflow/example_dags/example_complex.py
[2022-10-08T10:29:31.233+0000] {processor.py:758} INFO - Processing file /home/airflow/.local/lib/python3.7/site-packages/airflow/example_dags/example_complex.py for tasks to queue
[2022-10-08T10:29:31.234+0000] {logging_mixin.py:117} INFO - [2022-10-08T10:29:31.234+0000] {dagbag.py:525} INFO - Filling up the DagBag from /home/airflow/.local/lib/python3.7/site-packages/airflow/example_dags/example_complex.py
[2022-10-08T10:29:31.264+0000] {processor.py:768} INFO - DAG(s) dict_keys(['example_complex']) retrieved from /home/airflow/.local/lib/python3.7/site-packages/airflow/example_dags/example_complex.py
[2022-10-08T10:29:31.323+0000] {logging_mixin.py:117} INFO - [2022-10-08T10:29:31.322+0000] {dag.py:2573} INFO - Sync 1 DAGs
[2022-10-08T10:29:31.359+0000] {logging_mixin.py:117} INFO - [2022-10-08T10:29:31.359+0000] {dag.py:3328} INFO - Setting next_dagrun for example_complex to None, run_after=None
[2022-10-08T10:29:31.496+0000] {processor.py:178} INFO - Processing /home/airflow/.local/lib/python3.7/site-packages/airflow/example_dags/example_complex.py took 0.266 seconds
[2022-10-08T10:30:02.429+0000] {processor.py:156} INFO - Started process (PID=646) to work on /home/airflow/.local/lib/python3.7/site-packages/airflow/example_dags/example_complex.py
[2022-10-08T10:30:02.430+0000] {processor.py:758} INFO - Processing file /home/airflow/.local/lib/python3.7/site-packages/airflow/example_dags/example_complex.py for tasks to queue
[2022-10-08T10:30:02.431+0000] {logging_mixin.py:117} INFO - [2022-10-08T10:30:02.430+0000] {dagbag.py:525} INFO - Filling up the DagBag from /home/airflow/.local/lib/python3.7/site-packages/airflow/example_dags/example_complex.py
[2022-10-08T10:30:02.450+0000] {processor.py:768} INFO - DAG(s) dict_keys(['example_complex']) retrieved from /home/airflow/.local/lib/python3.7/site-packages/airflow/example_dags/example_complex.py
[2022-10-08T10:30:02.494+0000] {logging_mixin.py:117} INFO - [2022-10-08T10:30:02.494+0000] {dag.py:2573} INFO - Sync 1 DAGs
[2022-10-08T10:30:02.628+0000] {logging_mixin.py:117} INFO - [2022-10-08T10:30:02.628+0000] {dag.py:3328} INFO - Setting next_dagrun for example_complex to None, run_after=None
[2022-10-08T10:30:02.646+0000] {processor.py:178} INFO - Processing /home/airflow/.local/lib/python3.7/site-packages/airflow/example_dags/example_complex.py took 0.220 seconds
[2022-10-08T10:30:33.163+0000] {processor.py:156} INFO - Started process (PID=855) to work on /home/airflow/.local/lib/python3.7/site-packages/airflow/example_dags/example_complex.py
[2022-10-08T10:30:33.164+0000] {processor.py:758} INFO - Processing file /home/airflow/.local/lib/python3.7/site-packages/airflow/example_dags/example_complex.py for tasks to queue
[2022-10-08T10:30:33.164+0000] {logging_mixin.py:117} INFO - [2022-10-08T10:30:33.164+0000] {dagbag.py:525} INFO - Filling up the DagBag from /home/airflow/.local/lib/python3.7/site-packages/airflow/example_dags/example_complex.py
[2022-10-08T10:30:33.185+0000] {processor.py:768} INFO - DAG(s) dict_keys(['example_complex']) retrieved from /home/airflow/.local/lib/python3.7/site-packages/airflow/example_dags/example_complex.py
[2022-10-08T10:30:33.352+0000] {logging_mixin.py:117} INFO - [2022-10-08T10:30:33.352+0000] {dag.py:2573} INFO - Sync 1 DAGs
[2022-10-08T10:30:33.376+0000] {logging_mixin.py:117} INFO - [2022-10-08T10:30:33.376+0000] {dag.py:3328} INFO - Setting next_dagrun for example_complex to None, run_after=None
[2022-10-08T10:30:33.393+0000] {processor.py:178} INFO - Processing /home/airflow/.local/lib/python3.7/site-packages/airflow/example_dags/example_complex.py took 0.233 seconds
[2022-10-08T10:31:04.163+0000] {processor.py:156} INFO - Started process (PID=1053) to work on /home/airflow/.local/lib/python3.7/site-packages/airflow/example_dags/example_complex.py
[2022-10-08T10:31:04.164+0000] {processor.py:758} INFO - Processing file /home/airflow/.local/lib/python3.7/site-packages/airflow/example_dags/example_complex.py for tasks to queue
[2022-10-08T10:31:04.164+0000] {logging_mixin.py:117} INFO - [2022-10-08T10:31:04.164+0000] {dagbag.py:525} INFO - Filling up the DagBag from /home/airflow/.local/lib/python3.7/site-packages/airflow/example_dags/example_complex.py
[2022-10-08T10:31:04.183+0000] {processor.py:768} INFO - DAG(s) dict_keys(['example_complex']) retrieved from /home/airflow/.local/lib/python3.7/site-packages/airflow/example_dags/example_complex.py
[2022-10-08T10:31:04.341+0000] {logging_mixin.py:117} INFO - [2022-10-08T10:31:04.341+0000] {dag.py:2573} INFO - Sync 1 DAGs
[2022-10-08T10:31:04.366+0000] {logging_mixin.py:117} INFO - [2022-10-08T10:31:04.366+0000] {dag.py:3328} INFO - Setting next_dagrun for example_complex to None, run_after=None
[2022-10-08T10:31:04.383+0000] {processor.py:178} INFO - Processing /home/airflow/.local/lib/python3.7/site-packages/airflow/example_dags/example_complex.py took 0.223 seconds
[2022-10-08T10:31:34.632+0000] {processor.py:156} INFO - Started process (PID=1260) to work on /home/airflow/.local/lib/python3.7/site-packages/airflow/example_dags/example_complex.py
[2022-10-08T10:31:34.632+0000] {processor.py:758} INFO - Processing file /home/airflow/.local/lib/python3.7/site-packages/airflow/example_dags/example_complex.py for tasks to queue
[2022-10-08T10:31:34.633+0000] {logging_mixin.py:117} INFO - [2022-10-08T10:31:34.633+0000] {dagbag.py:525} INFO - Filling up the DagBag from /home/airflow/.local/lib/python3.7/site-packages/airflow/example_dags/example_complex.py
[2022-10-08T10:31:34.652+0000] {processor.py:768} INFO - DAG(s) dict_keys(['example_complex']) retrieved from /home/airflow/.local/lib/python3.7/site-packages/airflow/example_dags/example_complex.py
[2022-10-08T10:31:34.809+0000] {logging_mixin.py:117} INFO - [2022-10-08T10:31:34.809+0000] {dag.py:2573} INFO - Sync 1 DAGs
[2022-10-08T10:31:34.832+0000] {logging_mixin.py:117} INFO - [2022-10-08T10:31:34.832+0000] {dag.py:3328} INFO - Setting next_dagrun for example_complex to None, run_after=None
[2022-10-08T10:31:34.851+0000] {processor.py:178} INFO - Processing /home/airflow/.local/lib/python3.7/site-packages/airflow/example_dags/example_complex.py took 0.221 seconds
[2022-10-08T10:32:04.925+0000] {processor.py:156} INFO - Started process (PID=1467) to work on /home/airflow/.local/lib/python3.7/site-packages/airflow/example_dags/example_complex.py
[2022-10-08T10:32:04.926+0000] {processor.py:758} INFO - Processing file /home/airflow/.local/lib/python3.7/site-packages/airflow/example_dags/example_complex.py for tasks to queue
[2022-10-08T10:32:04.927+0000] {logging_mixin.py:117} INFO - [2022-10-08T10:32:04.927+0000] {dagbag.py:525} INFO - Filling up the DagBag from /home/airflow/.local/lib/python3.7/site-packages/airflow/example_dags/example_complex.py
[2022-10-08T10:32:05.189+0000] {processor.py:768} INFO - DAG(s) dict_keys(['example_complex']) retrieved from /home/airflow/.local/lib/python3.7/site-packages/airflow/example_dags/example_complex.py
[2022-10-08T10:32:05.293+0000] {logging_mixin.py:117} INFO - [2022-10-08T10:32:05.293+0000] {dag.py:2573} INFO - Sync 1 DAGs
[2022-10-08T10:32:05.389+0000] {logging_mixin.py:117} INFO - [2022-10-08T10:32:05.388+0000] {dag.py:3328} INFO - Setting next_dagrun for example_complex to None, run_after=None
[2022-10-08T10:32:05.465+0000] {processor.py:178} INFO - Processing /home/airflow/.local/lib/python3.7/site-packages/airflow/example_dags/example_complex.py took 0.542 seconds
[2022-10-08T10:32:36.203+0000] {processor.py:156} INFO - Started process (PID=1665) to work on /home/airflow/.local/lib/python3.7/site-packages/airflow/example_dags/example_complex.py
[2022-10-08T10:32:36.204+0000] {processor.py:758} INFO - Processing file /home/airflow/.local/lib/python3.7/site-packages/airflow/example_dags/example_complex.py for tasks to queue
[2022-10-08T10:32:36.205+0000] {logging_mixin.py:117} INFO - [2022-10-08T10:32:36.205+0000] {dagbag.py:525} INFO - Filling up the DagBag from /home/airflow/.local/lib/python3.7/site-packages/airflow/example_dags/example_complex.py
[2022-10-08T10:32:36.224+0000] {processor.py:768} INFO - DAG(s) dict_keys(['example_complex']) retrieved from /home/airflow/.local/lib/python3.7/site-packages/airflow/example_dags/example_complex.py
[2022-10-08T10:32:36.267+0000] {logging_mixin.py:117} INFO - [2022-10-08T10:32:36.267+0000] {dag.py:2573} INFO - Sync 1 DAGs
[2022-10-08T10:32:36.292+0000] {logging_mixin.py:117} INFO - [2022-10-08T10:32:36.292+0000] {dag.py:3328} INFO - Setting next_dagrun for example_complex to None, run_after=None
[2022-10-08T10:32:36.309+0000] {processor.py:178} INFO - Processing /home/airflow/.local/lib/python3.7/site-packages/airflow/example_dags/example_complex.py took 0.108 seconds
[2022-10-08T10:33:06.505+0000] {processor.py:156} INFO - Started process (PID=1872) to work on /home/airflow/.local/lib/python3.7/site-packages/airflow/example_dags/example_complex.py
[2022-10-08T10:33:06.506+0000] {processor.py:758} INFO - Processing file /home/airflow/.local/lib/python3.7/site-packages/airflow/example_dags/example_complex.py for tasks to queue
[2022-10-08T10:33:06.507+0000] {logging_mixin.py:117} INFO - [2022-10-08T10:33:06.507+0000] {dagbag.py:525} INFO - Filling up the DagBag from /home/airflow/.local/lib/python3.7/site-packages/airflow/example_dags/example_complex.py
[2022-10-08T10:33:06.527+0000] {processor.py:768} INFO - DAG(s) dict_keys(['example_complex']) retrieved from /home/airflow/.local/lib/python3.7/site-packages/airflow/example_dags/example_complex.py
[2022-10-08T10:33:06.568+0000] {logging_mixin.py:117} INFO - [2022-10-08T10:33:06.568+0000] {dag.py:2573} INFO - Sync 1 DAGs
[2022-10-08T10:33:06.592+0000] {logging_mixin.py:117} INFO - [2022-10-08T10:33:06.592+0000] {dag.py:3328} INFO - Setting next_dagrun for example_complex to None, run_after=None
[2022-10-08T10:33:06.608+0000] {processor.py:178} INFO - Processing /home/airflow/.local/lib/python3.7/site-packages/airflow/example_dags/example_complex.py took 0.106 seconds
[2022-10-08T10:33:37.332+0000] {processor.py:156} INFO - Started process (PID=2079) to work on /home/airflow/.local/lib/python3.7/site-packages/airflow/example_dags/example_complex.py
[2022-10-08T10:33:37.333+0000] {processor.py:758} INFO - Processing file /home/airflow/.local/lib/python3.7/site-packages/airflow/example_dags/example_complex.py for tasks to queue
[2022-10-08T10:33:37.333+0000] {logging_mixin.py:117} INFO - [2022-10-08T10:33:37.333+0000] {dagbag.py:525} INFO - Filling up the DagBag from /home/airflow/.local/lib/python3.7/site-packages/airflow/example_dags/example_complex.py
[2022-10-08T10:33:37.363+0000] {processor.py:768} INFO - DAG(s) dict_keys(['example_complex']) retrieved from /home/airflow/.local/lib/python3.7/site-packages/airflow/example_dags/example_complex.py
[2022-10-08T10:33:37.405+0000] {logging_mixin.py:117} INFO - [2022-10-08T10:33:37.405+0000] {dag.py:2573} INFO - Sync 1 DAGs
[2022-10-08T10:33:37.473+0000] {logging_mixin.py:117} INFO - [2022-10-08T10:33:37.473+0000] {dag.py:3328} INFO - Setting next_dagrun for example_complex to None, run_after=None
[2022-10-08T10:33:37.491+0000] {processor.py:178} INFO - Processing /home/airflow/.local/lib/python3.7/site-packages/airflow/example_dags/example_complex.py took 0.161 seconds
[2022-10-08T10:34:08.315+0000] {processor.py:156} INFO - Started process (PID=2277) to work on /home/airflow/.local/lib/python3.7/site-packages/airflow/example_dags/example_complex.py
[2022-10-08T10:34:08.316+0000] {processor.py:758} INFO - Processing file /home/airflow/.local/lib/python3.7/site-packages/airflow/example_dags/example_complex.py for tasks to queue
[2022-10-08T10:34:08.316+0000] {logging_mixin.py:117} INFO - [2022-10-08T10:34:08.316+0000] {dagbag.py:525} INFO - Filling up the DagBag from /home/airflow/.local/lib/python3.7/site-packages/airflow/example_dags/example_complex.py
[2022-10-08T10:34:08.339+0000] {processor.py:768} INFO - DAG(s) dict_keys(['example_complex']) retrieved from /home/airflow/.local/lib/python3.7/site-packages/airflow/example_dags/example_complex.py
[2022-10-08T10:34:08.390+0000] {logging_mixin.py:117} INFO - [2022-10-08T10:34:08.390+0000] {dag.py:2573} INFO - Sync 1 DAGs
[2022-10-08T10:34:08.415+0000] {logging_mixin.py:117} INFO - [2022-10-08T10:34:08.415+0000] {dag.py:3328} INFO - Setting next_dagrun for example_complex to None, run_after=None
[2022-10-08T10:34:08.432+0000] {processor.py:178} INFO - Processing /home/airflow/.local/lib/python3.7/site-packages/airflow/example_dags/example_complex.py took 0.119 seconds
[2022-10-08T10:34:39.277+0000] {processor.py:156} INFO - Started process (PID=2484) to work on /home/airflow/.local/lib/python3.7/site-packages/airflow/example_dags/example_complex.py
[2022-10-08T10:34:39.277+0000] {processor.py:758} INFO - Processing file /home/airflow/.local/lib/python3.7/site-packages/airflow/example_dags/example_complex.py for tasks to queue
[2022-10-08T10:34:39.278+0000] {logging_mixin.py:117} INFO - [2022-10-08T10:34:39.278+0000] {dagbag.py:525} INFO - Filling up the DagBag from /home/airflow/.local/lib/python3.7/site-packages/airflow/example_dags/example_complex.py
[2022-10-08T10:34:39.298+0000] {processor.py:768} INFO - DAG(s) dict_keys(['example_complex']) retrieved from /home/airflow/.local/lib/python3.7/site-packages/airflow/example_dags/example_complex.py
[2022-10-08T10:34:39.341+0000] {logging_mixin.py:117} INFO - [2022-10-08T10:34:39.341+0000] {dag.py:2573} INFO - Sync 1 DAGs
[2022-10-08T10:34:39.365+0000] {logging_mixin.py:117} INFO - [2022-10-08T10:34:39.365+0000] {dag.py:3328} INFO - Setting next_dagrun for example_complex to None, run_after=None
[2022-10-08T10:34:39.381+0000] {processor.py:178} INFO - Processing /home/airflow/.local/lib/python3.7/site-packages/airflow/example_dags/example_complex.py took 0.107 seconds
[2022-10-08T10:35:10.043+0000] {processor.py:156} INFO - Started process (PID=2691) to work on /home/airflow/.local/lib/python3.7/site-packages/airflow/example_dags/example_complex.py
[2022-10-08T10:35:10.044+0000] {processor.py:758} INFO - Processing file /home/airflow/.local/lib/python3.7/site-packages/airflow/example_dags/example_complex.py for tasks to queue
[2022-10-08T10:35:10.045+0000] {logging_mixin.py:117} INFO - [2022-10-08T10:35:10.045+0000] {dagbag.py:525} INFO - Filling up the DagBag from /home/airflow/.local/lib/python3.7/site-packages/airflow/example_dags/example_complex.py
[2022-10-08T10:35:10.064+0000] {processor.py:768} INFO - DAG(s) dict_keys(['example_complex']) retrieved from /home/airflow/.local/lib/python3.7/site-packages/airflow/example_dags/example_complex.py
[2022-10-08T10:35:10.106+0000] {logging_mixin.py:117} INFO - [2022-10-08T10:35:10.106+0000] {dag.py:2573} INFO - Sync 1 DAGs
[2022-10-08T10:35:10.130+0000] {logging_mixin.py:117} INFO - [2022-10-08T10:35:10.130+0000] {dag.py:3328} INFO - Setting next_dagrun for example_complex to None, run_after=None
[2022-10-08T10:35:10.148+0000] {processor.py:178} INFO - Processing /home/airflow/.local/lib/python3.7/site-packages/airflow/example_dags/example_complex.py took 0.107 seconds
[2022-10-08T10:35:40.839+0000] {processor.py:156} INFO - Started process (PID=2889) to work on /home/airflow/.local/lib/python3.7/site-packages/airflow/example_dags/example_complex.py
[2022-10-08T10:35:40.840+0000] {processor.py:758} INFO - Processing file /home/airflow/.local/lib/python3.7/site-packages/airflow/example_dags/example_complex.py for tasks to queue
[2022-10-08T10:35:40.840+0000] {logging_mixin.py:117} INFO - [2022-10-08T10:35:40.840+0000] {dagbag.py:525} INFO - Filling up the DagBag from /home/airflow/.local/lib/python3.7/site-packages/airflow/example_dags/example_complex.py
[2022-10-08T10:35:40.862+0000] {processor.py:768} INFO - DAG(s) dict_keys(['example_complex']) retrieved from /home/airflow/.local/lib/python3.7/site-packages/airflow/example_dags/example_complex.py
[2022-10-08T10:35:40.906+0000] {logging_mixin.py:117} INFO - [2022-10-08T10:35:40.905+0000] {dag.py:2573} INFO - Sync 1 DAGs
[2022-10-08T10:35:40.931+0000] {logging_mixin.py:117} INFO - [2022-10-08T10:35:40.930+0000] {dag.py:3328} INFO - Setting next_dagrun for example_complex to None, run_after=None
[2022-10-08T10:35:40.949+0000] {processor.py:178} INFO - Processing /home/airflow/.local/lib/python3.7/site-packages/airflow/example_dags/example_complex.py took 0.113 seconds
[2022-10-08T10:36:11.059+0000] {processor.py:156} INFO - Started process (PID=3096) to work on /home/airflow/.local/lib/python3.7/site-packages/airflow/example_dags/example_complex.py
[2022-10-08T10:36:11.060+0000] {processor.py:758} INFO - Processing file /home/airflow/.local/lib/python3.7/site-packages/airflow/example_dags/example_complex.py for tasks to queue
[2022-10-08T10:36:11.060+0000] {logging_mixin.py:117} INFO - [2022-10-08T10:36:11.060+0000] {dagbag.py:525} INFO - Filling up the DagBag from /home/airflow/.local/lib/python3.7/site-packages/airflow/example_dags/example_complex.py
[2022-10-08T10:36:11.081+0000] {processor.py:768} INFO - DAG(s) dict_keys(['example_complex']) retrieved from /home/airflow/.local/lib/python3.7/site-packages/airflow/example_dags/example_complex.py
[2022-10-08T10:36:11.123+0000] {logging_mixin.py:117} INFO - [2022-10-08T10:36:11.122+0000] {dag.py:2573} INFO - Sync 1 DAGs
[2022-10-08T10:36:11.148+0000] {logging_mixin.py:117} INFO - [2022-10-08T10:36:11.148+0000] {dag.py:3328} INFO - Setting next_dagrun for example_complex to None, run_after=None
[2022-10-08T10:36:11.169+0000] {processor.py:178} INFO - Processing /home/airflow/.local/lib/python3.7/site-packages/airflow/example_dags/example_complex.py took 0.113 seconds
[2022-10-08T10:36:42.026+0000] {processor.py:156} INFO - Started process (PID=3303) to work on /home/airflow/.local/lib/python3.7/site-packages/airflow/example_dags/example_complex.py
[2022-10-08T10:36:42.027+0000] {processor.py:758} INFO - Processing file /home/airflow/.local/lib/python3.7/site-packages/airflow/example_dags/example_complex.py for tasks to queue
[2022-10-08T10:36:42.027+0000] {logging_mixin.py:117} INFO - [2022-10-08T10:36:42.027+0000] {dagbag.py:525} INFO - Filling up the DagBag from /home/airflow/.local/lib/python3.7/site-packages/airflow/example_dags/example_complex.py
[2022-10-08T10:36:42.047+0000] {processor.py:768} INFO - DAG(s) dict_keys(['example_complex']) retrieved from /home/airflow/.local/lib/python3.7/site-packages/airflow/example_dags/example_complex.py
[2022-10-08T10:36:42.090+0000] {logging_mixin.py:117} INFO - [2022-10-08T10:36:42.090+0000] {dag.py:2573} INFO - Sync 1 DAGs
[2022-10-08T10:36:42.114+0000] {logging_mixin.py:117} INFO - [2022-10-08T10:36:42.114+0000] {dag.py:3328} INFO - Setting next_dagrun for example_complex to None, run_after=None
[2022-10-08T10:36:42.131+0000] {processor.py:178} INFO - Processing /home/airflow/.local/lib/python3.7/site-packages/airflow/example_dags/example_complex.py took 0.108 seconds
[2022-10-08T10:37:12.915+0000] {processor.py:156} INFO - Started process (PID=3501) to work on /home/airflow/.local/lib/python3.7/site-packages/airflow/example_dags/example_complex.py
[2022-10-08T10:37:12.916+0000] {processor.py:758} INFO - Processing file /home/airflow/.local/lib/python3.7/site-packages/airflow/example_dags/example_complex.py for tasks to queue
[2022-10-08T10:37:12.917+0000] {logging_mixin.py:117} INFO - [2022-10-08T10:37:12.916+0000] {dagbag.py:525} INFO - Filling up the DagBag from /home/airflow/.local/lib/python3.7/site-packages/airflow/example_dags/example_complex.py
[2022-10-08T10:37:12.936+0000] {processor.py:768} INFO - DAG(s) dict_keys(['example_complex']) retrieved from /home/airflow/.local/lib/python3.7/site-packages/airflow/example_dags/example_complex.py
[2022-10-08T10:37:12.980+0000] {logging_mixin.py:117} INFO - [2022-10-08T10:37:12.980+0000] {dag.py:2573} INFO - Sync 1 DAGs
[2022-10-08T10:37:13.004+0000] {logging_mixin.py:117} INFO - [2022-10-08T10:37:13.004+0000] {dag.py:3328} INFO - Setting next_dagrun for example_complex to None, run_after=None
[2022-10-08T10:37:13.020+0000] {processor.py:178} INFO - Processing /home/airflow/.local/lib/python3.7/site-packages/airflow/example_dags/example_complex.py took 0.108 seconds
[2022-10-08T10:37:43.250+0000] {processor.py:156} INFO - Started process (PID=3707) to work on /home/airflow/.local/lib/python3.7/site-packages/airflow/example_dags/example_complex.py
[2022-10-08T10:37:43.251+0000] {processor.py:758} INFO - Processing file /home/airflow/.local/lib/python3.7/site-packages/airflow/example_dags/example_complex.py for tasks to queue
[2022-10-08T10:37:43.252+0000] {logging_mixin.py:117} INFO - [2022-10-08T10:37:43.252+0000] {dagbag.py:525} INFO - Filling up the DagBag from /home/airflow/.local/lib/python3.7/site-packages/airflow/example_dags/example_complex.py
[2022-10-08T10:37:43.272+0000] {processor.py:768} INFO - DAG(s) dict_keys(['example_complex']) retrieved from /home/airflow/.local/lib/python3.7/site-packages/airflow/example_dags/example_complex.py
[2022-10-08T10:37:43.314+0000] {logging_mixin.py:117} INFO - [2022-10-08T10:37:43.314+0000] {dag.py:2573} INFO - Sync 1 DAGs
[2022-10-08T10:37:43.338+0000] {logging_mixin.py:117} INFO - [2022-10-08T10:37:43.338+0000] {dag.py:3328} INFO - Setting next_dagrun for example_complex to None, run_after=None
[2022-10-08T10:37:43.356+0000] {processor.py:178} INFO - Processing /home/airflow/.local/lib/python3.7/site-packages/airflow/example_dags/example_complex.py took 0.108 seconds
[2022-10-08T10:38:13.687+0000] {processor.py:156} INFO - Started process (PID=3914) to work on /home/airflow/.local/lib/python3.7/site-packages/airflow/example_dags/example_complex.py
[2022-10-08T10:38:13.687+0000] {processor.py:758} INFO - Processing file /home/airflow/.local/lib/python3.7/site-packages/airflow/example_dags/example_complex.py for tasks to queue
[2022-10-08T10:38:13.688+0000] {logging_mixin.py:117} INFO - [2022-10-08T10:38:13.688+0000] {dagbag.py:525} INFO - Filling up the DagBag from /home/airflow/.local/lib/python3.7/site-packages/airflow/example_dags/example_complex.py
[2022-10-08T10:38:13.708+0000] {processor.py:768} INFO - DAG(s) dict_keys(['example_complex']) retrieved from /home/airflow/.local/lib/python3.7/site-packages/airflow/example_dags/example_complex.py
[2022-10-08T10:38:13.750+0000] {logging_mixin.py:117} INFO - [2022-10-08T10:38:13.750+0000] {dag.py:2573} INFO - Sync 1 DAGs
[2022-10-08T10:38:13.775+0000] {logging_mixin.py:117} INFO - [2022-10-08T10:38:13.774+0000] {dag.py:3328} INFO - Setting next_dagrun for example_complex to None, run_after=None
[2022-10-08T10:38:13.792+0000] {processor.py:178} INFO - Processing /home/airflow/.local/lib/python3.7/site-packages/airflow/example_dags/example_complex.py took 0.108 seconds
[2022-10-08T10:38:44.405+0000] {processor.py:156} INFO - Started process (PID=4112) to work on /home/airflow/.local/lib/python3.7/site-packages/airflow/example_dags/example_complex.py
[2022-10-08T10:38:44.406+0000] {processor.py:758} INFO - Processing file /home/airflow/.local/lib/python3.7/site-packages/airflow/example_dags/example_complex.py for tasks to queue
[2022-10-08T10:38:44.407+0000] {logging_mixin.py:117} INFO - [2022-10-08T10:38:44.407+0000] {dagbag.py:525} INFO - Filling up the DagBag from /home/airflow/.local/lib/python3.7/site-packages/airflow/example_dags/example_complex.py
[2022-10-08T10:38:44.427+0000] {processor.py:768} INFO - DAG(s) dict_keys(['example_complex']) retrieved from /home/airflow/.local/lib/python3.7/site-packages/airflow/example_dags/example_complex.py
[2022-10-08T10:38:44.479+0000] {logging_mixin.py:117} INFO - [2022-10-08T10:38:44.479+0000] {dag.py:2573} INFO - Sync 1 DAGs
[2022-10-08T10:38:44.514+0000] {logging_mixin.py:117} INFO - [2022-10-08T10:38:44.514+0000] {dag.py:3328} INFO - Setting next_dagrun for example_complex to None, run_after=None
[2022-10-08T10:38:44.532+0000] {processor.py:178} INFO - Processing /home/airflow/.local/lib/python3.7/site-packages/airflow/example_dags/example_complex.py took 0.130 seconds
[2022-10-08T10:39:14.947+0000] {processor.py:156} INFO - Started process (PID=4319) to work on /home/airflow/.local/lib/python3.7/site-packages/airflow/example_dags/example_complex.py
[2022-10-08T10:39:14.948+0000] {processor.py:758} INFO - Processing file /home/airflow/.local/lib/python3.7/site-packages/airflow/example_dags/example_complex.py for tasks to queue
[2022-10-08T10:39:14.949+0000] {logging_mixin.py:117} INFO - [2022-10-08T10:39:14.948+0000] {dagbag.py:525} INFO - Filling up the DagBag from /home/airflow/.local/lib/python3.7/site-packages/airflow/example_dags/example_complex.py
[2022-10-08T10:39:14.974+0000] {processor.py:768} INFO - DAG(s) dict_keys(['example_complex']) retrieved from /home/airflow/.local/lib/python3.7/site-packages/airflow/example_dags/example_complex.py
[2022-10-08T10:39:15.016+0000] {logging_mixin.py:117} INFO - [2022-10-08T10:39:15.016+0000] {dag.py:2573} INFO - Sync 1 DAGs
[2022-10-08T10:39:15.041+0000] {logging_mixin.py:117} INFO - [2022-10-08T10:39:15.040+0000] {dag.py:3328} INFO - Setting next_dagrun for example_complex to None, run_after=None
[2022-10-08T10:39:15.063+0000] {processor.py:178} INFO - Processing /home/airflow/.local/lib/python3.7/site-packages/airflow/example_dags/example_complex.py took 0.119 seconds
[2022-10-08T10:39:45.648+0000] {processor.py:156} INFO - Started process (PID=4526) to work on /home/airflow/.local/lib/python3.7/site-packages/airflow/example_dags/example_complex.py
[2022-10-08T10:39:45.649+0000] {processor.py:758} INFO - Processing file /home/airflow/.local/lib/python3.7/site-packages/airflow/example_dags/example_complex.py for tasks to queue
[2022-10-08T10:39:45.649+0000] {logging_mixin.py:117} INFO - [2022-10-08T10:39:45.649+0000] {dagbag.py:525} INFO - Filling up the DagBag from /home/airflow/.local/lib/python3.7/site-packages/airflow/example_dags/example_complex.py
[2022-10-08T10:39:45.671+0000] {processor.py:768} INFO - DAG(s) dict_keys(['example_complex']) retrieved from /home/airflow/.local/lib/python3.7/site-packages/airflow/example_dags/example_complex.py
[2022-10-08T10:39:45.715+0000] {logging_mixin.py:117} INFO - [2022-10-08T10:39:45.715+0000] {dag.py:2573} INFO - Sync 1 DAGs
[2022-10-08T10:39:45.740+0000] {logging_mixin.py:117} INFO - [2022-10-08T10:39:45.740+0000] {dag.py:3328} INFO - Setting next_dagrun for example_complex to None, run_after=None
[2022-10-08T10:39:45.758+0000] {processor.py:178} INFO - Processing /home/airflow/.local/lib/python3.7/site-packages/airflow/example_dags/example_complex.py took 0.113 seconds
[2022-10-08T10:40:16.244+0000] {processor.py:156} INFO - Started process (PID=4724) to work on /home/airflow/.local/lib/python3.7/site-packages/airflow/example_dags/example_complex.py
[2022-10-08T10:40:16.244+0000] {processor.py:758} INFO - Processing file /home/airflow/.local/lib/python3.7/site-packages/airflow/example_dags/example_complex.py for tasks to queue
[2022-10-08T10:40:16.245+0000] {logging_mixin.py:117} INFO - [2022-10-08T10:40:16.245+0000] {dagbag.py:525} INFO - Filling up the DagBag from /home/airflow/.local/lib/python3.7/site-packages/airflow/example_dags/example_complex.py
[2022-10-08T10:40:16.266+0000] {processor.py:768} INFO - DAG(s) dict_keys(['example_complex']) retrieved from /home/airflow/.local/lib/python3.7/site-packages/airflow/example_dags/example_complex.py
[2022-10-08T10:40:16.308+0000] {logging_mixin.py:117} INFO - [2022-10-08T10:40:16.308+0000] {dag.py:2573} INFO - Sync 1 DAGs
[2022-10-08T10:40:16.333+0000] {logging_mixin.py:117} INFO - [2022-10-08T10:40:16.333+0000] {dag.py:3328} INFO - Setting next_dagrun for example_complex to None, run_after=None
[2022-10-08T10:40:16.362+0000] {processor.py:178} INFO - Processing /home/airflow/.local/lib/python3.7/site-packages/airflow/example_dags/example_complex.py took 0.121 seconds
[2022-10-08T10:40:46.827+0000] {processor.py:156} INFO - Started process (PID=4931) to work on /home/airflow/.local/lib/python3.7/site-packages/airflow/example_dags/example_complex.py
[2022-10-08T10:40:46.828+0000] {processor.py:758} INFO - Processing file /home/airflow/.local/lib/python3.7/site-packages/airflow/example_dags/example_complex.py for tasks to queue
[2022-10-08T10:40:46.829+0000] {logging_mixin.py:117} INFO - [2022-10-08T10:40:46.829+0000] {dagbag.py:525} INFO - Filling up the DagBag from /home/airflow/.local/lib/python3.7/site-packages/airflow/example_dags/example_complex.py
[2022-10-08T10:40:46.849+0000] {processor.py:768} INFO - DAG(s) dict_keys(['example_complex']) retrieved from /home/airflow/.local/lib/python3.7/site-packages/airflow/example_dags/example_complex.py
[2022-10-08T10:40:46.891+0000] {logging_mixin.py:117} INFO - [2022-10-08T10:40:46.891+0000] {dag.py:2573} INFO - Sync 1 DAGs
[2022-10-08T10:40:46.915+0000] {logging_mixin.py:117} INFO - [2022-10-08T10:40:46.915+0000] {dag.py:3328} INFO - Setting next_dagrun for example_complex to None, run_after=None
[2022-10-08T10:40:46.932+0000] {processor.py:178} INFO - Processing /home/airflow/.local/lib/python3.7/site-packages/airflow/example_dags/example_complex.py took 0.107 seconds
[2022-10-08T10:41:17.587+0000] {processor.py:156} INFO - Started process (PID=5139) to work on /home/airflow/.local/lib/python3.7/site-packages/airflow/example_dags/example_complex.py
[2022-10-08T10:41:17.588+0000] {processor.py:758} INFO - Processing file /home/airflow/.local/lib/python3.7/site-packages/airflow/example_dags/example_complex.py for tasks to queue
[2022-10-08T10:41:17.589+0000] {logging_mixin.py:117} INFO - [2022-10-08T10:41:17.589+0000] {dagbag.py:525} INFO - Filling up the DagBag from /home/airflow/.local/lib/python3.7/site-packages/airflow/example_dags/example_complex.py
[2022-10-08T10:41:17.609+0000] {processor.py:768} INFO - DAG(s) dict_keys(['example_complex']) retrieved from /home/airflow/.local/lib/python3.7/site-packages/airflow/example_dags/example_complex.py
[2022-10-08T10:41:17.650+0000] {logging_mixin.py:117} INFO - [2022-10-08T10:41:17.650+0000] {dag.py:2573} INFO - Sync 1 DAGs
[2022-10-08T10:41:17.675+0000] {logging_mixin.py:117} INFO - [2022-10-08T10:41:17.675+0000] {dag.py:3328} INFO - Setting next_dagrun for example_complex to None, run_after=None
[2022-10-08T10:41:17.692+0000] {processor.py:178} INFO - Processing /home/airflow/.local/lib/python3.7/site-packages/airflow/example_dags/example_complex.py took 0.107 seconds
[2022-10-08T10:41:48.117+0000] {processor.py:156} INFO - Started process (PID=5346) to work on /home/airflow/.local/lib/python3.7/site-packages/airflow/example_dags/example_complex.py
[2022-10-08T10:41:48.118+0000] {processor.py:758} INFO - Processing file /home/airflow/.local/lib/python3.7/site-packages/airflow/example_dags/example_complex.py for tasks to queue
[2022-10-08T10:41:48.119+0000] {logging_mixin.py:117} INFO - [2022-10-08T10:41:48.119+0000] {dagbag.py:525} INFO - Filling up the DagBag from /home/airflow/.local/lib/python3.7/site-packages/airflow/example_dags/example_complex.py
[2022-10-08T10:41:48.165+0000] {processor.py:768} INFO - DAG(s) dict_keys(['example_complex']) retrieved from /home/airflow/.local/lib/python3.7/site-packages/airflow/example_dags/example_complex.py
[2022-10-08T10:41:48.262+0000] {logging_mixin.py:117} INFO - [2022-10-08T10:41:48.262+0000] {dag.py:2573} INFO - Sync 1 DAGs
[2022-10-08T10:41:48.286+0000] {logging_mixin.py:117} INFO - [2022-10-08T10:41:48.286+0000] {dag.py:3328} INFO - Setting next_dagrun for example_complex to None, run_after=None
[2022-10-08T10:41:48.304+0000] {processor.py:178} INFO - Processing /home/airflow/.local/lib/python3.7/site-packages/airflow/example_dags/example_complex.py took 0.189 seconds
[2022-10-08T10:42:18.746+0000] {processor.py:156} INFO - Started process (PID=5544) to work on /home/airflow/.local/lib/python3.7/site-packages/airflow/example_dags/example_complex.py
[2022-10-08T10:42:18.747+0000] {processor.py:758} INFO - Processing file /home/airflow/.local/lib/python3.7/site-packages/airflow/example_dags/example_complex.py for tasks to queue
[2022-10-08T10:42:18.747+0000] {logging_mixin.py:117} INFO - [2022-10-08T10:42:18.747+0000] {dagbag.py:525} INFO - Filling up the DagBag from /home/airflow/.local/lib/python3.7/site-packages/airflow/example_dags/example_complex.py
[2022-10-08T10:42:18.766+0000] {processor.py:768} INFO - DAG(s) dict_keys(['example_complex']) retrieved from /home/airflow/.local/lib/python3.7/site-packages/airflow/example_dags/example_complex.py
[2022-10-08T10:42:18.809+0000] {logging_mixin.py:117} INFO - [2022-10-08T10:42:18.809+0000] {dag.py:2573} INFO - Sync 1 DAGs
[2022-10-08T10:42:18.841+0000] {logging_mixin.py:117} INFO - [2022-10-08T10:42:18.840+0000] {dag.py:3328} INFO - Setting next_dagrun for example_complex to None, run_after=None
[2022-10-08T10:42:18.865+0000] {processor.py:178} INFO - Processing /home/airflow/.local/lib/python3.7/site-packages/airflow/example_dags/example_complex.py took 0.123 seconds
[2022-10-08T10:42:49.399+0000] {processor.py:156} INFO - Started process (PID=5751) to work on /home/airflow/.local/lib/python3.7/site-packages/airflow/example_dags/example_complex.py
[2022-10-08T10:42:49.400+0000] {processor.py:758} INFO - Processing file /home/airflow/.local/lib/python3.7/site-packages/airflow/example_dags/example_complex.py for tasks to queue
[2022-10-08T10:42:49.400+0000] {logging_mixin.py:117} INFO - [2022-10-08T10:42:49.400+0000] {dagbag.py:525} INFO - Filling up the DagBag from /home/airflow/.local/lib/python3.7/site-packages/airflow/example_dags/example_complex.py
[2022-10-08T10:42:49.422+0000] {processor.py:768} INFO - DAG(s) dict_keys(['example_complex']) retrieved from /home/airflow/.local/lib/python3.7/site-packages/airflow/example_dags/example_complex.py
[2022-10-08T10:42:49.465+0000] {logging_mixin.py:117} INFO - [2022-10-08T10:42:49.465+0000] {dag.py:2573} INFO - Sync 1 DAGs
[2022-10-08T10:42:49.490+0000] {logging_mixin.py:117} INFO - [2022-10-08T10:42:49.490+0000] {dag.py:3328} INFO - Setting next_dagrun for example_complex to None, run_after=None
[2022-10-08T10:42:49.507+0000] {processor.py:178} INFO - Processing /home/airflow/.local/lib/python3.7/site-packages/airflow/example_dags/example_complex.py took 0.112 seconds
[2022-10-08T10:43:20.381+0000] {processor.py:156} INFO - Started process (PID=5958) to work on /home/airflow/.local/lib/python3.7/site-packages/airflow/example_dags/example_complex.py
[2022-10-08T10:43:20.381+0000] {processor.py:758} INFO - Processing file /home/airflow/.local/lib/python3.7/site-packages/airflow/example_dags/example_complex.py for tasks to queue
[2022-10-08T10:43:20.382+0000] {logging_mixin.py:117} INFO - [2022-10-08T10:43:20.382+0000] {dagbag.py:525} INFO - Filling up the DagBag from /home/airflow/.local/lib/python3.7/site-packages/airflow/example_dags/example_complex.py
[2022-10-08T10:43:20.401+0000] {processor.py:768} INFO - DAG(s) dict_keys(['example_complex']) retrieved from /home/airflow/.local/lib/python3.7/site-packages/airflow/example_dags/example_complex.py
[2022-10-08T10:43:20.444+0000] {logging_mixin.py:117} INFO - [2022-10-08T10:43:20.444+0000] {dag.py:2573} INFO - Sync 1 DAGs
[2022-10-08T10:43:20.469+0000] {logging_mixin.py:117} INFO - [2022-10-08T10:43:20.468+0000] {dag.py:3328} INFO - Setting next_dagrun for example_complex to None, run_after=None
[2022-10-08T10:43:20.485+0000] {processor.py:178} INFO - Processing /home/airflow/.local/lib/python3.7/site-packages/airflow/example_dags/example_complex.py took 0.108 seconds
[2022-10-08T10:43:50.847+0000] {processor.py:156} INFO - Started process (PID=6157) to work on /home/airflow/.local/lib/python3.7/site-packages/airflow/example_dags/example_complex.py
[2022-10-08T10:43:50.848+0000] {processor.py:758} INFO - Processing file /home/airflow/.local/lib/python3.7/site-packages/airflow/example_dags/example_complex.py for tasks to queue
[2022-10-08T10:43:50.848+0000] {logging_mixin.py:117} INFO - [2022-10-08T10:43:50.848+0000] {dagbag.py:525} INFO - Filling up the DagBag from /home/airflow/.local/lib/python3.7/site-packages/airflow/example_dags/example_complex.py
[2022-10-08T10:43:50.868+0000] {processor.py:768} INFO - DAG(s) dict_keys(['example_complex']) retrieved from /home/airflow/.local/lib/python3.7/site-packages/airflow/example_dags/example_complex.py
[2022-10-08T10:43:50.910+0000] {logging_mixin.py:117} INFO - [2022-10-08T10:43:50.910+0000] {dag.py:2573} INFO - Sync 1 DAGs
[2022-10-08T10:43:50.933+0000] {logging_mixin.py:117} INFO - [2022-10-08T10:43:50.933+0000] {dag.py:3328} INFO - Setting next_dagrun for example_complex to None, run_after=None
[2022-10-08T10:43:50.951+0000] {processor.py:178} INFO - Processing /home/airflow/.local/lib/python3.7/site-packages/airflow/example_dags/example_complex.py took 0.107 seconds
[2022-10-08T10:44:21.243+0000] {processor.py:156} INFO - Started process (PID=6364) to work on /home/airflow/.local/lib/python3.7/site-packages/airflow/example_dags/example_complex.py
[2022-10-08T10:44:21.244+0000] {processor.py:758} INFO - Processing file /home/airflow/.local/lib/python3.7/site-packages/airflow/example_dags/example_complex.py for tasks to queue
[2022-10-08T10:44:21.244+0000] {logging_mixin.py:117} INFO - [2022-10-08T10:44:21.244+0000] {dagbag.py:525} INFO - Filling up the DagBag from /home/airflow/.local/lib/python3.7/site-packages/airflow/example_dags/example_complex.py
[2022-10-08T10:44:21.264+0000] {processor.py:768} INFO - DAG(s) dict_keys(['example_complex']) retrieved from /home/airflow/.local/lib/python3.7/site-packages/airflow/example_dags/example_complex.py
[2022-10-08T10:44:21.306+0000] {logging_mixin.py:117} INFO - [2022-10-08T10:44:21.306+0000] {dag.py:2573} INFO - Sync 1 DAGs
[2022-10-08T10:44:21.332+0000] {logging_mixin.py:117} INFO - [2022-10-08T10:44:21.332+0000] {dag.py:3328} INFO - Setting next_dagrun for example_complex to None, run_after=None
[2022-10-08T10:44:21.350+0000] {processor.py:178} INFO - Processing /home/airflow/.local/lib/python3.7/site-packages/airflow/example_dags/example_complex.py took 0.110 seconds
[2022-10-08T10:44:51.882+0000] {processor.py:156} INFO - Started process (PID=6571) to work on /home/airflow/.local/lib/python3.7/site-packages/airflow/example_dags/example_complex.py
[2022-10-08T10:44:51.883+0000] {processor.py:758} INFO - Processing file /home/airflow/.local/lib/python3.7/site-packages/airflow/example_dags/example_complex.py for tasks to queue
[2022-10-08T10:44:51.884+0000] {logging_mixin.py:117} INFO - [2022-10-08T10:44:51.883+0000] {dagbag.py:525} INFO - Filling up the DagBag from /home/airflow/.local/lib/python3.7/site-packages/airflow/example_dags/example_complex.py
[2022-10-08T10:44:51.903+0000] {processor.py:768} INFO - DAG(s) dict_keys(['example_complex']) retrieved from /home/airflow/.local/lib/python3.7/site-packages/airflow/example_dags/example_complex.py
[2022-10-08T10:44:51.945+0000] {logging_mixin.py:117} INFO - [2022-10-08T10:44:51.945+0000] {dag.py:2573} INFO - Sync 1 DAGs
[2022-10-08T10:44:51.971+0000] {logging_mixin.py:117} INFO - [2022-10-08T10:44:51.971+0000] {dag.py:3328} INFO - Setting next_dagrun for example_complex to None, run_after=None
[2022-10-08T10:44:51.988+0000] {processor.py:178} INFO - Processing /home/airflow/.local/lib/python3.7/site-packages/airflow/example_dags/example_complex.py took 0.108 seconds
[2022-10-08T10:45:22.416+0000] {processor.py:156} INFO - Started process (PID=6769) to work on /home/airflow/.local/lib/python3.7/site-packages/airflow/example_dags/example_complex.py
[2022-10-08T10:45:22.417+0000] {processor.py:758} INFO - Processing file /home/airflow/.local/lib/python3.7/site-packages/airflow/example_dags/example_complex.py for tasks to queue
[2022-10-08T10:45:22.417+0000] {logging_mixin.py:117} INFO - [2022-10-08T10:45:22.417+0000] {dagbag.py:525} INFO - Filling up the DagBag from /home/airflow/.local/lib/python3.7/site-packages/airflow/example_dags/example_complex.py
[2022-10-08T10:45:22.437+0000] {processor.py:768} INFO - DAG(s) dict_keys(['example_complex']) retrieved from /home/airflow/.local/lib/python3.7/site-packages/airflow/example_dags/example_complex.py
[2022-10-08T10:45:22.481+0000] {logging_mixin.py:117} INFO - [2022-10-08T10:45:22.480+0000] {dag.py:2573} INFO - Sync 1 DAGs
[2022-10-08T10:45:22.506+0000] {logging_mixin.py:117} INFO - [2022-10-08T10:45:22.506+0000] {dag.py:3328} INFO - Setting next_dagrun for example_complex to None, run_after=None
[2022-10-08T10:45:22.523+0000] {processor.py:178} INFO - Processing /home/airflow/.local/lib/python3.7/site-packages/airflow/example_dags/example_complex.py took 0.110 seconds
[2022-10-08T10:45:52.974+0000] {processor.py:156} INFO - Started process (PID=6976) to work on /home/airflow/.local/lib/python3.7/site-packages/airflow/example_dags/example_complex.py
[2022-10-08T10:45:52.975+0000] {processor.py:758} INFO - Processing file /home/airflow/.local/lib/python3.7/site-packages/airflow/example_dags/example_complex.py for tasks to queue
[2022-10-08T10:45:52.975+0000] {logging_mixin.py:117} INFO - [2022-10-08T10:45:52.975+0000] {dagbag.py:525} INFO - Filling up the DagBag from /home/airflow/.local/lib/python3.7/site-packages/airflow/example_dags/example_complex.py
[2022-10-08T10:45:52.995+0000] {processor.py:768} INFO - DAG(s) dict_keys(['example_complex']) retrieved from /home/airflow/.local/lib/python3.7/site-packages/airflow/example_dags/example_complex.py
[2022-10-08T10:45:53.038+0000] {logging_mixin.py:117} INFO - [2022-10-08T10:45:53.038+0000] {dag.py:2573} INFO - Sync 1 DAGs
[2022-10-08T10:45:53.062+0000] {logging_mixin.py:117} INFO - [2022-10-08T10:45:53.062+0000] {dag.py:3328} INFO - Setting next_dagrun for example_complex to None, run_after=None
[2022-10-08T10:45:53.080+0000] {processor.py:178} INFO - Processing /home/airflow/.local/lib/python3.7/site-packages/airflow/example_dags/example_complex.py took 0.109 seconds
[2022-10-08T10:46:23.531+0000] {processor.py:156} INFO - Started process (PID=7183) to work on /home/airflow/.local/lib/python3.7/site-packages/airflow/example_dags/example_complex.py
[2022-10-08T10:46:23.532+0000] {processor.py:758} INFO - Processing file /home/airflow/.local/lib/python3.7/site-packages/airflow/example_dags/example_complex.py for tasks to queue
[2022-10-08T10:46:23.533+0000] {logging_mixin.py:117} INFO - [2022-10-08T10:46:23.532+0000] {dagbag.py:525} INFO - Filling up the DagBag from /home/airflow/.local/lib/python3.7/site-packages/airflow/example_dags/example_complex.py
[2022-10-08T10:46:23.553+0000] {processor.py:768} INFO - DAG(s) dict_keys(['example_complex']) retrieved from /home/airflow/.local/lib/python3.7/site-packages/airflow/example_dags/example_complex.py
[2022-10-08T10:46:23.594+0000] {logging_mixin.py:117} INFO - [2022-10-08T10:46:23.594+0000] {dag.py:2573} INFO - Sync 1 DAGs
[2022-10-08T10:46:23.620+0000] {logging_mixin.py:117} INFO - [2022-10-08T10:46:23.620+0000] {dag.py:3328} INFO - Setting next_dagrun for example_complex to None, run_after=None
[2022-10-08T10:46:23.639+0000] {processor.py:178} INFO - Processing /home/airflow/.local/lib/python3.7/site-packages/airflow/example_dags/example_complex.py took 0.110 seconds
[2022-10-08T10:46:54.071+0000] {processor.py:156} INFO - Started process (PID=7381) to work on /home/airflow/.local/lib/python3.7/site-packages/airflow/example_dags/example_complex.py
[2022-10-08T10:46:54.072+0000] {processor.py:758} INFO - Processing file /home/airflow/.local/lib/python3.7/site-packages/airflow/example_dags/example_complex.py for tasks to queue
[2022-10-08T10:46:54.072+0000] {logging_mixin.py:117} INFO - [2022-10-08T10:46:54.072+0000] {dagbag.py:525} INFO - Filling up the DagBag from /home/airflow/.local/lib/python3.7/site-packages/airflow/example_dags/example_complex.py
[2022-10-08T10:46:54.093+0000] {processor.py:768} INFO - DAG(s) dict_keys(['example_complex']) retrieved from /home/airflow/.local/lib/python3.7/site-packages/airflow/example_dags/example_complex.py
[2022-10-08T10:46:54.170+0000] {logging_mixin.py:117} INFO - [2022-10-08T10:46:54.169+0000] {dag.py:2573} INFO - Sync 1 DAGs
[2022-10-08T10:46:54.194+0000] {logging_mixin.py:117} INFO - [2022-10-08T10:46:54.194+0000] {dag.py:3328} INFO - Setting next_dagrun for example_complex to None, run_after=None
[2022-10-08T10:46:54.213+0000] {processor.py:178} INFO - Processing /home/airflow/.local/lib/python3.7/site-packages/airflow/example_dags/example_complex.py took 0.144 seconds
[2022-10-08T10:47:24.479+0000] {processor.py:156} INFO - Started process (PID=7588) to work on /home/airflow/.local/lib/python3.7/site-packages/airflow/example_dags/example_complex.py
[2022-10-08T10:47:24.480+0000] {processor.py:758} INFO - Processing file /home/airflow/.local/lib/python3.7/site-packages/airflow/example_dags/example_complex.py for tasks to queue
[2022-10-08T10:47:24.480+0000] {logging_mixin.py:117} INFO - [2022-10-08T10:47:24.480+0000] {dagbag.py:525} INFO - Filling up the DagBag from /home/airflow/.local/lib/python3.7/site-packages/airflow/example_dags/example_complex.py
[2022-10-08T10:47:24.501+0000] {processor.py:768} INFO - DAG(s) dict_keys(['example_complex']) retrieved from /home/airflow/.local/lib/python3.7/site-packages/airflow/example_dags/example_complex.py
[2022-10-08T10:47:24.546+0000] {logging_mixin.py:117} INFO - [2022-10-08T10:47:24.546+0000] {dag.py:2573} INFO - Sync 1 DAGs
[2022-10-08T10:47:24.571+0000] {logging_mixin.py:117} INFO - [2022-10-08T10:47:24.571+0000] {dag.py:3328} INFO - Setting next_dagrun for example_complex to None, run_after=None
[2022-10-08T10:47:24.588+0000] {processor.py:178} INFO - Processing /home/airflow/.local/lib/python3.7/site-packages/airflow/example_dags/example_complex.py took 0.111 seconds
[2022-10-08T10:47:55.261+0000] {processor.py:156} INFO - Started process (PID=7795) to work on /home/airflow/.local/lib/python3.7/site-packages/airflow/example_dags/example_complex.py
[2022-10-08T10:47:55.262+0000] {processor.py:758} INFO - Processing file /home/airflow/.local/lib/python3.7/site-packages/airflow/example_dags/example_complex.py for tasks to queue
[2022-10-08T10:47:55.263+0000] {logging_mixin.py:117} INFO - [2022-10-08T10:47:55.262+0000] {dagbag.py:525} INFO - Filling up the DagBag from /home/airflow/.local/lib/python3.7/site-packages/airflow/example_dags/example_complex.py
[2022-10-08T10:47:55.283+0000] {processor.py:768} INFO - DAG(s) dict_keys(['example_complex']) retrieved from /home/airflow/.local/lib/python3.7/site-packages/airflow/example_dags/example_complex.py
[2022-10-08T10:47:55.325+0000] {logging_mixin.py:117} INFO - [2022-10-08T10:47:55.325+0000] {dag.py:2573} INFO - Sync 1 DAGs
[2022-10-08T10:47:55.350+0000] {logging_mixin.py:117} INFO - [2022-10-08T10:47:55.350+0000] {dag.py:3328} INFO - Setting next_dagrun for example_complex to None, run_after=None
[2022-10-08T10:47:55.366+0000] {processor.py:178} INFO - Processing /home/airflow/.local/lib/python3.7/site-packages/airflow/example_dags/example_complex.py took 0.107 seconds
[2022-10-08T10:48:25.855+0000] {processor.py:156} INFO - Started process (PID=8002) to work on /home/airflow/.local/lib/python3.7/site-packages/airflow/example_dags/example_complex.py
[2022-10-08T10:48:25.856+0000] {processor.py:758} INFO - Processing file /home/airflow/.local/lib/python3.7/site-packages/airflow/example_dags/example_complex.py for tasks to queue
[2022-10-08T10:48:25.856+0000] {logging_mixin.py:117} INFO - [2022-10-08T10:48:25.856+0000] {dagbag.py:525} INFO - Filling up the DagBag from /home/airflow/.local/lib/python3.7/site-packages/airflow/example_dags/example_complex.py
[2022-10-08T10:48:25.877+0000] {processor.py:768} INFO - DAG(s) dict_keys(['example_complex']) retrieved from /home/airflow/.local/lib/python3.7/site-packages/airflow/example_dags/example_complex.py
[2022-10-08T10:48:25.922+0000] {logging_mixin.py:117} INFO - [2022-10-08T10:48:25.922+0000] {dag.py:2573} INFO - Sync 1 DAGs
[2022-10-08T10:48:25.949+0000] {logging_mixin.py:117} INFO - [2022-10-08T10:48:25.949+0000] {dag.py:3328} INFO - Setting next_dagrun for example_complex to None, run_after=None
[2022-10-08T10:48:25.966+0000] {processor.py:178} INFO - Processing /home/airflow/.local/lib/python3.7/site-packages/airflow/example_dags/example_complex.py took 0.114 seconds
[2022-10-08T10:48:56.513+0000] {processor.py:156} INFO - Started process (PID=8200) to work on /home/airflow/.local/lib/python3.7/site-packages/airflow/example_dags/example_complex.py
[2022-10-08T10:48:56.513+0000] {processor.py:758} INFO - Processing file /home/airflow/.local/lib/python3.7/site-packages/airflow/example_dags/example_complex.py for tasks to queue
[2022-10-08T10:48:56.514+0000] {logging_mixin.py:117} INFO - [2022-10-08T10:48:56.514+0000] {dagbag.py:525} INFO - Filling up the DagBag from /home/airflow/.local/lib/python3.7/site-packages/airflow/example_dags/example_complex.py
[2022-10-08T10:48:56.536+0000] {processor.py:768} INFO - DAG(s) dict_keys(['example_complex']) retrieved from /home/airflow/.local/lib/python3.7/site-packages/airflow/example_dags/example_complex.py
[2022-10-08T10:48:56.581+0000] {logging_mixin.py:117} INFO - [2022-10-08T10:48:56.581+0000] {dag.py:2573} INFO - Sync 1 DAGs
[2022-10-08T10:48:56.608+0000] {logging_mixin.py:117} INFO - [2022-10-08T10:48:56.608+0000] {dag.py:3328} INFO - Setting next_dagrun for example_complex to None, run_after=None
[2022-10-08T10:48:56.626+0000] {processor.py:178} INFO - Processing /home/airflow/.local/lib/python3.7/site-packages/airflow/example_dags/example_complex.py took 0.116 seconds
[2022-10-08T10:49:27.196+0000] {processor.py:156} INFO - Started process (PID=8427) to work on /home/airflow/.local/lib/python3.7/site-packages/airflow/example_dags/example_complex.py
[2022-10-08T10:49:27.196+0000] {processor.py:758} INFO - Processing file /home/airflow/.local/lib/python3.7/site-packages/airflow/example_dags/example_complex.py for tasks to queue
[2022-10-08T10:49:27.197+0000] {logging_mixin.py:117} INFO - [2022-10-08T10:49:27.197+0000] {dagbag.py:525} INFO - Filling up the DagBag from /home/airflow/.local/lib/python3.7/site-packages/airflow/example_dags/example_complex.py
[2022-10-08T10:49:27.216+0000] {processor.py:768} INFO - DAG(s) dict_keys(['example_complex']) retrieved from /home/airflow/.local/lib/python3.7/site-packages/airflow/example_dags/example_complex.py
[2022-10-08T10:49:27.258+0000] {logging_mixin.py:117} INFO - [2022-10-08T10:49:27.258+0000] {dag.py:2573} INFO - Sync 1 DAGs
[2022-10-08T10:49:27.284+0000] {logging_mixin.py:117} INFO - [2022-10-08T10:49:27.284+0000] {dag.py:3328} INFO - Setting next_dagrun for example_complex to None, run_after=None
[2022-10-08T10:49:27.303+0000] {processor.py:178} INFO - Processing /home/airflow/.local/lib/python3.7/site-packages/airflow/example_dags/example_complex.py took 0.110 seconds
[2022-10-08T10:49:58.145+0000] {processor.py:156} INFO - Started process (PID=8664) to work on /home/airflow/.local/lib/python3.7/site-packages/airflow/example_dags/example_complex.py
[2022-10-08T10:49:58.145+0000] {processor.py:758} INFO - Processing file /home/airflow/.local/lib/python3.7/site-packages/airflow/example_dags/example_complex.py for tasks to queue
[2022-10-08T10:49:58.146+0000] {logging_mixin.py:117} INFO - [2022-10-08T10:49:58.146+0000] {dagbag.py:525} INFO - Filling up the DagBag from /home/airflow/.local/lib/python3.7/site-packages/airflow/example_dags/example_complex.py
[2022-10-08T10:49:58.168+0000] {processor.py:768} INFO - DAG(s) dict_keys(['example_complex']) retrieved from /home/airflow/.local/lib/python3.7/site-packages/airflow/example_dags/example_complex.py
[2022-10-08T10:49:58.214+0000] {logging_mixin.py:117} INFO - [2022-10-08T10:49:58.214+0000] {dag.py:2573} INFO - Sync 1 DAGs
[2022-10-08T10:49:58.241+0000] {logging_mixin.py:117} INFO - [2022-10-08T10:49:58.241+0000] {dag.py:3328} INFO - Setting next_dagrun for example_complex to None, run_after=None
[2022-10-08T10:49:58.258+0000] {processor.py:178} INFO - Processing /home/airflow/.local/lib/python3.7/site-packages/airflow/example_dags/example_complex.py took 0.116 seconds
[2022-10-08T10:50:28.900+0000] {processor.py:156} INFO - Started process (PID=8867) to work on /home/airflow/.local/lib/python3.7/site-packages/airflow/example_dags/example_complex.py
[2022-10-08T10:50:28.901+0000] {processor.py:758} INFO - Processing file /home/airflow/.local/lib/python3.7/site-packages/airflow/example_dags/example_complex.py for tasks to queue
[2022-10-08T10:50:28.901+0000] {logging_mixin.py:117} INFO - [2022-10-08T10:50:28.901+0000] {dagbag.py:525} INFO - Filling up the DagBag from /home/airflow/.local/lib/python3.7/site-packages/airflow/example_dags/example_complex.py
[2022-10-08T10:50:28.921+0000] {processor.py:768} INFO - DAG(s) dict_keys(['example_complex']) retrieved from /home/airflow/.local/lib/python3.7/site-packages/airflow/example_dags/example_complex.py
[2022-10-08T10:50:28.966+0000] {logging_mixin.py:117} INFO - [2022-10-08T10:50:28.966+0000] {dag.py:2573} INFO - Sync 1 DAGs
[2022-10-08T10:50:28.992+0000] {logging_mixin.py:117} INFO - [2022-10-08T10:50:28.991+0000] {dag.py:3328} INFO - Setting next_dagrun for example_complex to None, run_after=None
[2022-10-08T10:50:29.009+0000] {processor.py:178} INFO - Processing /home/airflow/.local/lib/python3.7/site-packages/airflow/example_dags/example_complex.py took 0.111 seconds
[2022-10-08T10:50:59.417+0000] {processor.py:156} INFO - Started process (PID=9079) to work on /home/airflow/.local/lib/python3.7/site-packages/airflow/example_dags/example_complex.py
[2022-10-08T10:50:59.418+0000] {processor.py:758} INFO - Processing file /home/airflow/.local/lib/python3.7/site-packages/airflow/example_dags/example_complex.py for tasks to queue
[2022-10-08T10:50:59.419+0000] {logging_mixin.py:117} INFO - [2022-10-08T10:50:59.418+0000] {dagbag.py:525} INFO - Filling up the DagBag from /home/airflow/.local/lib/python3.7/site-packages/airflow/example_dags/example_complex.py
[2022-10-08T10:50:59.439+0000] {processor.py:768} INFO - DAG(s) dict_keys(['example_complex']) retrieved from /home/airflow/.local/lib/python3.7/site-packages/airflow/example_dags/example_complex.py
[2022-10-08T10:50:59.481+0000] {logging_mixin.py:117} INFO - [2022-10-08T10:50:59.481+0000] {dag.py:2573} INFO - Sync 1 DAGs
[2022-10-08T10:50:59.505+0000] {logging_mixin.py:117} INFO - [2022-10-08T10:50:59.505+0000] {dag.py:3328} INFO - Setting next_dagrun for example_complex to None, run_after=None
[2022-10-08T10:50:59.521+0000] {processor.py:178} INFO - Processing /home/airflow/.local/lib/python3.7/site-packages/airflow/example_dags/example_complex.py took 0.106 seconds
[2022-10-08T10:51:30.153+0000] {processor.py:156} INFO - Started process (PID=9301) to work on /home/airflow/.local/lib/python3.7/site-packages/airflow/example_dags/example_complex.py
[2022-10-08T10:51:30.154+0000] {processor.py:758} INFO - Processing file /home/airflow/.local/lib/python3.7/site-packages/airflow/example_dags/example_complex.py for tasks to queue
[2022-10-08T10:51:30.154+0000] {logging_mixin.py:117} INFO - [2022-10-08T10:51:30.154+0000] {dagbag.py:525} INFO - Filling up the DagBag from /home/airflow/.local/lib/python3.7/site-packages/airflow/example_dags/example_complex.py
[2022-10-08T10:51:30.174+0000] {processor.py:768} INFO - DAG(s) dict_keys(['example_complex']) retrieved from /home/airflow/.local/lib/python3.7/site-packages/airflow/example_dags/example_complex.py
[2022-10-08T10:51:30.252+0000] {logging_mixin.py:117} INFO - [2022-10-08T10:51:30.252+0000] {dag.py:2573} INFO - Sync 1 DAGs
[2022-10-08T10:51:30.277+0000] {logging_mixin.py:117} INFO - [2022-10-08T10:51:30.277+0000] {dag.py:3328} INFO - Setting next_dagrun for example_complex to None, run_after=None
[2022-10-08T10:51:30.294+0000] {processor.py:178} INFO - Processing /home/airflow/.local/lib/python3.7/site-packages/airflow/example_dags/example_complex.py took 0.143 seconds
[2022-10-08T10:52:01.185+0000] {processor.py:156} INFO - Started process (PID=9538) to work on /home/airflow/.local/lib/python3.7/site-packages/airflow/example_dags/example_complex.py
[2022-10-08T10:52:01.185+0000] {processor.py:758} INFO - Processing file /home/airflow/.local/lib/python3.7/site-packages/airflow/example_dags/example_complex.py for tasks to queue
[2022-10-08T10:52:01.186+0000] {logging_mixin.py:117} INFO - [2022-10-08T10:52:01.186+0000] {dagbag.py:525} INFO - Filling up the DagBag from /home/airflow/.local/lib/python3.7/site-packages/airflow/example_dags/example_complex.py
[2022-10-08T10:52:01.206+0000] {processor.py:768} INFO - DAG(s) dict_keys(['example_complex']) retrieved from /home/airflow/.local/lib/python3.7/site-packages/airflow/example_dags/example_complex.py
[2022-10-08T10:52:01.248+0000] {logging_mixin.py:117} INFO - [2022-10-08T10:52:01.248+0000] {dag.py:2573} INFO - Sync 1 DAGs
[2022-10-08T10:52:01.275+0000] {logging_mixin.py:117} INFO - [2022-10-08T10:52:01.275+0000] {dag.py:3328} INFO - Setting next_dagrun for example_complex to None, run_after=None
[2022-10-08T10:52:01.291+0000] {processor.py:178} INFO - Processing /home/airflow/.local/lib/python3.7/site-packages/airflow/example_dags/example_complex.py took 0.110 seconds
[2022-10-08T10:52:31.907+0000] {processor.py:156} INFO - Started process (PID=9766) to work on /home/airflow/.local/lib/python3.7/site-packages/airflow/example_dags/example_complex.py
[2022-10-08T10:52:31.908+0000] {processor.py:758} INFO - Processing file /home/airflow/.local/lib/python3.7/site-packages/airflow/example_dags/example_complex.py for tasks to queue
[2022-10-08T10:52:31.908+0000] {logging_mixin.py:117} INFO - [2022-10-08T10:52:31.908+0000] {dagbag.py:525} INFO - Filling up the DagBag from /home/airflow/.local/lib/python3.7/site-packages/airflow/example_dags/example_complex.py
[2022-10-08T10:52:31.928+0000] {processor.py:768} INFO - DAG(s) dict_keys(['example_complex']) retrieved from /home/airflow/.local/lib/python3.7/site-packages/airflow/example_dags/example_complex.py
[2022-10-08T10:52:31.971+0000] {logging_mixin.py:117} INFO - [2022-10-08T10:52:31.971+0000] {dag.py:2573} INFO - Sync 1 DAGs
[2022-10-08T10:52:31.997+0000] {logging_mixin.py:117} INFO - [2022-10-08T10:52:31.997+0000] {dag.py:3328} INFO - Setting next_dagrun for example_complex to None, run_after=None
[2022-10-08T10:52:32.014+0000] {processor.py:178} INFO - Processing /home/airflow/.local/lib/python3.7/site-packages/airflow/example_dags/example_complex.py took 0.109 seconds
[2022-10-08T10:53:02.561+0000] {processor.py:156} INFO - Started process (PID=9993) to work on /home/airflow/.local/lib/python3.7/site-packages/airflow/example_dags/example_complex.py
[2022-10-08T10:53:02.562+0000] {processor.py:758} INFO - Processing file /home/airflow/.local/lib/python3.7/site-packages/airflow/example_dags/example_complex.py for tasks to queue
[2022-10-08T10:53:02.562+0000] {logging_mixin.py:117} INFO - [2022-10-08T10:53:02.562+0000] {dagbag.py:525} INFO - Filling up the DagBag from /home/airflow/.local/lib/python3.7/site-packages/airflow/example_dags/example_complex.py
[2022-10-08T10:53:02.583+0000] {processor.py:768} INFO - DAG(s) dict_keys(['example_complex']) retrieved from /home/airflow/.local/lib/python3.7/site-packages/airflow/example_dags/example_complex.py
[2022-10-08T10:53:02.628+0000] {logging_mixin.py:117} INFO - [2022-10-08T10:53:02.628+0000] {dag.py:2573} INFO - Sync 1 DAGs
[2022-10-08T10:53:02.652+0000] {logging_mixin.py:117} INFO - [2022-10-08T10:53:02.652+0000] {dag.py:3328} INFO - Setting next_dagrun for example_complex to None, run_after=None
[2022-10-08T10:53:02.669+0000] {processor.py:178} INFO - Processing /home/airflow/.local/lib/python3.7/site-packages/airflow/example_dags/example_complex.py took 0.110 seconds
[2022-10-08T10:53:33.314+0000] {processor.py:156} INFO - Started process (PID=10220) to work on /home/airflow/.local/lib/python3.7/site-packages/airflow/example_dags/example_complex.py
[2022-10-08T10:53:33.315+0000] {processor.py:758} INFO - Processing file /home/airflow/.local/lib/python3.7/site-packages/airflow/example_dags/example_complex.py for tasks to queue
[2022-10-08T10:53:33.316+0000] {logging_mixin.py:117} INFO - [2022-10-08T10:53:33.316+0000] {dagbag.py:525} INFO - Filling up the DagBag from /home/airflow/.local/lib/python3.7/site-packages/airflow/example_dags/example_complex.py
[2022-10-08T10:53:33.337+0000] {processor.py:768} INFO - DAG(s) dict_keys(['example_complex']) retrieved from /home/airflow/.local/lib/python3.7/site-packages/airflow/example_dags/example_complex.py
[2022-10-08T10:53:33.378+0000] {logging_mixin.py:117} INFO - [2022-10-08T10:53:33.378+0000] {dag.py:2573} INFO - Sync 1 DAGs
[2022-10-08T10:53:33.404+0000] {logging_mixin.py:117} INFO - [2022-10-08T10:53:33.404+0000] {dag.py:3328} INFO - Setting next_dagrun for example_complex to None, run_after=None
[2022-10-08T10:53:33.423+0000] {processor.py:178} INFO - Processing /home/airflow/.local/lib/python3.7/site-packages/airflow/example_dags/example_complex.py took 0.111 seconds
[2022-10-08T10:54:03.921+0000] {processor.py:156} INFO - Started process (PID=10428) to work on /home/airflow/.local/lib/python3.7/site-packages/airflow/example_dags/example_complex.py
[2022-10-08T10:54:03.921+0000] {processor.py:758} INFO - Processing file /home/airflow/.local/lib/python3.7/site-packages/airflow/example_dags/example_complex.py for tasks to queue
[2022-10-08T10:54:03.922+0000] {logging_mixin.py:117} INFO - [2022-10-08T10:54:03.922+0000] {dagbag.py:525} INFO - Filling up the DagBag from /home/airflow/.local/lib/python3.7/site-packages/airflow/example_dags/example_complex.py
[2022-10-08T10:54:03.942+0000] {processor.py:768} INFO - DAG(s) dict_keys(['example_complex']) retrieved from /home/airflow/.local/lib/python3.7/site-packages/airflow/example_dags/example_complex.py
[2022-10-08T10:54:03.987+0000] {logging_mixin.py:117} INFO - [2022-10-08T10:54:03.987+0000] {dag.py:2573} INFO - Sync 1 DAGs
[2022-10-08T10:54:04.013+0000] {logging_mixin.py:117} INFO - [2022-10-08T10:54:04.013+0000] {dag.py:3328} INFO - Setting next_dagrun for example_complex to None, run_after=None
[2022-10-08T10:54:04.031+0000] {processor.py:178} INFO - Processing /home/airflow/.local/lib/python3.7/site-packages/airflow/example_dags/example_complex.py took 0.113 seconds
[2022-10-08T10:54:34.566+0000] {processor.py:156} INFO - Started process (PID=10650) to work on /home/airflow/.local/lib/python3.7/site-packages/airflow/example_dags/example_complex.py
[2022-10-08T10:54:34.567+0000] {processor.py:758} INFO - Processing file /home/airflow/.local/lib/python3.7/site-packages/airflow/example_dags/example_complex.py for tasks to queue
[2022-10-08T10:54:34.567+0000] {logging_mixin.py:117} INFO - [2022-10-08T10:54:34.567+0000] {dagbag.py:525} INFO - Filling up the DagBag from /home/airflow/.local/lib/python3.7/site-packages/airflow/example_dags/example_complex.py
[2022-10-08T10:54:34.588+0000] {processor.py:768} INFO - DAG(s) dict_keys(['example_complex']) retrieved from /home/airflow/.local/lib/python3.7/site-packages/airflow/example_dags/example_complex.py
[2022-10-08T10:54:34.631+0000] {logging_mixin.py:117} INFO - [2022-10-08T10:54:34.631+0000] {dag.py:2573} INFO - Sync 1 DAGs
[2022-10-08T10:54:34.656+0000] {logging_mixin.py:117} INFO - [2022-10-08T10:54:34.656+0000] {dag.py:3328} INFO - Setting next_dagrun for example_complex to None, run_after=None
[2022-10-08T10:54:34.673+0000] {processor.py:178} INFO - Processing /home/airflow/.local/lib/python3.7/site-packages/airflow/example_dags/example_complex.py took 0.109 seconds
[2022-10-08T10:55:05.495+0000] {processor.py:156} INFO - Started process (PID=10872) to work on /home/airflow/.local/lib/python3.7/site-packages/airflow/example_dags/example_complex.py
[2022-10-08T10:55:05.495+0000] {processor.py:758} INFO - Processing file /home/airflow/.local/lib/python3.7/site-packages/airflow/example_dags/example_complex.py for tasks to queue
[2022-10-08T10:55:05.496+0000] {logging_mixin.py:117} INFO - [2022-10-08T10:55:05.496+0000] {dagbag.py:525} INFO - Filling up the DagBag from /home/airflow/.local/lib/python3.7/site-packages/airflow/example_dags/example_complex.py
[2022-10-08T10:55:05.516+0000] {processor.py:768} INFO - DAG(s) dict_keys(['example_complex']) retrieved from /home/airflow/.local/lib/python3.7/site-packages/airflow/example_dags/example_complex.py
[2022-10-08T10:55:05.559+0000] {logging_mixin.py:117} INFO - [2022-10-08T10:55:05.559+0000] {dag.py:2573} INFO - Sync 1 DAGs
[2022-10-08T10:55:05.583+0000] {logging_mixin.py:117} INFO - [2022-10-08T10:55:05.583+0000] {dag.py:3328} INFO - Setting next_dagrun for example_complex to None, run_after=None
[2022-10-08T10:55:05.600+0000] {processor.py:178} INFO - Processing /home/airflow/.local/lib/python3.7/site-packages/airflow/example_dags/example_complex.py took 0.108 seconds
[2022-10-08T10:55:36.313+0000] {processor.py:156} INFO - Started process (PID=11075) to work on /home/airflow/.local/lib/python3.7/site-packages/airflow/example_dags/example_complex.py
[2022-10-08T10:55:36.314+0000] {processor.py:758} INFO - Processing file /home/airflow/.local/lib/python3.7/site-packages/airflow/example_dags/example_complex.py for tasks to queue
[2022-10-08T10:55:36.314+0000] {logging_mixin.py:117} INFO - [2022-10-08T10:55:36.314+0000] {dagbag.py:525} INFO - Filling up the DagBag from /home/airflow/.local/lib/python3.7/site-packages/airflow/example_dags/example_complex.py
[2022-10-08T10:55:36.335+0000] {processor.py:768} INFO - DAG(s) dict_keys(['example_complex']) retrieved from /home/airflow/.local/lib/python3.7/site-packages/airflow/example_dags/example_complex.py
[2022-10-08T10:55:36.379+0000] {logging_mixin.py:117} INFO - [2022-10-08T10:55:36.379+0000] {dag.py:2573} INFO - Sync 1 DAGs
[2022-10-08T10:55:36.406+0000] {logging_mixin.py:117} INFO - [2022-10-08T10:55:36.406+0000] {dag.py:3328} INFO - Setting next_dagrun for example_complex to None, run_after=None
[2022-10-08T10:55:36.425+0000] {processor.py:178} INFO - Processing /home/airflow/.local/lib/python3.7/site-packages/airflow/example_dags/example_complex.py took 0.115 seconds
[2022-10-08T10:56:07.340+0000] {processor.py:156} INFO - Started process (PID=11287) to work on /home/airflow/.local/lib/python3.7/site-packages/airflow/example_dags/example_complex.py
[2022-10-08T10:56:07.341+0000] {processor.py:758} INFO - Processing file /home/airflow/.local/lib/python3.7/site-packages/airflow/example_dags/example_complex.py for tasks to queue
[2022-10-08T10:56:07.342+0000] {logging_mixin.py:117} INFO - [2022-10-08T10:56:07.341+0000] {dagbag.py:525} INFO - Filling up the DagBag from /home/airflow/.local/lib/python3.7/site-packages/airflow/example_dags/example_complex.py
[2022-10-08T10:56:07.363+0000] {processor.py:768} INFO - DAG(s) dict_keys(['example_complex']) retrieved from /home/airflow/.local/lib/python3.7/site-packages/airflow/example_dags/example_complex.py
[2022-10-08T10:56:07.408+0000] {logging_mixin.py:117} INFO - [2022-10-08T10:56:07.408+0000] {dag.py:2573} INFO - Sync 1 DAGs
[2022-10-08T10:56:07.434+0000] {logging_mixin.py:117} INFO - [2022-10-08T10:56:07.434+0000] {dag.py:3328} INFO - Setting next_dagrun for example_complex to None, run_after=None
[2022-10-08T10:56:07.452+0000] {processor.py:178} INFO - Processing /home/airflow/.local/lib/python3.7/site-packages/airflow/example_dags/example_complex.py took 0.115 seconds
[2022-10-08T10:56:37.512+0000] {processor.py:156} INFO - Started process (PID=11499) to work on /home/airflow/.local/lib/python3.7/site-packages/airflow/example_dags/example_complex.py
[2022-10-08T10:56:37.513+0000] {processor.py:758} INFO - Processing file /home/airflow/.local/lib/python3.7/site-packages/airflow/example_dags/example_complex.py for tasks to queue
[2022-10-08T10:56:37.513+0000] {logging_mixin.py:117} INFO - [2022-10-08T10:56:37.513+0000] {dagbag.py:525} INFO - Filling up the DagBag from /home/airflow/.local/lib/python3.7/site-packages/airflow/example_dags/example_complex.py
[2022-10-08T10:56:37.534+0000] {processor.py:768} INFO - DAG(s) dict_keys(['example_complex']) retrieved from /home/airflow/.local/lib/python3.7/site-packages/airflow/example_dags/example_complex.py
[2022-10-08T10:56:37.578+0000] {logging_mixin.py:117} INFO - [2022-10-08T10:56:37.578+0000] {dag.py:2573} INFO - Sync 1 DAGs
[2022-10-08T10:56:37.602+0000] {logging_mixin.py:117} INFO - [2022-10-08T10:56:37.602+0000] {dag.py:3328} INFO - Setting next_dagrun for example_complex to None, run_after=None
[2022-10-08T10:56:37.618+0000] {processor.py:178} INFO - Processing /home/airflow/.local/lib/python3.7/site-packages/airflow/example_dags/example_complex.py took 0.109 seconds
[2022-10-08T10:57:07.716+0000] {processor.py:156} INFO - Started process (PID=11712) to work on /home/airflow/.local/lib/python3.7/site-packages/airflow/example_dags/example_complex.py
[2022-10-08T10:57:07.717+0000] {processor.py:758} INFO - Processing file /home/airflow/.local/lib/python3.7/site-packages/airflow/example_dags/example_complex.py for tasks to queue
[2022-10-08T10:57:07.717+0000] {logging_mixin.py:117} INFO - [2022-10-08T10:57:07.717+0000] {dagbag.py:525} INFO - Filling up the DagBag from /home/airflow/.local/lib/python3.7/site-packages/airflow/example_dags/example_complex.py
[2022-10-08T10:57:07.736+0000] {processor.py:768} INFO - DAG(s) dict_keys(['example_complex']) retrieved from /home/airflow/.local/lib/python3.7/site-packages/airflow/example_dags/example_complex.py
[2022-10-08T10:57:07.779+0000] {logging_mixin.py:117} INFO - [2022-10-08T10:57:07.779+0000] {dag.py:2573} INFO - Sync 1 DAGs
[2022-10-08T10:57:07.804+0000] {logging_mixin.py:117} INFO - [2022-10-08T10:57:07.804+0000] {dag.py:3328} INFO - Setting next_dagrun for example_complex to None, run_after=None
[2022-10-08T10:57:07.821+0000] {processor.py:178} INFO - Processing /home/airflow/.local/lib/python3.7/site-packages/airflow/example_dags/example_complex.py took 0.107 seconds
[2022-10-08T10:57:38.033+0000] {processor.py:156} INFO - Started process (PID=11924) to work on /home/airflow/.local/lib/python3.7/site-packages/airflow/example_dags/example_complex.py
[2022-10-08T10:57:38.034+0000] {processor.py:758} INFO - Processing file /home/airflow/.local/lib/python3.7/site-packages/airflow/example_dags/example_complex.py for tasks to queue
[2022-10-08T10:57:38.035+0000] {logging_mixin.py:117} INFO - [2022-10-08T10:57:38.035+0000] {dagbag.py:525} INFO - Filling up the DagBag from /home/airflow/.local/lib/python3.7/site-packages/airflow/example_dags/example_complex.py
[2022-10-08T10:57:38.054+0000] {processor.py:768} INFO - DAG(s) dict_keys(['example_complex']) retrieved from /home/airflow/.local/lib/python3.7/site-packages/airflow/example_dags/example_complex.py
[2022-10-08T10:57:38.095+0000] {logging_mixin.py:117} INFO - [2022-10-08T10:57:38.095+0000] {dag.py:2573} INFO - Sync 1 DAGs
[2022-10-08T10:57:38.118+0000] {logging_mixin.py:117} INFO - [2022-10-08T10:57:38.118+0000] {dag.py:3328} INFO - Setting next_dagrun for example_complex to None, run_after=None
[2022-10-08T10:57:38.136+0000] {processor.py:178} INFO - Processing /home/airflow/.local/lib/python3.7/site-packages/airflow/example_dags/example_complex.py took 0.105 seconds
[2022-10-08T10:58:08.860+0000] {processor.py:156} INFO - Started process (PID=12137) to work on /home/airflow/.local/lib/python3.7/site-packages/airflow/example_dags/example_complex.py
[2022-10-08T10:58:08.861+0000] {processor.py:758} INFO - Processing file /home/airflow/.local/lib/python3.7/site-packages/airflow/example_dags/example_complex.py for tasks to queue
[2022-10-08T10:58:08.861+0000] {logging_mixin.py:117} INFO - [2022-10-08T10:58:08.861+0000] {dagbag.py:525} INFO - Filling up the DagBag from /home/airflow/.local/lib/python3.7/site-packages/airflow/example_dags/example_complex.py
[2022-10-08T10:58:08.881+0000] {processor.py:768} INFO - DAG(s) dict_keys(['example_complex']) retrieved from /home/airflow/.local/lib/python3.7/site-packages/airflow/example_dags/example_complex.py
[2022-10-08T10:58:08.925+0000] {logging_mixin.py:117} INFO - [2022-10-08T10:58:08.925+0000] {dag.py:2573} INFO - Sync 1 DAGs
[2022-10-08T10:58:08.951+0000] {logging_mixin.py:117} INFO - [2022-10-08T10:58:08.951+0000] {dag.py:3328} INFO - Setting next_dagrun for example_complex to None, run_after=None
[2022-10-08T10:58:08.976+0000] {processor.py:178} INFO - Processing /home/airflow/.local/lib/python3.7/site-packages/airflow/example_dags/example_complex.py took 0.118 seconds
[2022-10-08T10:58:39.727+0000] {processor.py:156} INFO - Started process (PID=12340) to work on /home/airflow/.local/lib/python3.7/site-packages/airflow/example_dags/example_complex.py
[2022-10-08T10:58:39.728+0000] {processor.py:758} INFO - Processing file /home/airflow/.local/lib/python3.7/site-packages/airflow/example_dags/example_complex.py for tasks to queue
[2022-10-08T10:58:39.729+0000] {logging_mixin.py:117} INFO - [2022-10-08T10:58:39.729+0000] {dagbag.py:525} INFO - Filling up the DagBag from /home/airflow/.local/lib/python3.7/site-packages/airflow/example_dags/example_complex.py
[2022-10-08T10:58:39.748+0000] {processor.py:768} INFO - DAG(s) dict_keys(['example_complex']) retrieved from /home/airflow/.local/lib/python3.7/site-packages/airflow/example_dags/example_complex.py
[2022-10-08T10:58:39.792+0000] {logging_mixin.py:117} INFO - [2022-10-08T10:58:39.791+0000] {dag.py:2573} INFO - Sync 1 DAGs
[2022-10-08T10:58:39.816+0000] {logging_mixin.py:117} INFO - [2022-10-08T10:58:39.816+0000] {dag.py:3328} INFO - Setting next_dagrun for example_complex to None, run_after=None
[2022-10-08T10:58:39.837+0000] {processor.py:178} INFO - Processing /home/airflow/.local/lib/python3.7/site-packages/airflow/example_dags/example_complex.py took 0.112 seconds
[2022-10-08T10:59:10.726+0000] {processor.py:156} INFO - Started process (PID=12575) to work on /home/airflow/.local/lib/python3.7/site-packages/airflow/example_dags/example_complex.py
[2022-10-08T10:59:10.727+0000] {processor.py:758} INFO - Processing file /home/airflow/.local/lib/python3.7/site-packages/airflow/example_dags/example_complex.py for tasks to queue
[2022-10-08T10:59:10.727+0000] {logging_mixin.py:117} INFO - [2022-10-08T10:59:10.727+0000] {dagbag.py:525} INFO - Filling up the DagBag from /home/airflow/.local/lib/python3.7/site-packages/airflow/example_dags/example_complex.py
[2022-10-08T10:59:10.747+0000] {processor.py:768} INFO - DAG(s) dict_keys(['example_complex']) retrieved from /home/airflow/.local/lib/python3.7/site-packages/airflow/example_dags/example_complex.py
[2022-10-08T10:59:10.790+0000] {logging_mixin.py:117} INFO - [2022-10-08T10:59:10.789+0000] {dag.py:2573} INFO - Sync 1 DAGs
[2022-10-08T10:59:10.817+0000] {logging_mixin.py:117} INFO - [2022-10-08T10:59:10.817+0000] {dag.py:3328} INFO - Setting next_dagrun for example_complex to None, run_after=None
[2022-10-08T10:59:10.835+0000] {processor.py:178} INFO - Processing /home/airflow/.local/lib/python3.7/site-packages/airflow/example_dags/example_complex.py took 0.111 seconds
[2022-10-08T10:59:41.203+0000] {processor.py:156} INFO - Started process (PID=12809) to work on /home/airflow/.local/lib/python3.7/site-packages/airflow/example_dags/example_complex.py
[2022-10-08T10:59:41.204+0000] {processor.py:758} INFO - Processing file /home/airflow/.local/lib/python3.7/site-packages/airflow/example_dags/example_complex.py for tasks to queue
[2022-10-08T10:59:41.205+0000] {logging_mixin.py:117} INFO - [2022-10-08T10:59:41.204+0000] {dagbag.py:525} INFO - Filling up the DagBag from /home/airflow/.local/lib/python3.7/site-packages/airflow/example_dags/example_complex.py
[2022-10-08T10:59:41.224+0000] {processor.py:768} INFO - DAG(s) dict_keys(['example_complex']) retrieved from /home/airflow/.local/lib/python3.7/site-packages/airflow/example_dags/example_complex.py
[2022-10-08T10:59:41.270+0000] {logging_mixin.py:117} INFO - [2022-10-08T10:59:41.270+0000] {dag.py:2573} INFO - Sync 1 DAGs
[2022-10-08T10:59:41.295+0000] {logging_mixin.py:117} INFO - [2022-10-08T10:59:41.295+0000] {dag.py:3328} INFO - Setting next_dagrun for example_complex to None, run_after=None
[2022-10-08T10:59:41.313+0000] {processor.py:178} INFO - Processing /home/airflow/.local/lib/python3.7/site-packages/airflow/example_dags/example_complex.py took 0.112 seconds
[2022-10-08T11:00:12.087+0000] {processor.py:156} INFO - Started process (PID=13012) to work on /home/airflow/.local/lib/python3.7/site-packages/airflow/example_dags/example_complex.py
[2022-10-08T11:00:12.088+0000] {processor.py:758} INFO - Processing file /home/airflow/.local/lib/python3.7/site-packages/airflow/example_dags/example_complex.py for tasks to queue
[2022-10-08T11:00:12.089+0000] {logging_mixin.py:117} INFO - [2022-10-08T11:00:12.088+0000] {dagbag.py:525} INFO - Filling up the DagBag from /home/airflow/.local/lib/python3.7/site-packages/airflow/example_dags/example_complex.py
[2022-10-08T11:00:12.115+0000] {processor.py:768} INFO - DAG(s) dict_keys(['example_complex']) retrieved from /home/airflow/.local/lib/python3.7/site-packages/airflow/example_dags/example_complex.py
[2022-10-08T11:00:12.263+0000] {logging_mixin.py:117} INFO - [2022-10-08T11:00:12.262+0000] {dag.py:2573} INFO - Sync 1 DAGs
[2022-10-08T11:00:12.295+0000] {logging_mixin.py:117} INFO - [2022-10-08T11:00:12.295+0000] {dag.py:3328} INFO - Setting next_dagrun for example_complex to None, run_after=None
[2022-10-08T11:00:12.381+0000] {processor.py:178} INFO - Processing /home/airflow/.local/lib/python3.7/site-packages/airflow/example_dags/example_complex.py took 0.296 seconds
[2022-10-08T11:00:42.932+0000] {processor.py:156} INFO - Started process (PID=13224) to work on /home/airflow/.local/lib/python3.7/site-packages/airflow/example_dags/example_complex.py
[2022-10-08T11:00:42.933+0000] {processor.py:758} INFO - Processing file /home/airflow/.local/lib/python3.7/site-packages/airflow/example_dags/example_complex.py for tasks to queue
[2022-10-08T11:00:42.934+0000] {logging_mixin.py:117} INFO - [2022-10-08T11:00:42.933+0000] {dagbag.py:525} INFO - Filling up the DagBag from /home/airflow/.local/lib/python3.7/site-packages/airflow/example_dags/example_complex.py
[2022-10-08T11:00:42.954+0000] {processor.py:768} INFO - DAG(s) dict_keys(['example_complex']) retrieved from /home/airflow/.local/lib/python3.7/site-packages/airflow/example_dags/example_complex.py
[2022-10-08T11:00:42.998+0000] {logging_mixin.py:117} INFO - [2022-10-08T11:00:42.998+0000] {dag.py:2573} INFO - Sync 1 DAGs
[2022-10-08T11:00:43.025+0000] {logging_mixin.py:117} INFO - [2022-10-08T11:00:43.025+0000] {dag.py:3328} INFO - Setting next_dagrun for example_complex to None, run_after=None
[2022-10-08T11:00:43.042+0000] {processor.py:178} INFO - Processing /home/airflow/.local/lib/python3.7/site-packages/airflow/example_dags/example_complex.py took 0.113 seconds
[2022-10-08T11:01:13.691+0000] {processor.py:156} INFO - Started process (PID=13436) to work on /home/airflow/.local/lib/python3.7/site-packages/airflow/example_dags/example_complex.py
[2022-10-08T11:01:13.692+0000] {processor.py:758} INFO - Processing file /home/airflow/.local/lib/python3.7/site-packages/airflow/example_dags/example_complex.py for tasks to queue
[2022-10-08T11:01:13.692+0000] {logging_mixin.py:117} INFO - [2022-10-08T11:01:13.692+0000] {dagbag.py:525} INFO - Filling up the DagBag from /home/airflow/.local/lib/python3.7/site-packages/airflow/example_dags/example_complex.py
[2022-10-08T11:01:13.713+0000] {processor.py:768} INFO - DAG(s) dict_keys(['example_complex']) retrieved from /home/airflow/.local/lib/python3.7/site-packages/airflow/example_dags/example_complex.py
[2022-10-08T11:01:13.756+0000] {logging_mixin.py:117} INFO - [2022-10-08T11:01:13.756+0000] {dag.py:2573} INFO - Sync 1 DAGs
[2022-10-08T11:01:13.780+0000] {logging_mixin.py:117} INFO - [2022-10-08T11:01:13.780+0000] {dag.py:3328} INFO - Setting next_dagrun for example_complex to None, run_after=None
[2022-10-08T11:01:13.797+0000] {processor.py:178} INFO - Processing /home/airflow/.local/lib/python3.7/site-packages/airflow/example_dags/example_complex.py took 0.108 seconds
[2022-10-08T11:01:44.565+0000] {processor.py:156} INFO - Started process (PID=13639) to work on /home/airflow/.local/lib/python3.7/site-packages/airflow/example_dags/example_complex.py
[2022-10-08T11:01:44.566+0000] {processor.py:758} INFO - Processing file /home/airflow/.local/lib/python3.7/site-packages/airflow/example_dags/example_complex.py for tasks to queue
[2022-10-08T11:01:44.567+0000] {logging_mixin.py:117} INFO - [2022-10-08T11:01:44.566+0000] {dagbag.py:525} INFO - Filling up the DagBag from /home/airflow/.local/lib/python3.7/site-packages/airflow/example_dags/example_complex.py
[2022-10-08T11:01:44.587+0000] {processor.py:768} INFO - DAG(s) dict_keys(['example_complex']) retrieved from /home/airflow/.local/lib/python3.7/site-packages/airflow/example_dags/example_complex.py
[2022-10-08T11:01:44.631+0000] {logging_mixin.py:117} INFO - [2022-10-08T11:01:44.631+0000] {dag.py:2573} INFO - Sync 1 DAGs
[2022-10-08T11:01:44.665+0000] {logging_mixin.py:117} INFO - [2022-10-08T11:01:44.665+0000] {dag.py:3328} INFO - Setting next_dagrun for example_complex to None, run_after=None
[2022-10-08T11:01:44.683+0000] {processor.py:178} INFO - Processing /home/airflow/.local/lib/python3.7/site-packages/airflow/example_dags/example_complex.py took 0.121 seconds
[2022-10-08T11:02:15.162+0000] {processor.py:156} INFO - Started process (PID=13851) to work on /home/airflow/.local/lib/python3.7/site-packages/airflow/example_dags/example_complex.py
[2022-10-08T11:02:15.163+0000] {processor.py:758} INFO - Processing file /home/airflow/.local/lib/python3.7/site-packages/airflow/example_dags/example_complex.py for tasks to queue
[2022-10-08T11:02:15.163+0000] {logging_mixin.py:117} INFO - [2022-10-08T11:02:15.163+0000] {dagbag.py:525} INFO - Filling up the DagBag from /home/airflow/.local/lib/python3.7/site-packages/airflow/example_dags/example_complex.py
[2022-10-08T11:02:15.183+0000] {processor.py:768} INFO - DAG(s) dict_keys(['example_complex']) retrieved from /home/airflow/.local/lib/python3.7/site-packages/airflow/example_dags/example_complex.py
[2022-10-08T11:02:15.227+0000] {logging_mixin.py:117} INFO - [2022-10-08T11:02:15.226+0000] {dag.py:2573} INFO - Sync 1 DAGs
[2022-10-08T11:02:15.252+0000] {logging_mixin.py:117} INFO - [2022-10-08T11:02:15.251+0000] {dag.py:3328} INFO - Setting next_dagrun for example_complex to None, run_after=None
[2022-10-08T11:02:15.269+0000] {processor.py:178} INFO - Processing /home/airflow/.local/lib/python3.7/site-packages/airflow/example_dags/example_complex.py took 0.109 seconds
[2022-10-08T11:02:46.110+0000] {processor.py:156} INFO - Started process (PID=14063) to work on /home/airflow/.local/lib/python3.7/site-packages/airflow/example_dags/example_complex.py
[2022-10-08T11:02:46.111+0000] {processor.py:758} INFO - Processing file /home/airflow/.local/lib/python3.7/site-packages/airflow/example_dags/example_complex.py for tasks to queue
[2022-10-08T11:02:46.112+0000] {logging_mixin.py:117} INFO - [2022-10-08T11:02:46.111+0000] {dagbag.py:525} INFO - Filling up the DagBag from /home/airflow/.local/lib/python3.7/site-packages/airflow/example_dags/example_complex.py
[2022-10-08T11:02:46.132+0000] {processor.py:768} INFO - DAG(s) dict_keys(['example_complex']) retrieved from /home/airflow/.local/lib/python3.7/site-packages/airflow/example_dags/example_complex.py
[2022-10-08T11:02:46.196+0000] {logging_mixin.py:117} INFO - [2022-10-08T11:02:46.196+0000] {dag.py:2573} INFO - Sync 1 DAGs
[2022-10-08T11:02:46.220+0000] {logging_mixin.py:117} INFO - [2022-10-08T11:02:46.220+0000] {dag.py:3328} INFO - Setting next_dagrun for example_complex to None, run_after=None
[2022-10-08T11:02:46.238+0000] {processor.py:178} INFO - Processing /home/airflow/.local/lib/python3.7/site-packages/airflow/example_dags/example_complex.py took 0.130 seconds
[2022-10-08T11:03:16.970+0000] {processor.py:156} INFO - Started process (PID=14276) to work on /home/airflow/.local/lib/python3.7/site-packages/airflow/example_dags/example_complex.py
[2022-10-08T11:03:16.971+0000] {processor.py:758} INFO - Processing file /home/airflow/.local/lib/python3.7/site-packages/airflow/example_dags/example_complex.py for tasks to queue
[2022-10-08T11:03:16.972+0000] {logging_mixin.py:117} INFO - [2022-10-08T11:03:16.972+0000] {dagbag.py:525} INFO - Filling up the DagBag from /home/airflow/.local/lib/python3.7/site-packages/airflow/example_dags/example_complex.py
[2022-10-08T11:03:17.064+0000] {processor.py:768} INFO - DAG(s) dict_keys(['example_complex']) retrieved from /home/airflow/.local/lib/python3.7/site-packages/airflow/example_dags/example_complex.py
[2022-10-08T11:03:17.178+0000] {logging_mixin.py:117} INFO - [2022-10-08T11:03:17.178+0000] {dag.py:2573} INFO - Sync 1 DAGs
[2022-10-08T11:03:17.269+0000] {logging_mixin.py:117} INFO - [2022-10-08T11:03:17.269+0000] {dag.py:3328} INFO - Setting next_dagrun for example_complex to None, run_after=None
[2022-10-08T11:03:17.288+0000] {processor.py:178} INFO - Processing /home/airflow/.local/lib/python3.7/site-packages/airflow/example_dags/example_complex.py took 0.321 seconds
[2022-10-08T11:03:47.388+0000] {processor.py:156} INFO - Started process (PID=14479) to work on /home/airflow/.local/lib/python3.7/site-packages/airflow/example_dags/example_complex.py
[2022-10-08T11:03:47.389+0000] {processor.py:758} INFO - Processing file /home/airflow/.local/lib/python3.7/site-packages/airflow/example_dags/example_complex.py for tasks to queue
[2022-10-08T11:03:47.390+0000] {logging_mixin.py:117} INFO - [2022-10-08T11:03:47.390+0000] {dagbag.py:525} INFO - Filling up the DagBag from /home/airflow/.local/lib/python3.7/site-packages/airflow/example_dags/example_complex.py
[2022-10-08T11:03:47.411+0000] {processor.py:768} INFO - DAG(s) dict_keys(['example_complex']) retrieved from /home/airflow/.local/lib/python3.7/site-packages/airflow/example_dags/example_complex.py
[2022-10-08T11:03:47.457+0000] {logging_mixin.py:117} INFO - [2022-10-08T11:03:47.457+0000] {dag.py:2573} INFO - Sync 1 DAGs
[2022-10-08T11:03:47.484+0000] {logging_mixin.py:117} INFO - [2022-10-08T11:03:47.484+0000] {dag.py:3328} INFO - Setting next_dagrun for example_complex to None, run_after=None
[2022-10-08T11:03:47.507+0000] {processor.py:178} INFO - Processing /home/airflow/.local/lib/python3.7/site-packages/airflow/example_dags/example_complex.py took 0.121 seconds
[2022-10-08T11:04:18.093+0000] {processor.py:156} INFO - Started process (PID=14691) to work on /home/airflow/.local/lib/python3.7/site-packages/airflow/example_dags/example_complex.py
[2022-10-08T11:04:18.094+0000] {processor.py:758} INFO - Processing file /home/airflow/.local/lib/python3.7/site-packages/airflow/example_dags/example_complex.py for tasks to queue
[2022-10-08T11:04:18.095+0000] {logging_mixin.py:117} INFO - [2022-10-08T11:04:18.095+0000] {dagbag.py:525} INFO - Filling up the DagBag from /home/airflow/.local/lib/python3.7/site-packages/airflow/example_dags/example_complex.py
[2022-10-08T11:04:18.116+0000] {processor.py:768} INFO - DAG(s) dict_keys(['example_complex']) retrieved from /home/airflow/.local/lib/python3.7/site-packages/airflow/example_dags/example_complex.py
[2022-10-08T11:04:18.182+0000] {logging_mixin.py:117} INFO - [2022-10-08T11:04:18.182+0000] {dag.py:2573} INFO - Sync 1 DAGs
[2022-10-08T11:04:18.211+0000] {logging_mixin.py:117} INFO - [2022-10-08T11:04:18.210+0000] {dag.py:3328} INFO - Setting next_dagrun for example_complex to None, run_after=None
[2022-10-08T11:04:18.228+0000] {processor.py:178} INFO - Processing /home/airflow/.local/lib/python3.7/site-packages/airflow/example_dags/example_complex.py took 0.137 seconds
[2022-10-08T11:04:48.398+0000] {processor.py:156} INFO - Started process (PID=14903) to work on /home/airflow/.local/lib/python3.7/site-packages/airflow/example_dags/example_complex.py
[2022-10-08T11:04:48.399+0000] {processor.py:758} INFO - Processing file /home/airflow/.local/lib/python3.7/site-packages/airflow/example_dags/example_complex.py for tasks to queue
[2022-10-08T11:04:48.399+0000] {logging_mixin.py:117} INFO - [2022-10-08T11:04:48.399+0000] {dagbag.py:525} INFO - Filling up the DagBag from /home/airflow/.local/lib/python3.7/site-packages/airflow/example_dags/example_complex.py
[2022-10-08T11:04:48.467+0000] {processor.py:768} INFO - DAG(s) dict_keys(['example_complex']) retrieved from /home/airflow/.local/lib/python3.7/site-packages/airflow/example_dags/example_complex.py
[2022-10-08T11:04:48.572+0000] {logging_mixin.py:117} INFO - [2022-10-08T11:04:48.572+0000] {dag.py:2573} INFO - Sync 1 DAGs
[2022-10-08T11:04:48.663+0000] {logging_mixin.py:117} INFO - [2022-10-08T11:04:48.663+0000] {dag.py:3328} INFO - Setting next_dagrun for example_complex to None, run_after=None
[2022-10-08T11:04:48.684+0000] {processor.py:178} INFO - Processing /home/airflow/.local/lib/python3.7/site-packages/airflow/example_dags/example_complex.py took 0.288 seconds
[2022-10-08T11:05:19.291+0000] {processor.py:156} INFO - Started process (PID=15104) to work on /home/airflow/.local/lib/python3.7/site-packages/airflow/example_dags/example_complex.py
[2022-10-08T11:05:19.291+0000] {processor.py:758} INFO - Processing file /home/airflow/.local/lib/python3.7/site-packages/airflow/example_dags/example_complex.py for tasks to queue
[2022-10-08T11:05:19.292+0000] {logging_mixin.py:117} INFO - [2022-10-08T11:05:19.292+0000] {dagbag.py:525} INFO - Filling up the DagBag from /home/airflow/.local/lib/python3.7/site-packages/airflow/example_dags/example_complex.py
[2022-10-08T11:05:19.365+0000] {processor.py:768} INFO - DAG(s) dict_keys(['example_complex']) retrieved from /home/airflow/.local/lib/python3.7/site-packages/airflow/example_dags/example_complex.py
[2022-10-08T11:05:19.413+0000] {logging_mixin.py:117} INFO - [2022-10-08T11:05:19.413+0000] {dag.py:2573} INFO - Sync 1 DAGs
[2022-10-08T11:05:19.484+0000] {logging_mixin.py:117} INFO - [2022-10-08T11:05:19.484+0000] {dag.py:3328} INFO - Setting next_dagrun for example_complex to None, run_after=None
[2022-10-08T11:05:19.501+0000] {processor.py:178} INFO - Processing /home/airflow/.local/lib/python3.7/site-packages/airflow/example_dags/example_complex.py took 0.212 seconds
[2022-10-08T11:05:49.580+0000] {processor.py:156} INFO - Started process (PID=15336) to work on /home/airflow/.local/lib/python3.7/site-packages/airflow/example_dags/example_complex.py
[2022-10-08T11:05:49.580+0000] {processor.py:758} INFO - Processing file /home/airflow/.local/lib/python3.7/site-packages/airflow/example_dags/example_complex.py for tasks to queue
[2022-10-08T11:05:49.581+0000] {logging_mixin.py:117} INFO - [2022-10-08T11:05:49.581+0000] {dagbag.py:525} INFO - Filling up the DagBag from /home/airflow/.local/lib/python3.7/site-packages/airflow/example_dags/example_complex.py
[2022-10-08T11:05:49.601+0000] {processor.py:768} INFO - DAG(s) dict_keys(['example_complex']) retrieved from /home/airflow/.local/lib/python3.7/site-packages/airflow/example_dags/example_complex.py
[2022-10-08T11:05:49.644+0000] {logging_mixin.py:117} INFO - [2022-10-08T11:05:49.643+0000] {dag.py:2573} INFO - Sync 1 DAGs
[2022-10-08T11:05:49.674+0000] {logging_mixin.py:117} INFO - [2022-10-08T11:05:49.674+0000] {dag.py:3328} INFO - Setting next_dagrun for example_complex to None, run_after=None
[2022-10-08T11:05:49.693+0000] {processor.py:178} INFO - Processing /home/airflow/.local/lib/python3.7/site-packages/airflow/example_dags/example_complex.py took 0.115 seconds
[2022-10-08T11:06:20.267+0000] {processor.py:156} INFO - Started process (PID=15548) to work on /home/airflow/.local/lib/python3.7/site-packages/airflow/example_dags/example_complex.py
[2022-10-08T11:06:20.268+0000] {processor.py:758} INFO - Processing file /home/airflow/.local/lib/python3.7/site-packages/airflow/example_dags/example_complex.py for tasks to queue
[2022-10-08T11:06:20.269+0000] {logging_mixin.py:117} INFO - [2022-10-08T11:06:20.269+0000] {dagbag.py:525} INFO - Filling up the DagBag from /home/airflow/.local/lib/python3.7/site-packages/airflow/example_dags/example_complex.py
[2022-10-08T11:06:20.288+0000] {processor.py:768} INFO - DAG(s) dict_keys(['example_complex']) retrieved from /home/airflow/.local/lib/python3.7/site-packages/airflow/example_dags/example_complex.py
[2022-10-08T11:06:20.329+0000] {logging_mixin.py:117} INFO - [2022-10-08T11:06:20.329+0000] {dag.py:2573} INFO - Sync 1 DAGs
[2022-10-08T11:06:20.355+0000] {logging_mixin.py:117} INFO - [2022-10-08T11:06:20.355+0000] {dag.py:3328} INFO - Setting next_dagrun for example_complex to None, run_after=None
[2022-10-08T11:06:20.378+0000] {processor.py:178} INFO - Processing /home/airflow/.local/lib/python3.7/site-packages/airflow/example_dags/example_complex.py took 0.114 seconds
[2022-10-08T11:06:51.409+0000] {processor.py:156} INFO - Started process (PID=15753) to work on /home/airflow/.local/lib/python3.7/site-packages/airflow/example_dags/example_complex.py
[2022-10-08T11:06:51.410+0000] {processor.py:758} INFO - Processing file /home/airflow/.local/lib/python3.7/site-packages/airflow/example_dags/example_complex.py for tasks to queue
[2022-10-08T11:06:51.410+0000] {logging_mixin.py:117} INFO - [2022-10-08T11:06:51.410+0000] {dagbag.py:525} INFO - Filling up the DagBag from /home/airflow/.local/lib/python3.7/site-packages/airflow/example_dags/example_complex.py
[2022-10-08T11:06:51.430+0000] {processor.py:768} INFO - DAG(s) dict_keys(['example_complex']) retrieved from /home/airflow/.local/lib/python3.7/site-packages/airflow/example_dags/example_complex.py
[2022-10-08T11:06:51.474+0000] {logging_mixin.py:117} INFO - [2022-10-08T11:06:51.474+0000] {dag.py:2573} INFO - Sync 1 DAGs
[2022-10-08T11:06:51.499+0000] {logging_mixin.py:117} INFO - [2022-10-08T11:06:51.498+0000] {dag.py:3328} INFO - Setting next_dagrun for example_complex to None, run_after=None
[2022-10-08T11:06:51.516+0000] {processor.py:178} INFO - Processing /home/airflow/.local/lib/python3.7/site-packages/airflow/example_dags/example_complex.py took 0.109 seconds
