[2022-10-08T10:29:03.223+0000] {processor.py:156} INFO - Started process (PID=309) to work on /home/airflow/.local/lib/python3.7/site-packages/airflow/example_dags/example_sla_dag.py
[2022-10-08T10:29:03.224+0000] {processor.py:758} INFO - Processing file /home/airflow/.local/lib/python3.7/site-packages/airflow/example_dags/example_sla_dag.py for tasks to queue
[2022-10-08T10:29:03.224+0000] {logging_mixin.py:117} INFO - [2022-10-08T10:29:03.224+0000] {dagbag.py:525} INFO - Filling up the DagBag from /home/airflow/.local/lib/python3.7/site-packages/airflow/example_dags/example_sla_dag.py
[2022-10-08T10:29:03.248+0000] {processor.py:768} INFO - DAG(s) dict_keys(['example_sla_dag']) retrieved from /home/airflow/.local/lib/python3.7/site-packages/airflow/example_dags/example_sla_dag.py
[2022-10-08T10:29:03.503+0000] {logging_mixin.py:117} INFO - [2022-10-08T10:29:03.503+0000] {manager.py:507} INFO - Created Permission View: can edit on DAG:example_sla_dag
[2022-10-08T10:29:03.512+0000] {logging_mixin.py:117} INFO - [2022-10-08T10:29:03.511+0000] {manager.py:507} INFO - Created Permission View: can delete on DAG:example_sla_dag
[2022-10-08T10:29:03.517+0000] {logging_mixin.py:117} INFO - [2022-10-08T10:29:03.517+0000] {manager.py:507} INFO - Created Permission View: can read on DAG:example_sla_dag
[2022-10-08T10:29:03.518+0000] {logging_mixin.py:117} INFO - [2022-10-08T10:29:03.517+0000] {dag.py:2573} INFO - Sync 1 DAGs
[2022-10-08T10:29:03.530+0000] {logging_mixin.py:117} INFO - [2022-10-08T10:29:03.530+0000] {dag.py:2594} INFO - Creating ORM DAG for example_sla_dag
[2022-10-08T10:29:03.545+0000] {logging_mixin.py:117} INFO - [2022-10-08T10:29:03.545+0000] {dag.py:3328} INFO - Setting next_dagrun for example_sla_dag to 2022-10-08T10:26:00+00:00, run_after=2022-10-08T10:28:00+00:00
[2022-10-08T10:29:03.561+0000] {processor.py:178} INFO - Processing /home/airflow/.local/lib/python3.7/site-packages/airflow/example_dags/example_sla_dag.py took 0.340 seconds
[2022-10-08T10:29:33.761+0000] {processor.py:156} INFO - Started process (PID=507) to work on /home/airflow/.local/lib/python3.7/site-packages/airflow/example_dags/example_sla_dag.py
[2022-10-08T10:29:33.762+0000] {processor.py:758} INFO - Processing file /home/airflow/.local/lib/python3.7/site-packages/airflow/example_dags/example_sla_dag.py for tasks to queue
[2022-10-08T10:29:33.762+0000] {logging_mixin.py:117} INFO - [2022-10-08T10:29:33.762+0000] {dagbag.py:525} INFO - Filling up the DagBag from /home/airflow/.local/lib/python3.7/site-packages/airflow/example_dags/example_sla_dag.py
[2022-10-08T10:29:33.784+0000] {processor.py:768} INFO - DAG(s) dict_keys(['example_sla_dag']) retrieved from /home/airflow/.local/lib/python3.7/site-packages/airflow/example_dags/example_sla_dag.py
[2022-10-08T10:29:33.820+0000] {logging_mixin.py:117} INFO - [2022-10-08T10:29:33.819+0000] {dag.py:2573} INFO - Sync 1 DAGs
[2022-10-08T10:29:33.957+0000] {logging_mixin.py:117} INFO - [2022-10-08T10:29:33.957+0000] {dag.py:3328} INFO - Setting next_dagrun for example_sla_dag to 2022-10-08T10:26:00+00:00, run_after=2022-10-08T10:28:00+00:00
[2022-10-08T10:29:33.975+0000] {processor.py:178} INFO - Processing /home/airflow/.local/lib/python3.7/site-packages/airflow/example_dags/example_sla_dag.py took 0.216 seconds
[2022-10-08T10:30:04.290+0000] {processor.py:156} INFO - Started process (PID=716) to work on /home/airflow/.local/lib/python3.7/site-packages/airflow/example_dags/example_sla_dag.py
[2022-10-08T10:30:04.291+0000] {processor.py:758} INFO - Processing file /home/airflow/.local/lib/python3.7/site-packages/airflow/example_dags/example_sla_dag.py for tasks to queue
[2022-10-08T10:30:04.291+0000] {logging_mixin.py:117} INFO - [2022-10-08T10:30:04.291+0000] {dagbag.py:525} INFO - Filling up the DagBag from /home/airflow/.local/lib/python3.7/site-packages/airflow/example_dags/example_sla_dag.py
[2022-10-08T10:30:04.313+0000] {processor.py:768} INFO - DAG(s) dict_keys(['example_sla_dag']) retrieved from /home/airflow/.local/lib/python3.7/site-packages/airflow/example_dags/example_sla_dag.py
[2022-10-08T10:30:04.349+0000] {logging_mixin.py:117} INFO - [2022-10-08T10:30:04.348+0000] {dag.py:2573} INFO - Sync 1 DAGs
[2022-10-08T10:30:04.493+0000] {logging_mixin.py:117} INFO - [2022-10-08T10:30:04.493+0000] {dag.py:3328} INFO - Setting next_dagrun for example_sla_dag to 2022-10-08T10:28:00+00:00, run_after=2022-10-08T10:30:00+00:00
[2022-10-08T10:30:04.509+0000] {processor.py:178} INFO - Processing /home/airflow/.local/lib/python3.7/site-packages/airflow/example_dags/example_sla_dag.py took 0.222 seconds
[2022-10-08T10:30:35.387+0000] {processor.py:156} INFO - Started process (PID=923) to work on /home/airflow/.local/lib/python3.7/site-packages/airflow/example_dags/example_sla_dag.py
[2022-10-08T10:30:35.387+0000] {processor.py:758} INFO - Processing file /home/airflow/.local/lib/python3.7/site-packages/airflow/example_dags/example_sla_dag.py for tasks to queue
[2022-10-08T10:30:35.388+0000] {logging_mixin.py:117} INFO - [2022-10-08T10:30:35.388+0000] {dagbag.py:525} INFO - Filling up the DagBag from /home/airflow/.local/lib/python3.7/site-packages/airflow/example_dags/example_sla_dag.py
[2022-10-08T10:30:35.410+0000] {processor.py:768} INFO - DAG(s) dict_keys(['example_sla_dag']) retrieved from /home/airflow/.local/lib/python3.7/site-packages/airflow/example_dags/example_sla_dag.py
[2022-10-08T10:30:35.564+0000] {logging_mixin.py:117} INFO - [2022-10-08T10:30:35.564+0000] {dag.py:2573} INFO - Sync 1 DAGs
[2022-10-08T10:30:35.592+0000] {logging_mixin.py:117} INFO - [2022-10-08T10:30:35.592+0000] {dag.py:3328} INFO - Setting next_dagrun for example_sla_dag to 2022-10-08T10:28:00+00:00, run_after=2022-10-08T10:30:00+00:00
[2022-10-08T10:30:35.608+0000] {processor.py:178} INFO - Processing /home/airflow/.local/lib/python3.7/site-packages/airflow/example_dags/example_sla_dag.py took 0.224 seconds
[2022-10-08T10:31:06.051+0000] {processor.py:156} INFO - Started process (PID=1121) to work on /home/airflow/.local/lib/python3.7/site-packages/airflow/example_dags/example_sla_dag.py
[2022-10-08T10:31:06.052+0000] {processor.py:758} INFO - Processing file /home/airflow/.local/lib/python3.7/site-packages/airflow/example_dags/example_sla_dag.py for tasks to queue
[2022-10-08T10:31:06.052+0000] {logging_mixin.py:117} INFO - [2022-10-08T10:31:06.052+0000] {dagbag.py:525} INFO - Filling up the DagBag from /home/airflow/.local/lib/python3.7/site-packages/airflow/example_dags/example_sla_dag.py
[2022-10-08T10:31:06.078+0000] {processor.py:768} INFO - DAG(s) dict_keys(['example_sla_dag']) retrieved from /home/airflow/.local/lib/python3.7/site-packages/airflow/example_dags/example_sla_dag.py
[2022-10-08T10:31:06.238+0000] {logging_mixin.py:117} INFO - [2022-10-08T10:31:06.238+0000] {dag.py:2573} INFO - Sync 1 DAGs
[2022-10-08T10:31:06.273+0000] {logging_mixin.py:117} INFO - [2022-10-08T10:31:06.273+0000] {dag.py:3328} INFO - Setting next_dagrun for example_sla_dag to 2022-10-08T10:28:00+00:00, run_after=2022-10-08T10:30:00+00:00
[2022-10-08T10:31:06.292+0000] {processor.py:178} INFO - Processing /home/airflow/.local/lib/python3.7/site-packages/airflow/example_dags/example_sla_dag.py took 0.243 seconds
[2022-10-08T10:31:36.500+0000] {processor.py:156} INFO - Started process (PID=1328) to work on /home/airflow/.local/lib/python3.7/site-packages/airflow/example_dags/example_sla_dag.py
[2022-10-08T10:31:36.501+0000] {processor.py:758} INFO - Processing file /home/airflow/.local/lib/python3.7/site-packages/airflow/example_dags/example_sla_dag.py for tasks to queue
[2022-10-08T10:31:36.502+0000] {logging_mixin.py:117} INFO - [2022-10-08T10:31:36.502+0000] {dagbag.py:525} INFO - Filling up the DagBag from /home/airflow/.local/lib/python3.7/site-packages/airflow/example_dags/example_sla_dag.py
[2022-10-08T10:31:36.635+0000] {processor.py:768} INFO - DAG(s) dict_keys(['example_sla_dag']) retrieved from /home/airflow/.local/lib/python3.7/site-packages/airflow/example_dags/example_sla_dag.py
[2022-10-08T10:31:36.668+0000] {logging_mixin.py:117} INFO - [2022-10-08T10:31:36.668+0000] {dag.py:2573} INFO - Sync 1 DAGs
[2022-10-08T10:31:36.696+0000] {logging_mixin.py:117} INFO - [2022-10-08T10:31:36.696+0000] {dag.py:3328} INFO - Setting next_dagrun for example_sla_dag to 2022-10-08T10:28:00+00:00, run_after=2022-10-08T10:30:00+00:00
[2022-10-08T10:31:36.711+0000] {processor.py:178} INFO - Processing /home/airflow/.local/lib/python3.7/site-packages/airflow/example_dags/example_sla_dag.py took 0.214 seconds
[2022-10-08T10:32:08.122+0000] {processor.py:156} INFO - Started process (PID=1535) to work on /home/airflow/.local/lib/python3.7/site-packages/airflow/example_dags/example_sla_dag.py
[2022-10-08T10:32:08.123+0000] {processor.py:758} INFO - Processing file /home/airflow/.local/lib/python3.7/site-packages/airflow/example_dags/example_sla_dag.py for tasks to queue
[2022-10-08T10:32:08.123+0000] {logging_mixin.py:117} INFO - [2022-10-08T10:32:08.123+0000] {dagbag.py:525} INFO - Filling up the DagBag from /home/airflow/.local/lib/python3.7/site-packages/airflow/example_dags/example_sla_dag.py
[2022-10-08T10:32:08.275+0000] {processor.py:768} INFO - DAG(s) dict_keys(['example_sla_dag']) retrieved from /home/airflow/.local/lib/python3.7/site-packages/airflow/example_dags/example_sla_dag.py
[2022-10-08T10:32:08.310+0000] {logging_mixin.py:117} INFO - [2022-10-08T10:32:08.310+0000] {dag.py:2573} INFO - Sync 1 DAGs
[2022-10-08T10:32:08.339+0000] {logging_mixin.py:117} INFO - [2022-10-08T10:32:08.338+0000] {dag.py:3328} INFO - Setting next_dagrun for example_sla_dag to 2022-10-08T10:30:00+00:00, run_after=2022-10-08T10:32:00+00:00
[2022-10-08T10:32:08.365+0000] {processor.py:178} INFO - Processing /home/airflow/.local/lib/python3.7/site-packages/airflow/example_dags/example_sla_dag.py took 0.246 seconds
[2022-10-08T10:32:38.426+0000] {processor.py:156} INFO - Started process (PID=1735) to work on /home/airflow/.local/lib/python3.7/site-packages/airflow/example_dags/example_sla_dag.py
[2022-10-08T10:32:38.427+0000] {processor.py:758} INFO - Processing file /home/airflow/.local/lib/python3.7/site-packages/airflow/example_dags/example_sla_dag.py for tasks to queue
[2022-10-08T10:32:38.427+0000] {logging_mixin.py:117} INFO - [2022-10-08T10:32:38.427+0000] {dagbag.py:525} INFO - Filling up the DagBag from /home/airflow/.local/lib/python3.7/site-packages/airflow/example_dags/example_sla_dag.py
[2022-10-08T10:32:38.449+0000] {processor.py:768} INFO - DAG(s) dict_keys(['example_sla_dag']) retrieved from /home/airflow/.local/lib/python3.7/site-packages/airflow/example_dags/example_sla_dag.py
[2022-10-08T10:32:38.484+0000] {logging_mixin.py:117} INFO - [2022-10-08T10:32:38.484+0000] {dag.py:2573} INFO - Sync 1 DAGs
[2022-10-08T10:32:38.512+0000] {logging_mixin.py:117} INFO - [2022-10-08T10:32:38.512+0000] {dag.py:3328} INFO - Setting next_dagrun for example_sla_dag to 2022-10-08T10:30:00+00:00, run_after=2022-10-08T10:32:00+00:00
[2022-10-08T10:32:38.527+0000] {processor.py:178} INFO - Processing /home/airflow/.local/lib/python3.7/site-packages/airflow/example_dags/example_sla_dag.py took 0.104 seconds
[2022-10-08T10:33:08.621+0000] {processor.py:156} INFO - Started process (PID=1940) to work on /home/airflow/.local/lib/python3.7/site-packages/airflow/example_dags/example_sla_dag.py
[2022-10-08T10:33:08.621+0000] {processor.py:758} INFO - Processing file /home/airflow/.local/lib/python3.7/site-packages/airflow/example_dags/example_sla_dag.py for tasks to queue
[2022-10-08T10:33:08.622+0000] {logging_mixin.py:117} INFO - [2022-10-08T10:33:08.622+0000] {dagbag.py:525} INFO - Filling up the DagBag from /home/airflow/.local/lib/python3.7/site-packages/airflow/example_dags/example_sla_dag.py
[2022-10-08T10:33:08.644+0000] {processor.py:768} INFO - DAG(s) dict_keys(['example_sla_dag']) retrieved from /home/airflow/.local/lib/python3.7/site-packages/airflow/example_dags/example_sla_dag.py
[2022-10-08T10:33:08.679+0000] {logging_mixin.py:117} INFO - [2022-10-08T10:33:08.678+0000] {dag.py:2573} INFO - Sync 1 DAGs
[2022-10-08T10:33:08.709+0000] {logging_mixin.py:117} INFO - [2022-10-08T10:33:08.709+0000] {dag.py:3328} INFO - Setting next_dagrun for example_sla_dag to 2022-10-08T10:30:00+00:00, run_after=2022-10-08T10:32:00+00:00
[2022-10-08T10:33:08.728+0000] {processor.py:178} INFO - Processing /home/airflow/.local/lib/python3.7/site-packages/airflow/example_dags/example_sla_dag.py took 0.110 seconds
[2022-10-08T10:33:39.566+0000] {processor.py:156} INFO - Started process (PID=2149) to work on /home/airflow/.local/lib/python3.7/site-packages/airflow/example_dags/example_sla_dag.py
[2022-10-08T10:33:39.567+0000] {processor.py:758} INFO - Processing file /home/airflow/.local/lib/python3.7/site-packages/airflow/example_dags/example_sla_dag.py for tasks to queue
[2022-10-08T10:33:39.568+0000] {logging_mixin.py:117} INFO - [2022-10-08T10:33:39.567+0000] {dagbag.py:525} INFO - Filling up the DagBag from /home/airflow/.local/lib/python3.7/site-packages/airflow/example_dags/example_sla_dag.py
[2022-10-08T10:33:39.590+0000] {processor.py:768} INFO - DAG(s) dict_keys(['example_sla_dag']) retrieved from /home/airflow/.local/lib/python3.7/site-packages/airflow/example_dags/example_sla_dag.py
[2022-10-08T10:33:39.624+0000] {logging_mixin.py:117} INFO - [2022-10-08T10:33:39.624+0000] {dag.py:2573} INFO - Sync 1 DAGs
[2022-10-08T10:33:39.652+0000] {logging_mixin.py:117} INFO - [2022-10-08T10:33:39.652+0000] {dag.py:3328} INFO - Setting next_dagrun for example_sla_dag to 2022-10-08T10:30:00+00:00, run_after=2022-10-08T10:32:00+00:00
[2022-10-08T10:33:39.668+0000] {processor.py:178} INFO - Processing /home/airflow/.local/lib/python3.7/site-packages/airflow/example_dags/example_sla_dag.py took 0.104 seconds
[2022-10-08T10:34:10.502+0000] {processor.py:156} INFO - Started process (PID=2354) to work on /home/airflow/.local/lib/python3.7/site-packages/airflow/example_dags/example_sla_dag.py
[2022-10-08T10:34:10.503+0000] {processor.py:758} INFO - Processing file /home/airflow/.local/lib/python3.7/site-packages/airflow/example_dags/example_sla_dag.py for tasks to queue
[2022-10-08T10:34:10.504+0000] {logging_mixin.py:117} INFO - [2022-10-08T10:34:10.504+0000] {dagbag.py:525} INFO - Filling up the DagBag from /home/airflow/.local/lib/python3.7/site-packages/airflow/example_dags/example_sla_dag.py
[2022-10-08T10:34:10.563+0000] {processor.py:768} INFO - DAG(s) dict_keys(['example_sla_dag']) retrieved from /home/airflow/.local/lib/python3.7/site-packages/airflow/example_dags/example_sla_dag.py
[2022-10-08T10:34:10.599+0000] {logging_mixin.py:117} INFO - [2022-10-08T10:34:10.599+0000] {dag.py:2573} INFO - Sync 1 DAGs
[2022-10-08T10:34:10.665+0000] {logging_mixin.py:117} INFO - [2022-10-08T10:34:10.665+0000] {dag.py:3328} INFO - Setting next_dagrun for example_sla_dag to 2022-10-08T10:32:00+00:00, run_after=2022-10-08T10:34:00+00:00
[2022-10-08T10:34:10.684+0000] {processor.py:178} INFO - Processing /home/airflow/.local/lib/python3.7/site-packages/airflow/example_dags/example_sla_dag.py took 0.184 seconds
[2022-10-08T10:34:41.285+0000] {processor.py:156} INFO - Started process (PID=2554) to work on /home/airflow/.local/lib/python3.7/site-packages/airflow/example_dags/example_sla_dag.py
[2022-10-08T10:34:41.286+0000] {processor.py:758} INFO - Processing file /home/airflow/.local/lib/python3.7/site-packages/airflow/example_dags/example_sla_dag.py for tasks to queue
[2022-10-08T10:34:41.287+0000] {logging_mixin.py:117} INFO - [2022-10-08T10:34:41.287+0000] {dagbag.py:525} INFO - Filling up the DagBag from /home/airflow/.local/lib/python3.7/site-packages/airflow/example_dags/example_sla_dag.py
[2022-10-08T10:34:41.310+0000] {processor.py:768} INFO - DAG(s) dict_keys(['example_sla_dag']) retrieved from /home/airflow/.local/lib/python3.7/site-packages/airflow/example_dags/example_sla_dag.py
[2022-10-08T10:34:41.365+0000] {logging_mixin.py:117} INFO - [2022-10-08T10:34:41.365+0000] {dag.py:2573} INFO - Sync 1 DAGs
[2022-10-08T10:34:41.394+0000] {logging_mixin.py:117} INFO - [2022-10-08T10:34:41.394+0000] {dag.py:3328} INFO - Setting next_dagrun for example_sla_dag to 2022-10-08T10:32:00+00:00, run_after=2022-10-08T10:34:00+00:00
[2022-10-08T10:34:41.411+0000] {processor.py:178} INFO - Processing /home/airflow/.local/lib/python3.7/site-packages/airflow/example_dags/example_sla_dag.py took 0.128 seconds
[2022-10-08T10:35:12.053+0000] {processor.py:156} INFO - Started process (PID=2759) to work on /home/airflow/.local/lib/python3.7/site-packages/airflow/example_dags/example_sla_dag.py
[2022-10-08T10:35:12.054+0000] {processor.py:758} INFO - Processing file /home/airflow/.local/lib/python3.7/site-packages/airflow/example_dags/example_sla_dag.py for tasks to queue
[2022-10-08T10:35:12.054+0000] {logging_mixin.py:117} INFO - [2022-10-08T10:35:12.054+0000] {dagbag.py:525} INFO - Filling up the DagBag from /home/airflow/.local/lib/python3.7/site-packages/airflow/example_dags/example_sla_dag.py
[2022-10-08T10:35:12.081+0000] {processor.py:768} INFO - DAG(s) dict_keys(['example_sla_dag']) retrieved from /home/airflow/.local/lib/python3.7/site-packages/airflow/example_dags/example_sla_dag.py
[2022-10-08T10:35:12.116+0000] {logging_mixin.py:117} INFO - [2022-10-08T10:35:12.116+0000] {dag.py:2573} INFO - Sync 1 DAGs
[2022-10-08T10:35:12.143+0000] {logging_mixin.py:117} INFO - [2022-10-08T10:35:12.143+0000] {dag.py:3328} INFO - Setting next_dagrun for example_sla_dag to 2022-10-08T10:32:00+00:00, run_after=2022-10-08T10:34:00+00:00
[2022-10-08T10:35:12.168+0000] {processor.py:178} INFO - Processing /home/airflow/.local/lib/python3.7/site-packages/airflow/example_dags/example_sla_dag.py took 0.117 seconds
[2022-10-08T10:35:44.063+0000] {processor.py:156} INFO - Started process (PID=2966) to work on /home/airflow/.local/lib/python3.7/site-packages/airflow/example_dags/example_sla_dag.py
[2022-10-08T10:35:44.064+0000] {processor.py:758} INFO - Processing file /home/airflow/.local/lib/python3.7/site-packages/airflow/example_dags/example_sla_dag.py for tasks to queue
[2022-10-08T10:35:44.065+0000] {logging_mixin.py:117} INFO - [2022-10-08T10:35:44.064+0000] {dagbag.py:525} INFO - Filling up the DagBag from /home/airflow/.local/lib/python3.7/site-packages/airflow/example_dags/example_sla_dag.py
[2022-10-08T10:35:44.086+0000] {processor.py:768} INFO - DAG(s) dict_keys(['example_sla_dag']) retrieved from /home/airflow/.local/lib/python3.7/site-packages/airflow/example_dags/example_sla_dag.py
[2022-10-08T10:35:44.182+0000] {logging_mixin.py:117} INFO - [2022-10-08T10:35:44.181+0000] {dag.py:2573} INFO - Sync 1 DAGs
[2022-10-08T10:35:44.277+0000] {logging_mixin.py:117} INFO - [2022-10-08T10:35:44.277+0000] {dag.py:3328} INFO - Setting next_dagrun for example_sla_dag to 2022-10-08T10:32:00+00:00, run_after=2022-10-08T10:34:00+00:00
[2022-10-08T10:35:44.374+0000] {processor.py:178} INFO - Processing /home/airflow/.local/lib/python3.7/site-packages/airflow/example_dags/example_sla_dag.py took 0.379 seconds
[2022-10-08T10:36:15.086+0000] {processor.py:156} INFO - Started process (PID=3164) to work on /home/airflow/.local/lib/python3.7/site-packages/airflow/example_dags/example_sla_dag.py
[2022-10-08T10:36:15.086+0000] {processor.py:758} INFO - Processing file /home/airflow/.local/lib/python3.7/site-packages/airflow/example_dags/example_sla_dag.py for tasks to queue
[2022-10-08T10:36:15.087+0000] {logging_mixin.py:117} INFO - [2022-10-08T10:36:15.087+0000] {dagbag.py:525} INFO - Filling up the DagBag from /home/airflow/.local/lib/python3.7/site-packages/airflow/example_dags/example_sla_dag.py
[2022-10-08T10:36:15.109+0000] {processor.py:768} INFO - DAG(s) dict_keys(['example_sla_dag']) retrieved from /home/airflow/.local/lib/python3.7/site-packages/airflow/example_dags/example_sla_dag.py
[2022-10-08T10:36:15.146+0000] {logging_mixin.py:117} INFO - [2022-10-08T10:36:15.145+0000] {dag.py:2573} INFO - Sync 1 DAGs
[2022-10-08T10:36:15.173+0000] {logging_mixin.py:117} INFO - [2022-10-08T10:36:15.173+0000] {dag.py:3328} INFO - Setting next_dagrun for example_sla_dag to 2022-10-08T10:34:00+00:00, run_after=2022-10-08T10:36:00+00:00
[2022-10-08T10:36:15.190+0000] {processor.py:178} INFO - Processing /home/airflow/.local/lib/python3.7/site-packages/airflow/example_dags/example_sla_dag.py took 0.107 seconds
[2022-10-08T10:36:46.064+0000] {processor.py:156} INFO - Started process (PID=3371) to work on /home/airflow/.local/lib/python3.7/site-packages/airflow/example_dags/example_sla_dag.py
[2022-10-08T10:36:46.065+0000] {processor.py:758} INFO - Processing file /home/airflow/.local/lib/python3.7/site-packages/airflow/example_dags/example_sla_dag.py for tasks to queue
[2022-10-08T10:36:46.066+0000] {logging_mixin.py:117} INFO - [2022-10-08T10:36:46.066+0000] {dagbag.py:525} INFO - Filling up the DagBag from /home/airflow/.local/lib/python3.7/site-packages/airflow/example_dags/example_sla_dag.py
[2022-10-08T10:36:46.088+0000] {processor.py:768} INFO - DAG(s) dict_keys(['example_sla_dag']) retrieved from /home/airflow/.local/lib/python3.7/site-packages/airflow/example_dags/example_sla_dag.py
[2022-10-08T10:36:46.123+0000] {logging_mixin.py:117} INFO - [2022-10-08T10:36:46.123+0000] {dag.py:2573} INFO - Sync 1 DAGs
[2022-10-08T10:36:46.150+0000] {logging_mixin.py:117} INFO - [2022-10-08T10:36:46.150+0000] {dag.py:3328} INFO - Setting next_dagrun for example_sla_dag to 2022-10-08T10:34:00+00:00, run_after=2022-10-08T10:36:00+00:00
[2022-10-08T10:36:46.173+0000] {processor.py:178} INFO - Processing /home/airflow/.local/lib/python3.7/site-packages/airflow/example_dags/example_sla_dag.py took 0.111 seconds
[2022-10-08T10:37:16.512+0000] {processor.py:156} INFO - Started process (PID=3577) to work on /home/airflow/.local/lib/python3.7/site-packages/airflow/example_dags/example_sla_dag.py
[2022-10-08T10:37:16.513+0000] {processor.py:758} INFO - Processing file /home/airflow/.local/lib/python3.7/site-packages/airflow/example_dags/example_sla_dag.py for tasks to queue
[2022-10-08T10:37:16.513+0000] {logging_mixin.py:117} INFO - [2022-10-08T10:37:16.513+0000] {dagbag.py:525} INFO - Filling up the DagBag from /home/airflow/.local/lib/python3.7/site-packages/airflow/example_dags/example_sla_dag.py
[2022-10-08T10:37:16.535+0000] {processor.py:768} INFO - DAG(s) dict_keys(['example_sla_dag']) retrieved from /home/airflow/.local/lib/python3.7/site-packages/airflow/example_dags/example_sla_dag.py
[2022-10-08T10:37:16.577+0000] {logging_mixin.py:117} INFO - [2022-10-08T10:37:16.577+0000] {dag.py:2573} INFO - Sync 1 DAGs
[2022-10-08T10:37:16.605+0000] {logging_mixin.py:117} INFO - [2022-10-08T10:37:16.605+0000] {dag.py:3328} INFO - Setting next_dagrun for example_sla_dag to 2022-10-08T10:34:00+00:00, run_after=2022-10-08T10:36:00+00:00
[2022-10-08T10:37:16.621+0000] {processor.py:178} INFO - Processing /home/airflow/.local/lib/python3.7/site-packages/airflow/example_dags/example_sla_dag.py took 0.111 seconds
[2022-10-08T10:37:47.176+0000] {processor.py:156} INFO - Started process (PID=3775) to work on /home/airflow/.local/lib/python3.7/site-packages/airflow/example_dags/example_sla_dag.py
[2022-10-08T10:37:47.177+0000] {processor.py:758} INFO - Processing file /home/airflow/.local/lib/python3.7/site-packages/airflow/example_dags/example_sla_dag.py for tasks to queue
[2022-10-08T10:37:47.178+0000] {logging_mixin.py:117} INFO - [2022-10-08T10:37:47.177+0000] {dagbag.py:525} INFO - Filling up the DagBag from /home/airflow/.local/lib/python3.7/site-packages/airflow/example_dags/example_sla_dag.py
[2022-10-08T10:37:47.200+0000] {processor.py:768} INFO - DAG(s) dict_keys(['example_sla_dag']) retrieved from /home/airflow/.local/lib/python3.7/site-packages/airflow/example_dags/example_sla_dag.py
[2022-10-08T10:37:47.236+0000] {logging_mixin.py:117} INFO - [2022-10-08T10:37:47.236+0000] {dag.py:2573} INFO - Sync 1 DAGs
[2022-10-08T10:37:47.265+0000] {logging_mixin.py:117} INFO - [2022-10-08T10:37:47.265+0000] {dag.py:3328} INFO - Setting next_dagrun for example_sla_dag to 2022-10-08T10:34:00+00:00, run_after=2022-10-08T10:36:00+00:00
[2022-10-08T10:37:47.281+0000] {processor.py:178} INFO - Processing /home/airflow/.local/lib/python3.7/site-packages/airflow/example_dags/example_sla_dag.py took 0.107 seconds
[2022-10-08T10:38:17.720+0000] {processor.py:156} INFO - Started process (PID=3982) to work on /home/airflow/.local/lib/python3.7/site-packages/airflow/example_dags/example_sla_dag.py
[2022-10-08T10:38:17.720+0000] {processor.py:758} INFO - Processing file /home/airflow/.local/lib/python3.7/site-packages/airflow/example_dags/example_sla_dag.py for tasks to queue
[2022-10-08T10:38:17.721+0000] {logging_mixin.py:117} INFO - [2022-10-08T10:38:17.721+0000] {dagbag.py:525} INFO - Filling up the DagBag from /home/airflow/.local/lib/python3.7/site-packages/airflow/example_dags/example_sla_dag.py
[2022-10-08T10:38:17.741+0000] {processor.py:768} INFO - DAG(s) dict_keys(['example_sla_dag']) retrieved from /home/airflow/.local/lib/python3.7/site-packages/airflow/example_dags/example_sla_dag.py
[2022-10-08T10:38:17.782+0000] {logging_mixin.py:117} INFO - [2022-10-08T10:38:17.781+0000] {dag.py:2573} INFO - Sync 1 DAGs
[2022-10-08T10:38:17.809+0000] {logging_mixin.py:117} INFO - [2022-10-08T10:38:17.809+0000] {dag.py:3328} INFO - Setting next_dagrun for example_sla_dag to 2022-10-08T10:36:00+00:00, run_after=2022-10-08T10:38:00+00:00
[2022-10-08T10:38:17.825+0000] {processor.py:178} INFO - Processing /home/airflow/.local/lib/python3.7/site-packages/airflow/example_dags/example_sla_dag.py took 0.109 seconds
[2022-10-08T10:38:48.442+0000] {processor.py:156} INFO - Started process (PID=4189) to work on /home/airflow/.local/lib/python3.7/site-packages/airflow/example_dags/example_sla_dag.py
[2022-10-08T10:38:48.442+0000] {processor.py:758} INFO - Processing file /home/airflow/.local/lib/python3.7/site-packages/airflow/example_dags/example_sla_dag.py for tasks to queue
[2022-10-08T10:38:48.443+0000] {logging_mixin.py:117} INFO - [2022-10-08T10:38:48.443+0000] {dagbag.py:525} INFO - Filling up the DagBag from /home/airflow/.local/lib/python3.7/site-packages/airflow/example_dags/example_sla_dag.py
[2022-10-08T10:38:48.474+0000] {processor.py:768} INFO - DAG(s) dict_keys(['example_sla_dag']) retrieved from /home/airflow/.local/lib/python3.7/site-packages/airflow/example_dags/example_sla_dag.py
[2022-10-08T10:38:48.509+0000] {logging_mixin.py:117} INFO - [2022-10-08T10:38:48.509+0000] {dag.py:2573} INFO - Sync 1 DAGs
[2022-10-08T10:38:48.537+0000] {logging_mixin.py:117} INFO - [2022-10-08T10:38:48.537+0000] {dag.py:3328} INFO - Setting next_dagrun for example_sla_dag to 2022-10-08T10:36:00+00:00, run_after=2022-10-08T10:38:00+00:00
[2022-10-08T10:38:48.568+0000] {processor.py:178} INFO - Processing /home/airflow/.local/lib/python3.7/site-packages/airflow/example_dags/example_sla_dag.py took 0.129 seconds
[2022-10-08T10:39:18.965+0000] {processor.py:156} INFO - Started process (PID=4387) to work on /home/airflow/.local/lib/python3.7/site-packages/airflow/example_dags/example_sla_dag.py
[2022-10-08T10:39:18.966+0000] {processor.py:758} INFO - Processing file /home/airflow/.local/lib/python3.7/site-packages/airflow/example_dags/example_sla_dag.py for tasks to queue
[2022-10-08T10:39:18.966+0000] {logging_mixin.py:117} INFO - [2022-10-08T10:39:18.966+0000] {dagbag.py:525} INFO - Filling up the DagBag from /home/airflow/.local/lib/python3.7/site-packages/airflow/example_dags/example_sla_dag.py
[2022-10-08T10:39:18.988+0000] {processor.py:768} INFO - DAG(s) dict_keys(['example_sla_dag']) retrieved from /home/airflow/.local/lib/python3.7/site-packages/airflow/example_dags/example_sla_dag.py
[2022-10-08T10:39:19.025+0000] {logging_mixin.py:117} INFO - [2022-10-08T10:39:19.025+0000] {dag.py:2573} INFO - Sync 1 DAGs
[2022-10-08T10:39:19.067+0000] {logging_mixin.py:117} INFO - [2022-10-08T10:39:19.066+0000] {dag.py:3328} INFO - Setting next_dagrun for example_sla_dag to 2022-10-08T10:36:00+00:00, run_after=2022-10-08T10:38:00+00:00
[2022-10-08T10:39:19.084+0000] {processor.py:178} INFO - Processing /home/airflow/.local/lib/python3.7/site-packages/airflow/example_dags/example_sla_dag.py took 0.123 seconds
[2022-10-08T10:39:49.663+0000] {processor.py:156} INFO - Started process (PID=4594) to work on /home/airflow/.local/lib/python3.7/site-packages/airflow/example_dags/example_sla_dag.py
[2022-10-08T10:39:49.664+0000] {processor.py:758} INFO - Processing file /home/airflow/.local/lib/python3.7/site-packages/airflow/example_dags/example_sla_dag.py for tasks to queue
[2022-10-08T10:39:49.665+0000] {logging_mixin.py:117} INFO - [2022-10-08T10:39:49.665+0000] {dagbag.py:525} INFO - Filling up the DagBag from /home/airflow/.local/lib/python3.7/site-packages/airflow/example_dags/example_sla_dag.py
[2022-10-08T10:39:49.687+0000] {processor.py:768} INFO - DAG(s) dict_keys(['example_sla_dag']) retrieved from /home/airflow/.local/lib/python3.7/site-packages/airflow/example_dags/example_sla_dag.py
[2022-10-08T10:39:49.726+0000] {logging_mixin.py:117} INFO - [2022-10-08T10:39:49.726+0000] {dag.py:2573} INFO - Sync 1 DAGs
[2022-10-08T10:39:49.790+0000] {logging_mixin.py:117} INFO - [2022-10-08T10:39:49.790+0000] {dag.py:3328} INFO - Setting next_dagrun for example_sla_dag to 2022-10-08T10:36:00+00:00, run_after=2022-10-08T10:38:00+00:00
[2022-10-08T10:39:49.807+0000] {processor.py:178} INFO - Processing /home/airflow/.local/lib/python3.7/site-packages/airflow/example_dags/example_sla_dag.py took 0.156 seconds
[2022-10-08T10:40:20.351+0000] {processor.py:156} INFO - Started process (PID=4801) to work on /home/airflow/.local/lib/python3.7/site-packages/airflow/example_dags/example_sla_dag.py
[2022-10-08T10:40:20.352+0000] {processor.py:758} INFO - Processing file /home/airflow/.local/lib/python3.7/site-packages/airflow/example_dags/example_sla_dag.py for tasks to queue
[2022-10-08T10:40:20.353+0000] {logging_mixin.py:117} INFO - [2022-10-08T10:40:20.352+0000] {dagbag.py:525} INFO - Filling up the DagBag from /home/airflow/.local/lib/python3.7/site-packages/airflow/example_dags/example_sla_dag.py
[2022-10-08T10:40:20.375+0000] {processor.py:768} INFO - DAG(s) dict_keys(['example_sla_dag']) retrieved from /home/airflow/.local/lib/python3.7/site-packages/airflow/example_dags/example_sla_dag.py
[2022-10-08T10:40:20.413+0000] {logging_mixin.py:117} INFO - [2022-10-08T10:40:20.413+0000] {dag.py:2573} INFO - Sync 1 DAGs
[2022-10-08T10:40:20.441+0000] {logging_mixin.py:117} INFO - [2022-10-08T10:40:20.441+0000] {dag.py:3328} INFO - Setting next_dagrun for example_sla_dag to 2022-10-08T10:38:00+00:00, run_after=2022-10-08T10:40:00+00:00
[2022-10-08T10:40:20.459+0000] {processor.py:178} INFO - Processing /home/airflow/.local/lib/python3.7/site-packages/airflow/example_dags/example_sla_dag.py took 0.110 seconds
[2022-10-08T10:40:50.982+0000] {processor.py:156} INFO - Started process (PID=5001) to work on /home/airflow/.local/lib/python3.7/site-packages/airflow/example_dags/example_sla_dag.py
[2022-10-08T10:40:50.983+0000] {processor.py:758} INFO - Processing file /home/airflow/.local/lib/python3.7/site-packages/airflow/example_dags/example_sla_dag.py for tasks to queue
[2022-10-08T10:40:50.983+0000] {logging_mixin.py:117} INFO - [2022-10-08T10:40:50.983+0000] {dagbag.py:525} INFO - Filling up the DagBag from /home/airflow/.local/lib/python3.7/site-packages/airflow/example_dags/example_sla_dag.py
[2022-10-08T10:40:51.008+0000] {processor.py:768} INFO - DAG(s) dict_keys(['example_sla_dag']) retrieved from /home/airflow/.local/lib/python3.7/site-packages/airflow/example_dags/example_sla_dag.py
[2022-10-08T10:40:51.045+0000] {logging_mixin.py:117} INFO - [2022-10-08T10:40:51.045+0000] {dag.py:2573} INFO - Sync 1 DAGs
[2022-10-08T10:40:51.072+0000] {logging_mixin.py:117} INFO - [2022-10-08T10:40:51.072+0000] {dag.py:3328} INFO - Setting next_dagrun for example_sla_dag to 2022-10-08T10:38:00+00:00, run_after=2022-10-08T10:40:00+00:00
[2022-10-08T10:40:51.089+0000] {processor.py:178} INFO - Processing /home/airflow/.local/lib/python3.7/site-packages/airflow/example_dags/example_sla_dag.py took 0.110 seconds
[2022-10-08T10:41:21.565+0000] {processor.py:156} INFO - Started process (PID=5207) to work on /home/airflow/.local/lib/python3.7/site-packages/airflow/example_dags/example_sla_dag.py
[2022-10-08T10:41:21.565+0000] {processor.py:758} INFO - Processing file /home/airflow/.local/lib/python3.7/site-packages/airflow/example_dags/example_sla_dag.py for tasks to queue
[2022-10-08T10:41:21.566+0000] {logging_mixin.py:117} INFO - [2022-10-08T10:41:21.566+0000] {dagbag.py:525} INFO - Filling up the DagBag from /home/airflow/.local/lib/python3.7/site-packages/airflow/example_dags/example_sla_dag.py
[2022-10-08T10:41:21.589+0000] {processor.py:768} INFO - DAG(s) dict_keys(['example_sla_dag']) retrieved from /home/airflow/.local/lib/python3.7/site-packages/airflow/example_dags/example_sla_dag.py
[2022-10-08T10:41:21.624+0000] {logging_mixin.py:117} INFO - [2022-10-08T10:41:21.624+0000] {dag.py:2573} INFO - Sync 1 DAGs
[2022-10-08T10:41:21.652+0000] {logging_mixin.py:117} INFO - [2022-10-08T10:41:21.652+0000] {dag.py:3328} INFO - Setting next_dagrun for example_sla_dag to 2022-10-08T10:38:00+00:00, run_after=2022-10-08T10:40:00+00:00
[2022-10-08T10:41:21.670+0000] {processor.py:178} INFO - Processing /home/airflow/.local/lib/python3.7/site-packages/airflow/example_dags/example_sla_dag.py took 0.108 seconds
[2022-10-08T10:41:52.143+0000] {processor.py:156} INFO - Started process (PID=5414) to work on /home/airflow/.local/lib/python3.7/site-packages/airflow/example_dags/example_sla_dag.py
[2022-10-08T10:41:52.144+0000] {processor.py:758} INFO - Processing file /home/airflow/.local/lib/python3.7/site-packages/airflow/example_dags/example_sla_dag.py for tasks to queue
[2022-10-08T10:41:52.144+0000] {logging_mixin.py:117} INFO - [2022-10-08T10:41:52.144+0000] {dagbag.py:525} INFO - Filling up the DagBag from /home/airflow/.local/lib/python3.7/site-packages/airflow/example_dags/example_sla_dag.py
[2022-10-08T10:41:52.167+0000] {processor.py:768} INFO - DAG(s) dict_keys(['example_sla_dag']) retrieved from /home/airflow/.local/lib/python3.7/site-packages/airflow/example_dags/example_sla_dag.py
[2022-10-08T10:41:52.202+0000] {logging_mixin.py:117} INFO - [2022-10-08T10:41:52.201+0000] {dag.py:2573} INFO - Sync 1 DAGs
[2022-10-08T10:41:52.230+0000] {logging_mixin.py:117} INFO - [2022-10-08T10:41:52.230+0000] {dag.py:3328} INFO - Setting next_dagrun for example_sla_dag to 2022-10-08T10:38:00+00:00, run_after=2022-10-08T10:40:00+00:00
[2022-10-08T10:41:52.246+0000] {processor.py:178} INFO - Processing /home/airflow/.local/lib/python3.7/site-packages/airflow/example_dags/example_sla_dag.py took 0.106 seconds
[2022-10-08T10:42:22.763+0000] {processor.py:156} INFO - Started process (PID=5621) to work on /home/airflow/.local/lib/python3.7/site-packages/airflow/example_dags/example_sla_dag.py
[2022-10-08T10:42:22.764+0000] {processor.py:758} INFO - Processing file /home/airflow/.local/lib/python3.7/site-packages/airflow/example_dags/example_sla_dag.py for tasks to queue
[2022-10-08T10:42:22.764+0000] {logging_mixin.py:117} INFO - [2022-10-08T10:42:22.764+0000] {dagbag.py:525} INFO - Filling up the DagBag from /home/airflow/.local/lib/python3.7/site-packages/airflow/example_dags/example_sla_dag.py
[2022-10-08T10:42:22.789+0000] {processor.py:768} INFO - DAG(s) dict_keys(['example_sla_dag']) retrieved from /home/airflow/.local/lib/python3.7/site-packages/airflow/example_dags/example_sla_dag.py
[2022-10-08T10:42:22.826+0000] {logging_mixin.py:117} INFO - [2022-10-08T10:42:22.825+0000] {dag.py:2573} INFO - Sync 1 DAGs
[2022-10-08T10:42:22.853+0000] {logging_mixin.py:117} INFO - [2022-10-08T10:42:22.853+0000] {dag.py:3328} INFO - Setting next_dagrun for example_sla_dag to 2022-10-08T10:40:00+00:00, run_after=2022-10-08T10:42:00+00:00
[2022-10-08T10:42:22.869+0000] {processor.py:178} INFO - Processing /home/airflow/.local/lib/python3.7/site-packages/airflow/example_dags/example_sla_dag.py took 0.109 seconds
[2022-10-08T10:42:53.361+0000] {processor.py:156} INFO - Started process (PID=5819) to work on /home/airflow/.local/lib/python3.7/site-packages/airflow/example_dags/example_sla_dag.py
[2022-10-08T10:42:53.361+0000] {processor.py:758} INFO - Processing file /home/airflow/.local/lib/python3.7/site-packages/airflow/example_dags/example_sla_dag.py for tasks to queue
[2022-10-08T10:42:53.362+0000] {logging_mixin.py:117} INFO - [2022-10-08T10:42:53.362+0000] {dagbag.py:525} INFO - Filling up the DagBag from /home/airflow/.local/lib/python3.7/site-packages/airflow/example_dags/example_sla_dag.py
[2022-10-08T10:42:53.383+0000] {processor.py:768} INFO - DAG(s) dict_keys(['example_sla_dag']) retrieved from /home/airflow/.local/lib/python3.7/site-packages/airflow/example_dags/example_sla_dag.py
[2022-10-08T10:42:53.419+0000] {logging_mixin.py:117} INFO - [2022-10-08T10:42:53.418+0000] {dag.py:2573} INFO - Sync 1 DAGs
[2022-10-08T10:42:53.447+0000] {logging_mixin.py:117} INFO - [2022-10-08T10:42:53.447+0000] {dag.py:3328} INFO - Setting next_dagrun for example_sla_dag to 2022-10-08T10:40:00+00:00, run_after=2022-10-08T10:42:00+00:00
[2022-10-08T10:42:53.464+0000] {processor.py:178} INFO - Processing /home/airflow/.local/lib/python3.7/site-packages/airflow/example_dags/example_sla_dag.py took 0.105 seconds
[2022-10-08T10:43:24.347+0000] {processor.py:156} INFO - Started process (PID=6026) to work on /home/airflow/.local/lib/python3.7/site-packages/airflow/example_dags/example_sla_dag.py
[2022-10-08T10:43:24.348+0000] {processor.py:758} INFO - Processing file /home/airflow/.local/lib/python3.7/site-packages/airflow/example_dags/example_sla_dag.py for tasks to queue
[2022-10-08T10:43:24.349+0000] {logging_mixin.py:117} INFO - [2022-10-08T10:43:24.348+0000] {dagbag.py:525} INFO - Filling up the DagBag from /home/airflow/.local/lib/python3.7/site-packages/airflow/example_dags/example_sla_dag.py
[2022-10-08T10:43:24.371+0000] {processor.py:768} INFO - DAG(s) dict_keys(['example_sla_dag']) retrieved from /home/airflow/.local/lib/python3.7/site-packages/airflow/example_dags/example_sla_dag.py
[2022-10-08T10:43:24.408+0000] {logging_mixin.py:117} INFO - [2022-10-08T10:43:24.408+0000] {dag.py:2573} INFO - Sync 1 DAGs
[2022-10-08T10:43:24.437+0000] {logging_mixin.py:117} INFO - [2022-10-08T10:43:24.437+0000] {dag.py:3328} INFO - Setting next_dagrun for example_sla_dag to 2022-10-08T10:40:00+00:00, run_after=2022-10-08T10:42:00+00:00
[2022-10-08T10:43:24.455+0000] {processor.py:178} INFO - Processing /home/airflow/.local/lib/python3.7/site-packages/airflow/example_dags/example_sla_dag.py took 0.110 seconds
[2022-10-08T10:43:54.825+0000] {processor.py:156} INFO - Started process (PID=6234) to work on /home/airflow/.local/lib/python3.7/site-packages/airflow/example_dags/example_sla_dag.py
[2022-10-08T10:43:54.826+0000] {processor.py:758} INFO - Processing file /home/airflow/.local/lib/python3.7/site-packages/airflow/example_dags/example_sla_dag.py for tasks to queue
[2022-10-08T10:43:54.827+0000] {logging_mixin.py:117} INFO - [2022-10-08T10:43:54.827+0000] {dagbag.py:525} INFO - Filling up the DagBag from /home/airflow/.local/lib/python3.7/site-packages/airflow/example_dags/example_sla_dag.py
[2022-10-08T10:43:54.849+0000] {processor.py:768} INFO - DAG(s) dict_keys(['example_sla_dag']) retrieved from /home/airflow/.local/lib/python3.7/site-packages/airflow/example_dags/example_sla_dag.py
[2022-10-08T10:43:54.885+0000] {logging_mixin.py:117} INFO - [2022-10-08T10:43:54.885+0000] {dag.py:2573} INFO - Sync 1 DAGs
[2022-10-08T10:43:54.916+0000] {logging_mixin.py:117} INFO - [2022-10-08T10:43:54.916+0000] {dag.py:3328} INFO - Setting next_dagrun for example_sla_dag to 2022-10-08T10:40:00+00:00, run_after=2022-10-08T10:42:00+00:00
[2022-10-08T10:43:54.933+0000] {processor.py:178} INFO - Processing /home/airflow/.local/lib/python3.7/site-packages/airflow/example_dags/example_sla_dag.py took 0.111 seconds
[2022-10-08T10:44:25.233+0000] {processor.py:156} INFO - Started process (PID=6434) to work on /home/airflow/.local/lib/python3.7/site-packages/airflow/example_dags/example_sla_dag.py
[2022-10-08T10:44:25.234+0000] {processor.py:758} INFO - Processing file /home/airflow/.local/lib/python3.7/site-packages/airflow/example_dags/example_sla_dag.py for tasks to queue
[2022-10-08T10:44:25.235+0000] {logging_mixin.py:117} INFO - [2022-10-08T10:44:25.234+0000] {dagbag.py:525} INFO - Filling up the DagBag from /home/airflow/.local/lib/python3.7/site-packages/airflow/example_dags/example_sla_dag.py
[2022-10-08T10:44:25.256+0000] {processor.py:768} INFO - DAG(s) dict_keys(['example_sla_dag']) retrieved from /home/airflow/.local/lib/python3.7/site-packages/airflow/example_dags/example_sla_dag.py
[2022-10-08T10:44:25.291+0000] {logging_mixin.py:117} INFO - [2022-10-08T10:44:25.291+0000] {dag.py:2573} INFO - Sync 1 DAGs
[2022-10-08T10:44:25.319+0000] {logging_mixin.py:117} INFO - [2022-10-08T10:44:25.318+0000] {dag.py:3328} INFO - Setting next_dagrun for example_sla_dag to 2022-10-08T10:42:00+00:00, run_after=2022-10-08T10:44:00+00:00
[2022-10-08T10:44:25.335+0000] {processor.py:178} INFO - Processing /home/airflow/.local/lib/python3.7/site-packages/airflow/example_dags/example_sla_dag.py took 0.104 seconds
[2022-10-08T10:44:55.832+0000] {processor.py:156} INFO - Started process (PID=6639) to work on /home/airflow/.local/lib/python3.7/site-packages/airflow/example_dags/example_sla_dag.py
[2022-10-08T10:44:55.833+0000] {processor.py:758} INFO - Processing file /home/airflow/.local/lib/python3.7/site-packages/airflow/example_dags/example_sla_dag.py for tasks to queue
[2022-10-08T10:44:55.834+0000] {logging_mixin.py:117} INFO - [2022-10-08T10:44:55.834+0000] {dagbag.py:525} INFO - Filling up the DagBag from /home/airflow/.local/lib/python3.7/site-packages/airflow/example_dags/example_sla_dag.py
[2022-10-08T10:44:55.856+0000] {processor.py:768} INFO - DAG(s) dict_keys(['example_sla_dag']) retrieved from /home/airflow/.local/lib/python3.7/site-packages/airflow/example_dags/example_sla_dag.py
[2022-10-08T10:44:55.891+0000] {logging_mixin.py:117} INFO - [2022-10-08T10:44:55.891+0000] {dag.py:2573} INFO - Sync 1 DAGs
[2022-10-08T10:44:55.918+0000] {logging_mixin.py:117} INFO - [2022-10-08T10:44:55.918+0000] {dag.py:3328} INFO - Setting next_dagrun for example_sla_dag to 2022-10-08T10:42:00+00:00, run_after=2022-10-08T10:44:00+00:00
[2022-10-08T10:44:55.935+0000] {processor.py:178} INFO - Processing /home/airflow/.local/lib/python3.7/site-packages/airflow/example_dags/example_sla_dag.py took 0.105 seconds
[2022-10-08T10:45:26.414+0000] {processor.py:156} INFO - Started process (PID=6846) to work on /home/airflow/.local/lib/python3.7/site-packages/airflow/example_dags/example_sla_dag.py
[2022-10-08T10:45:26.415+0000] {processor.py:758} INFO - Processing file /home/airflow/.local/lib/python3.7/site-packages/airflow/example_dags/example_sla_dag.py for tasks to queue
[2022-10-08T10:45:26.416+0000] {logging_mixin.py:117} INFO - [2022-10-08T10:45:26.415+0000] {dagbag.py:525} INFO - Filling up the DagBag from /home/airflow/.local/lib/python3.7/site-packages/airflow/example_dags/example_sla_dag.py
[2022-10-08T10:45:26.438+0000] {processor.py:768} INFO - DAG(s) dict_keys(['example_sla_dag']) retrieved from /home/airflow/.local/lib/python3.7/site-packages/airflow/example_dags/example_sla_dag.py
[2022-10-08T10:45:26.472+0000] {logging_mixin.py:117} INFO - [2022-10-08T10:45:26.472+0000] {dag.py:2573} INFO - Sync 1 DAGs
[2022-10-08T10:45:26.500+0000] {logging_mixin.py:117} INFO - [2022-10-08T10:45:26.500+0000] {dag.py:3328} INFO - Setting next_dagrun for example_sla_dag to 2022-10-08T10:42:00+00:00, run_after=2022-10-08T10:44:00+00:00
[2022-10-08T10:45:26.520+0000] {processor.py:178} INFO - Processing /home/airflow/.local/lib/python3.7/site-packages/airflow/example_dags/example_sla_dag.py took 0.108 seconds
[2022-10-08T10:45:56.959+0000] {processor.py:156} INFO - Started process (PID=7044) to work on /home/airflow/.local/lib/python3.7/site-packages/airflow/example_dags/example_sla_dag.py
[2022-10-08T10:45:56.960+0000] {processor.py:758} INFO - Processing file /home/airflow/.local/lib/python3.7/site-packages/airflow/example_dags/example_sla_dag.py for tasks to queue
[2022-10-08T10:45:56.961+0000] {logging_mixin.py:117} INFO - [2022-10-08T10:45:56.960+0000] {dagbag.py:525} INFO - Filling up the DagBag from /home/airflow/.local/lib/python3.7/site-packages/airflow/example_dags/example_sla_dag.py
[2022-10-08T10:45:56.986+0000] {processor.py:768} INFO - DAG(s) dict_keys(['example_sla_dag']) retrieved from /home/airflow/.local/lib/python3.7/site-packages/airflow/example_dags/example_sla_dag.py
[2022-10-08T10:45:57.021+0000] {logging_mixin.py:117} INFO - [2022-10-08T10:45:57.021+0000] {dag.py:2573} INFO - Sync 1 DAGs
[2022-10-08T10:45:57.050+0000] {logging_mixin.py:117} INFO - [2022-10-08T10:45:57.050+0000] {dag.py:3328} INFO - Setting next_dagrun for example_sla_dag to 2022-10-08T10:42:00+00:00, run_after=2022-10-08T10:44:00+00:00
[2022-10-08T10:45:57.067+0000] {processor.py:178} INFO - Processing /home/airflow/.local/lib/python3.7/site-packages/airflow/example_dags/example_sla_dag.py took 0.110 seconds
[2022-10-08T10:46:27.521+0000] {processor.py:156} INFO - Started process (PID=7251) to work on /home/airflow/.local/lib/python3.7/site-packages/airflow/example_dags/example_sla_dag.py
[2022-10-08T10:46:27.521+0000] {processor.py:758} INFO - Processing file /home/airflow/.local/lib/python3.7/site-packages/airflow/example_dags/example_sla_dag.py for tasks to queue
[2022-10-08T10:46:27.522+0000] {logging_mixin.py:117} INFO - [2022-10-08T10:46:27.522+0000] {dagbag.py:525} INFO - Filling up the DagBag from /home/airflow/.local/lib/python3.7/site-packages/airflow/example_dags/example_sla_dag.py
[2022-10-08T10:46:27.544+0000] {processor.py:768} INFO - DAG(s) dict_keys(['example_sla_dag']) retrieved from /home/airflow/.local/lib/python3.7/site-packages/airflow/example_dags/example_sla_dag.py
[2022-10-08T10:46:27.580+0000] {logging_mixin.py:117} INFO - [2022-10-08T10:46:27.580+0000] {dag.py:2573} INFO - Sync 1 DAGs
[2022-10-08T10:46:27.608+0000] {logging_mixin.py:117} INFO - [2022-10-08T10:46:27.608+0000] {dag.py:3328} INFO - Setting next_dagrun for example_sla_dag to 2022-10-08T10:44:00+00:00, run_after=2022-10-08T10:46:00+00:00
[2022-10-08T10:46:27.624+0000] {processor.py:178} INFO - Processing /home/airflow/.local/lib/python3.7/site-packages/airflow/example_dags/example_sla_dag.py took 0.106 seconds
[2022-10-08T10:46:57.979+0000] {processor.py:156} INFO - Started process (PID=7458) to work on /home/airflow/.local/lib/python3.7/site-packages/airflow/example_dags/example_sla_dag.py
[2022-10-08T10:46:57.980+0000] {processor.py:758} INFO - Processing file /home/airflow/.local/lib/python3.7/site-packages/airflow/example_dags/example_sla_dag.py for tasks to queue
[2022-10-08T10:46:57.981+0000] {logging_mixin.py:117} INFO - [2022-10-08T10:46:57.980+0000] {dagbag.py:525} INFO - Filling up the DagBag from /home/airflow/.local/lib/python3.7/site-packages/airflow/example_dags/example_sla_dag.py
[2022-10-08T10:46:58.003+0000] {processor.py:768} INFO - DAG(s) dict_keys(['example_sla_dag']) retrieved from /home/airflow/.local/lib/python3.7/site-packages/airflow/example_dags/example_sla_dag.py
[2022-10-08T10:46:58.040+0000] {logging_mixin.py:117} INFO - [2022-10-08T10:46:58.040+0000] {dag.py:2573} INFO - Sync 1 DAGs
[2022-10-08T10:46:58.068+0000] {logging_mixin.py:117} INFO - [2022-10-08T10:46:58.068+0000] {dag.py:3328} INFO - Setting next_dagrun for example_sla_dag to 2022-10-08T10:44:00+00:00, run_after=2022-10-08T10:46:00+00:00
[2022-10-08T10:46:58.084+0000] {processor.py:178} INFO - Processing /home/airflow/.local/lib/python3.7/site-packages/airflow/example_dags/example_sla_dag.py took 0.107 seconds
[2022-10-08T10:47:28.472+0000] {processor.py:156} INFO - Started process (PID=7665) to work on /home/airflow/.local/lib/python3.7/site-packages/airflow/example_dags/example_sla_dag.py
[2022-10-08T10:47:28.473+0000] {processor.py:758} INFO - Processing file /home/airflow/.local/lib/python3.7/site-packages/airflow/example_dags/example_sla_dag.py for tasks to queue
[2022-10-08T10:47:28.473+0000] {logging_mixin.py:117} INFO - [2022-10-08T10:47:28.473+0000] {dagbag.py:525} INFO - Filling up the DagBag from /home/airflow/.local/lib/python3.7/site-packages/airflow/example_dags/example_sla_dag.py
[2022-10-08T10:47:28.496+0000] {processor.py:768} INFO - DAG(s) dict_keys(['example_sla_dag']) retrieved from /home/airflow/.local/lib/python3.7/site-packages/airflow/example_dags/example_sla_dag.py
[2022-10-08T10:47:28.549+0000] {logging_mixin.py:117} INFO - [2022-10-08T10:47:28.549+0000] {dag.py:2573} INFO - Sync 1 DAGs
[2022-10-08T10:47:28.578+0000] {logging_mixin.py:117} INFO - [2022-10-08T10:47:28.578+0000] {dag.py:3328} INFO - Setting next_dagrun for example_sla_dag to 2022-10-08T10:44:00+00:00, run_after=2022-10-08T10:46:00+00:00
[2022-10-08T10:47:28.597+0000] {processor.py:178} INFO - Processing /home/airflow/.local/lib/python3.7/site-packages/airflow/example_dags/example_sla_dag.py took 0.127 seconds
[2022-10-08T10:47:59.233+0000] {processor.py:156} INFO - Started process (PID=7863) to work on /home/airflow/.local/lib/python3.7/site-packages/airflow/example_dags/example_sla_dag.py
[2022-10-08T10:47:59.234+0000] {processor.py:758} INFO - Processing file /home/airflow/.local/lib/python3.7/site-packages/airflow/example_dags/example_sla_dag.py for tasks to queue
[2022-10-08T10:47:59.235+0000] {logging_mixin.py:117} INFO - [2022-10-08T10:47:59.235+0000] {dagbag.py:525} INFO - Filling up the DagBag from /home/airflow/.local/lib/python3.7/site-packages/airflow/example_dags/example_sla_dag.py
[2022-10-08T10:47:59.257+0000] {processor.py:768} INFO - DAG(s) dict_keys(['example_sla_dag']) retrieved from /home/airflow/.local/lib/python3.7/site-packages/airflow/example_dags/example_sla_dag.py
[2022-10-08T10:47:59.292+0000] {logging_mixin.py:117} INFO - [2022-10-08T10:47:59.292+0000] {dag.py:2573} INFO - Sync 1 DAGs
[2022-10-08T10:47:59.321+0000] {logging_mixin.py:117} INFO - [2022-10-08T10:47:59.321+0000] {dag.py:3328} INFO - Setting next_dagrun for example_sla_dag to 2022-10-08T10:44:00+00:00, run_after=2022-10-08T10:46:00+00:00
[2022-10-08T10:47:59.337+0000] {processor.py:178} INFO - Processing /home/airflow/.local/lib/python3.7/site-packages/airflow/example_dags/example_sla_dag.py took 0.107 seconds
[2022-10-08T10:48:29.877+0000] {processor.py:156} INFO - Started process (PID=8070) to work on /home/airflow/.local/lib/python3.7/site-packages/airflow/example_dags/example_sla_dag.py
[2022-10-08T10:48:29.878+0000] {processor.py:758} INFO - Processing file /home/airflow/.local/lib/python3.7/site-packages/airflow/example_dags/example_sla_dag.py for tasks to queue
[2022-10-08T10:48:29.878+0000] {logging_mixin.py:117} INFO - [2022-10-08T10:48:29.878+0000] {dagbag.py:525} INFO - Filling up the DagBag from /home/airflow/.local/lib/python3.7/site-packages/airflow/example_dags/example_sla_dag.py
[2022-10-08T10:48:29.900+0000] {processor.py:768} INFO - DAG(s) dict_keys(['example_sla_dag']) retrieved from /home/airflow/.local/lib/python3.7/site-packages/airflow/example_dags/example_sla_dag.py
[2022-10-08T10:48:29.936+0000] {logging_mixin.py:117} INFO - [2022-10-08T10:48:29.935+0000] {dag.py:2573} INFO - Sync 1 DAGs
[2022-10-08T10:48:29.964+0000] {logging_mixin.py:117} INFO - [2022-10-08T10:48:29.963+0000] {dag.py:3328} INFO - Setting next_dagrun for example_sla_dag to 2022-10-08T10:46:00+00:00, run_after=2022-10-08T10:48:00+00:00
[2022-10-08T10:48:29.980+0000] {processor.py:178} INFO - Processing /home/airflow/.local/lib/python3.7/site-packages/airflow/example_dags/example_sla_dag.py took 0.105 seconds
[2022-10-08T10:49:00.550+0000] {processor.py:156} INFO - Started process (PID=8277) to work on /home/airflow/.local/lib/python3.7/site-packages/airflow/example_dags/example_sla_dag.py
[2022-10-08T10:49:00.551+0000] {processor.py:758} INFO - Processing file /home/airflow/.local/lib/python3.7/site-packages/airflow/example_dags/example_sla_dag.py for tasks to queue
[2022-10-08T10:49:00.551+0000] {logging_mixin.py:117} INFO - [2022-10-08T10:49:00.551+0000] {dagbag.py:525} INFO - Filling up the DagBag from /home/airflow/.local/lib/python3.7/site-packages/airflow/example_dags/example_sla_dag.py
[2022-10-08T10:49:00.573+0000] {processor.py:768} INFO - DAG(s) dict_keys(['example_sla_dag']) retrieved from /home/airflow/.local/lib/python3.7/site-packages/airflow/example_dags/example_sla_dag.py
[2022-10-08T10:49:00.610+0000] {logging_mixin.py:117} INFO - [2022-10-08T10:49:00.610+0000] {dag.py:2573} INFO - Sync 1 DAGs
[2022-10-08T10:49:00.639+0000] {logging_mixin.py:117} INFO - [2022-10-08T10:49:00.639+0000] {dag.py:3328} INFO - Setting next_dagrun for example_sla_dag to 2022-10-08T10:46:00+00:00, run_after=2022-10-08T10:48:00+00:00
[2022-10-08T10:49:00.656+0000] {processor.py:178} INFO - Processing /home/airflow/.local/lib/python3.7/site-packages/airflow/example_dags/example_sla_dag.py took 0.108 seconds
[2022-10-08T10:49:31.386+0000] {processor.py:156} INFO - Started process (PID=8502) to work on /home/airflow/.local/lib/python3.7/site-packages/airflow/example_dags/example_sla_dag.py
[2022-10-08T10:49:31.387+0000] {processor.py:758} INFO - Processing file /home/airflow/.local/lib/python3.7/site-packages/airflow/example_dags/example_sla_dag.py for tasks to queue
[2022-10-08T10:49:31.388+0000] {logging_mixin.py:117} INFO - [2022-10-08T10:49:31.387+0000] {dagbag.py:525} INFO - Filling up the DagBag from /home/airflow/.local/lib/python3.7/site-packages/airflow/example_dags/example_sla_dag.py
[2022-10-08T10:49:31.411+0000] {processor.py:768} INFO - DAG(s) dict_keys(['example_sla_dag']) retrieved from /home/airflow/.local/lib/python3.7/site-packages/airflow/example_dags/example_sla_dag.py
[2022-10-08T10:49:31.446+0000] {logging_mixin.py:117} INFO - [2022-10-08T10:49:31.446+0000] {dag.py:2573} INFO - Sync 1 DAGs
[2022-10-08T10:49:31.475+0000] {logging_mixin.py:117} INFO - [2022-10-08T10:49:31.475+0000] {dag.py:3328} INFO - Setting next_dagrun for example_sla_dag to 2022-10-08T10:46:00+00:00, run_after=2022-10-08T10:48:00+00:00
[2022-10-08T10:49:31.493+0000] {processor.py:178} INFO - Processing /home/airflow/.local/lib/python3.7/site-packages/airflow/example_dags/example_sla_dag.py took 0.111 seconds
[2022-10-08T10:50:02.249+0000] {processor.py:156} INFO - Started process (PID=8734) to work on /home/airflow/.local/lib/python3.7/site-packages/airflow/example_dags/example_sla_dag.py
[2022-10-08T10:50:02.250+0000] {processor.py:758} INFO - Processing file /home/airflow/.local/lib/python3.7/site-packages/airflow/example_dags/example_sla_dag.py for tasks to queue
[2022-10-08T10:50:02.250+0000] {logging_mixin.py:117} INFO - [2022-10-08T10:50:02.250+0000] {dagbag.py:525} INFO - Filling up the DagBag from /home/airflow/.local/lib/python3.7/site-packages/airflow/example_dags/example_sla_dag.py
[2022-10-08T10:50:02.273+0000] {processor.py:768} INFO - DAG(s) dict_keys(['example_sla_dag']) retrieved from /home/airflow/.local/lib/python3.7/site-packages/airflow/example_dags/example_sla_dag.py
[2022-10-08T10:50:02.307+0000] {logging_mixin.py:117} INFO - [2022-10-08T10:50:02.307+0000] {dag.py:2573} INFO - Sync 1 DAGs
[2022-10-08T10:50:02.337+0000] {logging_mixin.py:117} INFO - [2022-10-08T10:50:02.336+0000] {dag.py:3328} INFO - Setting next_dagrun for example_sla_dag to 2022-10-08T10:48:00+00:00, run_after=2022-10-08T10:50:00+00:00
[2022-10-08T10:50:02.356+0000] {processor.py:178} INFO - Processing /home/airflow/.local/lib/python3.7/site-packages/airflow/example_dags/example_sla_dag.py took 0.110 seconds
[2022-10-08T10:50:32.886+0000] {processor.py:156} INFO - Started process (PID=8944) to work on /home/airflow/.local/lib/python3.7/site-packages/airflow/example_dags/example_sla_dag.py
[2022-10-08T10:50:32.887+0000] {processor.py:758} INFO - Processing file /home/airflow/.local/lib/python3.7/site-packages/airflow/example_dags/example_sla_dag.py for tasks to queue
[2022-10-08T10:50:32.887+0000] {logging_mixin.py:117} INFO - [2022-10-08T10:50:32.887+0000] {dagbag.py:525} INFO - Filling up the DagBag from /home/airflow/.local/lib/python3.7/site-packages/airflow/example_dags/example_sla_dag.py
[2022-10-08T10:50:32.909+0000] {processor.py:768} INFO - DAG(s) dict_keys(['example_sla_dag']) retrieved from /home/airflow/.local/lib/python3.7/site-packages/airflow/example_dags/example_sla_dag.py
[2022-10-08T10:50:32.949+0000] {logging_mixin.py:117} INFO - [2022-10-08T10:50:32.948+0000] {dag.py:2573} INFO - Sync 1 DAGs
[2022-10-08T10:50:32.976+0000] {logging_mixin.py:117} INFO - [2022-10-08T10:50:32.976+0000] {dag.py:3328} INFO - Setting next_dagrun for example_sla_dag to 2022-10-08T10:48:00+00:00, run_after=2022-10-08T10:50:00+00:00
[2022-10-08T10:50:32.997+0000] {processor.py:178} INFO - Processing /home/airflow/.local/lib/python3.7/site-packages/airflow/example_dags/example_sla_dag.py took 0.113 seconds
[2022-10-08T10:51:03.595+0000] {processor.py:156} INFO - Started process (PID=9164) to work on /home/airflow/.local/lib/python3.7/site-packages/airflow/example_dags/example_sla_dag.py
[2022-10-08T10:51:03.596+0000] {processor.py:758} INFO - Processing file /home/airflow/.local/lib/python3.7/site-packages/airflow/example_dags/example_sla_dag.py for tasks to queue
[2022-10-08T10:51:03.597+0000] {logging_mixin.py:117} INFO - [2022-10-08T10:51:03.597+0000] {dagbag.py:525} INFO - Filling up the DagBag from /home/airflow/.local/lib/python3.7/site-packages/airflow/example_dags/example_sla_dag.py
[2022-10-08T10:51:03.619+0000] {processor.py:768} INFO - DAG(s) dict_keys(['example_sla_dag']) retrieved from /home/airflow/.local/lib/python3.7/site-packages/airflow/example_dags/example_sla_dag.py
[2022-10-08T10:51:03.663+0000] {logging_mixin.py:117} INFO - [2022-10-08T10:51:03.663+0000] {dag.py:2573} INFO - Sync 1 DAGs
[2022-10-08T10:51:03.704+0000] {logging_mixin.py:117} INFO - [2022-10-08T10:51:03.704+0000] {dag.py:3328} INFO - Setting next_dagrun for example_sla_dag to 2022-10-08T10:48:00+00:00, run_after=2022-10-08T10:50:00+00:00
[2022-10-08T10:51:03.726+0000] {processor.py:178} INFO - Processing /home/airflow/.local/lib/python3.7/site-packages/airflow/example_dags/example_sla_dag.py took 0.134 seconds
[2022-10-08T10:51:34.201+0000] {processor.py:156} INFO - Started process (PID=9369) to work on /home/airflow/.local/lib/python3.7/site-packages/airflow/example_dags/example_sla_dag.py
[2022-10-08T10:51:34.202+0000] {processor.py:758} INFO - Processing file /home/airflow/.local/lib/python3.7/site-packages/airflow/example_dags/example_sla_dag.py for tasks to queue
[2022-10-08T10:51:34.202+0000] {logging_mixin.py:117} INFO - [2022-10-08T10:51:34.202+0000] {dagbag.py:525} INFO - Filling up the DagBag from /home/airflow/.local/lib/python3.7/site-packages/airflow/example_dags/example_sla_dag.py
[2022-10-08T10:51:34.224+0000] {processor.py:768} INFO - DAG(s) dict_keys(['example_sla_dag']) retrieved from /home/airflow/.local/lib/python3.7/site-packages/airflow/example_dags/example_sla_dag.py
[2022-10-08T10:51:34.258+0000] {logging_mixin.py:117} INFO - [2022-10-08T10:51:34.258+0000] {dag.py:2573} INFO - Sync 1 DAGs
[2022-10-08T10:51:34.286+0000] {logging_mixin.py:117} INFO - [2022-10-08T10:51:34.286+0000] {dag.py:3328} INFO - Setting next_dagrun for example_sla_dag to 2022-10-08T10:48:00+00:00, run_after=2022-10-08T10:50:00+00:00
[2022-10-08T10:51:34.304+0000] {processor.py:178} INFO - Processing /home/airflow/.local/lib/python3.7/site-packages/airflow/example_dags/example_sla_dag.py took 0.105 seconds
[2022-10-08T10:52:05.172+0000] {processor.py:156} INFO - Started process (PID=9606) to work on /home/airflow/.local/lib/python3.7/site-packages/airflow/example_dags/example_sla_dag.py
[2022-10-08T10:52:05.173+0000] {processor.py:758} INFO - Processing file /home/airflow/.local/lib/python3.7/site-packages/airflow/example_dags/example_sla_dag.py for tasks to queue
[2022-10-08T10:52:05.174+0000] {logging_mixin.py:117} INFO - [2022-10-08T10:52:05.174+0000] {dagbag.py:525} INFO - Filling up the DagBag from /home/airflow/.local/lib/python3.7/site-packages/airflow/example_dags/example_sla_dag.py
[2022-10-08T10:52:05.196+0000] {processor.py:768} INFO - DAG(s) dict_keys(['example_sla_dag']) retrieved from /home/airflow/.local/lib/python3.7/site-packages/airflow/example_dags/example_sla_dag.py
[2022-10-08T10:52:05.234+0000] {logging_mixin.py:117} INFO - [2022-10-08T10:52:05.234+0000] {dag.py:2573} INFO - Sync 1 DAGs
[2022-10-08T10:52:05.283+0000] {logging_mixin.py:117} INFO - [2022-10-08T10:52:05.282+0000] {dag.py:3328} INFO - Setting next_dagrun for example_sla_dag to 2022-10-08T10:50:00+00:00, run_after=2022-10-08T10:52:00+00:00
[2022-10-08T10:52:05.300+0000] {processor.py:178} INFO - Processing /home/airflow/.local/lib/python3.7/site-packages/airflow/example_dags/example_sla_dag.py took 0.130 seconds
[2022-10-08T10:52:36.125+0000] {processor.py:156} INFO - Started process (PID=9850) to work on /home/airflow/.local/lib/python3.7/site-packages/airflow/example_dags/example_sla_dag.py
[2022-10-08T10:52:36.126+0000] {processor.py:758} INFO - Processing file /home/airflow/.local/lib/python3.7/site-packages/airflow/example_dags/example_sla_dag.py for tasks to queue
[2022-10-08T10:52:36.126+0000] {logging_mixin.py:117} INFO - [2022-10-08T10:52:36.126+0000] {dagbag.py:525} INFO - Filling up the DagBag from /home/airflow/.local/lib/python3.7/site-packages/airflow/example_dags/example_sla_dag.py
[2022-10-08T10:52:36.147+0000] {processor.py:768} INFO - DAG(s) dict_keys(['example_sla_dag']) retrieved from /home/airflow/.local/lib/python3.7/site-packages/airflow/example_dags/example_sla_dag.py
[2022-10-08T10:52:36.182+0000] {logging_mixin.py:117} INFO - [2022-10-08T10:52:36.182+0000] {dag.py:2573} INFO - Sync 1 DAGs
[2022-10-08T10:52:36.210+0000] {logging_mixin.py:117} INFO - [2022-10-08T10:52:36.210+0000] {dag.py:3328} INFO - Setting next_dagrun for example_sla_dag to 2022-10-08T10:50:00+00:00, run_after=2022-10-08T10:52:00+00:00
[2022-10-08T10:52:36.227+0000] {processor.py:178} INFO - Processing /home/airflow/.local/lib/python3.7/site-packages/airflow/example_dags/example_sla_dag.py took 0.104 seconds
[2022-10-08T10:53:06.607+0000] {processor.py:156} INFO - Started process (PID=10061) to work on /home/airflow/.local/lib/python3.7/site-packages/airflow/example_dags/example_sla_dag.py
[2022-10-08T10:53:06.608+0000] {processor.py:758} INFO - Processing file /home/airflow/.local/lib/python3.7/site-packages/airflow/example_dags/example_sla_dag.py for tasks to queue
[2022-10-08T10:53:06.608+0000] {logging_mixin.py:117} INFO - [2022-10-08T10:53:06.608+0000] {dagbag.py:525} INFO - Filling up the DagBag from /home/airflow/.local/lib/python3.7/site-packages/airflow/example_dags/example_sla_dag.py
[2022-10-08T10:53:06.630+0000] {processor.py:768} INFO - DAG(s) dict_keys(['example_sla_dag']) retrieved from /home/airflow/.local/lib/python3.7/site-packages/airflow/example_dags/example_sla_dag.py
[2022-10-08T10:53:06.681+0000] {logging_mixin.py:117} INFO - [2022-10-08T10:53:06.681+0000] {dag.py:2573} INFO - Sync 1 DAGs
[2022-10-08T10:53:06.722+0000] {logging_mixin.py:117} INFO - [2022-10-08T10:53:06.722+0000] {dag.py:3328} INFO - Setting next_dagrun for example_sla_dag to 2022-10-08T10:50:00+00:00, run_after=2022-10-08T10:52:00+00:00
[2022-10-08T10:53:06.743+0000] {processor.py:178} INFO - Processing /home/airflow/.local/lib/python3.7/site-packages/airflow/example_dags/example_sla_dag.py took 0.138 seconds
[2022-10-08T10:53:37.430+0000] {processor.py:156} INFO - Started process (PID=10300) to work on /home/airflow/.local/lib/python3.7/site-packages/airflow/example_dags/example_sla_dag.py
[2022-10-08T10:53:37.431+0000] {processor.py:758} INFO - Processing file /home/airflow/.local/lib/python3.7/site-packages/airflow/example_dags/example_sla_dag.py for tasks to queue
[2022-10-08T10:53:37.431+0000] {logging_mixin.py:117} INFO - [2022-10-08T10:53:37.431+0000] {dagbag.py:525} INFO - Filling up the DagBag from /home/airflow/.local/lib/python3.7/site-packages/airflow/example_dags/example_sla_dag.py
[2022-10-08T10:53:37.463+0000] {processor.py:768} INFO - DAG(s) dict_keys(['example_sla_dag']) retrieved from /home/airflow/.local/lib/python3.7/site-packages/airflow/example_dags/example_sla_dag.py
[2022-10-08T10:53:37.497+0000] {logging_mixin.py:117} INFO - [2022-10-08T10:53:37.497+0000] {dag.py:2573} INFO - Sync 1 DAGs
[2022-10-08T10:53:37.525+0000] {logging_mixin.py:117} INFO - [2022-10-08T10:53:37.525+0000] {dag.py:3328} INFO - Setting next_dagrun for example_sla_dag to 2022-10-08T10:50:00+00:00, run_after=2022-10-08T10:52:00+00:00
[2022-10-08T10:53:37.540+0000] {processor.py:178} INFO - Processing /home/airflow/.local/lib/python3.7/site-packages/airflow/example_dags/example_sla_dag.py took 0.113 seconds
[2022-10-08T10:54:07.967+0000] {processor.py:156} INFO - Started process (PID=10510) to work on /home/airflow/.local/lib/python3.7/site-packages/airflow/example_dags/example_sla_dag.py
[2022-10-08T10:54:07.968+0000] {processor.py:758} INFO - Processing file /home/airflow/.local/lib/python3.7/site-packages/airflow/example_dags/example_sla_dag.py for tasks to queue
[2022-10-08T10:54:07.969+0000] {logging_mixin.py:117} INFO - [2022-10-08T10:54:07.968+0000] {dagbag.py:525} INFO - Filling up the DagBag from /home/airflow/.local/lib/python3.7/site-packages/airflow/example_dags/example_sla_dag.py
[2022-10-08T10:54:07.990+0000] {processor.py:768} INFO - DAG(s) dict_keys(['example_sla_dag']) retrieved from /home/airflow/.local/lib/python3.7/site-packages/airflow/example_dags/example_sla_dag.py
[2022-10-08T10:54:08.024+0000] {logging_mixin.py:117} INFO - [2022-10-08T10:54:08.024+0000] {dag.py:2573} INFO - Sync 1 DAGs
[2022-10-08T10:54:08.062+0000] {logging_mixin.py:117} INFO - [2022-10-08T10:54:08.062+0000] {dag.py:3328} INFO - Setting next_dagrun for example_sla_dag to 2022-10-08T10:52:00+00:00, run_after=2022-10-08T10:54:00+00:00
[2022-10-08T10:54:08.079+0000] {processor.py:178} INFO - Processing /home/airflow/.local/lib/python3.7/site-packages/airflow/example_dags/example_sla_dag.py took 0.115 seconds
[2022-10-08T10:54:38.672+0000] {processor.py:156} INFO - Started process (PID=10725) to work on /home/airflow/.local/lib/python3.7/site-packages/airflow/example_dags/example_sla_dag.py
[2022-10-08T10:54:38.673+0000] {processor.py:758} INFO - Processing file /home/airflow/.local/lib/python3.7/site-packages/airflow/example_dags/example_sla_dag.py for tasks to queue
[2022-10-08T10:54:38.674+0000] {logging_mixin.py:117} INFO - [2022-10-08T10:54:38.673+0000] {dagbag.py:525} INFO - Filling up the DagBag from /home/airflow/.local/lib/python3.7/site-packages/airflow/example_dags/example_sla_dag.py
[2022-10-08T10:54:38.696+0000] {processor.py:768} INFO - DAG(s) dict_keys(['example_sla_dag']) retrieved from /home/airflow/.local/lib/python3.7/site-packages/airflow/example_dags/example_sla_dag.py
[2022-10-08T10:54:38.731+0000] {logging_mixin.py:117} INFO - [2022-10-08T10:54:38.731+0000] {dag.py:2573} INFO - Sync 1 DAGs
[2022-10-08T10:54:38.760+0000] {logging_mixin.py:117} INFO - [2022-10-08T10:54:38.760+0000] {dag.py:3328} INFO - Setting next_dagrun for example_sla_dag to 2022-10-08T10:52:00+00:00, run_after=2022-10-08T10:54:00+00:00
[2022-10-08T10:54:38.776+0000] {processor.py:178} INFO - Processing /home/airflow/.local/lib/python3.7/site-packages/airflow/example_dags/example_sla_dag.py took 0.106 seconds
[2022-10-08T10:55:09.543+0000] {processor.py:156} INFO - Started process (PID=10940) to work on /home/airflow/.local/lib/python3.7/site-packages/airflow/example_dags/example_sla_dag.py
[2022-10-08T10:55:09.544+0000] {processor.py:758} INFO - Processing file /home/airflow/.local/lib/python3.7/site-packages/airflow/example_dags/example_sla_dag.py for tasks to queue
[2022-10-08T10:55:09.545+0000] {logging_mixin.py:117} INFO - [2022-10-08T10:55:09.544+0000] {dagbag.py:525} INFO - Filling up the DagBag from /home/airflow/.local/lib/python3.7/site-packages/airflow/example_dags/example_sla_dag.py
[2022-10-08T10:55:09.572+0000] {processor.py:768} INFO - DAG(s) dict_keys(['example_sla_dag']) retrieved from /home/airflow/.local/lib/python3.7/site-packages/airflow/example_dags/example_sla_dag.py
[2022-10-08T10:55:09.607+0000] {logging_mixin.py:117} INFO - [2022-10-08T10:55:09.607+0000] {dag.py:2573} INFO - Sync 1 DAGs
[2022-10-08T10:55:09.635+0000] {logging_mixin.py:117} INFO - [2022-10-08T10:55:09.635+0000] {dag.py:3328} INFO - Setting next_dagrun for example_sla_dag to 2022-10-08T10:52:00+00:00, run_after=2022-10-08T10:54:00+00:00
[2022-10-08T10:55:09.653+0000] {processor.py:178} INFO - Processing /home/airflow/.local/lib/python3.7/site-packages/airflow/example_dags/example_sla_dag.py took 0.112 seconds
[2022-10-08T10:55:40.595+0000] {processor.py:156} INFO - Started process (PID=11152) to work on /home/airflow/.local/lib/python3.7/site-packages/airflow/example_dags/example_sla_dag.py
[2022-10-08T10:55:40.596+0000] {processor.py:758} INFO - Processing file /home/airflow/.local/lib/python3.7/site-packages/airflow/example_dags/example_sla_dag.py for tasks to queue
[2022-10-08T10:55:40.596+0000] {logging_mixin.py:117} INFO - [2022-10-08T10:55:40.596+0000] {dagbag.py:525} INFO - Filling up the DagBag from /home/airflow/.local/lib/python3.7/site-packages/airflow/example_dags/example_sla_dag.py
[2022-10-08T10:55:40.619+0000] {processor.py:768} INFO - DAG(s) dict_keys(['example_sla_dag']) retrieved from /home/airflow/.local/lib/python3.7/site-packages/airflow/example_dags/example_sla_dag.py
[2022-10-08T10:55:40.653+0000] {logging_mixin.py:117} INFO - [2022-10-08T10:55:40.653+0000] {dag.py:2573} INFO - Sync 1 DAGs
[2022-10-08T10:55:40.689+0000] {logging_mixin.py:117} INFO - [2022-10-08T10:55:40.689+0000] {dag.py:3328} INFO - Setting next_dagrun for example_sla_dag to 2022-10-08T10:52:00+00:00, run_after=2022-10-08T10:54:00+00:00
[2022-10-08T10:55:40.705+0000] {processor.py:178} INFO - Processing /home/airflow/.local/lib/python3.7/site-packages/airflow/example_dags/example_sla_dag.py took 0.113 seconds
[2022-10-08T10:56:11.363+0000] {processor.py:156} INFO - Started process (PID=11355) to work on /home/airflow/.local/lib/python3.7/site-packages/airflow/example_dags/example_sla_dag.py
[2022-10-08T10:56:11.364+0000] {processor.py:758} INFO - Processing file /home/airflow/.local/lib/python3.7/site-packages/airflow/example_dags/example_sla_dag.py for tasks to queue
[2022-10-08T10:56:11.365+0000] {logging_mixin.py:117} INFO - [2022-10-08T10:56:11.365+0000] {dagbag.py:525} INFO - Filling up the DagBag from /home/airflow/.local/lib/python3.7/site-packages/airflow/example_dags/example_sla_dag.py
[2022-10-08T10:56:11.387+0000] {processor.py:768} INFO - DAG(s) dict_keys(['example_sla_dag']) retrieved from /home/airflow/.local/lib/python3.7/site-packages/airflow/example_dags/example_sla_dag.py
[2022-10-08T10:56:11.422+0000] {logging_mixin.py:117} INFO - [2022-10-08T10:56:11.422+0000] {dag.py:2573} INFO - Sync 1 DAGs
[2022-10-08T10:56:11.451+0000] {logging_mixin.py:117} INFO - [2022-10-08T10:56:11.451+0000] {dag.py:3328} INFO - Setting next_dagrun for example_sla_dag to 2022-10-08T10:54:00+00:00, run_after=2022-10-08T10:56:00+00:00
[2022-10-08T10:56:11.477+0000] {processor.py:178} INFO - Processing /home/airflow/.local/lib/python3.7/site-packages/airflow/example_dags/example_sla_dag.py took 0.126 seconds
[2022-10-08T10:56:41.730+0000] {processor.py:156} INFO - Started process (PID=11569) to work on /home/airflow/.local/lib/python3.7/site-packages/airflow/example_dags/example_sla_dag.py
[2022-10-08T10:56:41.731+0000] {processor.py:758} INFO - Processing file /home/airflow/.local/lib/python3.7/site-packages/airflow/example_dags/example_sla_dag.py for tasks to queue
[2022-10-08T10:56:41.732+0000] {logging_mixin.py:117} INFO - [2022-10-08T10:56:41.731+0000] {dagbag.py:525} INFO - Filling up the DagBag from /home/airflow/.local/lib/python3.7/site-packages/airflow/example_dags/example_sla_dag.py
[2022-10-08T10:56:41.754+0000] {processor.py:768} INFO - DAG(s) dict_keys(['example_sla_dag']) retrieved from /home/airflow/.local/lib/python3.7/site-packages/airflow/example_dags/example_sla_dag.py
[2022-10-08T10:56:41.795+0000] {logging_mixin.py:117} INFO - [2022-10-08T10:56:41.795+0000] {dag.py:2573} INFO - Sync 1 DAGs
[2022-10-08T10:56:41.824+0000] {logging_mixin.py:117} INFO - [2022-10-08T10:56:41.824+0000] {dag.py:3328} INFO - Setting next_dagrun for example_sla_dag to 2022-10-08T10:54:00+00:00, run_after=2022-10-08T10:56:00+00:00
[2022-10-08T10:56:41.841+0000] {processor.py:178} INFO - Processing /home/airflow/.local/lib/python3.7/site-packages/airflow/example_dags/example_sla_dag.py took 0.112 seconds
[2022-10-08T10:57:12.149+0000] {processor.py:156} INFO - Started process (PID=11791) to work on /home/airflow/.local/lib/python3.7/site-packages/airflow/example_dags/example_sla_dag.py
[2022-10-08T10:57:12.150+0000] {processor.py:758} INFO - Processing file /home/airflow/.local/lib/python3.7/site-packages/airflow/example_dags/example_sla_dag.py for tasks to queue
[2022-10-08T10:57:12.150+0000] {logging_mixin.py:117} INFO - [2022-10-08T10:57:12.150+0000] {dagbag.py:525} INFO - Filling up the DagBag from /home/airflow/.local/lib/python3.7/site-packages/airflow/example_dags/example_sla_dag.py
[2022-10-08T10:57:12.172+0000] {processor.py:768} INFO - DAG(s) dict_keys(['example_sla_dag']) retrieved from /home/airflow/.local/lib/python3.7/site-packages/airflow/example_dags/example_sla_dag.py
[2022-10-08T10:57:12.210+0000] {logging_mixin.py:117} INFO - [2022-10-08T10:57:12.209+0000] {dag.py:2573} INFO - Sync 1 DAGs
[2022-10-08T10:57:12.238+0000] {logging_mixin.py:117} INFO - [2022-10-08T10:57:12.237+0000] {dag.py:3328} INFO - Setting next_dagrun for example_sla_dag to 2022-10-08T10:54:00+00:00, run_after=2022-10-08T10:56:00+00:00
[2022-10-08T10:57:12.255+0000] {processor.py:178} INFO - Processing /home/airflow/.local/lib/python3.7/site-packages/airflow/example_dags/example_sla_dag.py took 0.109 seconds
[2022-10-08T10:57:43.467+0000] {processor.py:156} INFO - Started process (PID=12003) to work on /home/airflow/.local/lib/python3.7/site-packages/airflow/example_dags/example_sla_dag.py
[2022-10-08T10:57:43.468+0000] {processor.py:758} INFO - Processing file /home/airflow/.local/lib/python3.7/site-packages/airflow/example_dags/example_sla_dag.py for tasks to queue
[2022-10-08T10:57:43.469+0000] {logging_mixin.py:117} INFO - [2022-10-08T10:57:43.469+0000] {dagbag.py:525} INFO - Filling up the DagBag from /home/airflow/.local/lib/python3.7/site-packages/airflow/example_dags/example_sla_dag.py
[2022-10-08T10:57:43.491+0000] {processor.py:768} INFO - DAG(s) dict_keys(['example_sla_dag']) retrieved from /home/airflow/.local/lib/python3.7/site-packages/airflow/example_dags/example_sla_dag.py
[2022-10-08T10:57:43.578+0000] {logging_mixin.py:117} INFO - [2022-10-08T10:57:43.578+0000] {dag.py:2573} INFO - Sync 1 DAGs
[2022-10-08T10:57:43.606+0000] {logging_mixin.py:117} INFO - [2022-10-08T10:57:43.606+0000] {dag.py:3328} INFO - Setting next_dagrun for example_sla_dag to 2022-10-08T10:54:00+00:00, run_after=2022-10-08T10:56:00+00:00
[2022-10-08T10:57:43.623+0000] {processor.py:178} INFO - Processing /home/airflow/.local/lib/python3.7/site-packages/airflow/example_dags/example_sla_dag.py took 0.158 seconds
[2022-10-08T10:58:13.967+0000] {processor.py:156} INFO - Started process (PID=12207) to work on /home/airflow/.local/lib/python3.7/site-packages/airflow/example_dags/example_sla_dag.py
[2022-10-08T10:58:13.968+0000] {processor.py:758} INFO - Processing file /home/airflow/.local/lib/python3.7/site-packages/airflow/example_dags/example_sla_dag.py for tasks to queue
[2022-10-08T10:58:13.969+0000] {logging_mixin.py:117} INFO - [2022-10-08T10:58:13.969+0000] {dagbag.py:525} INFO - Filling up the DagBag from /home/airflow/.local/lib/python3.7/site-packages/airflow/example_dags/example_sla_dag.py
[2022-10-08T10:58:13.990+0000] {processor.py:768} INFO - DAG(s) dict_keys(['example_sla_dag']) retrieved from /home/airflow/.local/lib/python3.7/site-packages/airflow/example_dags/example_sla_dag.py
[2022-10-08T10:58:14.024+0000] {logging_mixin.py:117} INFO - [2022-10-08T10:58:14.024+0000] {dag.py:2573} INFO - Sync 1 DAGs
[2022-10-08T10:58:14.052+0000] {logging_mixin.py:117} INFO - [2022-10-08T10:58:14.052+0000] {dag.py:3328} INFO - Setting next_dagrun for example_sla_dag to 2022-10-08T10:56:00+00:00, run_after=2022-10-08T10:58:00+00:00
[2022-10-08T10:58:14.068+0000] {processor.py:178} INFO - Processing /home/airflow/.local/lib/python3.7/site-packages/airflow/example_dags/example_sla_dag.py took 0.103 seconds
[2022-10-08T10:58:44.925+0000] {processor.py:156} INFO - Started process (PID=12428) to work on /home/airflow/.local/lib/python3.7/site-packages/airflow/example_dags/example_sla_dag.py
[2022-10-08T10:58:44.926+0000] {processor.py:758} INFO - Processing file /home/airflow/.local/lib/python3.7/site-packages/airflow/example_dags/example_sla_dag.py for tasks to queue
[2022-10-08T10:58:44.926+0000] {logging_mixin.py:117} INFO - [2022-10-08T10:58:44.926+0000] {dagbag.py:525} INFO - Filling up the DagBag from /home/airflow/.local/lib/python3.7/site-packages/airflow/example_dags/example_sla_dag.py
[2022-10-08T10:58:44.949+0000] {processor.py:768} INFO - DAG(s) dict_keys(['example_sla_dag']) retrieved from /home/airflow/.local/lib/python3.7/site-packages/airflow/example_dags/example_sla_dag.py
[2022-10-08T10:58:44.987+0000] {logging_mixin.py:117} INFO - [2022-10-08T10:58:44.987+0000] {dag.py:2573} INFO - Sync 1 DAGs
[2022-10-08T10:58:45.015+0000] {logging_mixin.py:117} INFO - [2022-10-08T10:58:45.015+0000] {dag.py:3328} INFO - Setting next_dagrun for example_sla_dag to 2022-10-08T10:56:00+00:00, run_after=2022-10-08T10:58:00+00:00
[2022-10-08T10:58:45.032+0000] {processor.py:178} INFO - Processing /home/airflow/.local/lib/python3.7/site-packages/airflow/example_dags/example_sla_dag.py took 0.110 seconds
[2022-10-08T10:59:15.873+0000] {processor.py:156} INFO - Started process (PID=12664) to work on /home/airflow/.local/lib/python3.7/site-packages/airflow/example_dags/example_sla_dag.py
[2022-10-08T10:59:15.874+0000] {processor.py:758} INFO - Processing file /home/airflow/.local/lib/python3.7/site-packages/airflow/example_dags/example_sla_dag.py for tasks to queue
[2022-10-08T10:59:15.875+0000] {logging_mixin.py:117} INFO - [2022-10-08T10:59:15.875+0000] {dagbag.py:525} INFO - Filling up the DagBag from /home/airflow/.local/lib/python3.7/site-packages/airflow/example_dags/example_sla_dag.py
[2022-10-08T10:59:15.898+0000] {processor.py:768} INFO - DAG(s) dict_keys(['example_sla_dag']) retrieved from /home/airflow/.local/lib/python3.7/site-packages/airflow/example_dags/example_sla_dag.py
[2022-10-08T10:59:15.997+0000] {logging_mixin.py:117} INFO - [2022-10-08T10:59:15.997+0000] {dag.py:2573} INFO - Sync 1 DAGs
[2022-10-08T10:59:16.089+0000] {logging_mixin.py:117} INFO - [2022-10-08T10:59:16.089+0000] {dag.py:3328} INFO - Setting next_dagrun for example_sla_dag to 2022-10-08T10:56:00+00:00, run_after=2022-10-08T10:58:00+00:00
[2022-10-08T10:59:16.167+0000] {processor.py:178} INFO - Processing /home/airflow/.local/lib/python3.7/site-packages/airflow/example_dags/example_sla_dag.py took 0.296 seconds
[2022-10-08T10:59:46.201+0000] {processor.py:156} INFO - Started process (PID=12879) to work on /home/airflow/.local/lib/python3.7/site-packages/airflow/example_dags/example_sla_dag.py
[2022-10-08T10:59:46.202+0000] {processor.py:758} INFO - Processing file /home/airflow/.local/lib/python3.7/site-packages/airflow/example_dags/example_sla_dag.py for tasks to queue
[2022-10-08T10:59:46.203+0000] {logging_mixin.py:117} INFO - [2022-10-08T10:59:46.203+0000] {dagbag.py:525} INFO - Filling up the DagBag from /home/airflow/.local/lib/python3.7/site-packages/airflow/example_dags/example_sla_dag.py
[2022-10-08T10:59:46.226+0000] {processor.py:768} INFO - DAG(s) dict_keys(['example_sla_dag']) retrieved from /home/airflow/.local/lib/python3.7/site-packages/airflow/example_dags/example_sla_dag.py
[2022-10-08T10:59:46.263+0000] {logging_mixin.py:117} INFO - [2022-10-08T10:59:46.263+0000] {dag.py:2573} INFO - Sync 1 DAGs
[2022-10-08T10:59:46.293+0000] {logging_mixin.py:117} INFO - [2022-10-08T10:59:46.293+0000] {dag.py:3328} INFO - Setting next_dagrun for example_sla_dag to 2022-10-08T10:56:00+00:00, run_after=2022-10-08T10:58:00+00:00
[2022-10-08T10:59:46.310+0000] {processor.py:178} INFO - Processing /home/airflow/.local/lib/python3.7/site-packages/airflow/example_dags/example_sla_dag.py took 0.111 seconds
[2022-10-08T11:00:17.088+0000] {processor.py:156} INFO - Started process (PID=13091) to work on /home/airflow/.local/lib/python3.7/site-packages/airflow/example_dags/example_sla_dag.py
[2022-10-08T11:00:17.088+0000] {processor.py:758} INFO - Processing file /home/airflow/.local/lib/python3.7/site-packages/airflow/example_dags/example_sla_dag.py for tasks to queue
[2022-10-08T11:00:17.089+0000] {logging_mixin.py:117} INFO - [2022-10-08T11:00:17.089+0000] {dagbag.py:525} INFO - Filling up the DagBag from /home/airflow/.local/lib/python3.7/site-packages/airflow/example_dags/example_sla_dag.py
[2022-10-08T11:00:17.110+0000] {processor.py:768} INFO - DAG(s) dict_keys(['example_sla_dag']) retrieved from /home/airflow/.local/lib/python3.7/site-packages/airflow/example_dags/example_sla_dag.py
[2022-10-08T11:00:17.146+0000] {logging_mixin.py:117} INFO - [2022-10-08T11:00:17.146+0000] {dag.py:2573} INFO - Sync 1 DAGs
[2022-10-08T11:00:17.174+0000] {logging_mixin.py:117} INFO - [2022-10-08T11:00:17.174+0000] {dag.py:3328} INFO - Setting next_dagrun for example_sla_dag to 2022-10-08T10:58:00+00:00, run_after=2022-10-08T11:00:00+00:00
[2022-10-08T11:00:17.190+0000] {processor.py:178} INFO - Processing /home/airflow/.local/lib/python3.7/site-packages/airflow/example_dags/example_sla_dag.py took 0.105 seconds
[2022-10-08T11:00:48.395+0000] {processor.py:156} INFO - Started process (PID=13301) to work on /home/airflow/.local/lib/python3.7/site-packages/airflow/example_dags/example_sla_dag.py
[2022-10-08T11:00:48.396+0000] {processor.py:758} INFO - Processing file /home/airflow/.local/lib/python3.7/site-packages/airflow/example_dags/example_sla_dag.py for tasks to queue
[2022-10-08T11:00:48.396+0000] {logging_mixin.py:117} INFO - [2022-10-08T11:00:48.396+0000] {dagbag.py:525} INFO - Filling up the DagBag from /home/airflow/.local/lib/python3.7/site-packages/airflow/example_dags/example_sla_dag.py
[2022-10-08T11:00:48.472+0000] {processor.py:768} INFO - DAG(s) dict_keys(['example_sla_dag']) retrieved from /home/airflow/.local/lib/python3.7/site-packages/airflow/example_dags/example_sla_dag.py
[2022-10-08T11:00:48.562+0000] {logging_mixin.py:117} INFO - [2022-10-08T11:00:48.562+0000] {dag.py:2573} INFO - Sync 1 DAGs
[2022-10-08T11:00:48.590+0000] {logging_mixin.py:117} INFO - [2022-10-08T11:00:48.589+0000] {dag.py:3328} INFO - Setting next_dagrun for example_sla_dag to 2022-10-08T10:58:00+00:00, run_after=2022-10-08T11:00:00+00:00
[2022-10-08T11:00:48.606+0000] {processor.py:178} INFO - Processing /home/airflow/.local/lib/python3.7/site-packages/airflow/example_dags/example_sla_dag.py took 0.214 seconds
[2022-10-08T11:01:18.735+0000] {processor.py:156} INFO - Started process (PID=13504) to work on /home/airflow/.local/lib/python3.7/site-packages/airflow/example_dags/example_sla_dag.py
[2022-10-08T11:01:18.736+0000] {processor.py:758} INFO - Processing file /home/airflow/.local/lib/python3.7/site-packages/airflow/example_dags/example_sla_dag.py for tasks to queue
[2022-10-08T11:01:18.736+0000] {logging_mixin.py:117} INFO - [2022-10-08T11:01:18.736+0000] {dagbag.py:525} INFO - Filling up the DagBag from /home/airflow/.local/lib/python3.7/site-packages/airflow/example_dags/example_sla_dag.py
[2022-10-08T11:01:18.757+0000] {processor.py:768} INFO - DAG(s) dict_keys(['example_sla_dag']) retrieved from /home/airflow/.local/lib/python3.7/site-packages/airflow/example_dags/example_sla_dag.py
[2022-10-08T11:01:18.793+0000] {logging_mixin.py:117} INFO - [2022-10-08T11:01:18.793+0000] {dag.py:2573} INFO - Sync 1 DAGs
[2022-10-08T11:01:18.821+0000] {logging_mixin.py:117} INFO - [2022-10-08T11:01:18.821+0000] {dag.py:3328} INFO - Setting next_dagrun for example_sla_dag to 2022-10-08T10:58:00+00:00, run_after=2022-10-08T11:00:00+00:00
[2022-10-08T11:01:18.839+0000] {processor.py:178} INFO - Processing /home/airflow/.local/lib/python3.7/site-packages/airflow/example_dags/example_sla_dag.py took 0.106 seconds
[2022-10-08T11:01:49.503+0000] {processor.py:156} INFO - Started process (PID=13716) to work on /home/airflow/.local/lib/python3.7/site-packages/airflow/example_dags/example_sla_dag.py
[2022-10-08T11:01:49.504+0000] {processor.py:758} INFO - Processing file /home/airflow/.local/lib/python3.7/site-packages/airflow/example_dags/example_sla_dag.py for tasks to queue
[2022-10-08T11:01:49.505+0000] {logging_mixin.py:117} INFO - [2022-10-08T11:01:49.505+0000] {dagbag.py:525} INFO - Filling up the DagBag from /home/airflow/.local/lib/python3.7/site-packages/airflow/example_dags/example_sla_dag.py
[2022-10-08T11:01:49.527+0000] {processor.py:768} INFO - DAG(s) dict_keys(['example_sla_dag']) retrieved from /home/airflow/.local/lib/python3.7/site-packages/airflow/example_dags/example_sla_dag.py
[2022-10-08T11:01:49.572+0000] {logging_mixin.py:117} INFO - [2022-10-08T11:01:49.572+0000] {dag.py:2573} INFO - Sync 1 DAGs
[2022-10-08T11:01:49.601+0000] {logging_mixin.py:117} INFO - [2022-10-08T11:01:49.601+0000] {dag.py:3328} INFO - Setting next_dagrun for example_sla_dag to 2022-10-08T10:58:00+00:00, run_after=2022-10-08T11:00:00+00:00
[2022-10-08T11:01:49.617+0000] {processor.py:178} INFO - Processing /home/airflow/.local/lib/python3.7/site-packages/airflow/example_dags/example_sla_dag.py took 0.116 seconds
[2022-10-08T11:02:20.259+0000] {processor.py:156} INFO - Started process (PID=13930) to work on /home/airflow/.local/lib/python3.7/site-packages/airflow/example_dags/example_sla_dag.py
[2022-10-08T11:02:20.260+0000] {processor.py:758} INFO - Processing file /home/airflow/.local/lib/python3.7/site-packages/airflow/example_dags/example_sla_dag.py for tasks to queue
[2022-10-08T11:02:20.260+0000] {logging_mixin.py:117} INFO - [2022-10-08T11:02:20.260+0000] {dagbag.py:525} INFO - Filling up the DagBag from /home/airflow/.local/lib/python3.7/site-packages/airflow/example_dags/example_sla_dag.py
[2022-10-08T11:02:20.284+0000] {processor.py:768} INFO - DAG(s) dict_keys(['example_sla_dag']) retrieved from /home/airflow/.local/lib/python3.7/site-packages/airflow/example_dags/example_sla_dag.py
[2022-10-08T11:02:20.330+0000] {logging_mixin.py:117} INFO - [2022-10-08T11:02:20.330+0000] {dag.py:2573} INFO - Sync 1 DAGs
[2022-10-08T11:02:20.365+0000] {logging_mixin.py:117} INFO - [2022-10-08T11:02:20.365+0000] {dag.py:3328} INFO - Setting next_dagrun for example_sla_dag to 2022-10-08T11:00:00+00:00, run_after=2022-10-08T11:02:00+00:00
[2022-10-08T11:02:20.385+0000] {processor.py:178} INFO - Processing /home/airflow/.local/lib/python3.7/site-packages/airflow/example_dags/example_sla_dag.py took 0.129 seconds
[2022-10-08T11:02:51.214+0000] {processor.py:156} INFO - Started process (PID=14133) to work on /home/airflow/.local/lib/python3.7/site-packages/airflow/example_dags/example_sla_dag.py
[2022-10-08T11:02:51.214+0000] {processor.py:758} INFO - Processing file /home/airflow/.local/lib/python3.7/site-packages/airflow/example_dags/example_sla_dag.py for tasks to queue
[2022-10-08T11:02:51.215+0000] {logging_mixin.py:117} INFO - [2022-10-08T11:02:51.215+0000] {dagbag.py:525} INFO - Filling up the DagBag from /home/airflow/.local/lib/python3.7/site-packages/airflow/example_dags/example_sla_dag.py
[2022-10-08T11:02:51.245+0000] {processor.py:768} INFO - DAG(s) dict_keys(['example_sla_dag']) retrieved from /home/airflow/.local/lib/python3.7/site-packages/airflow/example_dags/example_sla_dag.py
[2022-10-08T11:02:51.285+0000] {logging_mixin.py:117} INFO - [2022-10-08T11:02:51.284+0000] {dag.py:2573} INFO - Sync 1 DAGs
[2022-10-08T11:02:51.313+0000] {logging_mixin.py:117} INFO - [2022-10-08T11:02:51.313+0000] {dag.py:3328} INFO - Setting next_dagrun for example_sla_dag to 2022-10-08T11:00:00+00:00, run_after=2022-10-08T11:02:00+00:00
[2022-10-08T11:02:51.329+0000] {processor.py:178} INFO - Processing /home/airflow/.local/lib/python3.7/site-packages/airflow/example_dags/example_sla_dag.py took 0.119 seconds
[2022-10-08T11:03:21.577+0000] {processor.py:156} INFO - Started process (PID=14346) to work on /home/airflow/.local/lib/python3.7/site-packages/airflow/example_dags/example_sla_dag.py
[2022-10-08T11:03:21.578+0000] {processor.py:758} INFO - Processing file /home/airflow/.local/lib/python3.7/site-packages/airflow/example_dags/example_sla_dag.py for tasks to queue
[2022-10-08T11:03:21.579+0000] {logging_mixin.py:117} INFO - [2022-10-08T11:03:21.579+0000] {dagbag.py:525} INFO - Filling up the DagBag from /home/airflow/.local/lib/python3.7/site-packages/airflow/example_dags/example_sla_dag.py
[2022-10-08T11:03:21.601+0000] {processor.py:768} INFO - DAG(s) dict_keys(['example_sla_dag']) retrieved from /home/airflow/.local/lib/python3.7/site-packages/airflow/example_dags/example_sla_dag.py
[2022-10-08T11:03:21.636+0000] {logging_mixin.py:117} INFO - [2022-10-08T11:03:21.635+0000] {dag.py:2573} INFO - Sync 1 DAGs
[2022-10-08T11:03:21.664+0000] {logging_mixin.py:117} INFO - [2022-10-08T11:03:21.664+0000] {dag.py:3328} INFO - Setting next_dagrun for example_sla_dag to 2022-10-08T11:00:00+00:00, run_after=2022-10-08T11:02:00+00:00
[2022-10-08T11:03:21.681+0000] {processor.py:178} INFO - Processing /home/airflow/.local/lib/python3.7/site-packages/airflow/example_dags/example_sla_dag.py took 0.106 seconds
[2022-10-08T11:03:52.420+0000] {processor.py:156} INFO - Started process (PID=14558) to work on /home/airflow/.local/lib/python3.7/site-packages/airflow/example_dags/example_sla_dag.py
[2022-10-08T11:03:52.421+0000] {processor.py:758} INFO - Processing file /home/airflow/.local/lib/python3.7/site-packages/airflow/example_dags/example_sla_dag.py for tasks to queue
[2022-10-08T11:03:52.421+0000] {logging_mixin.py:117} INFO - [2022-10-08T11:03:52.421+0000] {dagbag.py:525} INFO - Filling up the DagBag from /home/airflow/.local/lib/python3.7/site-packages/airflow/example_dags/example_sla_dag.py
[2022-10-08T11:03:52.443+0000] {processor.py:768} INFO - DAG(s) dict_keys(['example_sla_dag']) retrieved from /home/airflow/.local/lib/python3.7/site-packages/airflow/example_dags/example_sla_dag.py
[2022-10-08T11:03:52.477+0000] {logging_mixin.py:117} INFO - [2022-10-08T11:03:52.477+0000] {dag.py:2573} INFO - Sync 1 DAGs
[2022-10-08T11:03:52.506+0000] {logging_mixin.py:117} INFO - [2022-10-08T11:03:52.506+0000] {dag.py:3328} INFO - Setting next_dagrun for example_sla_dag to 2022-10-08T11:00:00+00:00, run_after=2022-10-08T11:02:00+00:00
[2022-10-08T11:03:52.523+0000] {processor.py:178} INFO - Processing /home/airflow/.local/lib/python3.7/site-packages/airflow/example_dags/example_sla_dag.py took 0.105 seconds
[2022-10-08T11:04:23.040+0000] {processor.py:156} INFO - Started process (PID=14759) to work on /home/airflow/.local/lib/python3.7/site-packages/airflow/example_dags/example_sla_dag.py
[2022-10-08T11:04:23.041+0000] {processor.py:758} INFO - Processing file /home/airflow/.local/lib/python3.7/site-packages/airflow/example_dags/example_sla_dag.py for tasks to queue
[2022-10-08T11:04:23.041+0000] {logging_mixin.py:117} INFO - [2022-10-08T11:04:23.041+0000] {dagbag.py:525} INFO - Filling up the DagBag from /home/airflow/.local/lib/python3.7/site-packages/airflow/example_dags/example_sla_dag.py
[2022-10-08T11:04:23.062+0000] {processor.py:768} INFO - DAG(s) dict_keys(['example_sla_dag']) retrieved from /home/airflow/.local/lib/python3.7/site-packages/airflow/example_dags/example_sla_dag.py
[2022-10-08T11:04:23.096+0000] {logging_mixin.py:117} INFO - [2022-10-08T11:04:23.096+0000] {dag.py:2573} INFO - Sync 1 DAGs
[2022-10-08T11:04:23.123+0000] {logging_mixin.py:117} INFO - [2022-10-08T11:04:23.123+0000] {dag.py:3328} INFO - Setting next_dagrun for example_sla_dag to 2022-10-08T11:02:00+00:00, run_after=2022-10-08T11:04:00+00:00
[2022-10-08T11:04:23.140+0000] {processor.py:178} INFO - Processing /home/airflow/.local/lib/python3.7/site-packages/airflow/example_dags/example_sla_dag.py took 0.103 seconds
[2022-10-08T11:04:53.696+0000] {processor.py:156} INFO - Started process (PID=14973) to work on /home/airflow/.local/lib/python3.7/site-packages/airflow/example_dags/example_sla_dag.py
[2022-10-08T11:04:53.697+0000] {processor.py:758} INFO - Processing file /home/airflow/.local/lib/python3.7/site-packages/airflow/example_dags/example_sla_dag.py for tasks to queue
[2022-10-08T11:04:53.697+0000] {logging_mixin.py:117} INFO - [2022-10-08T11:04:53.697+0000] {dagbag.py:525} INFO - Filling up the DagBag from /home/airflow/.local/lib/python3.7/site-packages/airflow/example_dags/example_sla_dag.py
[2022-10-08T11:04:53.718+0000] {processor.py:768} INFO - DAG(s) dict_keys(['example_sla_dag']) retrieved from /home/airflow/.local/lib/python3.7/site-packages/airflow/example_dags/example_sla_dag.py
[2022-10-08T11:04:53.753+0000] {logging_mixin.py:117} INFO - [2022-10-08T11:04:53.753+0000] {dag.py:2573} INFO - Sync 1 DAGs
[2022-10-08T11:04:53.782+0000] {logging_mixin.py:117} INFO - [2022-10-08T11:04:53.782+0000] {dag.py:3328} INFO - Setting next_dagrun for example_sla_dag to 2022-10-08T11:02:00+00:00, run_after=2022-10-08T11:04:00+00:00
[2022-10-08T11:04:53.799+0000] {processor.py:178} INFO - Processing /home/airflow/.local/lib/python3.7/site-packages/airflow/example_dags/example_sla_dag.py took 0.107 seconds
[2022-10-08T11:05:24.519+0000] {processor.py:156} INFO - Started process (PID=15185) to work on /home/airflow/.local/lib/python3.7/site-packages/airflow/example_dags/example_sla_dag.py
[2022-10-08T11:05:24.520+0000] {processor.py:758} INFO - Processing file /home/airflow/.local/lib/python3.7/site-packages/airflow/example_dags/example_sla_dag.py for tasks to queue
[2022-10-08T11:05:24.520+0000] {logging_mixin.py:117} INFO - [2022-10-08T11:05:24.520+0000] {dagbag.py:525} INFO - Filling up the DagBag from /home/airflow/.local/lib/python3.7/site-packages/airflow/example_dags/example_sla_dag.py
[2022-10-08T11:05:24.542+0000] {processor.py:768} INFO - DAG(s) dict_keys(['example_sla_dag']) retrieved from /home/airflow/.local/lib/python3.7/site-packages/airflow/example_dags/example_sla_dag.py
[2022-10-08T11:05:24.575+0000] {logging_mixin.py:117} INFO - [2022-10-08T11:05:24.575+0000] {dag.py:2573} INFO - Sync 1 DAGs
[2022-10-08T11:05:24.602+0000] {logging_mixin.py:117} INFO - [2022-10-08T11:05:24.602+0000] {dag.py:3328} INFO - Setting next_dagrun for example_sla_dag to 2022-10-08T11:02:00+00:00, run_after=2022-10-08T11:04:00+00:00
[2022-10-08T11:05:24.619+0000] {processor.py:178} INFO - Processing /home/airflow/.local/lib/python3.7/site-packages/airflow/example_dags/example_sla_dag.py took 0.102 seconds
[2022-10-08T11:05:54.714+0000] {processor.py:156} INFO - Started process (PID=15406) to work on /home/airflow/.local/lib/python3.7/site-packages/airflow/example_dags/example_sla_dag.py
[2022-10-08T11:05:54.715+0000] {processor.py:758} INFO - Processing file /home/airflow/.local/lib/python3.7/site-packages/airflow/example_dags/example_sla_dag.py for tasks to queue
[2022-10-08T11:05:54.716+0000] {logging_mixin.py:117} INFO - [2022-10-08T11:05:54.716+0000] {dagbag.py:525} INFO - Filling up the DagBag from /home/airflow/.local/lib/python3.7/site-packages/airflow/example_dags/example_sla_dag.py
[2022-10-08T11:05:54.738+0000] {processor.py:768} INFO - DAG(s) dict_keys(['example_sla_dag']) retrieved from /home/airflow/.local/lib/python3.7/site-packages/airflow/example_dags/example_sla_dag.py
[2022-10-08T11:05:54.772+0000] {logging_mixin.py:117} INFO - [2022-10-08T11:05:54.772+0000] {dag.py:2573} INFO - Sync 1 DAGs
[2022-10-08T11:05:54.800+0000] {logging_mixin.py:117} INFO - [2022-10-08T11:05:54.800+0000] {dag.py:3328} INFO - Setting next_dagrun for example_sla_dag to 2022-10-08T11:02:00+00:00, run_after=2022-10-08T11:04:00+00:00
[2022-10-08T11:05:54.816+0000] {processor.py:178} INFO - Processing /home/airflow/.local/lib/python3.7/site-packages/airflow/example_dags/example_sla_dag.py took 0.104 seconds
[2022-10-08T11:06:25.541+0000] {processor.py:156} INFO - Started process (PID=15620) to work on /home/airflow/.local/lib/python3.7/site-packages/airflow/example_dags/example_sla_dag.py
[2022-10-08T11:06:25.542+0000] {processor.py:758} INFO - Processing file /home/airflow/.local/lib/python3.7/site-packages/airflow/example_dags/example_sla_dag.py for tasks to queue
[2022-10-08T11:06:25.543+0000] {logging_mixin.py:117} INFO - [2022-10-08T11:06:25.543+0000] {dagbag.py:525} INFO - Filling up the DagBag from /home/airflow/.local/lib/python3.7/site-packages/airflow/example_dags/example_sla_dag.py
[2022-10-08T11:06:25.564+0000] {processor.py:768} INFO - DAG(s) dict_keys(['example_sla_dag']) retrieved from /home/airflow/.local/lib/python3.7/site-packages/airflow/example_dags/example_sla_dag.py
[2022-10-08T11:06:25.601+0000] {logging_mixin.py:117} INFO - [2022-10-08T11:06:25.601+0000] {dag.py:2573} INFO - Sync 1 DAGs
[2022-10-08T11:06:25.628+0000] {logging_mixin.py:117} INFO - [2022-10-08T11:06:25.628+0000] {dag.py:3328} INFO - Setting next_dagrun for example_sla_dag to 2022-10-08T11:04:00+00:00, run_after=2022-10-08T11:06:00+00:00
[2022-10-08T11:06:25.645+0000] {processor.py:178} INFO - Processing /home/airflow/.local/lib/python3.7/site-packages/airflow/example_dags/example_sla_dag.py took 0.106 seconds
[2022-10-08T11:06:56.620+0000] {processor.py:156} INFO - Started process (PID=15832) to work on /home/airflow/.local/lib/python3.7/site-packages/airflow/example_dags/example_sla_dag.py
[2022-10-08T11:06:56.621+0000] {processor.py:758} INFO - Processing file /home/airflow/.local/lib/python3.7/site-packages/airflow/example_dags/example_sla_dag.py for tasks to queue
[2022-10-08T11:06:56.621+0000] {logging_mixin.py:117} INFO - [2022-10-08T11:06:56.621+0000] {dagbag.py:525} INFO - Filling up the DagBag from /home/airflow/.local/lib/python3.7/site-packages/airflow/example_dags/example_sla_dag.py
[2022-10-08T11:06:56.643+0000] {processor.py:768} INFO - DAG(s) dict_keys(['example_sla_dag']) retrieved from /home/airflow/.local/lib/python3.7/site-packages/airflow/example_dags/example_sla_dag.py
[2022-10-08T11:06:56.678+0000] {logging_mixin.py:117} INFO - [2022-10-08T11:06:56.677+0000] {dag.py:2573} INFO - Sync 1 DAGs
[2022-10-08T11:06:56.705+0000] {logging_mixin.py:117} INFO - [2022-10-08T11:06:56.705+0000] {dag.py:3328} INFO - Setting next_dagrun for example_sla_dag to 2022-10-08T11:04:00+00:00, run_after=2022-10-08T11:06:00+00:00
[2022-10-08T11:06:56.721+0000] {processor.py:178} INFO - Processing /home/airflow/.local/lib/python3.7/site-packages/airflow/example_dags/example_sla_dag.py took 0.104 seconds
