[2022-10-08T10:29:03.190+0000] {processor.py:156} INFO - Started process (PID=304) to work on /home/airflow/.local/lib/python3.7/site-packages/airflow/example_dags/example_skip_dag.py
[2022-10-08T10:29:03.191+0000] {processor.py:758} INFO - Processing file /home/airflow/.local/lib/python3.7/site-packages/airflow/example_dags/example_skip_dag.py for tasks to queue
[2022-10-08T10:29:03.192+0000] {logging_mixin.py:117} INFO - [2022-10-08T10:29:03.191+0000] {dagbag.py:525} INFO - Filling up the DagBag from /home/airflow/.local/lib/python3.7/site-packages/airflow/example_dags/example_skip_dag.py
[2022-10-08T10:29:03.206+0000] {processor.py:768} INFO - DAG(s) dict_keys(['example_skip_dag']) retrieved from /home/airflow/.local/lib/python3.7/site-packages/airflow/example_dags/example_skip_dag.py
[2022-10-08T10:29:03.453+0000] {logging_mixin.py:117} INFO - [2022-10-08T10:29:03.453+0000] {manager.py:507} INFO - Created Permission View: can edit on DAG:example_skip_dag
[2022-10-08T10:29:03.461+0000] {logging_mixin.py:117} INFO - [2022-10-08T10:29:03.461+0000] {manager.py:507} INFO - Created Permission View: can delete on DAG:example_skip_dag
[2022-10-08T10:29:03.471+0000] {logging_mixin.py:117} INFO - [2022-10-08T10:29:03.471+0000] {manager.py:507} INFO - Created Permission View: can read on DAG:example_skip_dag
[2022-10-08T10:29:03.471+0000] {logging_mixin.py:117} INFO - [2022-10-08T10:29:03.471+0000] {dag.py:2573} INFO - Sync 1 DAGs
[2022-10-08T10:29:03.488+0000] {logging_mixin.py:117} INFO - [2022-10-08T10:29:03.488+0000] {dag.py:2594} INFO - Creating ORM DAG for example_skip_dag
[2022-10-08T10:29:03.501+0000] {logging_mixin.py:117} INFO - [2022-10-08T10:29:03.501+0000] {dag.py:3328} INFO - Setting next_dagrun for example_skip_dag to 2022-10-07T10:29:03.501252+00:00, run_after=2022-10-08T10:29:03.501252+00:00
[2022-10-08T10:29:03.517+0000] {processor.py:178} INFO - Processing /home/airflow/.local/lib/python3.7/site-packages/airflow/example_dags/example_skip_dag.py took 0.329 seconds
[2022-10-08T10:29:33.756+0000] {processor.py:156} INFO - Started process (PID=504) to work on /home/airflow/.local/lib/python3.7/site-packages/airflow/example_dags/example_skip_dag.py
[2022-10-08T10:29:33.757+0000] {processor.py:758} INFO - Processing file /home/airflow/.local/lib/python3.7/site-packages/airflow/example_dags/example_skip_dag.py for tasks to queue
[2022-10-08T10:29:33.758+0000] {logging_mixin.py:117} INFO - [2022-10-08T10:29:33.758+0000] {dagbag.py:525} INFO - Filling up the DagBag from /home/airflow/.local/lib/python3.7/site-packages/airflow/example_dags/example_skip_dag.py
[2022-10-08T10:29:33.772+0000] {processor.py:768} INFO - DAG(s) dict_keys(['example_skip_dag']) retrieved from /home/airflow/.local/lib/python3.7/site-packages/airflow/example_dags/example_skip_dag.py
[2022-10-08T10:29:33.807+0000] {logging_mixin.py:117} INFO - [2022-10-08T10:29:33.807+0000] {dag.py:2573} INFO - Sync 1 DAGs
[2022-10-08T10:29:33.831+0000] {logging_mixin.py:117} INFO - [2022-10-08T10:29:33.831+0000] {dag.py:3328} INFO - Setting next_dagrun for example_skip_dag to 2022-10-07T10:29:33.830951+00:00, run_after=2022-10-08T10:29:33.830951+00:00
[2022-10-08T10:29:33.849+0000] {processor.py:178} INFO - Processing /home/airflow/.local/lib/python3.7/site-packages/airflow/example_dags/example_skip_dag.py took 0.095 seconds
[2022-10-08T10:30:04.133+0000] {processor.py:156} INFO - Started process (PID=711) to work on /home/airflow/.local/lib/python3.7/site-packages/airflow/example_dags/example_skip_dag.py
[2022-10-08T10:30:04.134+0000] {processor.py:758} INFO - Processing file /home/airflow/.local/lib/python3.7/site-packages/airflow/example_dags/example_skip_dag.py for tasks to queue
[2022-10-08T10:30:04.135+0000] {logging_mixin.py:117} INFO - [2022-10-08T10:30:04.134+0000] {dagbag.py:525} INFO - Filling up the DagBag from /home/airflow/.local/lib/python3.7/site-packages/airflow/example_dags/example_skip_dag.py
[2022-10-08T10:30:04.148+0000] {processor.py:768} INFO - DAG(s) dict_keys(['example_skip_dag']) retrieved from /home/airflow/.local/lib/python3.7/site-packages/airflow/example_dags/example_skip_dag.py
[2022-10-08T10:30:04.184+0000] {logging_mixin.py:117} INFO - [2022-10-08T10:30:04.184+0000] {dag.py:2573} INFO - Sync 1 DAGs
[2022-10-08T10:30:04.320+0000] {logging_mixin.py:117} INFO - [2022-10-08T10:30:04.320+0000] {dag.py:3328} INFO - Setting next_dagrun for example_skip_dag to 2022-10-07T10:30:04.320143+00:00, run_after=2022-10-08T10:30:04.320143+00:00
[2022-10-08T10:30:04.337+0000] {processor.py:178} INFO - Processing /home/airflow/.local/lib/python3.7/site-packages/airflow/example_dags/example_skip_dag.py took 0.206 seconds
[2022-10-08T10:30:35.143+0000] {processor.py:156} INFO - Started process (PID=918) to work on /home/airflow/.local/lib/python3.7/site-packages/airflow/example_dags/example_skip_dag.py
[2022-10-08T10:30:35.144+0000] {processor.py:758} INFO - Processing file /home/airflow/.local/lib/python3.7/site-packages/airflow/example_dags/example_skip_dag.py for tasks to queue
[2022-10-08T10:30:35.144+0000] {logging_mixin.py:117} INFO - [2022-10-08T10:30:35.144+0000] {dagbag.py:525} INFO - Filling up the DagBag from /home/airflow/.local/lib/python3.7/site-packages/airflow/example_dags/example_skip_dag.py
[2022-10-08T10:30:35.170+0000] {processor.py:768} INFO - DAG(s) dict_keys(['example_skip_dag']) retrieved from /home/airflow/.local/lib/python3.7/site-packages/airflow/example_dags/example_skip_dag.py
[2022-10-08T10:30:35.208+0000] {logging_mixin.py:117} INFO - [2022-10-08T10:30:35.208+0000] {dag.py:2573} INFO - Sync 1 DAGs
[2022-10-08T10:30:35.372+0000] {logging_mixin.py:117} INFO - [2022-10-08T10:30:35.372+0000] {dag.py:3328} INFO - Setting next_dagrun for example_skip_dag to 2022-10-07T10:30:35.372549+00:00, run_after=2022-10-08T10:30:35.372549+00:00
[2022-10-08T10:30:35.389+0000] {processor.py:178} INFO - Processing /home/airflow/.local/lib/python3.7/site-packages/airflow/example_dags/example_skip_dag.py took 0.249 seconds
[2022-10-08T10:31:06.002+0000] {processor.py:156} INFO - Started process (PID=1116) to work on /home/airflow/.local/lib/python3.7/site-packages/airflow/example_dags/example_skip_dag.py
[2022-10-08T10:31:06.003+0000] {processor.py:758} INFO - Processing file /home/airflow/.local/lib/python3.7/site-packages/airflow/example_dags/example_skip_dag.py for tasks to queue
[2022-10-08T10:31:06.004+0000] {logging_mixin.py:117} INFO - [2022-10-08T10:31:06.004+0000] {dagbag.py:525} INFO - Filling up the DagBag from /home/airflow/.local/lib/python3.7/site-packages/airflow/example_dags/example_skip_dag.py
[2022-10-08T10:31:06.021+0000] {processor.py:768} INFO - DAG(s) dict_keys(['example_skip_dag']) retrieved from /home/airflow/.local/lib/python3.7/site-packages/airflow/example_dags/example_skip_dag.py
[2022-10-08T10:31:06.185+0000] {logging_mixin.py:117} INFO - [2022-10-08T10:31:06.185+0000] {dag.py:2573} INFO - Sync 1 DAGs
[2022-10-08T10:31:06.209+0000] {logging_mixin.py:117} INFO - [2022-10-08T10:31:06.209+0000] {dag.py:3328} INFO - Setting next_dagrun for example_skip_dag to 2022-10-07T10:31:06.209314+00:00, run_after=2022-10-08T10:31:06.209314+00:00
[2022-10-08T10:31:06.226+0000] {processor.py:178} INFO - Processing /home/airflow/.local/lib/python3.7/site-packages/airflow/example_dags/example_skip_dag.py took 0.228 seconds
[2022-10-08T10:31:36.421+0000] {processor.py:156} INFO - Started process (PID=1323) to work on /home/airflow/.local/lib/python3.7/site-packages/airflow/example_dags/example_skip_dag.py
[2022-10-08T10:31:36.422+0000] {processor.py:758} INFO - Processing file /home/airflow/.local/lib/python3.7/site-packages/airflow/example_dags/example_skip_dag.py for tasks to queue
[2022-10-08T10:31:36.423+0000] {logging_mixin.py:117} INFO - [2022-10-08T10:31:36.423+0000] {dagbag.py:525} INFO - Filling up the DagBag from /home/airflow/.local/lib/python3.7/site-packages/airflow/example_dags/example_skip_dag.py
[2022-10-08T10:31:36.435+0000] {processor.py:768} INFO - DAG(s) dict_keys(['example_skip_dag']) retrieved from /home/airflow/.local/lib/python3.7/site-packages/airflow/example_dags/example_skip_dag.py
[2022-10-08T10:31:36.593+0000] {logging_mixin.py:117} INFO - [2022-10-08T10:31:36.593+0000] {dag.py:2573} INFO - Sync 1 DAGs
[2022-10-08T10:31:36.616+0000] {logging_mixin.py:117} INFO - [2022-10-08T10:31:36.616+0000] {dag.py:3328} INFO - Setting next_dagrun for example_skip_dag to 2022-10-07T10:31:36.616430+00:00, run_after=2022-10-08T10:31:36.616430+00:00
[2022-10-08T10:31:36.634+0000] {processor.py:178} INFO - Processing /home/airflow/.local/lib/python3.7/site-packages/airflow/example_dags/example_skip_dag.py took 0.215 seconds
[2022-10-08T10:32:08.009+0000] {processor.py:156} INFO - Started process (PID=1530) to work on /home/airflow/.local/lib/python3.7/site-packages/airflow/example_dags/example_skip_dag.py
[2022-10-08T10:32:08.010+0000] {processor.py:758} INFO - Processing file /home/airflow/.local/lib/python3.7/site-packages/airflow/example_dags/example_skip_dag.py for tasks to queue
[2022-10-08T10:32:08.010+0000] {logging_mixin.py:117} INFO - [2022-10-08T10:32:08.010+0000] {dagbag.py:525} INFO - Filling up the DagBag from /home/airflow/.local/lib/python3.7/site-packages/airflow/example_dags/example_skip_dag.py
[2022-10-08T10:32:08.154+0000] {processor.py:768} INFO - DAG(s) dict_keys(['example_skip_dag']) retrieved from /home/airflow/.local/lib/python3.7/site-packages/airflow/example_dags/example_skip_dag.py
[2022-10-08T10:32:08.188+0000] {logging_mixin.py:117} INFO - [2022-10-08T10:32:08.188+0000] {dag.py:2573} INFO - Sync 1 DAGs
[2022-10-08T10:32:08.212+0000] {logging_mixin.py:117} INFO - [2022-10-08T10:32:08.212+0000] {dag.py:3328} INFO - Setting next_dagrun for example_skip_dag to 2022-10-07T10:32:08.212190+00:00, run_after=2022-10-08T10:32:08.212190+00:00
[2022-10-08T10:32:08.228+0000] {processor.py:178} INFO - Processing /home/airflow/.local/lib/python3.7/site-packages/airflow/example_dags/example_skip_dag.py took 0.221 seconds
[2022-10-08T10:32:38.308+0000] {processor.py:156} INFO - Started process (PID=1730) to work on /home/airflow/.local/lib/python3.7/site-packages/airflow/example_dags/example_skip_dag.py
[2022-10-08T10:32:38.309+0000] {processor.py:758} INFO - Processing file /home/airflow/.local/lib/python3.7/site-packages/airflow/example_dags/example_skip_dag.py for tasks to queue
[2022-10-08T10:32:38.310+0000] {logging_mixin.py:117} INFO - [2022-10-08T10:32:38.309+0000] {dagbag.py:525} INFO - Filling up the DagBag from /home/airflow/.local/lib/python3.7/site-packages/airflow/example_dags/example_skip_dag.py
[2022-10-08T10:32:38.323+0000] {processor.py:768} INFO - DAG(s) dict_keys(['example_skip_dag']) retrieved from /home/airflow/.local/lib/python3.7/site-packages/airflow/example_dags/example_skip_dag.py
[2022-10-08T10:32:38.360+0000] {logging_mixin.py:117} INFO - [2022-10-08T10:32:38.360+0000] {dag.py:2573} INFO - Sync 1 DAGs
[2022-10-08T10:32:38.384+0000] {logging_mixin.py:117} INFO - [2022-10-08T10:32:38.384+0000] {dag.py:3328} INFO - Setting next_dagrun for example_skip_dag to 2022-10-07T10:32:38.384513+00:00, run_after=2022-10-08T10:32:38.384513+00:00
[2022-10-08T10:32:38.402+0000] {processor.py:178} INFO - Processing /home/airflow/.local/lib/python3.7/site-packages/airflow/example_dags/example_skip_dag.py took 0.096 seconds
[2022-10-08T10:33:08.616+0000] {processor.py:156} INFO - Started process (PID=1937) to work on /home/airflow/.local/lib/python3.7/site-packages/airflow/example_dags/example_skip_dag.py
[2022-10-08T10:33:08.617+0000] {processor.py:758} INFO - Processing file /home/airflow/.local/lib/python3.7/site-packages/airflow/example_dags/example_skip_dag.py for tasks to queue
[2022-10-08T10:33:08.618+0000] {logging_mixin.py:117} INFO - [2022-10-08T10:33:08.618+0000] {dagbag.py:525} INFO - Filling up the DagBag from /home/airflow/.local/lib/python3.7/site-packages/airflow/example_dags/example_skip_dag.py
[2022-10-08T10:33:08.631+0000] {processor.py:768} INFO - DAG(s) dict_keys(['example_skip_dag']) retrieved from /home/airflow/.local/lib/python3.7/site-packages/airflow/example_dags/example_skip_dag.py
[2022-10-08T10:33:08.667+0000] {logging_mixin.py:117} INFO - [2022-10-08T10:33:08.667+0000] {dag.py:2573} INFO - Sync 1 DAGs
[2022-10-08T10:33:08.691+0000] {logging_mixin.py:117} INFO - [2022-10-08T10:33:08.691+0000] {dag.py:3328} INFO - Setting next_dagrun for example_skip_dag to 2022-10-07T10:33:08.691212+00:00, run_after=2022-10-08T10:33:08.691212+00:00
[2022-10-08T10:33:08.708+0000] {processor.py:178} INFO - Processing /home/airflow/.local/lib/python3.7/site-packages/airflow/example_dags/example_skip_dag.py took 0.094 seconds
[2022-10-08T10:33:39.436+0000] {processor.py:156} INFO - Started process (PID=2142) to work on /home/airflow/.local/lib/python3.7/site-packages/airflow/example_dags/example_skip_dag.py
[2022-10-08T10:33:39.436+0000] {processor.py:758} INFO - Processing file /home/airflow/.local/lib/python3.7/site-packages/airflow/example_dags/example_skip_dag.py for tasks to queue
[2022-10-08T10:33:39.437+0000] {logging_mixin.py:117} INFO - [2022-10-08T10:33:39.437+0000] {dagbag.py:525} INFO - Filling up the DagBag from /home/airflow/.local/lib/python3.7/site-packages/airflow/example_dags/example_skip_dag.py
[2022-10-08T10:33:39.451+0000] {processor.py:768} INFO - DAG(s) dict_keys(['example_skip_dag']) retrieved from /home/airflow/.local/lib/python3.7/site-packages/airflow/example_dags/example_skip_dag.py
[2022-10-08T10:33:39.492+0000] {logging_mixin.py:117} INFO - [2022-10-08T10:33:39.492+0000] {dag.py:2573} INFO - Sync 1 DAGs
[2022-10-08T10:33:39.516+0000] {logging_mixin.py:117} INFO - [2022-10-08T10:33:39.516+0000] {dag.py:3328} INFO - Setting next_dagrun for example_skip_dag to 2022-10-07T10:33:39.515810+00:00, run_after=2022-10-08T10:33:39.515810+00:00
[2022-10-08T10:33:39.534+0000] {processor.py:178} INFO - Processing /home/airflow/.local/lib/python3.7/site-packages/airflow/example_dags/example_skip_dag.py took 0.100 seconds
[2022-10-08T10:34:10.472+0000] {processor.py:156} INFO - Started process (PID=2349) to work on /home/airflow/.local/lib/python3.7/site-packages/airflow/example_dags/example_skip_dag.py
[2022-10-08T10:34:10.473+0000] {processor.py:758} INFO - Processing file /home/airflow/.local/lib/python3.7/site-packages/airflow/example_dags/example_skip_dag.py for tasks to queue
[2022-10-08T10:34:10.473+0000] {logging_mixin.py:117} INFO - [2022-10-08T10:34:10.473+0000] {dagbag.py:525} INFO - Filling up the DagBag from /home/airflow/.local/lib/python3.7/site-packages/airflow/example_dags/example_skip_dag.py
[2022-10-08T10:34:10.486+0000] {processor.py:768} INFO - DAG(s) dict_keys(['example_skip_dag']) retrieved from /home/airflow/.local/lib/python3.7/site-packages/airflow/example_dags/example_skip_dag.py
[2022-10-08T10:34:10.522+0000] {logging_mixin.py:117} INFO - [2022-10-08T10:34:10.521+0000] {dag.py:2573} INFO - Sync 1 DAGs
[2022-10-08T10:34:10.581+0000] {logging_mixin.py:117} INFO - [2022-10-08T10:34:10.581+0000] {dag.py:3328} INFO - Setting next_dagrun for example_skip_dag to 2022-10-07T10:34:10.581168+00:00, run_after=2022-10-08T10:34:10.581168+00:00
[2022-10-08T10:34:10.597+0000] {processor.py:178} INFO - Processing /home/airflow/.local/lib/python3.7/site-packages/airflow/example_dags/example_skip_dag.py took 0.128 seconds
[2022-10-08T10:34:41.172+0000] {processor.py:156} INFO - Started process (PID=2547) to work on /home/airflow/.local/lib/python3.7/site-packages/airflow/example_dags/example_skip_dag.py
[2022-10-08T10:34:41.173+0000] {processor.py:758} INFO - Processing file /home/airflow/.local/lib/python3.7/site-packages/airflow/example_dags/example_skip_dag.py for tasks to queue
[2022-10-08T10:34:41.174+0000] {logging_mixin.py:117} INFO - [2022-10-08T10:34:41.174+0000] {dagbag.py:525} INFO - Filling up the DagBag from /home/airflow/.local/lib/python3.7/site-packages/airflow/example_dags/example_skip_dag.py
[2022-10-08T10:34:41.187+0000] {processor.py:768} INFO - DAG(s) dict_keys(['example_skip_dag']) retrieved from /home/airflow/.local/lib/python3.7/site-packages/airflow/example_dags/example_skip_dag.py
[2022-10-08T10:34:41.223+0000] {logging_mixin.py:117} INFO - [2022-10-08T10:34:41.223+0000] {dag.py:2573} INFO - Sync 1 DAGs
[2022-10-08T10:34:41.247+0000] {logging_mixin.py:117} INFO - [2022-10-08T10:34:41.247+0000] {dag.py:3328} INFO - Setting next_dagrun for example_skip_dag to 2022-10-07T10:34:41.247392+00:00, run_after=2022-10-08T10:34:41.247392+00:00
[2022-10-08T10:34:41.276+0000] {processor.py:178} INFO - Processing /home/airflow/.local/lib/python3.7/site-packages/airflow/example_dags/example_skip_dag.py took 0.106 seconds
[2022-10-08T10:35:11.975+0000] {processor.py:156} INFO - Started process (PID=2754) to work on /home/airflow/.local/lib/python3.7/site-packages/airflow/example_dags/example_skip_dag.py
[2022-10-08T10:35:11.976+0000] {processor.py:758} INFO - Processing file /home/airflow/.local/lib/python3.7/site-packages/airflow/example_dags/example_skip_dag.py for tasks to queue
[2022-10-08T10:35:11.976+0000] {logging_mixin.py:117} INFO - [2022-10-08T10:35:11.976+0000] {dagbag.py:525} INFO - Filling up the DagBag from /home/airflow/.local/lib/python3.7/site-packages/airflow/example_dags/example_skip_dag.py
[2022-10-08T10:35:11.989+0000] {processor.py:768} INFO - DAG(s) dict_keys(['example_skip_dag']) retrieved from /home/airflow/.local/lib/python3.7/site-packages/airflow/example_dags/example_skip_dag.py
[2022-10-08T10:35:12.026+0000] {logging_mixin.py:117} INFO - [2022-10-08T10:35:12.026+0000] {dag.py:2573} INFO - Sync 1 DAGs
[2022-10-08T10:35:12.051+0000] {logging_mixin.py:117} INFO - [2022-10-08T10:35:12.051+0000] {dag.py:3328} INFO - Setting next_dagrun for example_skip_dag to 2022-10-07T10:35:12.051006+00:00, run_after=2022-10-08T10:35:12.051006+00:00
[2022-10-08T10:35:12.077+0000] {processor.py:178} INFO - Processing /home/airflow/.local/lib/python3.7/site-packages/airflow/example_dags/example_skip_dag.py took 0.105 seconds
[2022-10-08T10:35:43.875+0000] {processor.py:156} INFO - Started process (PID=2961) to work on /home/airflow/.local/lib/python3.7/site-packages/airflow/example_dags/example_skip_dag.py
[2022-10-08T10:35:43.876+0000] {processor.py:758} INFO - Processing file /home/airflow/.local/lib/python3.7/site-packages/airflow/example_dags/example_skip_dag.py for tasks to queue
[2022-10-08T10:35:43.877+0000] {logging_mixin.py:117} INFO - [2022-10-08T10:35:43.876+0000] {dagbag.py:525} INFO - Filling up the DagBag from /home/airflow/.local/lib/python3.7/site-packages/airflow/example_dags/example_skip_dag.py
[2022-10-08T10:35:43.895+0000] {processor.py:768} INFO - DAG(s) dict_keys(['example_skip_dag']) retrieved from /home/airflow/.local/lib/python3.7/site-packages/airflow/example_dags/example_skip_dag.py
[2022-10-08T10:35:44.077+0000] {logging_mixin.py:117} INFO - [2022-10-08T10:35:44.077+0000] {dag.py:2573} INFO - Sync 1 DAGs
[2022-10-08T10:35:44.174+0000] {logging_mixin.py:117} INFO - [2022-10-08T10:35:44.174+0000] {dag.py:3328} INFO - Setting next_dagrun for example_skip_dag to 2022-10-07T10:35:44.174123+00:00, run_after=2022-10-08T10:35:44.174123+00:00
[2022-10-08T10:35:44.194+0000] {processor.py:178} INFO - Processing /home/airflow/.local/lib/python3.7/site-packages/airflow/example_dags/example_skip_dag.py took 0.323 seconds
[2022-10-08T10:36:15.079+0000] {processor.py:156} INFO - Started process (PID=3161) to work on /home/airflow/.local/lib/python3.7/site-packages/airflow/example_dags/example_skip_dag.py
[2022-10-08T10:36:15.080+0000] {processor.py:758} INFO - Processing file /home/airflow/.local/lib/python3.7/site-packages/airflow/example_dags/example_skip_dag.py for tasks to queue
[2022-10-08T10:36:15.080+0000] {logging_mixin.py:117} INFO - [2022-10-08T10:36:15.080+0000] {dagbag.py:525} INFO - Filling up the DagBag from /home/airflow/.local/lib/python3.7/site-packages/airflow/example_dags/example_skip_dag.py
[2022-10-08T10:36:15.093+0000] {processor.py:768} INFO - DAG(s) dict_keys(['example_skip_dag']) retrieved from /home/airflow/.local/lib/python3.7/site-packages/airflow/example_dags/example_skip_dag.py
[2022-10-08T10:36:15.129+0000] {logging_mixin.py:117} INFO - [2022-10-08T10:36:15.129+0000] {dag.py:2573} INFO - Sync 1 DAGs
[2022-10-08T10:36:15.155+0000] {logging_mixin.py:117} INFO - [2022-10-08T10:36:15.155+0000] {dag.py:3328} INFO - Setting next_dagrun for example_skip_dag to 2022-10-07T10:36:15.155010+00:00, run_after=2022-10-08T10:36:15.155010+00:00
[2022-10-08T10:36:15.172+0000] {processor.py:178} INFO - Processing /home/airflow/.local/lib/python3.7/site-packages/airflow/example_dags/example_skip_dag.py took 0.095 seconds
[2022-10-08T10:36:46.057+0000] {processor.py:156} INFO - Started process (PID=3368) to work on /home/airflow/.local/lib/python3.7/site-packages/airflow/example_dags/example_skip_dag.py
[2022-10-08T10:36:46.058+0000] {processor.py:758} INFO - Processing file /home/airflow/.local/lib/python3.7/site-packages/airflow/example_dags/example_skip_dag.py for tasks to queue
[2022-10-08T10:36:46.058+0000] {logging_mixin.py:117} INFO - [2022-10-08T10:36:46.058+0000] {dagbag.py:525} INFO - Filling up the DagBag from /home/airflow/.local/lib/python3.7/site-packages/airflow/example_dags/example_skip_dag.py
[2022-10-08T10:36:46.071+0000] {processor.py:768} INFO - DAG(s) dict_keys(['example_skip_dag']) retrieved from /home/airflow/.local/lib/python3.7/site-packages/airflow/example_dags/example_skip_dag.py
[2022-10-08T10:36:46.108+0000] {logging_mixin.py:117} INFO - [2022-10-08T10:36:46.108+0000] {dag.py:2573} INFO - Sync 1 DAGs
[2022-10-08T10:36:46.133+0000] {logging_mixin.py:117} INFO - [2022-10-08T10:36:46.132+0000] {dag.py:3328} INFO - Setting next_dagrun for example_skip_dag to 2022-10-07T10:36:46.132788+00:00, run_after=2022-10-08T10:36:46.132788+00:00
[2022-10-08T10:36:46.149+0000] {processor.py:178} INFO - Processing /home/airflow/.local/lib/python3.7/site-packages/airflow/example_dags/example_skip_dag.py took 0.095 seconds
[2022-10-08T10:37:16.484+0000] {processor.py:156} INFO - Started process (PID=3572) to work on /home/airflow/.local/lib/python3.7/site-packages/airflow/example_dags/example_skip_dag.py
[2022-10-08T10:37:16.485+0000] {processor.py:758} INFO - Processing file /home/airflow/.local/lib/python3.7/site-packages/airflow/example_dags/example_skip_dag.py for tasks to queue
[2022-10-08T10:37:16.485+0000] {logging_mixin.py:117} INFO - [2022-10-08T10:37:16.485+0000] {dagbag.py:525} INFO - Filling up the DagBag from /home/airflow/.local/lib/python3.7/site-packages/airflow/example_dags/example_skip_dag.py
[2022-10-08T10:37:16.498+0000] {processor.py:768} INFO - DAG(s) dict_keys(['example_skip_dag']) retrieved from /home/airflow/.local/lib/python3.7/site-packages/airflow/example_dags/example_skip_dag.py
[2022-10-08T10:37:16.534+0000] {logging_mixin.py:117} INFO - [2022-10-08T10:37:16.533+0000] {dag.py:2573} INFO - Sync 1 DAGs
[2022-10-08T10:37:16.565+0000] {logging_mixin.py:117} INFO - [2022-10-08T10:37:16.565+0000] {dag.py:3328} INFO - Setting next_dagrun for example_skip_dag to 2022-10-07T10:37:16.565279+00:00, run_after=2022-10-08T10:37:16.565279+00:00
[2022-10-08T10:37:16.582+0000] {processor.py:178} INFO - Processing /home/airflow/.local/lib/python3.7/site-packages/airflow/example_dags/example_skip_dag.py took 0.100 seconds
[2022-10-08T10:37:47.055+0000] {processor.py:156} INFO - Started process (PID=3770) to work on /home/airflow/.local/lib/python3.7/site-packages/airflow/example_dags/example_skip_dag.py
[2022-10-08T10:37:47.056+0000] {processor.py:758} INFO - Processing file /home/airflow/.local/lib/python3.7/site-packages/airflow/example_dags/example_skip_dag.py for tasks to queue
[2022-10-08T10:37:47.057+0000] {logging_mixin.py:117} INFO - [2022-10-08T10:37:47.056+0000] {dagbag.py:525} INFO - Filling up the DagBag from /home/airflow/.local/lib/python3.7/site-packages/airflow/example_dags/example_skip_dag.py
[2022-10-08T10:37:47.071+0000] {processor.py:768} INFO - DAG(s) dict_keys(['example_skip_dag']) retrieved from /home/airflow/.local/lib/python3.7/site-packages/airflow/example_dags/example_skip_dag.py
[2022-10-08T10:37:47.107+0000] {logging_mixin.py:117} INFO - [2022-10-08T10:37:47.107+0000] {dag.py:2573} INFO - Sync 1 DAGs
[2022-10-08T10:37:47.133+0000] {logging_mixin.py:117} INFO - [2022-10-08T10:37:47.133+0000] {dag.py:3328} INFO - Setting next_dagrun for example_skip_dag to 2022-10-07T10:37:47.133448+00:00, run_after=2022-10-08T10:37:47.133448+00:00
[2022-10-08T10:37:47.152+0000] {processor.py:178} INFO - Processing /home/airflow/.local/lib/python3.7/site-packages/airflow/example_dags/example_skip_dag.py took 0.100 seconds
[2022-10-08T10:38:17.647+0000] {processor.py:156} INFO - Started process (PID=3977) to work on /home/airflow/.local/lib/python3.7/site-packages/airflow/example_dags/example_skip_dag.py
[2022-10-08T10:38:17.647+0000] {processor.py:758} INFO - Processing file /home/airflow/.local/lib/python3.7/site-packages/airflow/example_dags/example_skip_dag.py for tasks to queue
[2022-10-08T10:38:17.648+0000] {logging_mixin.py:117} INFO - [2022-10-08T10:38:17.648+0000] {dagbag.py:525} INFO - Filling up the DagBag from /home/airflow/.local/lib/python3.7/site-packages/airflow/example_dags/example_skip_dag.py
[2022-10-08T10:38:17.666+0000] {processor.py:768} INFO - DAG(s) dict_keys(['example_skip_dag']) retrieved from /home/airflow/.local/lib/python3.7/site-packages/airflow/example_dags/example_skip_dag.py
[2022-10-08T10:38:17.705+0000] {logging_mixin.py:117} INFO - [2022-10-08T10:38:17.705+0000] {dag.py:2573} INFO - Sync 1 DAGs
[2022-10-08T10:38:17.731+0000] {logging_mixin.py:117} INFO - [2022-10-08T10:38:17.731+0000] {dag.py:3328} INFO - Setting next_dagrun for example_skip_dag to 2022-10-07T10:38:17.731162+00:00, run_after=2022-10-08T10:38:17.731162+00:00
[2022-10-08T10:38:17.748+0000] {processor.py:178} INFO - Processing /home/airflow/.local/lib/python3.7/site-packages/airflow/example_dags/example_skip_dag.py took 0.104 seconds
[2022-10-08T10:38:48.400+0000] {processor.py:156} INFO - Started process (PID=4184) to work on /home/airflow/.local/lib/python3.7/site-packages/airflow/example_dags/example_skip_dag.py
[2022-10-08T10:38:48.401+0000] {processor.py:758} INFO - Processing file /home/airflow/.local/lib/python3.7/site-packages/airflow/example_dags/example_skip_dag.py for tasks to queue
[2022-10-08T10:38:48.401+0000] {logging_mixin.py:117} INFO - [2022-10-08T10:38:48.401+0000] {dagbag.py:525} INFO - Filling up the DagBag from /home/airflow/.local/lib/python3.7/site-packages/airflow/example_dags/example_skip_dag.py
[2022-10-08T10:38:48.413+0000] {processor.py:768} INFO - DAG(s) dict_keys(['example_skip_dag']) retrieved from /home/airflow/.local/lib/python3.7/site-packages/airflow/example_dags/example_skip_dag.py
[2022-10-08T10:38:48.450+0000] {logging_mixin.py:117} INFO - [2022-10-08T10:38:48.449+0000] {dag.py:2573} INFO - Sync 1 DAGs
[2022-10-08T10:38:48.476+0000] {logging_mixin.py:117} INFO - [2022-10-08T10:38:48.476+0000] {dag.py:3328} INFO - Setting next_dagrun for example_skip_dag to 2022-10-07T10:38:48.475804+00:00, run_after=2022-10-08T10:38:48.475804+00:00
[2022-10-08T10:38:48.493+0000] {processor.py:178} INFO - Processing /home/airflow/.local/lib/python3.7/site-packages/airflow/example_dags/example_skip_dag.py took 0.096 seconds
[2022-10-08T10:39:18.859+0000] {processor.py:156} INFO - Started process (PID=4382) to work on /home/airflow/.local/lib/python3.7/site-packages/airflow/example_dags/example_skip_dag.py
[2022-10-08T10:39:18.860+0000] {processor.py:758} INFO - Processing file /home/airflow/.local/lib/python3.7/site-packages/airflow/example_dags/example_skip_dag.py for tasks to queue
[2022-10-08T10:39:18.862+0000] {logging_mixin.py:117} INFO - [2022-10-08T10:39:18.861+0000] {dagbag.py:525} INFO - Filling up the DagBag from /home/airflow/.local/lib/python3.7/site-packages/airflow/example_dags/example_skip_dag.py
[2022-10-08T10:39:18.875+0000] {processor.py:768} INFO - DAG(s) dict_keys(['example_skip_dag']) retrieved from /home/airflow/.local/lib/python3.7/site-packages/airflow/example_dags/example_skip_dag.py
[2022-10-08T10:39:18.913+0000] {logging_mixin.py:117} INFO - [2022-10-08T10:39:18.913+0000] {dag.py:2573} INFO - Sync 1 DAGs
[2022-10-08T10:39:18.940+0000] {logging_mixin.py:117} INFO - [2022-10-08T10:39:18.940+0000] {dag.py:3328} INFO - Setting next_dagrun for example_skip_dag to 2022-10-07T10:39:18.940316+00:00, run_after=2022-10-08T10:39:18.940316+00:00
[2022-10-08T10:39:18.965+0000] {processor.py:178} INFO - Processing /home/airflow/.local/lib/python3.7/site-packages/airflow/example_dags/example_skip_dag.py took 0.108 seconds
[2022-10-08T10:39:49.592+0000] {processor.py:156} INFO - Started process (PID=4589) to work on /home/airflow/.local/lib/python3.7/site-packages/airflow/example_dags/example_skip_dag.py
[2022-10-08T10:39:49.593+0000] {processor.py:758} INFO - Processing file /home/airflow/.local/lib/python3.7/site-packages/airflow/example_dags/example_skip_dag.py for tasks to queue
[2022-10-08T10:39:49.593+0000] {logging_mixin.py:117} INFO - [2022-10-08T10:39:49.593+0000] {dagbag.py:525} INFO - Filling up the DagBag from /home/airflow/.local/lib/python3.7/site-packages/airflow/example_dags/example_skip_dag.py
[2022-10-08T10:39:49.606+0000] {processor.py:768} INFO - DAG(s) dict_keys(['example_skip_dag']) retrieved from /home/airflow/.local/lib/python3.7/site-packages/airflow/example_dags/example_skip_dag.py
[2022-10-08T10:39:49.640+0000] {logging_mixin.py:117} INFO - [2022-10-08T10:39:49.640+0000] {dag.py:2573} INFO - Sync 1 DAGs
[2022-10-08T10:39:49.675+0000] {logging_mixin.py:117} INFO - [2022-10-08T10:39:49.675+0000] {dag.py:3328} INFO - Setting next_dagrun for example_skip_dag to 2022-10-07T10:39:49.675411+00:00, run_after=2022-10-08T10:39:49.675411+00:00
[2022-10-08T10:39:49.695+0000] {processor.py:178} INFO - Processing /home/airflow/.local/lib/python3.7/site-packages/airflow/example_dags/example_skip_dag.py took 0.105 seconds
[2022-10-08T10:40:20.252+0000] {processor.py:156} INFO - Started process (PID=4796) to work on /home/airflow/.local/lib/python3.7/site-packages/airflow/example_dags/example_skip_dag.py
[2022-10-08T10:40:20.252+0000] {processor.py:758} INFO - Processing file /home/airflow/.local/lib/python3.7/site-packages/airflow/example_dags/example_skip_dag.py for tasks to queue
[2022-10-08T10:40:20.253+0000] {logging_mixin.py:117} INFO - [2022-10-08T10:40:20.253+0000] {dagbag.py:525} INFO - Filling up the DagBag from /home/airflow/.local/lib/python3.7/site-packages/airflow/example_dags/example_skip_dag.py
[2022-10-08T10:40:20.267+0000] {processor.py:768} INFO - DAG(s) dict_keys(['example_skip_dag']) retrieved from /home/airflow/.local/lib/python3.7/site-packages/airflow/example_dags/example_skip_dag.py
[2022-10-08T10:40:20.305+0000] {logging_mixin.py:117} INFO - [2022-10-08T10:40:20.305+0000] {dag.py:2573} INFO - Sync 1 DAGs
[2022-10-08T10:40:20.333+0000] {logging_mixin.py:117} INFO - [2022-10-08T10:40:20.333+0000] {dag.py:3328} INFO - Setting next_dagrun for example_skip_dag to 2022-10-07T10:40:20.333135+00:00, run_after=2022-10-08T10:40:20.333135+00:00
[2022-10-08T10:40:20.351+0000] {processor.py:178} INFO - Processing /home/airflow/.local/lib/python3.7/site-packages/airflow/example_dags/example_skip_dag.py took 0.101 seconds
[2022-10-08T10:40:50.866+0000] {processor.py:156} INFO - Started process (PID=4994) to work on /home/airflow/.local/lib/python3.7/site-packages/airflow/example_dags/example_skip_dag.py
[2022-10-08T10:40:50.867+0000] {processor.py:758} INFO - Processing file /home/airflow/.local/lib/python3.7/site-packages/airflow/example_dags/example_skip_dag.py for tasks to queue
[2022-10-08T10:40:50.868+0000] {logging_mixin.py:117} INFO - [2022-10-08T10:40:50.868+0000] {dagbag.py:525} INFO - Filling up the DagBag from /home/airflow/.local/lib/python3.7/site-packages/airflow/example_dags/example_skip_dag.py
[2022-10-08T10:40:50.881+0000] {processor.py:768} INFO - DAG(s) dict_keys(['example_skip_dag']) retrieved from /home/airflow/.local/lib/python3.7/site-packages/airflow/example_dags/example_skip_dag.py
[2022-10-08T10:40:50.919+0000] {logging_mixin.py:117} INFO - [2022-10-08T10:40:50.919+0000] {dag.py:2573} INFO - Sync 1 DAGs
[2022-10-08T10:40:50.943+0000] {logging_mixin.py:117} INFO - [2022-10-08T10:40:50.943+0000] {dag.py:3328} INFO - Setting next_dagrun for example_skip_dag to 2022-10-07T10:40:50.942886+00:00, run_after=2022-10-08T10:40:50.942886+00:00
[2022-10-08T10:40:50.961+0000] {processor.py:178} INFO - Processing /home/airflow/.local/lib/python3.7/site-packages/airflow/example_dags/example_skip_dag.py took 0.097 seconds
[2022-10-08T10:41:21.548+0000] {processor.py:156} INFO - Started process (PID=5202) to work on /home/airflow/.local/lib/python3.7/site-packages/airflow/example_dags/example_skip_dag.py
[2022-10-08T10:41:21.548+0000] {processor.py:758} INFO - Processing file /home/airflow/.local/lib/python3.7/site-packages/airflow/example_dags/example_skip_dag.py for tasks to queue
[2022-10-08T10:41:21.549+0000] {logging_mixin.py:117} INFO - [2022-10-08T10:41:21.549+0000] {dagbag.py:525} INFO - Filling up the DagBag from /home/airflow/.local/lib/python3.7/site-packages/airflow/example_dags/example_skip_dag.py
[2022-10-08T10:41:21.562+0000] {processor.py:768} INFO - DAG(s) dict_keys(['example_skip_dag']) retrieved from /home/airflow/.local/lib/python3.7/site-packages/airflow/example_dags/example_skip_dag.py
[2022-10-08T10:41:21.599+0000] {logging_mixin.py:117} INFO - [2022-10-08T10:41:21.599+0000] {dag.py:2573} INFO - Sync 1 DAGs
[2022-10-08T10:41:21.623+0000] {logging_mixin.py:117} INFO - [2022-10-08T10:41:21.623+0000] {dag.py:3328} INFO - Setting next_dagrun for example_skip_dag to 2022-10-07T10:41:21.623508+00:00, run_after=2022-10-08T10:41:21.623508+00:00
[2022-10-08T10:41:21.643+0000] {processor.py:178} INFO - Processing /home/airflow/.local/lib/python3.7/site-packages/airflow/example_dags/example_skip_dag.py took 0.098 seconds
[2022-10-08T10:41:52.073+0000] {processor.py:156} INFO - Started process (PID=5409) to work on /home/airflow/.local/lib/python3.7/site-packages/airflow/example_dags/example_skip_dag.py
[2022-10-08T10:41:52.074+0000] {processor.py:758} INFO - Processing file /home/airflow/.local/lib/python3.7/site-packages/airflow/example_dags/example_skip_dag.py for tasks to queue
[2022-10-08T10:41:52.075+0000] {logging_mixin.py:117} INFO - [2022-10-08T10:41:52.075+0000] {dagbag.py:525} INFO - Filling up the DagBag from /home/airflow/.local/lib/python3.7/site-packages/airflow/example_dags/example_skip_dag.py
[2022-10-08T10:41:52.089+0000] {processor.py:768} INFO - DAG(s) dict_keys(['example_skip_dag']) retrieved from /home/airflow/.local/lib/python3.7/site-packages/airflow/example_dags/example_skip_dag.py
[2022-10-08T10:41:52.125+0000] {logging_mixin.py:117} INFO - [2022-10-08T10:41:52.125+0000] {dag.py:2573} INFO - Sync 1 DAGs
[2022-10-08T10:41:52.151+0000] {logging_mixin.py:117} INFO - [2022-10-08T10:41:52.150+0000] {dag.py:3328} INFO - Setting next_dagrun for example_skip_dag to 2022-10-07T10:41:52.150745+00:00, run_after=2022-10-08T10:41:52.150745+00:00
[2022-10-08T10:41:52.169+0000] {processor.py:178} INFO - Processing /home/airflow/.local/lib/python3.7/site-packages/airflow/example_dags/example_skip_dag.py took 0.100 seconds
[2022-10-08T10:42:22.667+0000] {processor.py:156} INFO - Started process (PID=5616) to work on /home/airflow/.local/lib/python3.7/site-packages/airflow/example_dags/example_skip_dag.py
[2022-10-08T10:42:22.667+0000] {processor.py:758} INFO - Processing file /home/airflow/.local/lib/python3.7/site-packages/airflow/example_dags/example_skip_dag.py for tasks to queue
[2022-10-08T10:42:22.668+0000] {logging_mixin.py:117} INFO - [2022-10-08T10:42:22.668+0000] {dagbag.py:525} INFO - Filling up the DagBag from /home/airflow/.local/lib/python3.7/site-packages/airflow/example_dags/example_skip_dag.py
[2022-10-08T10:42:22.681+0000] {processor.py:768} INFO - DAG(s) dict_keys(['example_skip_dag']) retrieved from /home/airflow/.local/lib/python3.7/site-packages/airflow/example_dags/example_skip_dag.py
[2022-10-08T10:42:22.717+0000] {logging_mixin.py:117} INFO - [2022-10-08T10:42:22.717+0000] {dag.py:2573} INFO - Sync 1 DAGs
[2022-10-08T10:42:22.742+0000] {logging_mixin.py:117} INFO - [2022-10-08T10:42:22.742+0000] {dag.py:3328} INFO - Setting next_dagrun for example_skip_dag to 2022-10-07T10:42:22.742312+00:00, run_after=2022-10-08T10:42:22.742312+00:00
[2022-10-08T10:42:22.759+0000] {processor.py:178} INFO - Processing /home/airflow/.local/lib/python3.7/site-packages/airflow/example_dags/example_skip_dag.py took 0.095 seconds
[2022-10-08T10:42:53.303+0000] {processor.py:156} INFO - Started process (PID=5814) to work on /home/airflow/.local/lib/python3.7/site-packages/airflow/example_dags/example_skip_dag.py
[2022-10-08T10:42:53.304+0000] {processor.py:758} INFO - Processing file /home/airflow/.local/lib/python3.7/site-packages/airflow/example_dags/example_skip_dag.py for tasks to queue
[2022-10-08T10:42:53.305+0000] {logging_mixin.py:117} INFO - [2022-10-08T10:42:53.305+0000] {dagbag.py:525} INFO - Filling up the DagBag from /home/airflow/.local/lib/python3.7/site-packages/airflow/example_dags/example_skip_dag.py
[2022-10-08T10:42:53.318+0000] {processor.py:768} INFO - DAG(s) dict_keys(['example_skip_dag']) retrieved from /home/airflow/.local/lib/python3.7/site-packages/airflow/example_dags/example_skip_dag.py
[2022-10-08T10:42:53.356+0000] {logging_mixin.py:117} INFO - [2022-10-08T10:42:53.356+0000] {dag.py:2573} INFO - Sync 1 DAGs
[2022-10-08T10:42:53.382+0000] {logging_mixin.py:117} INFO - [2022-10-08T10:42:53.382+0000] {dag.py:3328} INFO - Setting next_dagrun for example_skip_dag to 2022-10-07T10:42:53.381856+00:00, run_after=2022-10-08T10:42:53.381856+00:00
[2022-10-08T10:42:53.399+0000] {processor.py:178} INFO - Processing /home/airflow/.local/lib/python3.7/site-packages/airflow/example_dags/example_skip_dag.py took 0.098 seconds
[2022-10-08T10:43:24.268+0000] {processor.py:156} INFO - Started process (PID=6021) to work on /home/airflow/.local/lib/python3.7/site-packages/airflow/example_dags/example_skip_dag.py
[2022-10-08T10:43:24.269+0000] {processor.py:758} INFO - Processing file /home/airflow/.local/lib/python3.7/site-packages/airflow/example_dags/example_skip_dag.py for tasks to queue
[2022-10-08T10:43:24.270+0000] {logging_mixin.py:117} INFO - [2022-10-08T10:43:24.270+0000] {dagbag.py:525} INFO - Filling up the DagBag from /home/airflow/.local/lib/python3.7/site-packages/airflow/example_dags/example_skip_dag.py
[2022-10-08T10:43:24.283+0000] {processor.py:768} INFO - DAG(s) dict_keys(['example_skip_dag']) retrieved from /home/airflow/.local/lib/python3.7/site-packages/airflow/example_dags/example_skip_dag.py
[2022-10-08T10:43:24.320+0000] {logging_mixin.py:117} INFO - [2022-10-08T10:43:24.320+0000] {dag.py:2573} INFO - Sync 1 DAGs
[2022-10-08T10:43:24.345+0000] {logging_mixin.py:117} INFO - [2022-10-08T10:43:24.345+0000] {dag.py:3328} INFO - Setting next_dagrun for example_skip_dag to 2022-10-07T10:43:24.345300+00:00, run_after=2022-10-08T10:43:24.345300+00:00
[2022-10-08T10:43:24.362+0000] {processor.py:178} INFO - Processing /home/airflow/.local/lib/python3.7/site-packages/airflow/example_dags/example_skip_dag.py took 0.097 seconds
[2022-10-08T10:43:54.742+0000] {processor.py:156} INFO - Started process (PID=6229) to work on /home/airflow/.local/lib/python3.7/site-packages/airflow/example_dags/example_skip_dag.py
[2022-10-08T10:43:54.743+0000] {processor.py:758} INFO - Processing file /home/airflow/.local/lib/python3.7/site-packages/airflow/example_dags/example_skip_dag.py for tasks to queue
[2022-10-08T10:43:54.743+0000] {logging_mixin.py:117} INFO - [2022-10-08T10:43:54.743+0000] {dagbag.py:525} INFO - Filling up the DagBag from /home/airflow/.local/lib/python3.7/site-packages/airflow/example_dags/example_skip_dag.py
[2022-10-08T10:43:54.757+0000] {processor.py:768} INFO - DAG(s) dict_keys(['example_skip_dag']) retrieved from /home/airflow/.local/lib/python3.7/site-packages/airflow/example_dags/example_skip_dag.py
[2022-10-08T10:43:54.795+0000] {logging_mixin.py:117} INFO - [2022-10-08T10:43:54.794+0000] {dag.py:2573} INFO - Sync 1 DAGs
[2022-10-08T10:43:54.819+0000] {logging_mixin.py:117} INFO - [2022-10-08T10:43:54.819+0000] {dag.py:3328} INFO - Setting next_dagrun for example_skip_dag to 2022-10-07T10:43:54.819520+00:00, run_after=2022-10-08T10:43:54.819520+00:00
[2022-10-08T10:43:54.837+0000] {processor.py:178} INFO - Processing /home/airflow/.local/lib/python3.7/site-packages/airflow/example_dags/example_skip_dag.py took 0.098 seconds
[2022-10-08T10:44:25.123+0000] {processor.py:156} INFO - Started process (PID=6427) to work on /home/airflow/.local/lib/python3.7/site-packages/airflow/example_dags/example_skip_dag.py
[2022-10-08T10:44:25.124+0000] {processor.py:758} INFO - Processing file /home/airflow/.local/lib/python3.7/site-packages/airflow/example_dags/example_skip_dag.py for tasks to queue
[2022-10-08T10:44:25.124+0000] {logging_mixin.py:117} INFO - [2022-10-08T10:44:25.124+0000] {dagbag.py:525} INFO - Filling up the DagBag from /home/airflow/.local/lib/python3.7/site-packages/airflow/example_dags/example_skip_dag.py
[2022-10-08T10:44:25.137+0000] {processor.py:768} INFO - DAG(s) dict_keys(['example_skip_dag']) retrieved from /home/airflow/.local/lib/python3.7/site-packages/airflow/example_dags/example_skip_dag.py
[2022-10-08T10:44:25.175+0000] {logging_mixin.py:117} INFO - [2022-10-08T10:44:25.175+0000] {dag.py:2573} INFO - Sync 1 DAGs
[2022-10-08T10:44:25.202+0000] {logging_mixin.py:117} INFO - [2022-10-08T10:44:25.201+0000] {dag.py:3328} INFO - Setting next_dagrun for example_skip_dag to 2022-10-07T10:44:25.201592+00:00, run_after=2022-10-08T10:44:25.201592+00:00
[2022-10-08T10:44:25.219+0000] {processor.py:178} INFO - Processing /home/airflow/.local/lib/python3.7/site-packages/airflow/example_dags/example_skip_dag.py took 0.099 seconds
[2022-10-08T10:44:55.757+0000] {processor.py:156} INFO - Started process (PID=6634) to work on /home/airflow/.local/lib/python3.7/site-packages/airflow/example_dags/example_skip_dag.py
[2022-10-08T10:44:55.758+0000] {processor.py:758} INFO - Processing file /home/airflow/.local/lib/python3.7/site-packages/airflow/example_dags/example_skip_dag.py for tasks to queue
[2022-10-08T10:44:55.759+0000] {logging_mixin.py:117} INFO - [2022-10-08T10:44:55.759+0000] {dagbag.py:525} INFO - Filling up the DagBag from /home/airflow/.local/lib/python3.7/site-packages/airflow/example_dags/example_skip_dag.py
[2022-10-08T10:44:55.771+0000] {processor.py:768} INFO - DAG(s) dict_keys(['example_skip_dag']) retrieved from /home/airflow/.local/lib/python3.7/site-packages/airflow/example_dags/example_skip_dag.py
[2022-10-08T10:44:55.808+0000] {logging_mixin.py:117} INFO - [2022-10-08T10:44:55.808+0000] {dag.py:2573} INFO - Sync 1 DAGs
[2022-10-08T10:44:55.834+0000] {logging_mixin.py:117} INFO - [2022-10-08T10:44:55.834+0000] {dag.py:3328} INFO - Setting next_dagrun for example_skip_dag to 2022-10-07T10:44:55.833970+00:00, run_after=2022-10-08T10:44:55.833970+00:00
[2022-10-08T10:44:55.852+0000] {processor.py:178} INFO - Processing /home/airflow/.local/lib/python3.7/site-packages/airflow/example_dags/example_skip_dag.py took 0.097 seconds
[2022-10-08T10:45:26.364+0000] {processor.py:156} INFO - Started process (PID=6841) to work on /home/airflow/.local/lib/python3.7/site-packages/airflow/example_dags/example_skip_dag.py
[2022-10-08T10:45:26.365+0000] {processor.py:758} INFO - Processing file /home/airflow/.local/lib/python3.7/site-packages/airflow/example_dags/example_skip_dag.py for tasks to queue
[2022-10-08T10:45:26.366+0000] {logging_mixin.py:117} INFO - [2022-10-08T10:45:26.366+0000] {dagbag.py:525} INFO - Filling up the DagBag from /home/airflow/.local/lib/python3.7/site-packages/airflow/example_dags/example_skip_dag.py
[2022-10-08T10:45:26.378+0000] {processor.py:768} INFO - DAG(s) dict_keys(['example_skip_dag']) retrieved from /home/airflow/.local/lib/python3.7/site-packages/airflow/example_dags/example_skip_dag.py
[2022-10-08T10:45:26.417+0000] {logging_mixin.py:117} INFO - [2022-10-08T10:45:26.416+0000] {dag.py:2573} INFO - Sync 1 DAGs
[2022-10-08T10:45:26.441+0000] {logging_mixin.py:117} INFO - [2022-10-08T10:45:26.441+0000] {dag.py:3328} INFO - Setting next_dagrun for example_skip_dag to 2022-10-07T10:45:26.441109+00:00, run_after=2022-10-08T10:45:26.441109+00:00
[2022-10-08T10:45:26.457+0000] {processor.py:178} INFO - Processing /home/airflow/.local/lib/python3.7/site-packages/airflow/example_dags/example_skip_dag.py took 0.096 seconds
[2022-10-08T10:45:56.873+0000] {processor.py:156} INFO - Started process (PID=7039) to work on /home/airflow/.local/lib/python3.7/site-packages/airflow/example_dags/example_skip_dag.py
[2022-10-08T10:45:56.874+0000] {processor.py:758} INFO - Processing file /home/airflow/.local/lib/python3.7/site-packages/airflow/example_dags/example_skip_dag.py for tasks to queue
[2022-10-08T10:45:56.874+0000] {logging_mixin.py:117} INFO - [2022-10-08T10:45:56.874+0000] {dagbag.py:525} INFO - Filling up the DagBag from /home/airflow/.local/lib/python3.7/site-packages/airflow/example_dags/example_skip_dag.py
[2022-10-08T10:45:56.888+0000] {processor.py:768} INFO - DAG(s) dict_keys(['example_skip_dag']) retrieved from /home/airflow/.local/lib/python3.7/site-packages/airflow/example_dags/example_skip_dag.py
[2022-10-08T10:45:56.924+0000] {logging_mixin.py:117} INFO - [2022-10-08T10:45:56.924+0000] {dag.py:2573} INFO - Sync 1 DAGs
[2022-10-08T10:45:56.949+0000] {logging_mixin.py:117} INFO - [2022-10-08T10:45:56.949+0000] {dag.py:3328} INFO - Setting next_dagrun for example_skip_dag to 2022-10-07T10:45:56.949629+00:00, run_after=2022-10-08T10:45:56.949629+00:00
[2022-10-08T10:45:56.969+0000] {processor.py:178} INFO - Processing /home/airflow/.local/lib/python3.7/site-packages/airflow/example_dags/example_skip_dag.py took 0.098 seconds
[2022-10-08T10:46:27.429+0000] {processor.py:156} INFO - Started process (PID=7246) to work on /home/airflow/.local/lib/python3.7/site-packages/airflow/example_dags/example_skip_dag.py
[2022-10-08T10:46:27.430+0000] {processor.py:758} INFO - Processing file /home/airflow/.local/lib/python3.7/site-packages/airflow/example_dags/example_skip_dag.py for tasks to queue
[2022-10-08T10:46:27.431+0000] {logging_mixin.py:117} INFO - [2022-10-08T10:46:27.431+0000] {dagbag.py:525} INFO - Filling up the DagBag from /home/airflow/.local/lib/python3.7/site-packages/airflow/example_dags/example_skip_dag.py
[2022-10-08T10:46:27.444+0000] {processor.py:768} INFO - DAG(s) dict_keys(['example_skip_dag']) retrieved from /home/airflow/.local/lib/python3.7/site-packages/airflow/example_dags/example_skip_dag.py
[2022-10-08T10:46:27.479+0000] {logging_mixin.py:117} INFO - [2022-10-08T10:46:27.479+0000] {dag.py:2573} INFO - Sync 1 DAGs
[2022-10-08T10:46:27.504+0000] {logging_mixin.py:117} INFO - [2022-10-08T10:46:27.504+0000] {dag.py:3328} INFO - Setting next_dagrun for example_skip_dag to 2022-10-07T10:46:27.504018+00:00, run_after=2022-10-08T10:46:27.504018+00:00
[2022-10-08T10:46:27.521+0000] {processor.py:178} INFO - Processing /home/airflow/.local/lib/python3.7/site-packages/airflow/example_dags/example_skip_dag.py took 0.094 seconds
[2022-10-08T10:46:57.871+0000] {processor.py:156} INFO - Started process (PID=7453) to work on /home/airflow/.local/lib/python3.7/site-packages/airflow/example_dags/example_skip_dag.py
[2022-10-08T10:46:57.871+0000] {processor.py:758} INFO - Processing file /home/airflow/.local/lib/python3.7/site-packages/airflow/example_dags/example_skip_dag.py for tasks to queue
[2022-10-08T10:46:57.872+0000] {logging_mixin.py:117} INFO - [2022-10-08T10:46:57.872+0000] {dagbag.py:525} INFO - Filling up the DagBag from /home/airflow/.local/lib/python3.7/site-packages/airflow/example_dags/example_skip_dag.py
[2022-10-08T10:46:57.884+0000] {processor.py:768} INFO - DAG(s) dict_keys(['example_skip_dag']) retrieved from /home/airflow/.local/lib/python3.7/site-packages/airflow/example_dags/example_skip_dag.py
[2022-10-08T10:46:57.919+0000] {logging_mixin.py:117} INFO - [2022-10-08T10:46:57.919+0000] {dag.py:2573} INFO - Sync 1 DAGs
[2022-10-08T10:46:57.945+0000] {logging_mixin.py:117} INFO - [2022-10-08T10:46:57.945+0000] {dag.py:3328} INFO - Setting next_dagrun for example_skip_dag to 2022-10-07T10:46:57.944852+00:00, run_after=2022-10-08T10:46:57.944852+00:00
[2022-10-08T10:46:57.962+0000] {processor.py:178} INFO - Processing /home/airflow/.local/lib/python3.7/site-packages/airflow/example_dags/example_skip_dag.py took 0.093 seconds
[2022-10-08T10:47:28.398+0000] {processor.py:156} INFO - Started process (PID=7658) to work on /home/airflow/.local/lib/python3.7/site-packages/airflow/example_dags/example_skip_dag.py
[2022-10-08T10:47:28.398+0000] {processor.py:758} INFO - Processing file /home/airflow/.local/lib/python3.7/site-packages/airflow/example_dags/example_skip_dag.py for tasks to queue
[2022-10-08T10:47:28.399+0000] {logging_mixin.py:117} INFO - [2022-10-08T10:47:28.399+0000] {dagbag.py:525} INFO - Filling up the DagBag from /home/airflow/.local/lib/python3.7/site-packages/airflow/example_dags/example_skip_dag.py
[2022-10-08T10:47:28.412+0000] {processor.py:768} INFO - DAG(s) dict_keys(['example_skip_dag']) retrieved from /home/airflow/.local/lib/python3.7/site-packages/airflow/example_dags/example_skip_dag.py
[2022-10-08T10:47:28.449+0000] {logging_mixin.py:117} INFO - [2022-10-08T10:47:28.449+0000] {dag.py:2573} INFO - Sync 1 DAGs
[2022-10-08T10:47:28.474+0000] {logging_mixin.py:117} INFO - [2022-10-08T10:47:28.474+0000] {dag.py:3328} INFO - Setting next_dagrun for example_skip_dag to 2022-10-07T10:47:28.474134+00:00, run_after=2022-10-08T10:47:28.474134+00:00
[2022-10-08T10:47:28.492+0000] {processor.py:178} INFO - Processing /home/airflow/.local/lib/python3.7/site-packages/airflow/example_dags/example_skip_dag.py took 0.097 seconds
[2022-10-08T10:47:59.136+0000] {processor.py:156} INFO - Started process (PID=7858) to work on /home/airflow/.local/lib/python3.7/site-packages/airflow/example_dags/example_skip_dag.py
[2022-10-08T10:47:59.137+0000] {processor.py:758} INFO - Processing file /home/airflow/.local/lib/python3.7/site-packages/airflow/example_dags/example_skip_dag.py for tasks to queue
[2022-10-08T10:47:59.138+0000] {logging_mixin.py:117} INFO - [2022-10-08T10:47:59.137+0000] {dagbag.py:525} INFO - Filling up the DagBag from /home/airflow/.local/lib/python3.7/site-packages/airflow/example_dags/example_skip_dag.py
[2022-10-08T10:47:59.151+0000] {processor.py:768} INFO - DAG(s) dict_keys(['example_skip_dag']) retrieved from /home/airflow/.local/lib/python3.7/site-packages/airflow/example_dags/example_skip_dag.py
[2022-10-08T10:47:59.187+0000] {logging_mixin.py:117} INFO - [2022-10-08T10:47:59.187+0000] {dag.py:2573} INFO - Sync 1 DAGs
[2022-10-08T10:47:59.211+0000] {logging_mixin.py:117} INFO - [2022-10-08T10:47:59.211+0000] {dag.py:3328} INFO - Setting next_dagrun for example_skip_dag to 2022-10-07T10:47:59.211206+00:00, run_after=2022-10-08T10:47:59.211206+00:00
[2022-10-08T10:47:59.229+0000] {processor.py:178} INFO - Processing /home/airflow/.local/lib/python3.7/site-packages/airflow/example_dags/example_skip_dag.py took 0.096 seconds
[2022-10-08T10:48:29.814+0000] {processor.py:156} INFO - Started process (PID=8065) to work on /home/airflow/.local/lib/python3.7/site-packages/airflow/example_dags/example_skip_dag.py
[2022-10-08T10:48:29.815+0000] {processor.py:758} INFO - Processing file /home/airflow/.local/lib/python3.7/site-packages/airflow/example_dags/example_skip_dag.py for tasks to queue
[2022-10-08T10:48:29.816+0000] {logging_mixin.py:117} INFO - [2022-10-08T10:48:29.816+0000] {dagbag.py:525} INFO - Filling up the DagBag from /home/airflow/.local/lib/python3.7/site-packages/airflow/example_dags/example_skip_dag.py
[2022-10-08T10:48:29.829+0000] {processor.py:768} INFO - DAG(s) dict_keys(['example_skip_dag']) retrieved from /home/airflow/.local/lib/python3.7/site-packages/airflow/example_dags/example_skip_dag.py
[2022-10-08T10:48:29.865+0000] {logging_mixin.py:117} INFO - [2022-10-08T10:48:29.865+0000] {dag.py:2573} INFO - Sync 1 DAGs
[2022-10-08T10:48:29.891+0000] {logging_mixin.py:117} INFO - [2022-10-08T10:48:29.891+0000] {dag.py:3328} INFO - Setting next_dagrun for example_skip_dag to 2022-10-07T10:48:29.891140+00:00, run_after=2022-10-08T10:48:29.891140+00:00
[2022-10-08T10:48:29.908+0000] {processor.py:178} INFO - Processing /home/airflow/.local/lib/python3.7/site-packages/airflow/example_dags/example_skip_dag.py took 0.096 seconds
[2022-10-08T10:49:00.543+0000] {processor.py:156} INFO - Started process (PID=8274) to work on /home/airflow/.local/lib/python3.7/site-packages/airflow/example_dags/example_skip_dag.py
[2022-10-08T10:49:00.544+0000] {processor.py:758} INFO - Processing file /home/airflow/.local/lib/python3.7/site-packages/airflow/example_dags/example_skip_dag.py for tasks to queue
[2022-10-08T10:49:00.545+0000] {logging_mixin.py:117} INFO - [2022-10-08T10:49:00.545+0000] {dagbag.py:525} INFO - Filling up the DagBag from /home/airflow/.local/lib/python3.7/site-packages/airflow/example_dags/example_skip_dag.py
[2022-10-08T10:49:00.558+0000] {processor.py:768} INFO - DAG(s) dict_keys(['example_skip_dag']) retrieved from /home/airflow/.local/lib/python3.7/site-packages/airflow/example_dags/example_skip_dag.py
[2022-10-08T10:49:00.596+0000] {logging_mixin.py:117} INFO - [2022-10-08T10:49:00.596+0000] {dag.py:2573} INFO - Sync 1 DAGs
[2022-10-08T10:49:00.623+0000] {logging_mixin.py:117} INFO - [2022-10-08T10:49:00.623+0000] {dag.py:3328} INFO - Setting next_dagrun for example_skip_dag to 2022-10-07T10:49:00.623001+00:00, run_after=2022-10-08T10:49:00.623001+00:00
[2022-10-08T10:49:00.641+0000] {processor.py:178} INFO - Processing /home/airflow/.local/lib/python3.7/site-packages/airflow/example_dags/example_skip_dag.py took 0.100 seconds
[2022-10-08T10:49:31.267+0000] {processor.py:156} INFO - Started process (PID=8495) to work on /home/airflow/.local/lib/python3.7/site-packages/airflow/example_dags/example_skip_dag.py
[2022-10-08T10:49:31.268+0000] {processor.py:758} INFO - Processing file /home/airflow/.local/lib/python3.7/site-packages/airflow/example_dags/example_skip_dag.py for tasks to queue
[2022-10-08T10:49:31.269+0000] {logging_mixin.py:117} INFO - [2022-10-08T10:49:31.269+0000] {dagbag.py:525} INFO - Filling up the DagBag from /home/airflow/.local/lib/python3.7/site-packages/airflow/example_dags/example_skip_dag.py
[2022-10-08T10:49:31.281+0000] {processor.py:768} INFO - DAG(s) dict_keys(['example_skip_dag']) retrieved from /home/airflow/.local/lib/python3.7/site-packages/airflow/example_dags/example_skip_dag.py
[2022-10-08T10:49:31.317+0000] {logging_mixin.py:117} INFO - [2022-10-08T10:49:31.317+0000] {dag.py:2573} INFO - Sync 1 DAGs
[2022-10-08T10:49:31.341+0000] {logging_mixin.py:117} INFO - [2022-10-08T10:49:31.341+0000] {dag.py:3328} INFO - Setting next_dagrun for example_skip_dag to 2022-10-07T10:49:31.341645+00:00, run_after=2022-10-08T10:49:31.341645+00:00
[2022-10-08T10:49:31.358+0000] {processor.py:178} INFO - Processing /home/airflow/.local/lib/python3.7/site-packages/airflow/example_dags/example_skip_dag.py took 0.095 seconds
[2022-10-08T10:50:02.131+0000] {processor.py:156} INFO - Started process (PID=8729) to work on /home/airflow/.local/lib/python3.7/site-packages/airflow/example_dags/example_skip_dag.py
[2022-10-08T10:50:02.132+0000] {processor.py:758} INFO - Processing file /home/airflow/.local/lib/python3.7/site-packages/airflow/example_dags/example_skip_dag.py for tasks to queue
[2022-10-08T10:50:02.133+0000] {logging_mixin.py:117} INFO - [2022-10-08T10:50:02.133+0000] {dagbag.py:525} INFO - Filling up the DagBag from /home/airflow/.local/lib/python3.7/site-packages/airflow/example_dags/example_skip_dag.py
[2022-10-08T10:50:02.146+0000] {processor.py:768} INFO - DAG(s) dict_keys(['example_skip_dag']) retrieved from /home/airflow/.local/lib/python3.7/site-packages/airflow/example_dags/example_skip_dag.py
[2022-10-08T10:50:02.182+0000] {logging_mixin.py:117} INFO - [2022-10-08T10:50:02.182+0000] {dag.py:2573} INFO - Sync 1 DAGs
[2022-10-08T10:50:02.208+0000] {logging_mixin.py:117} INFO - [2022-10-08T10:50:02.208+0000] {dag.py:3328} INFO - Setting next_dagrun for example_skip_dag to 2022-10-07T10:50:02.208444+00:00, run_after=2022-10-08T10:50:02.208444+00:00
[2022-10-08T10:50:02.225+0000] {processor.py:178} INFO - Processing /home/airflow/.local/lib/python3.7/site-packages/airflow/example_dags/example_skip_dag.py took 0.097 seconds
[2022-10-08T10:50:32.817+0000] {processor.py:156} INFO - Started process (PID=8939) to work on /home/airflow/.local/lib/python3.7/site-packages/airflow/example_dags/example_skip_dag.py
[2022-10-08T10:50:32.817+0000] {processor.py:758} INFO - Processing file /home/airflow/.local/lib/python3.7/site-packages/airflow/example_dags/example_skip_dag.py for tasks to queue
[2022-10-08T10:50:32.818+0000] {logging_mixin.py:117} INFO - [2022-10-08T10:50:32.818+0000] {dagbag.py:525} INFO - Filling up the DagBag from /home/airflow/.local/lib/python3.7/site-packages/airflow/example_dags/example_skip_dag.py
[2022-10-08T10:50:32.832+0000] {processor.py:768} INFO - DAG(s) dict_keys(['example_skip_dag']) retrieved from /home/airflow/.local/lib/python3.7/site-packages/airflow/example_dags/example_skip_dag.py
[2022-10-08T10:50:32.871+0000] {logging_mixin.py:117} INFO - [2022-10-08T10:50:32.871+0000] {dag.py:2573} INFO - Sync 1 DAGs
[2022-10-08T10:50:32.899+0000] {logging_mixin.py:117} INFO - [2022-10-08T10:50:32.899+0000] {dag.py:3328} INFO - Setting next_dagrun for example_skip_dag to 2022-10-07T10:50:32.899083+00:00, run_after=2022-10-08T10:50:32.899083+00:00
[2022-10-08T10:50:32.916+0000] {processor.py:178} INFO - Processing /home/airflow/.local/lib/python3.7/site-packages/airflow/example_dags/example_skip_dag.py took 0.102 seconds
[2022-10-08T10:51:03.590+0000] {processor.py:156} INFO - Started process (PID=9161) to work on /home/airflow/.local/lib/python3.7/site-packages/airflow/example_dags/example_skip_dag.py
[2022-10-08T10:51:03.590+0000] {processor.py:758} INFO - Processing file /home/airflow/.local/lib/python3.7/site-packages/airflow/example_dags/example_skip_dag.py for tasks to queue
[2022-10-08T10:51:03.591+0000] {logging_mixin.py:117} INFO - [2022-10-08T10:51:03.591+0000] {dagbag.py:525} INFO - Filling up the DagBag from /home/airflow/.local/lib/python3.7/site-packages/airflow/example_dags/example_skip_dag.py
[2022-10-08T10:51:03.603+0000] {processor.py:768} INFO - DAG(s) dict_keys(['example_skip_dag']) retrieved from /home/airflow/.local/lib/python3.7/site-packages/airflow/example_dags/example_skip_dag.py
[2022-10-08T10:51:03.642+0000] {logging_mixin.py:117} INFO - [2022-10-08T10:51:03.642+0000] {dag.py:2573} INFO - Sync 1 DAGs
[2022-10-08T10:51:03.669+0000] {logging_mixin.py:117} INFO - [2022-10-08T10:51:03.669+0000] {dag.py:3328} INFO - Setting next_dagrun for example_skip_dag to 2022-10-07T10:51:03.669564+00:00, run_after=2022-10-08T10:51:03.669564+00:00
[2022-10-08T10:51:03.690+0000] {processor.py:178} INFO - Processing /home/airflow/.local/lib/python3.7/site-packages/airflow/example_dags/example_skip_dag.py took 0.103 seconds
[2022-10-08T10:51:34.124+0000] {processor.py:156} INFO - Started process (PID=9364) to work on /home/airflow/.local/lib/python3.7/site-packages/airflow/example_dags/example_skip_dag.py
[2022-10-08T10:51:34.125+0000] {processor.py:758} INFO - Processing file /home/airflow/.local/lib/python3.7/site-packages/airflow/example_dags/example_skip_dag.py for tasks to queue
[2022-10-08T10:51:34.125+0000] {logging_mixin.py:117} INFO - [2022-10-08T10:51:34.125+0000] {dagbag.py:525} INFO - Filling up the DagBag from /home/airflow/.local/lib/python3.7/site-packages/airflow/example_dags/example_skip_dag.py
[2022-10-08T10:51:34.138+0000] {processor.py:768} INFO - DAG(s) dict_keys(['example_skip_dag']) retrieved from /home/airflow/.local/lib/python3.7/site-packages/airflow/example_dags/example_skip_dag.py
[2022-10-08T10:51:34.176+0000] {logging_mixin.py:117} INFO - [2022-10-08T10:51:34.176+0000] {dag.py:2573} INFO - Sync 1 DAGs
[2022-10-08T10:51:34.202+0000] {logging_mixin.py:117} INFO - [2022-10-08T10:51:34.202+0000] {dag.py:3328} INFO - Setting next_dagrun for example_skip_dag to 2022-10-07T10:51:34.201870+00:00, run_after=2022-10-08T10:51:34.201870+00:00
[2022-10-08T10:51:34.219+0000] {processor.py:178} INFO - Processing /home/airflow/.local/lib/python3.7/site-packages/airflow/example_dags/example_skip_dag.py took 0.098 seconds
[2022-10-08T10:52:05.093+0000] {processor.py:156} INFO - Started process (PID=9601) to work on /home/airflow/.local/lib/python3.7/site-packages/airflow/example_dags/example_skip_dag.py
[2022-10-08T10:52:05.094+0000] {processor.py:758} INFO - Processing file /home/airflow/.local/lib/python3.7/site-packages/airflow/example_dags/example_skip_dag.py for tasks to queue
[2022-10-08T10:52:05.094+0000] {logging_mixin.py:117} INFO - [2022-10-08T10:52:05.094+0000] {dagbag.py:525} INFO - Filling up the DagBag from /home/airflow/.local/lib/python3.7/site-packages/airflow/example_dags/example_skip_dag.py
[2022-10-08T10:52:05.107+0000] {processor.py:768} INFO - DAG(s) dict_keys(['example_skip_dag']) retrieved from /home/airflow/.local/lib/python3.7/site-packages/airflow/example_dags/example_skip_dag.py
[2022-10-08T10:52:05.143+0000] {logging_mixin.py:117} INFO - [2022-10-08T10:52:05.143+0000] {dag.py:2573} INFO - Sync 1 DAGs
[2022-10-08T10:52:05.183+0000] {logging_mixin.py:117} INFO - [2022-10-08T10:52:05.183+0000] {dag.py:3328} INFO - Setting next_dagrun for example_skip_dag to 2022-10-07T10:52:05.183327+00:00, run_after=2022-10-08T10:52:05.183327+00:00
[2022-10-08T10:52:05.200+0000] {processor.py:178} INFO - Processing /home/airflow/.local/lib/python3.7/site-packages/airflow/example_dags/example_skip_dag.py took 0.109 seconds
[2022-10-08T10:52:36.011+0000] {processor.py:156} INFO - Started process (PID=9845) to work on /home/airflow/.local/lib/python3.7/site-packages/airflow/example_dags/example_skip_dag.py
[2022-10-08T10:52:36.012+0000] {processor.py:758} INFO - Processing file /home/airflow/.local/lib/python3.7/site-packages/airflow/example_dags/example_skip_dag.py for tasks to queue
[2022-10-08T10:52:36.012+0000] {logging_mixin.py:117} INFO - [2022-10-08T10:52:36.012+0000] {dagbag.py:525} INFO - Filling up the DagBag from /home/airflow/.local/lib/python3.7/site-packages/airflow/example_dags/example_skip_dag.py
[2022-10-08T10:52:36.025+0000] {processor.py:768} INFO - DAG(s) dict_keys(['example_skip_dag']) retrieved from /home/airflow/.local/lib/python3.7/site-packages/airflow/example_dags/example_skip_dag.py
[2022-10-08T10:52:36.061+0000] {logging_mixin.py:117} INFO - [2022-10-08T10:52:36.061+0000] {dag.py:2573} INFO - Sync 1 DAGs
[2022-10-08T10:52:36.085+0000] {logging_mixin.py:117} INFO - [2022-10-08T10:52:36.085+0000] {dag.py:3328} INFO - Setting next_dagrun for example_skip_dag to 2022-10-07T10:52:36.085672+00:00, run_after=2022-10-08T10:52:36.085672+00:00
[2022-10-08T10:52:36.103+0000] {processor.py:178} INFO - Processing /home/airflow/.local/lib/python3.7/site-packages/airflow/example_dags/example_skip_dag.py took 0.094 seconds
[2022-10-08T10:53:06.518+0000] {processor.py:156} INFO - Started process (PID=10056) to work on /home/airflow/.local/lib/python3.7/site-packages/airflow/example_dags/example_skip_dag.py
[2022-10-08T10:53:06.519+0000] {processor.py:758} INFO - Processing file /home/airflow/.local/lib/python3.7/site-packages/airflow/example_dags/example_skip_dag.py for tasks to queue
[2022-10-08T10:53:06.520+0000] {logging_mixin.py:117} INFO - [2022-10-08T10:53:06.519+0000] {dagbag.py:525} INFO - Filling up the DagBag from /home/airflow/.local/lib/python3.7/site-packages/airflow/example_dags/example_skip_dag.py
[2022-10-08T10:53:06.532+0000] {processor.py:768} INFO - DAG(s) dict_keys(['example_skip_dag']) retrieved from /home/airflow/.local/lib/python3.7/site-packages/airflow/example_dags/example_skip_dag.py
[2022-10-08T10:53:06.573+0000] {logging_mixin.py:117} INFO - [2022-10-08T10:53:06.573+0000] {dag.py:2573} INFO - Sync 1 DAGs
[2022-10-08T10:53:06.597+0000] {logging_mixin.py:117} INFO - [2022-10-08T10:53:06.597+0000] {dag.py:3328} INFO - Setting next_dagrun for example_skip_dag to 2022-10-07T10:53:06.597280+00:00, run_after=2022-10-08T10:53:06.597280+00:00
[2022-10-08T10:53:06.615+0000] {processor.py:178} INFO - Processing /home/airflow/.local/lib/python3.7/site-packages/airflow/example_dags/example_skip_dag.py took 0.099 seconds
[2022-10-08T10:53:37.307+0000] {processor.py:156} INFO - Started process (PID=10288) to work on /home/airflow/.local/lib/python3.7/site-packages/airflow/example_dags/example_skip_dag.py
[2022-10-08T10:53:37.307+0000] {processor.py:758} INFO - Processing file /home/airflow/.local/lib/python3.7/site-packages/airflow/example_dags/example_skip_dag.py for tasks to queue
[2022-10-08T10:53:37.308+0000] {logging_mixin.py:117} INFO - [2022-10-08T10:53:37.308+0000] {dagbag.py:525} INFO - Filling up the DagBag from /home/airflow/.local/lib/python3.7/site-packages/airflow/example_dags/example_skip_dag.py
[2022-10-08T10:53:37.322+0000] {processor.py:768} INFO - DAG(s) dict_keys(['example_skip_dag']) retrieved from /home/airflow/.local/lib/python3.7/site-packages/airflow/example_dags/example_skip_dag.py
[2022-10-08T10:53:37.366+0000] {logging_mixin.py:117} INFO - [2022-10-08T10:53:37.366+0000] {dag.py:2573} INFO - Sync 1 DAGs
[2022-10-08T10:53:37.390+0000] {logging_mixin.py:117} INFO - [2022-10-08T10:53:37.390+0000] {dag.py:3328} INFO - Setting next_dagrun for example_skip_dag to 2022-10-07T10:53:37.390622+00:00, run_after=2022-10-08T10:53:37.390622+00:00
[2022-10-08T10:53:37.408+0000] {processor.py:178} INFO - Processing /home/airflow/.local/lib/python3.7/site-packages/airflow/example_dags/example_skip_dag.py took 0.104 seconds
[2022-10-08T10:54:07.920+0000] {processor.py:156} INFO - Started process (PID=10505) to work on /home/airflow/.local/lib/python3.7/site-packages/airflow/example_dags/example_skip_dag.py
[2022-10-08T10:54:07.921+0000] {processor.py:758} INFO - Processing file /home/airflow/.local/lib/python3.7/site-packages/airflow/example_dags/example_skip_dag.py for tasks to queue
[2022-10-08T10:54:07.921+0000] {logging_mixin.py:117} INFO - [2022-10-08T10:54:07.921+0000] {dagbag.py:525} INFO - Filling up the DagBag from /home/airflow/.local/lib/python3.7/site-packages/airflow/example_dags/example_skip_dag.py
[2022-10-08T10:54:07.934+0000] {processor.py:768} INFO - DAG(s) dict_keys(['example_skip_dag']) retrieved from /home/airflow/.local/lib/python3.7/site-packages/airflow/example_dags/example_skip_dag.py
[2022-10-08T10:54:07.979+0000] {logging_mixin.py:117} INFO - [2022-10-08T10:54:07.978+0000] {dag.py:2573} INFO - Sync 1 DAGs
[2022-10-08T10:54:08.004+0000] {logging_mixin.py:117} INFO - [2022-10-08T10:54:08.004+0000] {dag.py:3328} INFO - Setting next_dagrun for example_skip_dag to 2022-10-07T10:54:08.004186+00:00, run_after=2022-10-08T10:54:08.004186+00:00
[2022-10-08T10:54:08.021+0000] {processor.py:178} INFO - Processing /home/airflow/.local/lib/python3.7/site-packages/airflow/example_dags/example_skip_dag.py took 0.103 seconds
[2022-10-08T10:54:38.557+0000] {processor.py:156} INFO - Started process (PID=10718) to work on /home/airflow/.local/lib/python3.7/site-packages/airflow/example_dags/example_skip_dag.py
[2022-10-08T10:54:38.557+0000] {processor.py:758} INFO - Processing file /home/airflow/.local/lib/python3.7/site-packages/airflow/example_dags/example_skip_dag.py for tasks to queue
[2022-10-08T10:54:38.558+0000] {logging_mixin.py:117} INFO - [2022-10-08T10:54:38.558+0000] {dagbag.py:525} INFO - Filling up the DagBag from /home/airflow/.local/lib/python3.7/site-packages/airflow/example_dags/example_skip_dag.py
[2022-10-08T10:54:38.570+0000] {processor.py:768} INFO - DAG(s) dict_keys(['example_skip_dag']) retrieved from /home/airflow/.local/lib/python3.7/site-packages/airflow/example_dags/example_skip_dag.py
[2022-10-08T10:54:38.605+0000] {logging_mixin.py:117} INFO - [2022-10-08T10:54:38.605+0000] {dag.py:2573} INFO - Sync 1 DAGs
[2022-10-08T10:54:38.630+0000] {logging_mixin.py:117} INFO - [2022-10-08T10:54:38.630+0000] {dag.py:3328} INFO - Setting next_dagrun for example_skip_dag to 2022-10-07T10:54:38.630025+00:00, run_after=2022-10-08T10:54:38.630025+00:00
[2022-10-08T10:54:38.647+0000] {processor.py:178} INFO - Processing /home/airflow/.local/lib/python3.7/site-packages/airflow/example_dags/example_skip_dag.py took 0.093 seconds
[2022-10-08T10:55:09.485+0000] {processor.py:156} INFO - Started process (PID=10935) to work on /home/airflow/.local/lib/python3.7/site-packages/airflow/example_dags/example_skip_dag.py
[2022-10-08T10:55:09.486+0000] {processor.py:758} INFO - Processing file /home/airflow/.local/lib/python3.7/site-packages/airflow/example_dags/example_skip_dag.py for tasks to queue
[2022-10-08T10:55:09.487+0000] {logging_mixin.py:117} INFO - [2022-10-08T10:55:09.487+0000] {dagbag.py:525} INFO - Filling up the DagBag from /home/airflow/.local/lib/python3.7/site-packages/airflow/example_dags/example_skip_dag.py
[2022-10-08T10:55:09.499+0000] {processor.py:768} INFO - DAG(s) dict_keys(['example_skip_dag']) retrieved from /home/airflow/.local/lib/python3.7/site-packages/airflow/example_dags/example_skip_dag.py
[2022-10-08T10:55:09.536+0000] {logging_mixin.py:117} INFO - [2022-10-08T10:55:09.536+0000] {dag.py:2573} INFO - Sync 1 DAGs
[2022-10-08T10:55:09.562+0000] {logging_mixin.py:117} INFO - [2022-10-08T10:55:09.562+0000] {dag.py:3328} INFO - Setting next_dagrun for example_skip_dag to 2022-10-07T10:55:09.562376+00:00, run_after=2022-10-08T10:55:09.562376+00:00
[2022-10-08T10:55:09.579+0000] {processor.py:178} INFO - Processing /home/airflow/.local/lib/python3.7/site-packages/airflow/example_dags/example_skip_dag.py took 0.096 seconds
[2022-10-08T10:55:40.415+0000] {processor.py:156} INFO - Started process (PID=11147) to work on /home/airflow/.local/lib/python3.7/site-packages/airflow/example_dags/example_skip_dag.py
[2022-10-08T10:55:40.416+0000] {processor.py:758} INFO - Processing file /home/airflow/.local/lib/python3.7/site-packages/airflow/example_dags/example_skip_dag.py for tasks to queue
[2022-10-08T10:55:40.416+0000] {logging_mixin.py:117} INFO - [2022-10-08T10:55:40.416+0000] {dagbag.py:525} INFO - Filling up the DagBag from /home/airflow/.local/lib/python3.7/site-packages/airflow/example_dags/example_skip_dag.py
[2022-10-08T10:55:40.471+0000] {processor.py:768} INFO - DAG(s) dict_keys(['example_skip_dag']) retrieved from /home/airflow/.local/lib/python3.7/site-packages/airflow/example_dags/example_skip_dag.py
[2022-10-08T10:55:40.566+0000] {logging_mixin.py:117} INFO - [2022-10-08T10:55:40.566+0000] {dag.py:2573} INFO - Sync 1 DAGs
[2022-10-08T10:55:40.591+0000] {logging_mixin.py:117} INFO - [2022-10-08T10:55:40.591+0000] {dag.py:3328} INFO - Setting next_dagrun for example_skip_dag to 2022-10-07T10:55:40.591002+00:00, run_after=2022-10-08T10:55:40.591002+00:00
[2022-10-08T10:55:40.610+0000] {processor.py:178} INFO - Processing /home/airflow/.local/lib/python3.7/site-packages/airflow/example_dags/example_skip_dag.py took 0.197 seconds
[2022-10-08T10:56:11.279+0000] {processor.py:156} INFO - Started process (PID=11350) to work on /home/airflow/.local/lib/python3.7/site-packages/airflow/example_dags/example_skip_dag.py
[2022-10-08T10:56:11.280+0000] {processor.py:758} INFO - Processing file /home/airflow/.local/lib/python3.7/site-packages/airflow/example_dags/example_skip_dag.py for tasks to queue
[2022-10-08T10:56:11.280+0000] {logging_mixin.py:117} INFO - [2022-10-08T10:56:11.280+0000] {dagbag.py:525} INFO - Filling up the DagBag from /home/airflow/.local/lib/python3.7/site-packages/airflow/example_dags/example_skip_dag.py
[2022-10-08T10:56:11.293+0000] {processor.py:768} INFO - DAG(s) dict_keys(['example_skip_dag']) retrieved from /home/airflow/.local/lib/python3.7/site-packages/airflow/example_dags/example_skip_dag.py
[2022-10-08T10:56:11.329+0000] {logging_mixin.py:117} INFO - [2022-10-08T10:56:11.329+0000] {dag.py:2573} INFO - Sync 1 DAGs
[2022-10-08T10:56:11.362+0000] {logging_mixin.py:117} INFO - [2022-10-08T10:56:11.362+0000] {dag.py:3328} INFO - Setting next_dagrun for example_skip_dag to 2022-10-07T10:56:11.362460+00:00, run_after=2022-10-08T10:56:11.362460+00:00
[2022-10-08T10:56:11.380+0000] {processor.py:178} INFO - Processing /home/airflow/.local/lib/python3.7/site-packages/airflow/example_dags/example_skip_dag.py took 0.104 seconds
[2022-10-08T10:56:41.614+0000] {processor.py:156} INFO - Started process (PID=11562) to work on /home/airflow/.local/lib/python3.7/site-packages/airflow/example_dags/example_skip_dag.py
[2022-10-08T10:56:41.615+0000] {processor.py:758} INFO - Processing file /home/airflow/.local/lib/python3.7/site-packages/airflow/example_dags/example_skip_dag.py for tasks to queue
[2022-10-08T10:56:41.615+0000] {logging_mixin.py:117} INFO - [2022-10-08T10:56:41.615+0000] {dagbag.py:525} INFO - Filling up the DagBag from /home/airflow/.local/lib/python3.7/site-packages/airflow/example_dags/example_skip_dag.py
[2022-10-08T10:56:41.628+0000] {processor.py:768} INFO - DAG(s) dict_keys(['example_skip_dag']) retrieved from /home/airflow/.local/lib/python3.7/site-packages/airflow/example_dags/example_skip_dag.py
[2022-10-08T10:56:41.675+0000] {logging_mixin.py:117} INFO - [2022-10-08T10:56:41.675+0000] {dag.py:2573} INFO - Sync 1 DAGs
[2022-10-08T10:56:41.700+0000] {logging_mixin.py:117} INFO - [2022-10-08T10:56:41.699+0000] {dag.py:3328} INFO - Setting next_dagrun for example_skip_dag to 2022-10-07T10:56:41.699628+00:00, run_after=2022-10-08T10:56:41.699628+00:00
[2022-10-08T10:56:41.716+0000] {processor.py:178} INFO - Processing /home/airflow/.local/lib/python3.7/site-packages/airflow/example_dags/example_skip_dag.py took 0.105 seconds
[2022-10-08T10:57:12.026+0000] {processor.py:156} INFO - Started process (PID=11784) to work on /home/airflow/.local/lib/python3.7/site-packages/airflow/example_dags/example_skip_dag.py
[2022-10-08T10:57:12.027+0000] {processor.py:758} INFO - Processing file /home/airflow/.local/lib/python3.7/site-packages/airflow/example_dags/example_skip_dag.py for tasks to queue
[2022-10-08T10:57:12.027+0000] {logging_mixin.py:117} INFO - [2022-10-08T10:57:12.027+0000] {dagbag.py:525} INFO - Filling up the DagBag from /home/airflow/.local/lib/python3.7/site-packages/airflow/example_dags/example_skip_dag.py
[2022-10-08T10:57:12.041+0000] {processor.py:768} INFO - DAG(s) dict_keys(['example_skip_dag']) retrieved from /home/airflow/.local/lib/python3.7/site-packages/airflow/example_dags/example_skip_dag.py
[2022-10-08T10:57:12.082+0000] {logging_mixin.py:117} INFO - [2022-10-08T10:57:12.082+0000] {dag.py:2573} INFO - Sync 1 DAGs
[2022-10-08T10:57:12.107+0000] {logging_mixin.py:117} INFO - [2022-10-08T10:57:12.107+0000] {dag.py:3328} INFO - Setting next_dagrun for example_skip_dag to 2022-10-07T10:57:12.107079+00:00, run_after=2022-10-08T10:57:12.107079+00:00
[2022-10-08T10:57:12.124+0000] {processor.py:178} INFO - Processing /home/airflow/.local/lib/python3.7/site-packages/airflow/example_dags/example_skip_dag.py took 0.101 seconds
[2022-10-08T10:57:43.195+0000] {processor.py:156} INFO - Started process (PID=11994) to work on /home/airflow/.local/lib/python3.7/site-packages/airflow/example_dags/example_skip_dag.py
[2022-10-08T10:57:43.196+0000] {processor.py:758} INFO - Processing file /home/airflow/.local/lib/python3.7/site-packages/airflow/example_dags/example_skip_dag.py for tasks to queue
[2022-10-08T10:57:43.196+0000] {logging_mixin.py:117} INFO - [2022-10-08T10:57:43.196+0000] {dagbag.py:525} INFO - Filling up the DagBag from /home/airflow/.local/lib/python3.7/site-packages/airflow/example_dags/example_skip_dag.py
[2022-10-08T10:57:43.263+0000] {processor.py:768} INFO - DAG(s) dict_keys(['example_skip_dag']) retrieved from /home/airflow/.local/lib/python3.7/site-packages/airflow/example_dags/example_skip_dag.py
[2022-10-08T10:57:43.301+0000] {logging_mixin.py:117} INFO - [2022-10-08T10:57:43.301+0000] {dag.py:2573} INFO - Sync 1 DAGs
[2022-10-08T10:57:43.375+0000] {logging_mixin.py:117} INFO - [2022-10-08T10:57:43.374+0000] {dag.py:3328} INFO - Setting next_dagrun for example_skip_dag to 2022-10-07T10:57:43.374765+00:00, run_after=2022-10-08T10:57:43.374765+00:00
[2022-10-08T10:57:43.394+0000] {processor.py:178} INFO - Processing /home/airflow/.local/lib/python3.7/site-packages/airflow/example_dags/example_skip_dag.py took 0.201 seconds
[2022-10-08T10:58:13.839+0000] {processor.py:156} INFO - Started process (PID=12200) to work on /home/airflow/.local/lib/python3.7/site-packages/airflow/example_dags/example_skip_dag.py
[2022-10-08T10:58:13.840+0000] {processor.py:758} INFO - Processing file /home/airflow/.local/lib/python3.7/site-packages/airflow/example_dags/example_skip_dag.py for tasks to queue
[2022-10-08T10:58:13.840+0000] {logging_mixin.py:117} INFO - [2022-10-08T10:58:13.840+0000] {dagbag.py:525} INFO - Filling up the DagBag from /home/airflow/.local/lib/python3.7/site-packages/airflow/example_dags/example_skip_dag.py
[2022-10-08T10:58:13.862+0000] {processor.py:768} INFO - DAG(s) dict_keys(['example_skip_dag']) retrieved from /home/airflow/.local/lib/python3.7/site-packages/airflow/example_dags/example_skip_dag.py
[2022-10-08T10:58:13.897+0000] {logging_mixin.py:117} INFO - [2022-10-08T10:58:13.897+0000] {dag.py:2573} INFO - Sync 1 DAGs
[2022-10-08T10:58:13.922+0000] {logging_mixin.py:117} INFO - [2022-10-08T10:58:13.922+0000] {dag.py:3328} INFO - Setting next_dagrun for example_skip_dag to 2022-10-07T10:58:13.922282+00:00, run_after=2022-10-08T10:58:13.922282+00:00
[2022-10-08T10:58:13.940+0000] {processor.py:178} INFO - Processing /home/airflow/.local/lib/python3.7/site-packages/airflow/example_dags/example_skip_dag.py took 0.103 seconds
[2022-10-08T10:58:44.771+0000] {processor.py:156} INFO - Started process (PID=12422) to work on /home/airflow/.local/lib/python3.7/site-packages/airflow/example_dags/example_skip_dag.py
[2022-10-08T10:58:44.772+0000] {processor.py:758} INFO - Processing file /home/airflow/.local/lib/python3.7/site-packages/airflow/example_dags/example_skip_dag.py for tasks to queue
[2022-10-08T10:58:44.772+0000] {logging_mixin.py:117} INFO - [2022-10-08T10:58:44.772+0000] {dagbag.py:525} INFO - Filling up the DagBag from /home/airflow/.local/lib/python3.7/site-packages/airflow/example_dags/example_skip_dag.py
[2022-10-08T10:58:44.785+0000] {processor.py:768} INFO - DAG(s) dict_keys(['example_skip_dag']) retrieved from /home/airflow/.local/lib/python3.7/site-packages/airflow/example_dags/example_skip_dag.py
[2022-10-08T10:58:44.824+0000] {logging_mixin.py:117} INFO - [2022-10-08T10:58:44.824+0000] {dag.py:2573} INFO - Sync 1 DAGs
[2022-10-08T10:58:44.849+0000] {logging_mixin.py:117} INFO - [2022-10-08T10:58:44.849+0000] {dag.py:3328} INFO - Setting next_dagrun for example_skip_dag to 2022-10-07T10:58:44.849067+00:00, run_after=2022-10-08T10:58:44.849067+00:00
[2022-10-08T10:58:44.879+0000] {processor.py:178} INFO - Processing /home/airflow/.local/lib/python3.7/site-packages/airflow/example_dags/example_skip_dag.py took 0.111 seconds
[2022-10-08T10:59:15.672+0000] {processor.py:156} INFO - Started process (PID=12659) to work on /home/airflow/.local/lib/python3.7/site-packages/airflow/example_dags/example_skip_dag.py
[2022-10-08T10:59:15.672+0000] {processor.py:758} INFO - Processing file /home/airflow/.local/lib/python3.7/site-packages/airflow/example_dags/example_skip_dag.py for tasks to queue
[2022-10-08T10:59:15.673+0000] {logging_mixin.py:117} INFO - [2022-10-08T10:59:15.673+0000] {dagbag.py:525} INFO - Filling up the DagBag from /home/airflow/.local/lib/python3.7/site-packages/airflow/example_dags/example_skip_dag.py
[2022-10-08T10:59:15.687+0000] {processor.py:768} INFO - DAG(s) dict_keys(['example_skip_dag']) retrieved from /home/airflow/.local/lib/python3.7/site-packages/airflow/example_dags/example_skip_dag.py
[2022-10-08T10:59:15.782+0000] {logging_mixin.py:117} INFO - [2022-10-08T10:59:15.782+0000] {dag.py:2573} INFO - Sync 1 DAGs
[2022-10-08T10:59:15.874+0000] {logging_mixin.py:117} INFO - [2022-10-08T10:59:15.873+0000] {dag.py:3328} INFO - Setting next_dagrun for example_skip_dag to 2022-10-07T10:59:15.873614+00:00, run_after=2022-10-08T10:59:15.873614+00:00
[2022-10-08T10:59:15.891+0000] {processor.py:178} INFO - Processing /home/airflow/.local/lib/python3.7/site-packages/airflow/example_dags/example_skip_dag.py took 0.222 seconds
[2022-10-08T10:59:46.084+0000] {processor.py:156} INFO - Started process (PID=12874) to work on /home/airflow/.local/lib/python3.7/site-packages/airflow/example_dags/example_skip_dag.py
[2022-10-08T10:59:46.085+0000] {processor.py:758} INFO - Processing file /home/airflow/.local/lib/python3.7/site-packages/airflow/example_dags/example_skip_dag.py for tasks to queue
[2022-10-08T10:59:46.086+0000] {logging_mixin.py:117} INFO - [2022-10-08T10:59:46.085+0000] {dagbag.py:525} INFO - Filling up the DagBag from /home/airflow/.local/lib/python3.7/site-packages/airflow/example_dags/example_skip_dag.py
[2022-10-08T10:59:46.099+0000] {processor.py:768} INFO - DAG(s) dict_keys(['example_skip_dag']) retrieved from /home/airflow/.local/lib/python3.7/site-packages/airflow/example_dags/example_skip_dag.py
[2022-10-08T10:59:46.136+0000] {logging_mixin.py:117} INFO - [2022-10-08T10:59:46.136+0000] {dag.py:2573} INFO - Sync 1 DAGs
[2022-10-08T10:59:46.161+0000] {logging_mixin.py:117} INFO - [2022-10-08T10:59:46.160+0000] {dag.py:3328} INFO - Setting next_dagrun for example_skip_dag to 2022-10-07T10:59:46.160745+00:00, run_after=2022-10-08T10:59:46.160745+00:00
[2022-10-08T10:59:46.178+0000] {processor.py:178} INFO - Processing /home/airflow/.local/lib/python3.7/site-packages/airflow/example_dags/example_skip_dag.py took 0.097 seconds
[2022-10-08T11:00:16.969+0000] {processor.py:156} INFO - Started process (PID=13084) to work on /home/airflow/.local/lib/python3.7/site-packages/airflow/example_dags/example_skip_dag.py
[2022-10-08T11:00:16.970+0000] {processor.py:758} INFO - Processing file /home/airflow/.local/lib/python3.7/site-packages/airflow/example_dags/example_skip_dag.py for tasks to queue
[2022-10-08T11:00:16.970+0000] {logging_mixin.py:117} INFO - [2022-10-08T11:00:16.970+0000] {dagbag.py:525} INFO - Filling up the DagBag from /home/airflow/.local/lib/python3.7/site-packages/airflow/example_dags/example_skip_dag.py
[2022-10-08T11:00:16.983+0000] {processor.py:768} INFO - DAG(s) dict_keys(['example_skip_dag']) retrieved from /home/airflow/.local/lib/python3.7/site-packages/airflow/example_dags/example_skip_dag.py
[2022-10-08T11:00:17.018+0000] {logging_mixin.py:117} INFO - [2022-10-08T11:00:17.018+0000] {dag.py:2573} INFO - Sync 1 DAGs
[2022-10-08T11:00:17.044+0000] {logging_mixin.py:117} INFO - [2022-10-08T11:00:17.043+0000] {dag.py:3328} INFO - Setting next_dagrun for example_skip_dag to 2022-10-07T11:00:17.043808+00:00, run_after=2022-10-08T11:00:17.043808+00:00
[2022-10-08T11:00:17.065+0000] {processor.py:178} INFO - Processing /home/airflow/.local/lib/python3.7/site-packages/airflow/example_dags/example_skip_dag.py took 0.098 seconds
[2022-10-08T11:00:48.272+0000] {processor.py:156} INFO - Started process (PID=13296) to work on /home/airflow/.local/lib/python3.7/site-packages/airflow/example_dags/example_skip_dag.py
[2022-10-08T11:00:48.272+0000] {processor.py:758} INFO - Processing file /home/airflow/.local/lib/python3.7/site-packages/airflow/example_dags/example_skip_dag.py for tasks to queue
[2022-10-08T11:00:48.273+0000] {logging_mixin.py:117} INFO - [2022-10-08T11:00:48.273+0000] {dagbag.py:525} INFO - Filling up the DagBag from /home/airflow/.local/lib/python3.7/site-packages/airflow/example_dags/example_skip_dag.py
[2022-10-08T11:00:48.285+0000] {processor.py:768} INFO - DAG(s) dict_keys(['example_skip_dag']) retrieved from /home/airflow/.local/lib/python3.7/site-packages/airflow/example_dags/example_skip_dag.py
[2022-10-08T11:00:48.378+0000] {logging_mixin.py:117} INFO - [2022-10-08T11:00:48.378+0000] {dag.py:2573} INFO - Sync 1 DAGs
[2022-10-08T11:00:48.403+0000] {logging_mixin.py:117} INFO - [2022-10-08T11:00:48.403+0000] {dag.py:3328} INFO - Setting next_dagrun for example_skip_dag to 2022-10-07T11:00:48.403625+00:00, run_after=2022-10-08T11:00:48.403625+00:00
[2022-10-08T11:00:48.475+0000] {processor.py:178} INFO - Processing /home/airflow/.local/lib/python3.7/site-packages/airflow/example_dags/example_skip_dag.py took 0.206 seconds
[2022-10-08T11:01:18.728+0000] {processor.py:156} INFO - Started process (PID=13501) to work on /home/airflow/.local/lib/python3.7/site-packages/airflow/example_dags/example_skip_dag.py
[2022-10-08T11:01:18.729+0000] {processor.py:758} INFO - Processing file /home/airflow/.local/lib/python3.7/site-packages/airflow/example_dags/example_skip_dag.py for tasks to queue
[2022-10-08T11:01:18.730+0000] {logging_mixin.py:117} INFO - [2022-10-08T11:01:18.730+0000] {dagbag.py:525} INFO - Filling up the DagBag from /home/airflow/.local/lib/python3.7/site-packages/airflow/example_dags/example_skip_dag.py
[2022-10-08T11:01:18.743+0000] {processor.py:768} INFO - DAG(s) dict_keys(['example_skip_dag']) retrieved from /home/airflow/.local/lib/python3.7/site-packages/airflow/example_dags/example_skip_dag.py
[2022-10-08T11:01:18.779+0000] {logging_mixin.py:117} INFO - [2022-10-08T11:01:18.779+0000] {dag.py:2573} INFO - Sync 1 DAGs
[2022-10-08T11:01:18.805+0000] {logging_mixin.py:117} INFO - [2022-10-08T11:01:18.805+0000] {dag.py:3328} INFO - Setting next_dagrun for example_skip_dag to 2022-10-07T11:01:18.805487+00:00, run_after=2022-10-08T11:01:18.805487+00:00
[2022-10-08T11:01:18.824+0000] {processor.py:178} INFO - Processing /home/airflow/.local/lib/python3.7/site-packages/airflow/example_dags/example_skip_dag.py took 0.098 seconds
[2022-10-08T11:01:49.486+0000] {processor.py:156} INFO - Started process (PID=13713) to work on /home/airflow/.local/lib/python3.7/site-packages/airflow/example_dags/example_skip_dag.py
[2022-10-08T11:01:49.486+0000] {processor.py:758} INFO - Processing file /home/airflow/.local/lib/python3.7/site-packages/airflow/example_dags/example_skip_dag.py for tasks to queue
[2022-10-08T11:01:49.487+0000] {logging_mixin.py:117} INFO - [2022-10-08T11:01:49.487+0000] {dagbag.py:525} INFO - Filling up the DagBag from /home/airflow/.local/lib/python3.7/site-packages/airflow/example_dags/example_skip_dag.py
[2022-10-08T11:01:49.500+0000] {processor.py:768} INFO - DAG(s) dict_keys(['example_skip_dag']) retrieved from /home/airflow/.local/lib/python3.7/site-packages/airflow/example_dags/example_skip_dag.py
[2022-10-08T11:01:49.536+0000] {logging_mixin.py:117} INFO - [2022-10-08T11:01:49.536+0000] {dag.py:2573} INFO - Sync 1 DAGs
[2022-10-08T11:01:49.565+0000] {logging_mixin.py:117} INFO - [2022-10-08T11:01:49.565+0000] {dag.py:3328} INFO - Setting next_dagrun for example_skip_dag to 2022-10-07T11:01:49.565357+00:00, run_after=2022-10-08T11:01:49.565357+00:00
[2022-10-08T11:01:49.584+0000] {processor.py:178} INFO - Processing /home/airflow/.local/lib/python3.7/site-packages/airflow/example_dags/example_skip_dag.py took 0.100 seconds
[2022-10-08T11:02:20.125+0000] {processor.py:156} INFO - Started process (PID=13925) to work on /home/airflow/.local/lib/python3.7/site-packages/airflow/example_dags/example_skip_dag.py
[2022-10-08T11:02:20.126+0000] {processor.py:758} INFO - Processing file /home/airflow/.local/lib/python3.7/site-packages/airflow/example_dags/example_skip_dag.py for tasks to queue
[2022-10-08T11:02:20.127+0000] {logging_mixin.py:117} INFO - [2022-10-08T11:02:20.127+0000] {dagbag.py:525} INFO - Filling up the DagBag from /home/airflow/.local/lib/python3.7/site-packages/airflow/example_dags/example_skip_dag.py
[2022-10-08T11:02:20.140+0000] {processor.py:768} INFO - DAG(s) dict_keys(['example_skip_dag']) retrieved from /home/airflow/.local/lib/python3.7/site-packages/airflow/example_dags/example_skip_dag.py
[2022-10-08T11:02:20.177+0000] {logging_mixin.py:117} INFO - [2022-10-08T11:02:20.177+0000] {dag.py:2573} INFO - Sync 1 DAGs
[2022-10-08T11:02:20.205+0000] {logging_mixin.py:117} INFO - [2022-10-08T11:02:20.205+0000] {dag.py:3328} INFO - Setting next_dagrun for example_skip_dag to 2022-10-07T11:02:20.205258+00:00, run_after=2022-10-08T11:02:20.205258+00:00
[2022-10-08T11:02:20.223+0000] {processor.py:178} INFO - Processing /home/airflow/.local/lib/python3.7/site-packages/airflow/example_dags/example_skip_dag.py took 0.100 seconds
[2022-10-08T11:02:51.049+0000] {processor.py:156} INFO - Started process (PID=14128) to work on /home/airflow/.local/lib/python3.7/site-packages/airflow/example_dags/example_skip_dag.py
[2022-10-08T11:02:51.050+0000] {processor.py:758} INFO - Processing file /home/airflow/.local/lib/python3.7/site-packages/airflow/example_dags/example_skip_dag.py for tasks to queue
[2022-10-08T11:02:51.050+0000] {logging_mixin.py:117} INFO - [2022-10-08T11:02:51.050+0000] {dagbag.py:525} INFO - Filling up the DagBag from /home/airflow/.local/lib/python3.7/site-packages/airflow/example_dags/example_skip_dag.py
[2022-10-08T11:02:51.064+0000] {processor.py:768} INFO - DAG(s) dict_keys(['example_skip_dag']) retrieved from /home/airflow/.local/lib/python3.7/site-packages/airflow/example_dags/example_skip_dag.py
[2022-10-08T11:02:51.114+0000] {logging_mixin.py:117} INFO - [2022-10-08T11:02:51.114+0000] {dag.py:2573} INFO - Sync 1 DAGs
[2022-10-08T11:02:51.140+0000] {logging_mixin.py:117} INFO - [2022-10-08T11:02:51.140+0000] {dag.py:3328} INFO - Setting next_dagrun for example_skip_dag to 2022-10-07T11:02:51.139860+00:00, run_after=2022-10-08T11:02:51.139860+00:00
[2022-10-08T11:02:51.156+0000] {processor.py:178} INFO - Processing /home/airflow/.local/lib/python3.7/site-packages/airflow/example_dags/example_skip_dag.py took 0.110 seconds
[2022-10-08T11:03:21.461+0000] {processor.py:156} INFO - Started process (PID=14339) to work on /home/airflow/.local/lib/python3.7/site-packages/airflow/example_dags/example_skip_dag.py
[2022-10-08T11:03:21.462+0000] {processor.py:758} INFO - Processing file /home/airflow/.local/lib/python3.7/site-packages/airflow/example_dags/example_skip_dag.py for tasks to queue
[2022-10-08T11:03:21.462+0000] {logging_mixin.py:117} INFO - [2022-10-08T11:03:21.462+0000] {dagbag.py:525} INFO - Filling up the DagBag from /home/airflow/.local/lib/python3.7/site-packages/airflow/example_dags/example_skip_dag.py
[2022-10-08T11:03:21.475+0000] {processor.py:768} INFO - DAG(s) dict_keys(['example_skip_dag']) retrieved from /home/airflow/.local/lib/python3.7/site-packages/airflow/example_dags/example_skip_dag.py
[2022-10-08T11:03:21.510+0000] {logging_mixin.py:117} INFO - [2022-10-08T11:03:21.510+0000] {dag.py:2573} INFO - Sync 1 DAGs
[2022-10-08T11:03:21.535+0000] {logging_mixin.py:117} INFO - [2022-10-08T11:03:21.535+0000] {dag.py:3328} INFO - Setting next_dagrun for example_skip_dag to 2022-10-07T11:03:21.535583+00:00, run_after=2022-10-08T11:03:21.535583+00:00
[2022-10-08T11:03:21.552+0000] {processor.py:178} INFO - Processing /home/airflow/.local/lib/python3.7/site-packages/airflow/example_dags/example_skip_dag.py took 0.094 seconds
[2022-10-08T11:03:52.301+0000] {processor.py:156} INFO - Started process (PID=14551) to work on /home/airflow/.local/lib/python3.7/site-packages/airflow/example_dags/example_skip_dag.py
[2022-10-08T11:03:52.302+0000] {processor.py:758} INFO - Processing file /home/airflow/.local/lib/python3.7/site-packages/airflow/example_dags/example_skip_dag.py for tasks to queue
[2022-10-08T11:03:52.303+0000] {logging_mixin.py:117} INFO - [2022-10-08T11:03:52.302+0000] {dagbag.py:525} INFO - Filling up the DagBag from /home/airflow/.local/lib/python3.7/site-packages/airflow/example_dags/example_skip_dag.py
[2022-10-08T11:03:52.316+0000] {processor.py:768} INFO - DAG(s) dict_keys(['example_skip_dag']) retrieved from /home/airflow/.local/lib/python3.7/site-packages/airflow/example_dags/example_skip_dag.py
[2022-10-08T11:03:52.352+0000] {logging_mixin.py:117} INFO - [2022-10-08T11:03:52.352+0000] {dag.py:2573} INFO - Sync 1 DAGs
[2022-10-08T11:03:52.378+0000] {logging_mixin.py:117} INFO - [2022-10-08T11:03:52.377+0000] {dag.py:3328} INFO - Setting next_dagrun for example_skip_dag to 2022-10-07T11:03:52.377731+00:00, run_after=2022-10-08T11:03:52.377731+00:00
[2022-10-08T11:03:52.396+0000] {processor.py:178} INFO - Processing /home/airflow/.local/lib/python3.7/site-packages/airflow/example_dags/example_skip_dag.py took 0.097 seconds
[2022-10-08T11:04:23.019+0000] {processor.py:156} INFO - Started process (PID=14754) to work on /home/airflow/.local/lib/python3.7/site-packages/airflow/example_dags/example_skip_dag.py
[2022-10-08T11:04:23.020+0000] {processor.py:758} INFO - Processing file /home/airflow/.local/lib/python3.7/site-packages/airflow/example_dags/example_skip_dag.py for tasks to queue
[2022-10-08T11:04:23.020+0000] {logging_mixin.py:117} INFO - [2022-10-08T11:04:23.020+0000] {dagbag.py:525} INFO - Filling up the DagBag from /home/airflow/.local/lib/python3.7/site-packages/airflow/example_dags/example_skip_dag.py
[2022-10-08T11:04:23.034+0000] {processor.py:768} INFO - DAG(s) dict_keys(['example_skip_dag']) retrieved from /home/airflow/.local/lib/python3.7/site-packages/airflow/example_dags/example_skip_dag.py
[2022-10-08T11:04:23.071+0000] {logging_mixin.py:117} INFO - [2022-10-08T11:04:23.071+0000] {dag.py:2573} INFO - Sync 1 DAGs
[2022-10-08T11:04:23.097+0000] {logging_mixin.py:117} INFO - [2022-10-08T11:04:23.097+0000] {dag.py:3328} INFO - Setting next_dagrun for example_skip_dag to 2022-10-07T11:04:23.096970+00:00, run_after=2022-10-08T11:04:23.096970+00:00
[2022-10-08T11:04:23.114+0000] {processor.py:178} INFO - Processing /home/airflow/.local/lib/python3.7/site-packages/airflow/example_dags/example_skip_dag.py took 0.099 seconds
[2022-10-08T11:04:53.560+0000] {processor.py:156} INFO - Started process (PID=14968) to work on /home/airflow/.local/lib/python3.7/site-packages/airflow/example_dags/example_skip_dag.py
[2022-10-08T11:04:53.561+0000] {processor.py:758} INFO - Processing file /home/airflow/.local/lib/python3.7/site-packages/airflow/example_dags/example_skip_dag.py for tasks to queue
[2022-10-08T11:04:53.562+0000] {logging_mixin.py:117} INFO - [2022-10-08T11:04:53.561+0000] {dagbag.py:525} INFO - Filling up the DagBag from /home/airflow/.local/lib/python3.7/site-packages/airflow/example_dags/example_skip_dag.py
[2022-10-08T11:04:53.573+0000] {processor.py:768} INFO - DAG(s) dict_keys(['example_skip_dag']) retrieved from /home/airflow/.local/lib/python3.7/site-packages/airflow/example_dags/example_skip_dag.py
[2022-10-08T11:04:53.609+0000] {logging_mixin.py:117} INFO - [2022-10-08T11:04:53.609+0000] {dag.py:2573} INFO - Sync 1 DAGs
[2022-10-08T11:04:53.636+0000] {logging_mixin.py:117} INFO - [2022-10-08T11:04:53.636+0000] {dag.py:3328} INFO - Setting next_dagrun for example_skip_dag to 2022-10-07T11:04:53.635894+00:00, run_after=2022-10-08T11:04:53.635894+00:00
[2022-10-08T11:04:53.654+0000] {processor.py:178} INFO - Processing /home/airflow/.local/lib/python3.7/site-packages/airflow/example_dags/example_skip_dag.py took 0.097 seconds
[2022-10-08T11:05:24.367+0000] {processor.py:156} INFO - Started process (PID=15180) to work on /home/airflow/.local/lib/python3.7/site-packages/airflow/example_dags/example_skip_dag.py
[2022-10-08T11:05:24.368+0000] {processor.py:758} INFO - Processing file /home/airflow/.local/lib/python3.7/site-packages/airflow/example_dags/example_skip_dag.py for tasks to queue
[2022-10-08T11:05:24.368+0000] {logging_mixin.py:117} INFO - [2022-10-08T11:05:24.368+0000] {dagbag.py:525} INFO - Filling up the DagBag from /home/airflow/.local/lib/python3.7/site-packages/airflow/example_dags/example_skip_dag.py
[2022-10-08T11:05:24.381+0000] {processor.py:768} INFO - DAG(s) dict_keys(['example_skip_dag']) retrieved from /home/airflow/.local/lib/python3.7/site-packages/airflow/example_dags/example_skip_dag.py
[2022-10-08T11:05:24.451+0000] {logging_mixin.py:117} INFO - [2022-10-08T11:05:24.451+0000] {dag.py:2573} INFO - Sync 1 DAGs
[2022-10-08T11:05:24.478+0000] {logging_mixin.py:117} INFO - [2022-10-08T11:05:24.478+0000] {dag.py:3328} INFO - Setting next_dagrun for example_skip_dag to 2022-10-07T11:05:24.477988+00:00, run_after=2022-10-08T11:05:24.477988+00:00
[2022-10-08T11:05:24.496+0000] {processor.py:178} INFO - Processing /home/airflow/.local/lib/python3.7/site-packages/airflow/example_dags/example_skip_dag.py took 0.131 seconds
[2022-10-08T11:05:54.711+0000] {processor.py:156} INFO - Started process (PID=15403) to work on /home/airflow/.local/lib/python3.7/site-packages/airflow/example_dags/example_skip_dag.py
[2022-10-08T11:05:54.712+0000] {processor.py:758} INFO - Processing file /home/airflow/.local/lib/python3.7/site-packages/airflow/example_dags/example_skip_dag.py for tasks to queue
[2022-10-08T11:05:54.712+0000] {logging_mixin.py:117} INFO - [2022-10-08T11:05:54.712+0000] {dagbag.py:525} INFO - Filling up the DagBag from /home/airflow/.local/lib/python3.7/site-packages/airflow/example_dags/example_skip_dag.py
[2022-10-08T11:05:54.725+0000] {processor.py:768} INFO - DAG(s) dict_keys(['example_skip_dag']) retrieved from /home/airflow/.local/lib/python3.7/site-packages/airflow/example_dags/example_skip_dag.py
[2022-10-08T11:05:54.761+0000] {logging_mixin.py:117} INFO - [2022-10-08T11:05:54.761+0000] {dag.py:2573} INFO - Sync 1 DAGs
[2022-10-08T11:05:54.785+0000] {logging_mixin.py:117} INFO - [2022-10-08T11:05:54.785+0000] {dag.py:3328} INFO - Setting next_dagrun for example_skip_dag to 2022-10-07T11:05:54.785525+00:00, run_after=2022-10-08T11:05:54.785525+00:00
[2022-10-08T11:05:54.804+0000] {processor.py:178} INFO - Processing /home/airflow/.local/lib/python3.7/site-packages/airflow/example_dags/example_skip_dag.py took 0.096 seconds
[2022-10-08T11:06:25.428+0000] {processor.py:156} INFO - Started process (PID=15613) to work on /home/airflow/.local/lib/python3.7/site-packages/airflow/example_dags/example_skip_dag.py
[2022-10-08T11:06:25.429+0000] {processor.py:758} INFO - Processing file /home/airflow/.local/lib/python3.7/site-packages/airflow/example_dags/example_skip_dag.py for tasks to queue
[2022-10-08T11:06:25.429+0000] {logging_mixin.py:117} INFO - [2022-10-08T11:06:25.429+0000] {dagbag.py:525} INFO - Filling up the DagBag from /home/airflow/.local/lib/python3.7/site-packages/airflow/example_dags/example_skip_dag.py
[2022-10-08T11:06:25.441+0000] {processor.py:768} INFO - DAG(s) dict_keys(['example_skip_dag']) retrieved from /home/airflow/.local/lib/python3.7/site-packages/airflow/example_dags/example_skip_dag.py
[2022-10-08T11:06:25.475+0000] {logging_mixin.py:117} INFO - [2022-10-08T11:06:25.475+0000] {dag.py:2573} INFO - Sync 1 DAGs
[2022-10-08T11:06:25.500+0000] {logging_mixin.py:117} INFO - [2022-10-08T11:06:25.500+0000] {dag.py:3328} INFO - Setting next_dagrun for example_skip_dag to 2022-10-07T11:06:25.500197+00:00, run_after=2022-10-08T11:06:25.500197+00:00
[2022-10-08T11:06:25.517+0000] {processor.py:178} INFO - Processing /home/airflow/.local/lib/python3.7/site-packages/airflow/example_dags/example_skip_dag.py took 0.091 seconds
