[2022-10-08T10:29:04.816+0000] {processor.py:156} INFO - Started process (PID=344) to work on /home/airflow/.local/lib/python3.7/site-packages/airflow/example_dags/example_xcom.py
[2022-10-08T10:29:04.817+0000] {processor.py:758} INFO - Processing file /home/airflow/.local/lib/python3.7/site-packages/airflow/example_dags/example_xcom.py for tasks to queue
[2022-10-08T10:29:04.817+0000] {logging_mixin.py:117} INFO - [2022-10-08T10:29:04.817+0000] {dagbag.py:525} INFO - Filling up the DagBag from /home/airflow/.local/lib/python3.7/site-packages/airflow/example_dags/example_xcom.py
[2022-10-08T10:29:04.849+0000] {processor.py:768} INFO - DAG(s) dict_keys(['example_xcom']) retrieved from /home/airflow/.local/lib/python3.7/site-packages/airflow/example_dags/example_xcom.py
[2022-10-08T10:29:05.174+0000] {logging_mixin.py:117} INFO - [2022-10-08T10:29:05.174+0000] {manager.py:507} INFO - Created Permission View: can edit on DAG:example_xcom
[2022-10-08T10:29:05.185+0000] {logging_mixin.py:117} INFO - [2022-10-08T10:29:05.184+0000] {manager.py:507} INFO - Created Permission View: can delete on DAG:example_xcom
[2022-10-08T10:29:05.195+0000] {logging_mixin.py:117} INFO - [2022-10-08T10:29:05.195+0000] {manager.py:507} INFO - Created Permission View: can read on DAG:example_xcom
[2022-10-08T10:29:05.195+0000] {logging_mixin.py:117} INFO - [2022-10-08T10:29:05.195+0000] {dag.py:2573} INFO - Sync 1 DAGs
[2022-10-08T10:29:05.212+0000] {logging_mixin.py:117} INFO - [2022-10-08T10:29:05.212+0000] {dag.py:2594} INFO - Creating ORM DAG for example_xcom
[2022-10-08T10:29:05.232+0000] {logging_mixin.py:117} INFO - [2022-10-08T10:29:05.231+0000] {dag.py:3328} INFO - Setting next_dagrun for example_xcom to 2021-01-01T00:00:00+00:00, run_after=2021-01-01T00:00:00+00:00
[2022-10-08T10:29:05.257+0000] {processor.py:178} INFO - Processing /home/airflow/.local/lib/python3.7/site-packages/airflow/example_dags/example_xcom.py took 0.443 seconds
[2022-10-08T10:29:35.413+0000] {processor.py:156} INFO - Started process (PID=549) to work on /home/airflow/.local/lib/python3.7/site-packages/airflow/example_dags/example_xcom.py
[2022-10-08T10:29:35.414+0000] {processor.py:758} INFO - Processing file /home/airflow/.local/lib/python3.7/site-packages/airflow/example_dags/example_xcom.py for tasks to queue
[2022-10-08T10:29:35.414+0000] {logging_mixin.py:117} INFO - [2022-10-08T10:29:35.414+0000] {dagbag.py:525} INFO - Filling up the DagBag from /home/airflow/.local/lib/python3.7/site-packages/airflow/example_dags/example_xcom.py
[2022-10-08T10:29:35.484+0000] {processor.py:768} INFO - DAG(s) dict_keys(['example_xcom']) retrieved from /home/airflow/.local/lib/python3.7/site-packages/airflow/example_dags/example_xcom.py
[2022-10-08T10:29:35.578+0000] {logging_mixin.py:117} INFO - [2022-10-08T10:29:35.578+0000] {dag.py:2573} INFO - Sync 1 DAGs
[2022-10-08T10:29:35.873+0000] {logging_mixin.py:117} INFO - [2022-10-08T10:29:35.873+0000] {dag.py:3328} INFO - Setting next_dagrun for example_xcom to 2021-01-01T00:00:00+00:00, run_after=2021-01-01T00:00:00+00:00
[2022-10-08T10:29:35.891+0000] {processor.py:178} INFO - Processing /home/airflow/.local/lib/python3.7/site-packages/airflow/example_dags/example_xcom.py took 0.480 seconds
[2022-10-08T10:30:06.245+0000] {processor.py:156} INFO - Started process (PID=751) to work on /home/airflow/.local/lib/python3.7/site-packages/airflow/example_dags/example_xcom.py
[2022-10-08T10:30:06.246+0000] {processor.py:758} INFO - Processing file /home/airflow/.local/lib/python3.7/site-packages/airflow/example_dags/example_xcom.py for tasks to queue
[2022-10-08T10:30:06.247+0000] {logging_mixin.py:117} INFO - [2022-10-08T10:30:06.246+0000] {dagbag.py:525} INFO - Filling up the DagBag from /home/airflow/.local/lib/python3.7/site-packages/airflow/example_dags/example_xcom.py
[2022-10-08T10:30:06.275+0000] {processor.py:768} INFO - DAG(s) dict_keys(['example_xcom']) retrieved from /home/airflow/.local/lib/python3.7/site-packages/airflow/example_dags/example_xcom.py
[2022-10-08T10:30:06.312+0000] {logging_mixin.py:117} INFO - [2022-10-08T10:30:06.312+0000] {dag.py:2573} INFO - Sync 1 DAGs
[2022-10-08T10:30:06.452+0000] {logging_mixin.py:117} INFO - [2022-10-08T10:30:06.452+0000] {dag.py:3328} INFO - Setting next_dagrun for example_xcom to 2021-01-01T00:00:00+00:00, run_after=2021-01-01T00:00:00+00:00
[2022-10-08T10:30:06.471+0000] {processor.py:178} INFO - Processing /home/airflow/.local/lib/python3.7/site-packages/airflow/example_dags/example_xcom.py took 0.228 seconds
[2022-10-08T10:30:37.332+0000] {processor.py:156} INFO - Started process (PID=958) to work on /home/airflow/.local/lib/python3.7/site-packages/airflow/example_dags/example_xcom.py
[2022-10-08T10:30:37.333+0000] {processor.py:758} INFO - Processing file /home/airflow/.local/lib/python3.7/site-packages/airflow/example_dags/example_xcom.py for tasks to queue
[2022-10-08T10:30:37.333+0000] {logging_mixin.py:117} INFO - [2022-10-08T10:30:37.333+0000] {dagbag.py:525} INFO - Filling up the DagBag from /home/airflow/.local/lib/python3.7/site-packages/airflow/example_dags/example_xcom.py
[2022-10-08T10:30:37.355+0000] {processor.py:768} INFO - DAG(s) dict_keys(['example_xcom']) retrieved from /home/airflow/.local/lib/python3.7/site-packages/airflow/example_dags/example_xcom.py
[2022-10-08T10:30:37.506+0000] {logging_mixin.py:117} INFO - [2022-10-08T10:30:37.506+0000] {dag.py:2573} INFO - Sync 1 DAGs
[2022-10-08T10:30:37.529+0000] {logging_mixin.py:117} INFO - [2022-10-08T10:30:37.529+0000] {dag.py:3328} INFO - Setting next_dagrun for example_xcom to 2021-01-01T00:00:00+00:00, run_after=2021-01-01T00:00:00+00:00
[2022-10-08T10:30:37.546+0000] {processor.py:178} INFO - Processing /home/airflow/.local/lib/python3.7/site-packages/airflow/example_dags/example_xcom.py took 0.217 seconds
[2022-10-08T10:31:08.868+0000] {processor.py:156} INFO - Started process (PID=1165) to work on /home/airflow/.local/lib/python3.7/site-packages/airflow/example_dags/example_xcom.py
[2022-10-08T10:31:08.869+0000] {processor.py:758} INFO - Processing file /home/airflow/.local/lib/python3.7/site-packages/airflow/example_dags/example_xcom.py for tasks to queue
[2022-10-08T10:31:08.870+0000] {logging_mixin.py:117} INFO - [2022-10-08T10:31:08.870+0000] {dagbag.py:525} INFO - Filling up the DagBag from /home/airflow/.local/lib/python3.7/site-packages/airflow/example_dags/example_xcom.py
[2022-10-08T10:31:08.899+0000] {processor.py:768} INFO - DAG(s) dict_keys(['example_xcom']) retrieved from /home/airflow/.local/lib/python3.7/site-packages/airflow/example_dags/example_xcom.py
[2022-10-08T10:31:09.284+0000] {logging_mixin.py:117} INFO - [2022-10-08T10:31:09.284+0000] {dag.py:2573} INFO - Sync 1 DAGs
[2022-10-08T10:31:09.377+0000] {logging_mixin.py:117} INFO - [2022-10-08T10:31:09.377+0000] {dag.py:3328} INFO - Setting next_dagrun for example_xcom to 2021-01-01T00:00:00+00:00, run_after=2021-01-01T00:00:00+00:00
[2022-10-08T10:31:09.463+0000] {processor.py:178} INFO - Processing /home/airflow/.local/lib/python3.7/site-packages/airflow/example_dags/example_xcom.py took 0.597 seconds
[2022-10-08T10:31:39.569+0000] {processor.py:156} INFO - Started process (PID=1363) to work on /home/airflow/.local/lib/python3.7/site-packages/airflow/example_dags/example_xcom.py
[2022-10-08T10:31:39.570+0000] {processor.py:758} INFO - Processing file /home/airflow/.local/lib/python3.7/site-packages/airflow/example_dags/example_xcom.py for tasks to queue
[2022-10-08T10:31:39.570+0000] {logging_mixin.py:117} INFO - [2022-10-08T10:31:39.570+0000] {dagbag.py:525} INFO - Filling up the DagBag from /home/airflow/.local/lib/python3.7/site-packages/airflow/example_dags/example_xcom.py
[2022-10-08T10:31:39.708+0000] {processor.py:768} INFO - DAG(s) dict_keys(['example_xcom']) retrieved from /home/airflow/.local/lib/python3.7/site-packages/airflow/example_dags/example_xcom.py
[2022-10-08T10:31:39.741+0000] {logging_mixin.py:117} INFO - [2022-10-08T10:31:39.741+0000] {dag.py:2573} INFO - Sync 1 DAGs
[2022-10-08T10:31:39.766+0000] {logging_mixin.py:117} INFO - [2022-10-08T10:31:39.766+0000] {dag.py:3328} INFO - Setting next_dagrun for example_xcom to 2021-01-01T00:00:00+00:00, run_after=2021-01-01T00:00:00+00:00
[2022-10-08T10:31:39.782+0000] {processor.py:178} INFO - Processing /home/airflow/.local/lib/python3.7/site-packages/airflow/example_dags/example_xcom.py took 0.216 seconds
[2022-10-08T10:32:10.245+0000] {processor.py:156} INFO - Started process (PID=1570) to work on /home/airflow/.local/lib/python3.7/site-packages/airflow/example_dags/example_xcom.py
[2022-10-08T10:32:10.246+0000] {processor.py:758} INFO - Processing file /home/airflow/.local/lib/python3.7/site-packages/airflow/example_dags/example_xcom.py for tasks to queue
[2022-10-08T10:32:10.246+0000] {logging_mixin.py:117} INFO - [2022-10-08T10:32:10.246+0000] {dagbag.py:525} INFO - Filling up the DagBag from /home/airflow/.local/lib/python3.7/site-packages/airflow/example_dags/example_xcom.py
[2022-10-08T10:32:10.269+0000] {processor.py:768} INFO - DAG(s) dict_keys(['example_xcom']) retrieved from /home/airflow/.local/lib/python3.7/site-packages/airflow/example_dags/example_xcom.py
[2022-10-08T10:32:10.304+0000] {logging_mixin.py:117} INFO - [2022-10-08T10:32:10.304+0000] {dag.py:2573} INFO - Sync 1 DAGs
[2022-10-08T10:32:10.328+0000] {logging_mixin.py:117} INFO - [2022-10-08T10:32:10.328+0000] {dag.py:3328} INFO - Setting next_dagrun for example_xcom to 2021-01-01T00:00:00+00:00, run_after=2021-01-01T00:00:00+00:00
[2022-10-08T10:32:10.344+0000] {processor.py:178} INFO - Processing /home/airflow/.local/lib/python3.7/site-packages/airflow/example_dags/example_xcom.py took 0.102 seconds
[2022-10-08T10:32:41.373+0000] {processor.py:156} INFO - Started process (PID=1779) to work on /home/airflow/.local/lib/python3.7/site-packages/airflow/example_dags/example_xcom.py
[2022-10-08T10:32:41.374+0000] {processor.py:758} INFO - Processing file /home/airflow/.local/lib/python3.7/site-packages/airflow/example_dags/example_xcom.py for tasks to queue
[2022-10-08T10:32:41.374+0000] {logging_mixin.py:117} INFO - [2022-10-08T10:32:41.374+0000] {dagbag.py:525} INFO - Filling up the DagBag from /home/airflow/.local/lib/python3.7/site-packages/airflow/example_dags/example_xcom.py
[2022-10-08T10:32:41.398+0000] {processor.py:768} INFO - DAG(s) dict_keys(['example_xcom']) retrieved from /home/airflow/.local/lib/python3.7/site-packages/airflow/example_dags/example_xcom.py
[2022-10-08T10:32:41.477+0000] {logging_mixin.py:117} INFO - [2022-10-08T10:32:41.476+0000] {dag.py:2573} INFO - Sync 1 DAGs
[2022-10-08T10:32:41.500+0000] {logging_mixin.py:117} INFO - [2022-10-08T10:32:41.500+0000] {dag.py:3328} INFO - Setting next_dagrun for example_xcom to 2021-01-01T00:00:00+00:00, run_after=2021-01-01T00:00:00+00:00
[2022-10-08T10:32:41.517+0000] {processor.py:178} INFO - Processing /home/airflow/.local/lib/python3.7/site-packages/airflow/example_dags/example_xcom.py took 0.146 seconds
[2022-10-08T10:33:12.318+0000] {processor.py:156} INFO - Started process (PID=1977) to work on /home/airflow/.local/lib/python3.7/site-packages/airflow/example_dags/example_xcom.py
[2022-10-08T10:33:12.319+0000] {processor.py:758} INFO - Processing file /home/airflow/.local/lib/python3.7/site-packages/airflow/example_dags/example_xcom.py for tasks to queue
[2022-10-08T10:33:12.319+0000] {logging_mixin.py:117} INFO - [2022-10-08T10:33:12.319+0000] {dagbag.py:525} INFO - Filling up the DagBag from /home/airflow/.local/lib/python3.7/site-packages/airflow/example_dags/example_xcom.py
[2022-10-08T10:33:12.376+0000] {processor.py:768} INFO - DAG(s) dict_keys(['example_xcom']) retrieved from /home/airflow/.local/lib/python3.7/site-packages/airflow/example_dags/example_xcom.py
[2022-10-08T10:33:12.412+0000] {logging_mixin.py:117} INFO - [2022-10-08T10:33:12.412+0000] {dag.py:2573} INFO - Sync 1 DAGs
[2022-10-08T10:33:12.436+0000] {logging_mixin.py:117} INFO - [2022-10-08T10:33:12.436+0000] {dag.py:3328} INFO - Setting next_dagrun for example_xcom to 2021-01-01T00:00:00+00:00, run_after=2021-01-01T00:00:00+00:00
[2022-10-08T10:33:12.454+0000] {processor.py:178} INFO - Processing /home/airflow/.local/lib/python3.7/site-packages/airflow/example_dags/example_xcom.py took 0.138 seconds
[2022-10-08T10:33:43.286+0000] {processor.py:156} INFO - Started process (PID=2182) to work on /home/airflow/.local/lib/python3.7/site-packages/airflow/example_dags/example_xcom.py
[2022-10-08T10:33:43.287+0000] {processor.py:758} INFO - Processing file /home/airflow/.local/lib/python3.7/site-packages/airflow/example_dags/example_xcom.py for tasks to queue
[2022-10-08T10:33:43.287+0000] {logging_mixin.py:117} INFO - [2022-10-08T10:33:43.287+0000] {dagbag.py:525} INFO - Filling up the DagBag from /home/airflow/.local/lib/python3.7/site-packages/airflow/example_dags/example_xcom.py
[2022-10-08T10:33:43.310+0000] {processor.py:768} INFO - DAG(s) dict_keys(['example_xcom']) retrieved from /home/airflow/.local/lib/python3.7/site-packages/airflow/example_dags/example_xcom.py
[2022-10-08T10:33:43.371+0000] {logging_mixin.py:117} INFO - [2022-10-08T10:33:43.371+0000] {dag.py:2573} INFO - Sync 1 DAGs
[2022-10-08T10:33:43.398+0000] {logging_mixin.py:117} INFO - [2022-10-08T10:33:43.398+0000] {dag.py:3328} INFO - Setting next_dagrun for example_xcom to 2021-01-01T00:00:00+00:00, run_after=2021-01-01T00:00:00+00:00
[2022-10-08T10:33:43.415+0000] {processor.py:178} INFO - Processing /home/airflow/.local/lib/python3.7/site-packages/airflow/example_dags/example_xcom.py took 0.132 seconds
[2022-10-08T10:34:14.318+0000] {processor.py:156} INFO - Started process (PID=2389) to work on /home/airflow/.local/lib/python3.7/site-packages/airflow/example_dags/example_xcom.py
[2022-10-08T10:34:14.319+0000] {processor.py:758} INFO - Processing file /home/airflow/.local/lib/python3.7/site-packages/airflow/example_dags/example_xcom.py for tasks to queue
[2022-10-08T10:34:14.320+0000] {logging_mixin.py:117} INFO - [2022-10-08T10:34:14.320+0000] {dagbag.py:525} INFO - Filling up the DagBag from /home/airflow/.local/lib/python3.7/site-packages/airflow/example_dags/example_xcom.py
[2022-10-08T10:34:14.341+0000] {processor.py:768} INFO - DAG(s) dict_keys(['example_xcom']) retrieved from /home/airflow/.local/lib/python3.7/site-packages/airflow/example_dags/example_xcom.py
[2022-10-08T10:34:14.383+0000] {logging_mixin.py:117} INFO - [2022-10-08T10:34:14.383+0000] {dag.py:2573} INFO - Sync 1 DAGs
[2022-10-08T10:34:14.408+0000] {logging_mixin.py:117} INFO - [2022-10-08T10:34:14.408+0000] {dag.py:3328} INFO - Setting next_dagrun for example_xcom to 2021-01-01T00:00:00+00:00, run_after=2021-01-01T00:00:00+00:00
[2022-10-08T10:34:14.425+0000] {processor.py:178} INFO - Processing /home/airflow/.local/lib/python3.7/site-packages/airflow/example_dags/example_xcom.py took 0.110 seconds
[2022-10-08T10:34:45.096+0000] {processor.py:156} INFO - Started process (PID=2596) to work on /home/airflow/.local/lib/python3.7/site-packages/airflow/example_dags/example_xcom.py
[2022-10-08T10:34:45.097+0000] {processor.py:758} INFO - Processing file /home/airflow/.local/lib/python3.7/site-packages/airflow/example_dags/example_xcom.py for tasks to queue
[2022-10-08T10:34:45.097+0000] {logging_mixin.py:117} INFO - [2022-10-08T10:34:45.097+0000] {dagbag.py:525} INFO - Filling up the DagBag from /home/airflow/.local/lib/python3.7/site-packages/airflow/example_dags/example_xcom.py
[2022-10-08T10:34:45.166+0000] {processor.py:768} INFO - DAG(s) dict_keys(['example_xcom']) retrieved from /home/airflow/.local/lib/python3.7/site-packages/airflow/example_dags/example_xcom.py
[2022-10-08T10:34:45.205+0000] {logging_mixin.py:117} INFO - [2022-10-08T10:34:45.204+0000] {dag.py:2573} INFO - Sync 1 DAGs
[2022-10-08T10:34:45.285+0000] {logging_mixin.py:117} INFO - [2022-10-08T10:34:45.285+0000] {dag.py:3328} INFO - Setting next_dagrun for example_xcom to 2021-01-01T00:00:00+00:00, run_after=2021-01-01T00:00:00+00:00
[2022-10-08T10:34:45.367+0000] {processor.py:178} INFO - Processing /home/airflow/.local/lib/python3.7/site-packages/airflow/example_dags/example_xcom.py took 0.273 seconds
[2022-10-08T10:35:15.637+0000] {processor.py:156} INFO - Started process (PID=2794) to work on /home/airflow/.local/lib/python3.7/site-packages/airflow/example_dags/example_xcom.py
[2022-10-08T10:35:15.638+0000] {processor.py:758} INFO - Processing file /home/airflow/.local/lib/python3.7/site-packages/airflow/example_dags/example_xcom.py for tasks to queue
[2022-10-08T10:35:15.639+0000] {logging_mixin.py:117} INFO - [2022-10-08T10:35:15.639+0000] {dagbag.py:525} INFO - Filling up the DagBag from /home/airflow/.local/lib/python3.7/site-packages/airflow/example_dags/example_xcom.py
[2022-10-08T10:35:15.662+0000] {processor.py:768} INFO - DAG(s) dict_keys(['example_xcom']) retrieved from /home/airflow/.local/lib/python3.7/site-packages/airflow/example_dags/example_xcom.py
[2022-10-08T10:35:15.698+0000] {logging_mixin.py:117} INFO - [2022-10-08T10:35:15.698+0000] {dag.py:2573} INFO - Sync 1 DAGs
[2022-10-08T10:35:15.722+0000] {logging_mixin.py:117} INFO - [2022-10-08T10:35:15.722+0000] {dag.py:3328} INFO - Setting next_dagrun for example_xcom to 2021-01-01T00:00:00+00:00, run_after=2021-01-01T00:00:00+00:00
[2022-10-08T10:35:15.740+0000] {processor.py:178} INFO - Processing /home/airflow/.local/lib/python3.7/site-packages/airflow/example_dags/example_xcom.py took 0.105 seconds
[2022-10-08T10:35:46.041+0000] {processor.py:156} INFO - Started process (PID=3001) to work on /home/airflow/.local/lib/python3.7/site-packages/airflow/example_dags/example_xcom.py
[2022-10-08T10:35:46.042+0000] {processor.py:758} INFO - Processing file /home/airflow/.local/lib/python3.7/site-packages/airflow/example_dags/example_xcom.py for tasks to queue
[2022-10-08T10:35:46.043+0000] {logging_mixin.py:117} INFO - [2022-10-08T10:35:46.042+0000] {dagbag.py:525} INFO - Filling up the DagBag from /home/airflow/.local/lib/python3.7/site-packages/airflow/example_dags/example_xcom.py
[2022-10-08T10:35:46.076+0000] {processor.py:768} INFO - DAG(s) dict_keys(['example_xcom']) retrieved from /home/airflow/.local/lib/python3.7/site-packages/airflow/example_dags/example_xcom.py
[2022-10-08T10:35:46.113+0000] {logging_mixin.py:117} INFO - [2022-10-08T10:35:46.112+0000] {dag.py:2573} INFO - Sync 1 DAGs
[2022-10-08T10:35:46.137+0000] {logging_mixin.py:117} INFO - [2022-10-08T10:35:46.137+0000] {dag.py:3328} INFO - Setting next_dagrun for example_xcom to 2021-01-01T00:00:00+00:00, run_after=2021-01-01T00:00:00+00:00
[2022-10-08T10:35:46.153+0000] {processor.py:178} INFO - Processing /home/airflow/.local/lib/python3.7/site-packages/airflow/example_dags/example_xcom.py took 0.115 seconds
[2022-10-08T10:36:16.772+0000] {processor.py:156} INFO - Started process (PID=3199) to work on /home/airflow/.local/lib/python3.7/site-packages/airflow/example_dags/example_xcom.py
[2022-10-08T10:36:16.772+0000] {processor.py:758} INFO - Processing file /home/airflow/.local/lib/python3.7/site-packages/airflow/example_dags/example_xcom.py for tasks to queue
[2022-10-08T10:36:16.773+0000] {logging_mixin.py:117} INFO - [2022-10-08T10:36:16.773+0000] {dagbag.py:525} INFO - Filling up the DagBag from /home/airflow/.local/lib/python3.7/site-packages/airflow/example_dags/example_xcom.py
[2022-10-08T10:36:16.796+0000] {processor.py:768} INFO - DAG(s) dict_keys(['example_xcom']) retrieved from /home/airflow/.local/lib/python3.7/site-packages/airflow/example_dags/example_xcom.py
[2022-10-08T10:36:16.832+0000] {logging_mixin.py:117} INFO - [2022-10-08T10:36:16.832+0000] {dag.py:2573} INFO - Sync 1 DAGs
[2022-10-08T10:36:16.863+0000] {logging_mixin.py:117} INFO - [2022-10-08T10:36:16.862+0000] {dag.py:3328} INFO - Setting next_dagrun for example_xcom to 2021-01-01T00:00:00+00:00, run_after=2021-01-01T00:00:00+00:00
[2022-10-08T10:36:16.879+0000] {processor.py:178} INFO - Processing /home/airflow/.local/lib/python3.7/site-packages/airflow/example_dags/example_xcom.py took 0.110 seconds
[2022-10-08T10:36:47.799+0000] {processor.py:156} INFO - Started process (PID=3408) to work on /home/airflow/.local/lib/python3.7/site-packages/airflow/example_dags/example_xcom.py
[2022-10-08T10:36:47.800+0000] {processor.py:758} INFO - Processing file /home/airflow/.local/lib/python3.7/site-packages/airflow/example_dags/example_xcom.py for tasks to queue
[2022-10-08T10:36:47.801+0000] {logging_mixin.py:117} INFO - [2022-10-08T10:36:47.800+0000] {dagbag.py:525} INFO - Filling up the DagBag from /home/airflow/.local/lib/python3.7/site-packages/airflow/example_dags/example_xcom.py
[2022-10-08T10:36:47.823+0000] {processor.py:768} INFO - DAG(s) dict_keys(['example_xcom']) retrieved from /home/airflow/.local/lib/python3.7/site-packages/airflow/example_dags/example_xcom.py
[2022-10-08T10:36:47.866+0000] {logging_mixin.py:117} INFO - [2022-10-08T10:36:47.866+0000] {dag.py:2573} INFO - Sync 1 DAGs
[2022-10-08T10:36:47.890+0000] {logging_mixin.py:117} INFO - [2022-10-08T10:36:47.890+0000] {dag.py:3328} INFO - Setting next_dagrun for example_xcom to 2021-01-01T00:00:00+00:00, run_after=2021-01-01T00:00:00+00:00
[2022-10-08T10:36:47.906+0000] {processor.py:178} INFO - Processing /home/airflow/.local/lib/python3.7/site-packages/airflow/example_dags/example_xcom.py took 0.110 seconds
[2022-10-08T10:37:18.165+0000] {processor.py:156} INFO - Started process (PID=3612) to work on /home/airflow/.local/lib/python3.7/site-packages/airflow/example_dags/example_xcom.py
[2022-10-08T10:37:18.166+0000] {processor.py:758} INFO - Processing file /home/airflow/.local/lib/python3.7/site-packages/airflow/example_dags/example_xcom.py for tasks to queue
[2022-10-08T10:37:18.167+0000] {logging_mixin.py:117} INFO - [2022-10-08T10:37:18.167+0000] {dagbag.py:525} INFO - Filling up the DagBag from /home/airflow/.local/lib/python3.7/site-packages/airflow/example_dags/example_xcom.py
[2022-10-08T10:37:18.190+0000] {processor.py:768} INFO - DAG(s) dict_keys(['example_xcom']) retrieved from /home/airflow/.local/lib/python3.7/site-packages/airflow/example_dags/example_xcom.py
[2022-10-08T10:37:18.226+0000] {logging_mixin.py:117} INFO - [2022-10-08T10:37:18.226+0000] {dag.py:2573} INFO - Sync 1 DAGs
[2022-10-08T10:37:18.250+0000] {logging_mixin.py:117} INFO - [2022-10-08T10:37:18.250+0000] {dag.py:3328} INFO - Setting next_dagrun for example_xcom to 2021-01-01T00:00:00+00:00, run_after=2021-01-01T00:00:00+00:00
[2022-10-08T10:37:18.274+0000] {processor.py:178} INFO - Processing /home/airflow/.local/lib/python3.7/site-packages/airflow/example_dags/example_xcom.py took 0.111 seconds
[2022-10-08T10:37:48.773+0000] {processor.py:156} INFO - Started process (PID=3817) to work on /home/airflow/.local/lib/python3.7/site-packages/airflow/example_dags/example_xcom.py
[2022-10-08T10:37:48.774+0000] {processor.py:758} INFO - Processing file /home/airflow/.local/lib/python3.7/site-packages/airflow/example_dags/example_xcom.py for tasks to queue
[2022-10-08T10:37:48.775+0000] {logging_mixin.py:117} INFO - [2022-10-08T10:37:48.775+0000] {dagbag.py:525} INFO - Filling up the DagBag from /home/airflow/.local/lib/python3.7/site-packages/airflow/example_dags/example_xcom.py
[2022-10-08T10:37:48.798+0000] {processor.py:768} INFO - DAG(s) dict_keys(['example_xcom']) retrieved from /home/airflow/.local/lib/python3.7/site-packages/airflow/example_dags/example_xcom.py
[2022-10-08T10:37:48.879+0000] {logging_mixin.py:117} INFO - [2022-10-08T10:37:48.878+0000] {dag.py:2573} INFO - Sync 1 DAGs
[2022-10-08T10:37:48.967+0000] {logging_mixin.py:117} INFO - [2022-10-08T10:37:48.967+0000] {dag.py:3328} INFO - Setting next_dagrun for example_xcom to 2021-01-01T00:00:00+00:00, run_after=2021-01-01T00:00:00+00:00
[2022-10-08T10:37:48.986+0000] {processor.py:178} INFO - Processing /home/airflow/.local/lib/python3.7/site-packages/airflow/example_dags/example_xcom.py took 0.215 seconds
[2022-10-08T10:38:19.336+0000] {processor.py:156} INFO - Started process (PID=4017) to work on /home/airflow/.local/lib/python3.7/site-packages/airflow/example_dags/example_xcom.py
[2022-10-08T10:38:19.337+0000] {processor.py:758} INFO - Processing file /home/airflow/.local/lib/python3.7/site-packages/airflow/example_dags/example_xcom.py for tasks to queue
[2022-10-08T10:38:19.337+0000] {logging_mixin.py:117} INFO - [2022-10-08T10:38:19.337+0000] {dagbag.py:525} INFO - Filling up the DagBag from /home/airflow/.local/lib/python3.7/site-packages/airflow/example_dags/example_xcom.py
[2022-10-08T10:38:19.366+0000] {processor.py:768} INFO - DAG(s) dict_keys(['example_xcom']) retrieved from /home/airflow/.local/lib/python3.7/site-packages/airflow/example_dags/example_xcom.py
[2022-10-08T10:38:19.403+0000] {logging_mixin.py:117} INFO - [2022-10-08T10:38:19.403+0000] {dag.py:2573} INFO - Sync 1 DAGs
[2022-10-08T10:38:19.428+0000] {logging_mixin.py:117} INFO - [2022-10-08T10:38:19.428+0000] {dag.py:3328} INFO - Setting next_dagrun for example_xcom to 2021-01-01T00:00:00+00:00, run_after=2021-01-01T00:00:00+00:00
[2022-10-08T10:38:19.445+0000] {processor.py:178} INFO - Processing /home/airflow/.local/lib/python3.7/site-packages/airflow/example_dags/example_xcom.py took 0.112 seconds
[2022-10-08T10:38:50.075+0000] {processor.py:156} INFO - Started process (PID=4224) to work on /home/airflow/.local/lib/python3.7/site-packages/airflow/example_dags/example_xcom.py
[2022-10-08T10:38:50.076+0000] {processor.py:758} INFO - Processing file /home/airflow/.local/lib/python3.7/site-packages/airflow/example_dags/example_xcom.py for tasks to queue
[2022-10-08T10:38:50.076+0000] {logging_mixin.py:117} INFO - [2022-10-08T10:38:50.076+0000] {dagbag.py:525} INFO - Filling up the DagBag from /home/airflow/.local/lib/python3.7/site-packages/airflow/example_dags/example_xcom.py
[2022-10-08T10:38:50.098+0000] {processor.py:768} INFO - DAG(s) dict_keys(['example_xcom']) retrieved from /home/airflow/.local/lib/python3.7/site-packages/airflow/example_dags/example_xcom.py
[2022-10-08T10:38:50.134+0000] {logging_mixin.py:117} INFO - [2022-10-08T10:38:50.134+0000] {dag.py:2573} INFO - Sync 1 DAGs
[2022-10-08T10:38:50.159+0000] {logging_mixin.py:117} INFO - [2022-10-08T10:38:50.159+0000] {dag.py:3328} INFO - Setting next_dagrun for example_xcom to 2021-01-01T00:00:00+00:00, run_after=2021-01-01T00:00:00+00:00
[2022-10-08T10:38:50.175+0000] {processor.py:178} INFO - Processing /home/airflow/.local/lib/python3.7/site-packages/airflow/example_dags/example_xcom.py took 0.102 seconds
[2022-10-08T10:39:20.552+0000] {processor.py:156} INFO - Started process (PID=4431) to work on /home/airflow/.local/lib/python3.7/site-packages/airflow/example_dags/example_xcom.py
[2022-10-08T10:39:20.553+0000] {processor.py:758} INFO - Processing file /home/airflow/.local/lib/python3.7/site-packages/airflow/example_dags/example_xcom.py for tasks to queue
[2022-10-08T10:39:20.554+0000] {logging_mixin.py:117} INFO - [2022-10-08T10:39:20.554+0000] {dagbag.py:525} INFO - Filling up the DagBag from /home/airflow/.local/lib/python3.7/site-packages/airflow/example_dags/example_xcom.py
[2022-10-08T10:39:20.576+0000] {processor.py:768} INFO - DAG(s) dict_keys(['example_xcom']) retrieved from /home/airflow/.local/lib/python3.7/site-packages/airflow/example_dags/example_xcom.py
[2022-10-08T10:39:20.613+0000] {logging_mixin.py:117} INFO - [2022-10-08T10:39:20.613+0000] {dag.py:2573} INFO - Sync 1 DAGs
[2022-10-08T10:39:20.637+0000] {logging_mixin.py:117} INFO - [2022-10-08T10:39:20.637+0000] {dag.py:3328} INFO - Setting next_dagrun for example_xcom to 2021-01-01T00:00:00+00:00, run_after=2021-01-01T00:00:00+00:00
[2022-10-08T10:39:20.659+0000] {processor.py:178} INFO - Processing /home/airflow/.local/lib/python3.7/site-packages/airflow/example_dags/example_xcom.py took 0.109 seconds
[2022-10-08T10:39:51.282+0000] {processor.py:156} INFO - Started process (PID=4629) to work on /home/airflow/.local/lib/python3.7/site-packages/airflow/example_dags/example_xcom.py
[2022-10-08T10:39:51.283+0000] {processor.py:758} INFO - Processing file /home/airflow/.local/lib/python3.7/site-packages/airflow/example_dags/example_xcom.py for tasks to queue
[2022-10-08T10:39:51.283+0000] {logging_mixin.py:117} INFO - [2022-10-08T10:39:51.283+0000] {dagbag.py:525} INFO - Filling up the DagBag from /home/airflow/.local/lib/python3.7/site-packages/airflow/example_dags/example_xcom.py
[2022-10-08T10:39:51.305+0000] {processor.py:768} INFO - DAG(s) dict_keys(['example_xcom']) retrieved from /home/airflow/.local/lib/python3.7/site-packages/airflow/example_dags/example_xcom.py
[2022-10-08T10:39:51.340+0000] {logging_mixin.py:117} INFO - [2022-10-08T10:39:51.340+0000] {dag.py:2573} INFO - Sync 1 DAGs
[2022-10-08T10:39:51.365+0000] {logging_mixin.py:117} INFO - [2022-10-08T10:39:51.365+0000] {dag.py:3328} INFO - Setting next_dagrun for example_xcom to 2021-01-01T00:00:00+00:00, run_after=2021-01-01T00:00:00+00:00
[2022-10-08T10:39:51.381+0000] {processor.py:178} INFO - Processing /home/airflow/.local/lib/python3.7/site-packages/airflow/example_dags/example_xcom.py took 0.101 seconds
[2022-10-08T10:40:21.898+0000] {processor.py:156} INFO - Started process (PID=4836) to work on /home/airflow/.local/lib/python3.7/site-packages/airflow/example_dags/example_xcom.py
[2022-10-08T10:40:21.899+0000] {processor.py:758} INFO - Processing file /home/airflow/.local/lib/python3.7/site-packages/airflow/example_dags/example_xcom.py for tasks to queue
[2022-10-08T10:40:21.900+0000] {logging_mixin.py:117} INFO - [2022-10-08T10:40:21.900+0000] {dagbag.py:525} INFO - Filling up the DagBag from /home/airflow/.local/lib/python3.7/site-packages/airflow/example_dags/example_xcom.py
[2022-10-08T10:40:21.928+0000] {processor.py:768} INFO - DAG(s) dict_keys(['example_xcom']) retrieved from /home/airflow/.local/lib/python3.7/site-packages/airflow/example_dags/example_xcom.py
[2022-10-08T10:40:21.965+0000] {logging_mixin.py:117} INFO - [2022-10-08T10:40:21.965+0000] {dag.py:2573} INFO - Sync 1 DAGs
[2022-10-08T10:40:21.988+0000] {logging_mixin.py:117} INFO - [2022-10-08T10:40:21.988+0000] {dag.py:3328} INFO - Setting next_dagrun for example_xcom to 2021-01-01T00:00:00+00:00, run_after=2021-01-01T00:00:00+00:00
[2022-10-08T10:40:22.005+0000] {processor.py:178} INFO - Processing /home/airflow/.local/lib/python3.7/site-packages/airflow/example_dags/example_xcom.py took 0.109 seconds
[2022-10-08T10:40:52.569+0000] {processor.py:156} INFO - Started process (PID=5043) to work on /home/airflow/.local/lib/python3.7/site-packages/airflow/example_dags/example_xcom.py
[2022-10-08T10:40:52.570+0000] {processor.py:758} INFO - Processing file /home/airflow/.local/lib/python3.7/site-packages/airflow/example_dags/example_xcom.py for tasks to queue
[2022-10-08T10:40:52.571+0000] {logging_mixin.py:117} INFO - [2022-10-08T10:40:52.570+0000] {dagbag.py:525} INFO - Filling up the DagBag from /home/airflow/.local/lib/python3.7/site-packages/airflow/example_dags/example_xcom.py
[2022-10-08T10:40:52.593+0000] {processor.py:768} INFO - DAG(s) dict_keys(['example_xcom']) retrieved from /home/airflow/.local/lib/python3.7/site-packages/airflow/example_dags/example_xcom.py
[2022-10-08T10:40:52.633+0000] {logging_mixin.py:117} INFO - [2022-10-08T10:40:52.633+0000] {dag.py:2573} INFO - Sync 1 DAGs
[2022-10-08T10:40:52.658+0000] {logging_mixin.py:117} INFO - [2022-10-08T10:40:52.658+0000] {dag.py:3328} INFO - Setting next_dagrun for example_xcom to 2021-01-01T00:00:00+00:00, run_after=2021-01-01T00:00:00+00:00
[2022-10-08T10:40:52.675+0000] {processor.py:178} INFO - Processing /home/airflow/.local/lib/python3.7/site-packages/airflow/example_dags/example_xcom.py took 0.108 seconds
[2022-10-08T10:41:23.187+0000] {processor.py:156} INFO - Started process (PID=5242) to work on /home/airflow/.local/lib/python3.7/site-packages/airflow/example_dags/example_xcom.py
[2022-10-08T10:41:23.188+0000] {processor.py:758} INFO - Processing file /home/airflow/.local/lib/python3.7/site-packages/airflow/example_dags/example_xcom.py for tasks to queue
[2022-10-08T10:41:23.188+0000] {logging_mixin.py:117} INFO - [2022-10-08T10:41:23.188+0000] {dagbag.py:525} INFO - Filling up the DagBag from /home/airflow/.local/lib/python3.7/site-packages/airflow/example_dags/example_xcom.py
[2022-10-08T10:41:23.211+0000] {processor.py:768} INFO - DAG(s) dict_keys(['example_xcom']) retrieved from /home/airflow/.local/lib/python3.7/site-packages/airflow/example_dags/example_xcom.py
[2022-10-08T10:41:23.246+0000] {logging_mixin.py:117} INFO - [2022-10-08T10:41:23.246+0000] {dag.py:2573} INFO - Sync 1 DAGs
[2022-10-08T10:41:23.270+0000] {logging_mixin.py:117} INFO - [2022-10-08T10:41:23.270+0000] {dag.py:3328} INFO - Setting next_dagrun for example_xcom to 2021-01-01T00:00:00+00:00, run_after=2021-01-01T00:00:00+00:00
[2022-10-08T10:41:23.288+0000] {processor.py:178} INFO - Processing /home/airflow/.local/lib/python3.7/site-packages/airflow/example_dags/example_xcom.py took 0.104 seconds
[2022-10-08T10:41:53.717+0000] {processor.py:156} INFO - Started process (PID=5449) to work on /home/airflow/.local/lib/python3.7/site-packages/airflow/example_dags/example_xcom.py
[2022-10-08T10:41:53.718+0000] {processor.py:758} INFO - Processing file /home/airflow/.local/lib/python3.7/site-packages/airflow/example_dags/example_xcom.py for tasks to queue
[2022-10-08T10:41:53.718+0000] {logging_mixin.py:117} INFO - [2022-10-08T10:41:53.718+0000] {dagbag.py:525} INFO - Filling up the DagBag from /home/airflow/.local/lib/python3.7/site-packages/airflow/example_dags/example_xcom.py
[2022-10-08T10:41:53.741+0000] {processor.py:768} INFO - DAG(s) dict_keys(['example_xcom']) retrieved from /home/airflow/.local/lib/python3.7/site-packages/airflow/example_dags/example_xcom.py
[2022-10-08T10:41:53.783+0000] {logging_mixin.py:117} INFO - [2022-10-08T10:41:53.783+0000] {dag.py:2573} INFO - Sync 1 DAGs
[2022-10-08T10:41:53.808+0000] {logging_mixin.py:117} INFO - [2022-10-08T10:41:53.808+0000] {dag.py:3328} INFO - Setting next_dagrun for example_xcom to 2021-01-01T00:00:00+00:00, run_after=2021-01-01T00:00:00+00:00
[2022-10-08T10:41:53.824+0000] {processor.py:178} INFO - Processing /home/airflow/.local/lib/python3.7/site-packages/airflow/example_dags/example_xcom.py took 0.110 seconds
[2022-10-08T10:42:24.306+0000] {processor.py:156} INFO - Started process (PID=5656) to work on /home/airflow/.local/lib/python3.7/site-packages/airflow/example_dags/example_xcom.py
[2022-10-08T10:42:24.306+0000] {processor.py:758} INFO - Processing file /home/airflow/.local/lib/python3.7/site-packages/airflow/example_dags/example_xcom.py for tasks to queue
[2022-10-08T10:42:24.307+0000] {logging_mixin.py:117} INFO - [2022-10-08T10:42:24.307+0000] {dagbag.py:525} INFO - Filling up the DagBag from /home/airflow/.local/lib/python3.7/site-packages/airflow/example_dags/example_xcom.py
[2022-10-08T10:42:24.329+0000] {processor.py:768} INFO - DAG(s) dict_keys(['example_xcom']) retrieved from /home/airflow/.local/lib/python3.7/site-packages/airflow/example_dags/example_xcom.py
[2022-10-08T10:42:24.366+0000] {logging_mixin.py:117} INFO - [2022-10-08T10:42:24.366+0000] {dag.py:2573} INFO - Sync 1 DAGs
[2022-10-08T10:42:24.390+0000] {logging_mixin.py:117} INFO - [2022-10-08T10:42:24.390+0000] {dag.py:3328} INFO - Setting next_dagrun for example_xcom to 2021-01-01T00:00:00+00:00, run_after=2021-01-01T00:00:00+00:00
[2022-10-08T10:42:24.410+0000] {processor.py:178} INFO - Processing /home/airflow/.local/lib/python3.7/site-packages/airflow/example_dags/example_xcom.py took 0.106 seconds
[2022-10-08T10:42:54.949+0000] {processor.py:156} INFO - Started process (PID=5854) to work on /home/airflow/.local/lib/python3.7/site-packages/airflow/example_dags/example_xcom.py
[2022-10-08T10:42:54.949+0000] {processor.py:758} INFO - Processing file /home/airflow/.local/lib/python3.7/site-packages/airflow/example_dags/example_xcom.py for tasks to queue
[2022-10-08T10:42:54.950+0000] {logging_mixin.py:117} INFO - [2022-10-08T10:42:54.950+0000] {dagbag.py:525} INFO - Filling up the DagBag from /home/airflow/.local/lib/python3.7/site-packages/airflow/example_dags/example_xcom.py
[2022-10-08T10:42:54.972+0000] {processor.py:768} INFO - DAG(s) dict_keys(['example_xcom']) retrieved from /home/airflow/.local/lib/python3.7/site-packages/airflow/example_dags/example_xcom.py
[2022-10-08T10:42:55.010+0000] {logging_mixin.py:117} INFO - [2022-10-08T10:42:55.010+0000] {dag.py:2573} INFO - Sync 1 DAGs
[2022-10-08T10:42:55.034+0000] {logging_mixin.py:117} INFO - [2022-10-08T10:42:55.034+0000] {dag.py:3328} INFO - Setting next_dagrun for example_xcom to 2021-01-01T00:00:00+00:00, run_after=2021-01-01T00:00:00+00:00
[2022-10-08T10:42:55.050+0000] {processor.py:178} INFO - Processing /home/airflow/.local/lib/python3.7/site-packages/airflow/example_dags/example_xcom.py took 0.104 seconds
[2022-10-08T10:43:25.916+0000] {processor.py:156} INFO - Started process (PID=6061) to work on /home/airflow/.local/lib/python3.7/site-packages/airflow/example_dags/example_xcom.py
[2022-10-08T10:43:25.917+0000] {processor.py:758} INFO - Processing file /home/airflow/.local/lib/python3.7/site-packages/airflow/example_dags/example_xcom.py for tasks to queue
[2022-10-08T10:43:25.917+0000] {logging_mixin.py:117} INFO - [2022-10-08T10:43:25.917+0000] {dagbag.py:525} INFO - Filling up the DagBag from /home/airflow/.local/lib/python3.7/site-packages/airflow/example_dags/example_xcom.py
[2022-10-08T10:43:25.940+0000] {processor.py:768} INFO - DAG(s) dict_keys(['example_xcom']) retrieved from /home/airflow/.local/lib/python3.7/site-packages/airflow/example_dags/example_xcom.py
[2022-10-08T10:43:25.976+0000] {logging_mixin.py:117} INFO - [2022-10-08T10:43:25.976+0000] {dag.py:2573} INFO - Sync 1 DAGs
[2022-10-08T10:43:26.000+0000] {logging_mixin.py:117} INFO - [2022-10-08T10:43:26.000+0000] {dag.py:3328} INFO - Setting next_dagrun for example_xcom to 2021-01-01T00:00:00+00:00, run_after=2021-01-01T00:00:00+00:00
[2022-10-08T10:43:26.017+0000] {processor.py:178} INFO - Processing /home/airflow/.local/lib/python3.7/site-packages/airflow/example_dags/example_xcom.py took 0.103 seconds
[2022-10-08T10:43:56.396+0000] {processor.py:156} INFO - Started process (PID=6269) to work on /home/airflow/.local/lib/python3.7/site-packages/airflow/example_dags/example_xcom.py
[2022-10-08T10:43:56.396+0000] {processor.py:758} INFO - Processing file /home/airflow/.local/lib/python3.7/site-packages/airflow/example_dags/example_xcom.py for tasks to queue
[2022-10-08T10:43:56.397+0000] {logging_mixin.py:117} INFO - [2022-10-08T10:43:56.397+0000] {dagbag.py:525} INFO - Filling up the DagBag from /home/airflow/.local/lib/python3.7/site-packages/airflow/example_dags/example_xcom.py
[2022-10-08T10:43:56.419+0000] {processor.py:768} INFO - DAG(s) dict_keys(['example_xcom']) retrieved from /home/airflow/.local/lib/python3.7/site-packages/airflow/example_dags/example_xcom.py
[2022-10-08T10:43:56.454+0000] {logging_mixin.py:117} INFO - [2022-10-08T10:43:56.453+0000] {dag.py:2573} INFO - Sync 1 DAGs
[2022-10-08T10:43:56.478+0000] {logging_mixin.py:117} INFO - [2022-10-08T10:43:56.478+0000] {dag.py:3328} INFO - Setting next_dagrun for example_xcom to 2021-01-01T00:00:00+00:00, run_after=2021-01-01T00:00:00+00:00
[2022-10-08T10:43:56.494+0000] {processor.py:178} INFO - Processing /home/airflow/.local/lib/python3.7/site-packages/airflow/example_dags/example_xcom.py took 0.101 seconds
[2022-10-08T10:44:26.786+0000] {processor.py:156} INFO - Started process (PID=6474) to work on /home/airflow/.local/lib/python3.7/site-packages/airflow/example_dags/example_xcom.py
[2022-10-08T10:44:26.786+0000] {processor.py:758} INFO - Processing file /home/airflow/.local/lib/python3.7/site-packages/airflow/example_dags/example_xcom.py for tasks to queue
[2022-10-08T10:44:26.787+0000] {logging_mixin.py:117} INFO - [2022-10-08T10:44:26.787+0000] {dagbag.py:525} INFO - Filling up the DagBag from /home/airflow/.local/lib/python3.7/site-packages/airflow/example_dags/example_xcom.py
[2022-10-08T10:44:26.810+0000] {processor.py:768} INFO - DAG(s) dict_keys(['example_xcom']) retrieved from /home/airflow/.local/lib/python3.7/site-packages/airflow/example_dags/example_xcom.py
[2022-10-08T10:44:26.847+0000] {logging_mixin.py:117} INFO - [2022-10-08T10:44:26.846+0000] {dag.py:2573} INFO - Sync 1 DAGs
[2022-10-08T10:44:26.871+0000] {logging_mixin.py:117} INFO - [2022-10-08T10:44:26.870+0000] {dag.py:3328} INFO - Setting next_dagrun for example_xcom to 2021-01-01T00:00:00+00:00, run_after=2021-01-01T00:00:00+00:00
[2022-10-08T10:44:26.887+0000] {processor.py:178} INFO - Processing /home/airflow/.local/lib/python3.7/site-packages/airflow/example_dags/example_xcom.py took 0.104 seconds
[2022-10-08T10:44:57.414+0000] {processor.py:156} INFO - Started process (PID=6674) to work on /home/airflow/.local/lib/python3.7/site-packages/airflow/example_dags/example_xcom.py
[2022-10-08T10:44:57.415+0000] {processor.py:758} INFO - Processing file /home/airflow/.local/lib/python3.7/site-packages/airflow/example_dags/example_xcom.py for tasks to queue
[2022-10-08T10:44:57.416+0000] {logging_mixin.py:117} INFO - [2022-10-08T10:44:57.416+0000] {dagbag.py:525} INFO - Filling up the DagBag from /home/airflow/.local/lib/python3.7/site-packages/airflow/example_dags/example_xcom.py
[2022-10-08T10:44:57.442+0000] {processor.py:768} INFO - DAG(s) dict_keys(['example_xcom']) retrieved from /home/airflow/.local/lib/python3.7/site-packages/airflow/example_dags/example_xcom.py
[2022-10-08T10:44:57.480+0000] {logging_mixin.py:117} INFO - [2022-10-08T10:44:57.480+0000] {dag.py:2573} INFO - Sync 1 DAGs
[2022-10-08T10:44:57.504+0000] {logging_mixin.py:117} INFO - [2022-10-08T10:44:57.504+0000] {dag.py:3328} INFO - Setting next_dagrun for example_xcom to 2021-01-01T00:00:00+00:00, run_after=2021-01-01T00:00:00+00:00
[2022-10-08T10:44:57.522+0000] {processor.py:178} INFO - Processing /home/airflow/.local/lib/python3.7/site-packages/airflow/example_dags/example_xcom.py took 0.111 seconds
[2022-10-08T10:45:28.014+0000] {processor.py:156} INFO - Started process (PID=6881) to work on /home/airflow/.local/lib/python3.7/site-packages/airflow/example_dags/example_xcom.py
[2022-10-08T10:45:28.015+0000] {processor.py:758} INFO - Processing file /home/airflow/.local/lib/python3.7/site-packages/airflow/example_dags/example_xcom.py for tasks to queue
[2022-10-08T10:45:28.015+0000] {logging_mixin.py:117} INFO - [2022-10-08T10:45:28.015+0000] {dagbag.py:525} INFO - Filling up the DagBag from /home/airflow/.local/lib/python3.7/site-packages/airflow/example_dags/example_xcom.py
[2022-10-08T10:45:28.039+0000] {processor.py:768} INFO - DAG(s) dict_keys(['example_xcom']) retrieved from /home/airflow/.local/lib/python3.7/site-packages/airflow/example_dags/example_xcom.py
[2022-10-08T10:45:28.075+0000] {logging_mixin.py:117} INFO - [2022-10-08T10:45:28.074+0000] {dag.py:2573} INFO - Sync 1 DAGs
[2022-10-08T10:45:28.099+0000] {logging_mixin.py:117} INFO - [2022-10-08T10:45:28.099+0000] {dag.py:3328} INFO - Setting next_dagrun for example_xcom to 2021-01-01T00:00:00+00:00, run_after=2021-01-01T00:00:00+00:00
[2022-10-08T10:45:28.117+0000] {processor.py:178} INFO - Processing /home/airflow/.local/lib/python3.7/site-packages/airflow/example_dags/example_xcom.py took 0.105 seconds
[2022-10-08T10:45:58.525+0000] {processor.py:156} INFO - Started process (PID=7088) to work on /home/airflow/.local/lib/python3.7/site-packages/airflow/example_dags/example_xcom.py
[2022-10-08T10:45:58.526+0000] {processor.py:758} INFO - Processing file /home/airflow/.local/lib/python3.7/site-packages/airflow/example_dags/example_xcom.py for tasks to queue
[2022-10-08T10:45:58.526+0000] {logging_mixin.py:117} INFO - [2022-10-08T10:45:58.526+0000] {dagbag.py:525} INFO - Filling up the DagBag from /home/airflow/.local/lib/python3.7/site-packages/airflow/example_dags/example_xcom.py
[2022-10-08T10:45:58.550+0000] {processor.py:768} INFO - DAG(s) dict_keys(['example_xcom']) retrieved from /home/airflow/.local/lib/python3.7/site-packages/airflow/example_dags/example_xcom.py
[2022-10-08T10:45:58.591+0000] {logging_mixin.py:117} INFO - [2022-10-08T10:45:58.591+0000] {dag.py:2573} INFO - Sync 1 DAGs
[2022-10-08T10:45:58.618+0000] {logging_mixin.py:117} INFO - [2022-10-08T10:45:58.618+0000] {dag.py:3328} INFO - Setting next_dagrun for example_xcom to 2021-01-01T00:00:00+00:00, run_after=2021-01-01T00:00:00+00:00
[2022-10-08T10:45:58.635+0000] {processor.py:178} INFO - Processing /home/airflow/.local/lib/python3.7/site-packages/airflow/example_dags/example_xcom.py took 0.113 seconds
[2022-10-08T10:46:29.071+0000] {processor.py:156} INFO - Started process (PID=7286) to work on /home/airflow/.local/lib/python3.7/site-packages/airflow/example_dags/example_xcom.py
[2022-10-08T10:46:29.072+0000] {processor.py:758} INFO - Processing file /home/airflow/.local/lib/python3.7/site-packages/airflow/example_dags/example_xcom.py for tasks to queue
[2022-10-08T10:46:29.072+0000] {logging_mixin.py:117} INFO - [2022-10-08T10:46:29.072+0000] {dagbag.py:525} INFO - Filling up the DagBag from /home/airflow/.local/lib/python3.7/site-packages/airflow/example_dags/example_xcom.py
[2022-10-08T10:46:29.095+0000] {processor.py:768} INFO - DAG(s) dict_keys(['example_xcom']) retrieved from /home/airflow/.local/lib/python3.7/site-packages/airflow/example_dags/example_xcom.py
[2022-10-08T10:46:29.131+0000] {logging_mixin.py:117} INFO - [2022-10-08T10:46:29.131+0000] {dag.py:2573} INFO - Sync 1 DAGs
[2022-10-08T10:46:29.155+0000] {logging_mixin.py:117} INFO - [2022-10-08T10:46:29.155+0000] {dag.py:3328} INFO - Setting next_dagrun for example_xcom to 2021-01-01T00:00:00+00:00, run_after=2021-01-01T00:00:00+00:00
[2022-10-08T10:46:29.172+0000] {processor.py:178} INFO - Processing /home/airflow/.local/lib/python3.7/site-packages/airflow/example_dags/example_xcom.py took 0.103 seconds
[2022-10-08T10:46:59.553+0000] {processor.py:156} INFO - Started process (PID=7495) to work on /home/airflow/.local/lib/python3.7/site-packages/airflow/example_dags/example_xcom.py
[2022-10-08T10:46:59.554+0000] {processor.py:758} INFO - Processing file /home/airflow/.local/lib/python3.7/site-packages/airflow/example_dags/example_xcom.py for tasks to queue
[2022-10-08T10:46:59.554+0000] {logging_mixin.py:117} INFO - [2022-10-08T10:46:59.554+0000] {dagbag.py:525} INFO - Filling up the DagBag from /home/airflow/.local/lib/python3.7/site-packages/airflow/example_dags/example_xcom.py
[2022-10-08T10:46:59.577+0000] {processor.py:768} INFO - DAG(s) dict_keys(['example_xcom']) retrieved from /home/airflow/.local/lib/python3.7/site-packages/airflow/example_dags/example_xcom.py
[2022-10-08T10:46:59.613+0000] {logging_mixin.py:117} INFO - [2022-10-08T10:46:59.613+0000] {dag.py:2573} INFO - Sync 1 DAGs
[2022-10-08T10:46:59.637+0000] {logging_mixin.py:117} INFO - [2022-10-08T10:46:59.637+0000] {dag.py:3328} INFO - Setting next_dagrun for example_xcom to 2021-01-01T00:00:00+00:00, run_after=2021-01-01T00:00:00+00:00
[2022-10-08T10:46:59.654+0000] {processor.py:178} INFO - Processing /home/airflow/.local/lib/python3.7/site-packages/airflow/example_dags/example_xcom.py took 0.103 seconds
[2022-10-08T10:47:30.237+0000] {processor.py:156} INFO - Started process (PID=7702) to work on /home/airflow/.local/lib/python3.7/site-packages/airflow/example_dags/example_xcom.py
[2022-10-08T10:47:30.238+0000] {processor.py:758} INFO - Processing file /home/airflow/.local/lib/python3.7/site-packages/airflow/example_dags/example_xcom.py for tasks to queue
[2022-10-08T10:47:30.239+0000] {logging_mixin.py:117} INFO - [2022-10-08T10:47:30.238+0000] {dagbag.py:525} INFO - Filling up the DagBag from /home/airflow/.local/lib/python3.7/site-packages/airflow/example_dags/example_xcom.py
[2022-10-08T10:47:30.263+0000] {processor.py:768} INFO - DAG(s) dict_keys(['example_xcom']) retrieved from /home/airflow/.local/lib/python3.7/site-packages/airflow/example_dags/example_xcom.py
[2022-10-08T10:47:30.300+0000] {logging_mixin.py:117} INFO - [2022-10-08T10:47:30.299+0000] {dag.py:2573} INFO - Sync 1 DAGs
[2022-10-08T10:47:30.326+0000] {logging_mixin.py:117} INFO - [2022-10-08T10:47:30.325+0000] {dag.py:3328} INFO - Setting next_dagrun for example_xcom to 2021-01-01T00:00:00+00:00, run_after=2021-01-01T00:00:00+00:00
[2022-10-08T10:47:30.346+0000] {processor.py:178} INFO - Processing /home/airflow/.local/lib/python3.7/site-packages/airflow/example_dags/example_xcom.py took 0.111 seconds
[2022-10-08T10:48:00.796+0000] {processor.py:156} INFO - Started process (PID=7898) to work on /home/airflow/.local/lib/python3.7/site-packages/airflow/example_dags/example_xcom.py
[2022-10-08T10:48:00.797+0000] {processor.py:758} INFO - Processing file /home/airflow/.local/lib/python3.7/site-packages/airflow/example_dags/example_xcom.py for tasks to queue
[2022-10-08T10:48:00.797+0000] {logging_mixin.py:117} INFO - [2022-10-08T10:48:00.797+0000] {dagbag.py:525} INFO - Filling up the DagBag from /home/airflow/.local/lib/python3.7/site-packages/airflow/example_dags/example_xcom.py
[2022-10-08T10:48:00.822+0000] {processor.py:768} INFO - DAG(s) dict_keys(['example_xcom']) retrieved from /home/airflow/.local/lib/python3.7/site-packages/airflow/example_dags/example_xcom.py
[2022-10-08T10:48:00.860+0000] {logging_mixin.py:117} INFO - [2022-10-08T10:48:00.860+0000] {dag.py:2573} INFO - Sync 1 DAGs
[2022-10-08T10:48:00.888+0000] {logging_mixin.py:117} INFO - [2022-10-08T10:48:00.888+0000] {dag.py:3328} INFO - Setting next_dagrun for example_xcom to 2021-01-01T00:00:00+00:00, run_after=2021-01-01T00:00:00+00:00
[2022-10-08T10:48:00.906+0000] {processor.py:178} INFO - Processing /home/airflow/.local/lib/python3.7/site-packages/airflow/example_dags/example_xcom.py took 0.112 seconds
[2022-10-08T10:48:31.461+0000] {processor.py:156} INFO - Started process (PID=8105) to work on /home/airflow/.local/lib/python3.7/site-packages/airflow/example_dags/example_xcom.py
[2022-10-08T10:48:31.462+0000] {processor.py:758} INFO - Processing file /home/airflow/.local/lib/python3.7/site-packages/airflow/example_dags/example_xcom.py for tasks to queue
[2022-10-08T10:48:31.462+0000] {logging_mixin.py:117} INFO - [2022-10-08T10:48:31.462+0000] {dagbag.py:525} INFO - Filling up the DagBag from /home/airflow/.local/lib/python3.7/site-packages/airflow/example_dags/example_xcom.py
[2022-10-08T10:48:31.484+0000] {processor.py:768} INFO - DAG(s) dict_keys(['example_xcom']) retrieved from /home/airflow/.local/lib/python3.7/site-packages/airflow/example_dags/example_xcom.py
[2022-10-08T10:48:31.521+0000] {logging_mixin.py:117} INFO - [2022-10-08T10:48:31.521+0000] {dag.py:2573} INFO - Sync 1 DAGs
[2022-10-08T10:48:31.546+0000] {logging_mixin.py:117} INFO - [2022-10-08T10:48:31.546+0000] {dag.py:3328} INFO - Setting next_dagrun for example_xcom to 2021-01-01T00:00:00+00:00, run_after=2021-01-01T00:00:00+00:00
[2022-10-08T10:48:31.563+0000] {processor.py:178} INFO - Processing /home/airflow/.local/lib/python3.7/site-packages/airflow/example_dags/example_xcom.py took 0.105 seconds
[2022-10-08T10:49:02.230+0000] {processor.py:156} INFO - Started process (PID=8317) to work on /home/airflow/.local/lib/python3.7/site-packages/airflow/example_dags/example_xcom.py
[2022-10-08T10:49:02.231+0000] {processor.py:758} INFO - Processing file /home/airflow/.local/lib/python3.7/site-packages/airflow/example_dags/example_xcom.py for tasks to queue
[2022-10-08T10:49:02.231+0000] {logging_mixin.py:117} INFO - [2022-10-08T10:49:02.231+0000] {dagbag.py:525} INFO - Filling up the DagBag from /home/airflow/.local/lib/python3.7/site-packages/airflow/example_dags/example_xcom.py
[2022-10-08T10:49:02.254+0000] {processor.py:768} INFO - DAG(s) dict_keys(['example_xcom']) retrieved from /home/airflow/.local/lib/python3.7/site-packages/airflow/example_dags/example_xcom.py
[2022-10-08T10:49:02.292+0000] {logging_mixin.py:117} INFO - [2022-10-08T10:49:02.292+0000] {dag.py:2573} INFO - Sync 1 DAGs
[2022-10-08T10:49:02.317+0000] {logging_mixin.py:117} INFO - [2022-10-08T10:49:02.317+0000] {dag.py:3328} INFO - Setting next_dagrun for example_xcom to 2021-01-01T00:00:00+00:00, run_after=2021-01-01T00:00:00+00:00
[2022-10-08T10:49:02.334+0000] {processor.py:178} INFO - Processing /home/airflow/.local/lib/python3.7/site-packages/airflow/example_dags/example_xcom.py took 0.107 seconds
[2022-10-08T10:49:33.102+0000] {processor.py:156} INFO - Started process (PID=8549) to work on /home/airflow/.local/lib/python3.7/site-packages/airflow/example_dags/example_xcom.py
[2022-10-08T10:49:33.103+0000] {processor.py:758} INFO - Processing file /home/airflow/.local/lib/python3.7/site-packages/airflow/example_dags/example_xcom.py for tasks to queue
[2022-10-08T10:49:33.104+0000] {logging_mixin.py:117} INFO - [2022-10-08T10:49:33.104+0000] {dagbag.py:525} INFO - Filling up the DagBag from /home/airflow/.local/lib/python3.7/site-packages/airflow/example_dags/example_xcom.py
[2022-10-08T10:49:33.128+0000] {processor.py:768} INFO - DAG(s) dict_keys(['example_xcom']) retrieved from /home/airflow/.local/lib/python3.7/site-packages/airflow/example_dags/example_xcom.py
[2022-10-08T10:49:33.165+0000] {logging_mixin.py:117} INFO - [2022-10-08T10:49:33.165+0000] {dag.py:2573} INFO - Sync 1 DAGs
[2022-10-08T10:49:33.191+0000] {logging_mixin.py:117} INFO - [2022-10-08T10:49:33.191+0000] {dag.py:3328} INFO - Setting next_dagrun for example_xcom to 2021-01-01T00:00:00+00:00, run_after=2021-01-01T00:00:00+00:00
[2022-10-08T10:49:33.209+0000] {processor.py:178} INFO - Processing /home/airflow/.local/lib/python3.7/site-packages/airflow/example_dags/example_xcom.py took 0.110 seconds
[2022-10-08T10:50:03.813+0000] {processor.py:156} INFO - Started process (PID=8767) to work on /home/airflow/.local/lib/python3.7/site-packages/airflow/example_dags/example_xcom.py
[2022-10-08T10:50:03.814+0000] {processor.py:758} INFO - Processing file /home/airflow/.local/lib/python3.7/site-packages/airflow/example_dags/example_xcom.py for tasks to queue
[2022-10-08T10:50:03.815+0000] {logging_mixin.py:117} INFO - [2022-10-08T10:50:03.815+0000] {dagbag.py:525} INFO - Filling up the DagBag from /home/airflow/.local/lib/python3.7/site-packages/airflow/example_dags/example_xcom.py
[2022-10-08T10:50:03.841+0000] {processor.py:768} INFO - DAG(s) dict_keys(['example_xcom']) retrieved from /home/airflow/.local/lib/python3.7/site-packages/airflow/example_dags/example_xcom.py
[2022-10-08T10:50:03.876+0000] {logging_mixin.py:117} INFO - [2022-10-08T10:50:03.876+0000] {dag.py:2573} INFO - Sync 1 DAGs
[2022-10-08T10:50:03.901+0000] {logging_mixin.py:117} INFO - [2022-10-08T10:50:03.900+0000] {dag.py:3328} INFO - Setting next_dagrun for example_xcom to 2021-01-01T00:00:00+00:00, run_after=2021-01-01T00:00:00+00:00
[2022-10-08T10:50:03.917+0000] {processor.py:178} INFO - Processing /home/airflow/.local/lib/python3.7/site-packages/airflow/example_dags/example_xcom.py took 0.107 seconds
[2022-10-08T10:50:34.473+0000] {processor.py:156} INFO - Started process (PID=8979) to work on /home/airflow/.local/lib/python3.7/site-packages/airflow/example_dags/example_xcom.py
[2022-10-08T10:50:34.474+0000] {processor.py:758} INFO - Processing file /home/airflow/.local/lib/python3.7/site-packages/airflow/example_dags/example_xcom.py for tasks to queue
[2022-10-08T10:50:34.475+0000] {logging_mixin.py:117} INFO - [2022-10-08T10:50:34.474+0000] {dagbag.py:525} INFO - Filling up the DagBag from /home/airflow/.local/lib/python3.7/site-packages/airflow/example_dags/example_xcom.py
[2022-10-08T10:50:34.497+0000] {processor.py:768} INFO - DAG(s) dict_keys(['example_xcom']) retrieved from /home/airflow/.local/lib/python3.7/site-packages/airflow/example_dags/example_xcom.py
[2022-10-08T10:50:34.541+0000] {logging_mixin.py:117} INFO - [2022-10-08T10:50:34.541+0000] {dag.py:2573} INFO - Sync 1 DAGs
[2022-10-08T10:50:34.571+0000] {logging_mixin.py:117} INFO - [2022-10-08T10:50:34.571+0000] {dag.py:3328} INFO - Setting next_dagrun for example_xcom to 2021-01-01T00:00:00+00:00, run_after=2021-01-01T00:00:00+00:00
[2022-10-08T10:50:34.588+0000] {processor.py:178} INFO - Processing /home/airflow/.local/lib/python3.7/site-packages/airflow/example_dags/example_xcom.py took 0.117 seconds
[2022-10-08T10:51:05.283+0000] {processor.py:156} INFO - Started process (PID=9201) to work on /home/airflow/.local/lib/python3.7/site-packages/airflow/example_dags/example_xcom.py
[2022-10-08T10:51:05.284+0000] {processor.py:758} INFO - Processing file /home/airflow/.local/lib/python3.7/site-packages/airflow/example_dags/example_xcom.py for tasks to queue
[2022-10-08T10:51:05.285+0000] {logging_mixin.py:117} INFO - [2022-10-08T10:51:05.285+0000] {dagbag.py:525} INFO - Filling up the DagBag from /home/airflow/.local/lib/python3.7/site-packages/airflow/example_dags/example_xcom.py
[2022-10-08T10:51:05.309+0000] {processor.py:768} INFO - DAG(s) dict_keys(['example_xcom']) retrieved from /home/airflow/.local/lib/python3.7/site-packages/airflow/example_dags/example_xcom.py
[2022-10-08T10:51:05.345+0000] {logging_mixin.py:117} INFO - [2022-10-08T10:51:05.345+0000] {dag.py:2573} INFO - Sync 1 DAGs
[2022-10-08T10:51:05.374+0000] {logging_mixin.py:117} INFO - [2022-10-08T10:51:05.373+0000] {dag.py:3328} INFO - Setting next_dagrun for example_xcom to 2021-01-01T00:00:00+00:00, run_after=2021-01-01T00:00:00+00:00
[2022-10-08T10:51:05.390+0000] {processor.py:178} INFO - Processing /home/airflow/.local/lib/python3.7/site-packages/airflow/example_dags/example_xcom.py took 0.109 seconds
[2022-10-08T10:51:35.785+0000] {processor.py:156} INFO - Started process (PID=9404) to work on /home/airflow/.local/lib/python3.7/site-packages/airflow/example_dags/example_xcom.py
[2022-10-08T10:51:35.786+0000] {processor.py:758} INFO - Processing file /home/airflow/.local/lib/python3.7/site-packages/airflow/example_dags/example_xcom.py for tasks to queue
[2022-10-08T10:51:35.787+0000] {logging_mixin.py:117} INFO - [2022-10-08T10:51:35.786+0000] {dagbag.py:525} INFO - Filling up the DagBag from /home/airflow/.local/lib/python3.7/site-packages/airflow/example_dags/example_xcom.py
[2022-10-08T10:51:35.809+0000] {processor.py:768} INFO - DAG(s) dict_keys(['example_xcom']) retrieved from /home/airflow/.local/lib/python3.7/site-packages/airflow/example_dags/example_xcom.py
[2022-10-08T10:51:35.844+0000] {logging_mixin.py:117} INFO - [2022-10-08T10:51:35.844+0000] {dag.py:2573} INFO - Sync 1 DAGs
[2022-10-08T10:51:35.875+0000] {logging_mixin.py:117} INFO - [2022-10-08T10:51:35.875+0000] {dag.py:3328} INFO - Setting next_dagrun for example_xcom to 2021-01-01T00:00:00+00:00, run_after=2021-01-01T00:00:00+00:00
[2022-10-08T10:51:35.893+0000] {processor.py:178} INFO - Processing /home/airflow/.local/lib/python3.7/site-packages/airflow/example_dags/example_xcom.py took 0.109 seconds
[2022-10-08T10:52:06.774+0000] {processor.py:156} INFO - Started process (PID=9641) to work on /home/airflow/.local/lib/python3.7/site-packages/airflow/example_dags/example_xcom.py
[2022-10-08T10:52:06.775+0000] {processor.py:758} INFO - Processing file /home/airflow/.local/lib/python3.7/site-packages/airflow/example_dags/example_xcom.py for tasks to queue
[2022-10-08T10:52:06.775+0000] {logging_mixin.py:117} INFO - [2022-10-08T10:52:06.775+0000] {dagbag.py:525} INFO - Filling up the DagBag from /home/airflow/.local/lib/python3.7/site-packages/airflow/example_dags/example_xcom.py
[2022-10-08T10:52:06.797+0000] {processor.py:768} INFO - DAG(s) dict_keys(['example_xcom']) retrieved from /home/airflow/.local/lib/python3.7/site-packages/airflow/example_dags/example_xcom.py
[2022-10-08T10:52:06.881+0000] {logging_mixin.py:117} INFO - [2022-10-08T10:52:06.880+0000] {dag.py:2573} INFO - Sync 1 DAGs
[2022-10-08T10:52:06.917+0000] {logging_mixin.py:117} INFO - [2022-10-08T10:52:06.917+0000] {dag.py:3328} INFO - Setting next_dagrun for example_xcom to 2021-01-01T00:00:00+00:00, run_after=2021-01-01T00:00:00+00:00
[2022-10-08T10:52:06.967+0000] {processor.py:178} INFO - Processing /home/airflow/.local/lib/python3.7/site-packages/airflow/example_dags/example_xcom.py took 0.196 seconds
[2022-10-08T10:52:37.684+0000] {processor.py:156} INFO - Started process (PID=9883) to work on /home/airflow/.local/lib/python3.7/site-packages/airflow/example_dags/example_xcom.py
[2022-10-08T10:52:37.685+0000] {processor.py:758} INFO - Processing file /home/airflow/.local/lib/python3.7/site-packages/airflow/example_dags/example_xcom.py for tasks to queue
[2022-10-08T10:52:37.685+0000] {logging_mixin.py:117} INFO - [2022-10-08T10:52:37.685+0000] {dagbag.py:525} INFO - Filling up the DagBag from /home/airflow/.local/lib/python3.7/site-packages/airflow/example_dags/example_xcom.py
[2022-10-08T10:52:37.708+0000] {processor.py:768} INFO - DAG(s) dict_keys(['example_xcom']) retrieved from /home/airflow/.local/lib/python3.7/site-packages/airflow/example_dags/example_xcom.py
[2022-10-08T10:52:37.744+0000] {logging_mixin.py:117} INFO - [2022-10-08T10:52:37.744+0000] {dag.py:2573} INFO - Sync 1 DAGs
[2022-10-08T10:52:37.783+0000] {logging_mixin.py:117} INFO - [2022-10-08T10:52:37.783+0000] {dag.py:3328} INFO - Setting next_dagrun for example_xcom to 2021-01-01T00:00:00+00:00, run_after=2021-01-01T00:00:00+00:00
[2022-10-08T10:52:37.801+0000] {processor.py:178} INFO - Processing /home/airflow/.local/lib/python3.7/site-packages/airflow/example_dags/example_xcom.py took 0.119 seconds
[2022-10-08T10:53:08.702+0000] {processor.py:156} INFO - Started process (PID=10112) to work on /home/airflow/.local/lib/python3.7/site-packages/airflow/example_dags/example_xcom.py
[2022-10-08T10:53:08.702+0000] {processor.py:758} INFO - Processing file /home/airflow/.local/lib/python3.7/site-packages/airflow/example_dags/example_xcom.py for tasks to queue
[2022-10-08T10:53:08.703+0000] {logging_mixin.py:117} INFO - [2022-10-08T10:53:08.703+0000] {dagbag.py:525} INFO - Filling up the DagBag from /home/airflow/.local/lib/python3.7/site-packages/airflow/example_dags/example_xcom.py
[2022-10-08T10:53:08.776+0000] {processor.py:768} INFO - DAG(s) dict_keys(['example_xcom']) retrieved from /home/airflow/.local/lib/python3.7/site-packages/airflow/example_dags/example_xcom.py
[2022-10-08T10:53:08.865+0000] {logging_mixin.py:117} INFO - [2022-10-08T10:53:08.864+0000] {dag.py:2573} INFO - Sync 1 DAGs
[2022-10-08T10:53:08.892+0000] {logging_mixin.py:117} INFO - [2022-10-08T10:53:08.892+0000] {dag.py:3328} INFO - Setting next_dagrun for example_xcom to 2021-01-01T00:00:00+00:00, run_after=2021-01-01T00:00:00+00:00
[2022-10-08T10:53:08.966+0000] {processor.py:178} INFO - Processing /home/airflow/.local/lib/python3.7/site-packages/airflow/example_dags/example_xcom.py took 0.267 seconds
[2022-10-08T10:53:39.024+0000] {processor.py:156} INFO - Started process (PID=10335) to work on /home/airflow/.local/lib/python3.7/site-packages/airflow/example_dags/example_xcom.py
[2022-10-08T10:53:39.025+0000] {processor.py:758} INFO - Processing file /home/airflow/.local/lib/python3.7/site-packages/airflow/example_dags/example_xcom.py for tasks to queue
[2022-10-08T10:53:39.025+0000] {logging_mixin.py:117} INFO - [2022-10-08T10:53:39.025+0000] {dagbag.py:525} INFO - Filling up the DagBag from /home/airflow/.local/lib/python3.7/site-packages/airflow/example_dags/example_xcom.py
[2022-10-08T10:53:39.048+0000] {processor.py:768} INFO - DAG(s) dict_keys(['example_xcom']) retrieved from /home/airflow/.local/lib/python3.7/site-packages/airflow/example_dags/example_xcom.py
[2022-10-08T10:53:39.086+0000] {logging_mixin.py:117} INFO - [2022-10-08T10:53:39.086+0000] {dag.py:2573} INFO - Sync 1 DAGs
[2022-10-08T10:53:39.111+0000] {logging_mixin.py:117} INFO - [2022-10-08T10:53:39.111+0000] {dag.py:3328} INFO - Setting next_dagrun for example_xcom to 2021-01-01T00:00:00+00:00, run_after=2021-01-01T00:00:00+00:00
[2022-10-08T10:53:39.128+0000] {processor.py:178} INFO - Processing /home/airflow/.local/lib/python3.7/site-packages/airflow/example_dags/example_xcom.py took 0.107 seconds
[2022-10-08T10:54:09.590+0000] {processor.py:156} INFO - Started process (PID=10545) to work on /home/airflow/.local/lib/python3.7/site-packages/airflow/example_dags/example_xcom.py
[2022-10-08T10:54:09.591+0000] {processor.py:758} INFO - Processing file /home/airflow/.local/lib/python3.7/site-packages/airflow/example_dags/example_xcom.py for tasks to queue
[2022-10-08T10:54:09.592+0000] {logging_mixin.py:117} INFO - [2022-10-08T10:54:09.591+0000] {dagbag.py:525} INFO - Filling up the DagBag from /home/airflow/.local/lib/python3.7/site-packages/airflow/example_dags/example_xcom.py
[2022-10-08T10:54:09.614+0000] {processor.py:768} INFO - DAG(s) dict_keys(['example_xcom']) retrieved from /home/airflow/.local/lib/python3.7/site-packages/airflow/example_dags/example_xcom.py
[2022-10-08T10:54:09.650+0000] {logging_mixin.py:117} INFO - [2022-10-08T10:54:09.649+0000] {dag.py:2573} INFO - Sync 1 DAGs
[2022-10-08T10:54:09.685+0000] {logging_mixin.py:117} INFO - [2022-10-08T10:54:09.685+0000] {dag.py:3328} INFO - Setting next_dagrun for example_xcom to 2021-01-01T00:00:00+00:00, run_after=2021-01-01T00:00:00+00:00
[2022-10-08T10:54:09.708+0000] {processor.py:178} INFO - Processing /home/airflow/.local/lib/python3.7/site-packages/airflow/example_dags/example_xcom.py took 0.120 seconds
[2022-10-08T10:54:40.797+0000] {processor.py:156} INFO - Started process (PID=10767) to work on /home/airflow/.local/lib/python3.7/site-packages/airflow/example_dags/example_xcom.py
[2022-10-08T10:54:40.797+0000] {processor.py:758} INFO - Processing file /home/airflow/.local/lib/python3.7/site-packages/airflow/example_dags/example_xcom.py for tasks to queue
[2022-10-08T10:54:40.798+0000] {logging_mixin.py:117} INFO - [2022-10-08T10:54:40.798+0000] {dagbag.py:525} INFO - Filling up the DagBag from /home/airflow/.local/lib/python3.7/site-packages/airflow/example_dags/example_xcom.py
[2022-10-08T10:54:40.875+0000] {processor.py:768} INFO - DAG(s) dict_keys(['example_xcom']) retrieved from /home/airflow/.local/lib/python3.7/site-packages/airflow/example_dags/example_xcom.py
[2022-10-08T10:54:40.975+0000] {logging_mixin.py:117} INFO - [2022-10-08T10:54:40.975+0000] {dag.py:2573} INFO - Sync 1 DAGs
[2022-10-08T10:54:41.067+0000] {logging_mixin.py:117} INFO - [2022-10-08T10:54:41.067+0000] {dag.py:3328} INFO - Setting next_dagrun for example_xcom to 2021-01-01T00:00:00+00:00, run_after=2021-01-01T00:00:00+00:00
[2022-10-08T10:54:41.084+0000] {processor.py:178} INFO - Processing /home/airflow/.local/lib/python3.7/site-packages/airflow/example_dags/example_xcom.py took 0.290 seconds
[2022-10-08T10:55:11.154+0000] {processor.py:156} INFO - Started process (PID=10975) to work on /home/airflow/.local/lib/python3.7/site-packages/airflow/example_dags/example_xcom.py
[2022-10-08T10:55:11.154+0000] {processor.py:758} INFO - Processing file /home/airflow/.local/lib/python3.7/site-packages/airflow/example_dags/example_xcom.py for tasks to queue
[2022-10-08T10:55:11.155+0000] {logging_mixin.py:117} INFO - [2022-10-08T10:55:11.155+0000] {dagbag.py:525} INFO - Filling up the DagBag from /home/airflow/.local/lib/python3.7/site-packages/airflow/example_dags/example_xcom.py
[2022-10-08T10:55:11.183+0000] {processor.py:768} INFO - DAG(s) dict_keys(['example_xcom']) retrieved from /home/airflow/.local/lib/python3.7/site-packages/airflow/example_dags/example_xcom.py
[2022-10-08T10:55:11.221+0000] {logging_mixin.py:117} INFO - [2022-10-08T10:55:11.221+0000] {dag.py:2573} INFO - Sync 1 DAGs
[2022-10-08T10:55:11.249+0000] {logging_mixin.py:117} INFO - [2022-10-08T10:55:11.249+0000] {dag.py:3328} INFO - Setting next_dagrun for example_xcom to 2021-01-01T00:00:00+00:00, run_after=2021-01-01T00:00:00+00:00
[2022-10-08T10:55:11.267+0000] {processor.py:178} INFO - Processing /home/airflow/.local/lib/python3.7/site-packages/airflow/example_dags/example_xcom.py took 0.116 seconds
[2022-10-08T10:55:42.198+0000] {processor.py:156} INFO - Started process (PID=11187) to work on /home/airflow/.local/lib/python3.7/site-packages/airflow/example_dags/example_xcom.py
[2022-10-08T10:55:42.199+0000] {processor.py:758} INFO - Processing file /home/airflow/.local/lib/python3.7/site-packages/airflow/example_dags/example_xcom.py for tasks to queue
[2022-10-08T10:55:42.200+0000] {logging_mixin.py:117} INFO - [2022-10-08T10:55:42.199+0000] {dagbag.py:525} INFO - Filling up the DagBag from /home/airflow/.local/lib/python3.7/site-packages/airflow/example_dags/example_xcom.py
[2022-10-08T10:55:42.224+0000] {processor.py:768} INFO - DAG(s) dict_keys(['example_xcom']) retrieved from /home/airflow/.local/lib/python3.7/site-packages/airflow/example_dags/example_xcom.py
[2022-10-08T10:55:42.272+0000] {logging_mixin.py:117} INFO - [2022-10-08T10:55:42.272+0000] {dag.py:2573} INFO - Sync 1 DAGs
[2022-10-08T10:55:42.304+0000] {logging_mixin.py:117} INFO - [2022-10-08T10:55:42.304+0000] {dag.py:3328} INFO - Setting next_dagrun for example_xcom to 2021-01-01T00:00:00+00:00, run_after=2021-01-01T00:00:00+00:00
[2022-10-08T10:55:42.323+0000] {processor.py:178} INFO - Processing /home/airflow/.local/lib/python3.7/site-packages/airflow/example_dags/example_xcom.py took 0.127 seconds
[2022-10-08T10:56:13.403+0000] {processor.py:156} INFO - Started process (PID=11399) to work on /home/airflow/.local/lib/python3.7/site-packages/airflow/example_dags/example_xcom.py
[2022-10-08T10:56:13.404+0000] {processor.py:758} INFO - Processing file /home/airflow/.local/lib/python3.7/site-packages/airflow/example_dags/example_xcom.py for tasks to queue
[2022-10-08T10:56:13.405+0000] {logging_mixin.py:117} INFO - [2022-10-08T10:56:13.405+0000] {dagbag.py:525} INFO - Filling up the DagBag from /home/airflow/.local/lib/python3.7/site-packages/airflow/example_dags/example_xcom.py
[2022-10-08T10:56:13.488+0000] {processor.py:768} INFO - DAG(s) dict_keys(['example_xcom']) retrieved from /home/airflow/.local/lib/python3.7/site-packages/airflow/example_dags/example_xcom.py
[2022-10-08T10:56:13.529+0000] {logging_mixin.py:117} INFO - [2022-10-08T10:56:13.529+0000] {dag.py:2573} INFO - Sync 1 DAGs
[2022-10-08T10:56:13.574+0000] {logging_mixin.py:117} INFO - [2022-10-08T10:56:13.573+0000] {dag.py:3328} INFO - Setting next_dagrun for example_xcom to 2021-01-01T00:00:00+00:00, run_after=2021-01-01T00:00:00+00:00
[2022-10-08T10:56:13.592+0000] {processor.py:178} INFO - Processing /home/airflow/.local/lib/python3.7/site-packages/airflow/example_dags/example_xcom.py took 0.191 seconds
[2022-10-08T10:56:44.347+0000] {processor.py:156} INFO - Started process (PID=11604) to work on /home/airflow/.local/lib/python3.7/site-packages/airflow/example_dags/example_xcom.py
[2022-10-08T10:56:44.347+0000] {processor.py:758} INFO - Processing file /home/airflow/.local/lib/python3.7/site-packages/airflow/example_dags/example_xcom.py for tasks to queue
[2022-10-08T10:56:44.348+0000] {logging_mixin.py:117} INFO - [2022-10-08T10:56:44.348+0000] {dagbag.py:525} INFO - Filling up the DagBag from /home/airflow/.local/lib/python3.7/site-packages/airflow/example_dags/example_xcom.py
[2022-10-08T10:56:44.381+0000] {processor.py:768} INFO - DAG(s) dict_keys(['example_xcom']) retrieved from /home/airflow/.local/lib/python3.7/site-packages/airflow/example_dags/example_xcom.py
[2022-10-08T10:56:44.422+0000] {logging_mixin.py:117} INFO - [2022-10-08T10:56:44.422+0000] {dag.py:2573} INFO - Sync 1 DAGs
[2022-10-08T10:56:44.447+0000] {logging_mixin.py:117} INFO - [2022-10-08T10:56:44.446+0000] {dag.py:3328} INFO - Setting next_dagrun for example_xcom to 2021-01-01T00:00:00+00:00, run_after=2021-01-01T00:00:00+00:00
[2022-10-08T10:56:44.463+0000] {processor.py:178} INFO - Processing /home/airflow/.local/lib/python3.7/site-packages/airflow/example_dags/example_xcom.py took 0.119 seconds
[2022-10-08T10:57:14.817+0000] {processor.py:156} INFO - Started process (PID=11824) to work on /home/airflow/.local/lib/python3.7/site-packages/airflow/example_dags/example_xcom.py
[2022-10-08T10:57:14.818+0000] {processor.py:758} INFO - Processing file /home/airflow/.local/lib/python3.7/site-packages/airflow/example_dags/example_xcom.py for tasks to queue
[2022-10-08T10:57:14.818+0000] {logging_mixin.py:117} INFO - [2022-10-08T10:57:14.818+0000] {dagbag.py:525} INFO - Filling up the DagBag from /home/airflow/.local/lib/python3.7/site-packages/airflow/example_dags/example_xcom.py
[2022-10-08T10:57:14.864+0000] {processor.py:768} INFO - DAG(s) dict_keys(['example_xcom']) retrieved from /home/airflow/.local/lib/python3.7/site-packages/airflow/example_dags/example_xcom.py
[2022-10-08T10:57:14.933+0000] {logging_mixin.py:117} INFO - [2022-10-08T10:57:14.933+0000] {dag.py:2573} INFO - Sync 1 DAGs
[2022-10-08T10:57:14.967+0000] {logging_mixin.py:117} INFO - [2022-10-08T10:57:14.967+0000] {dag.py:3328} INFO - Setting next_dagrun for example_xcom to 2021-01-01T00:00:00+00:00, run_after=2021-01-01T00:00:00+00:00
[2022-10-08T10:57:14.987+0000] {processor.py:178} INFO - Processing /home/airflow/.local/lib/python3.7/site-packages/airflow/example_dags/example_xcom.py took 0.173 seconds
[2022-10-08T10:57:45.410+0000] {processor.py:156} INFO - Started process (PID=12036) to work on /home/airflow/.local/lib/python3.7/site-packages/airflow/example_dags/example_xcom.py
[2022-10-08T10:57:45.411+0000] {processor.py:758} INFO - Processing file /home/airflow/.local/lib/python3.7/site-packages/airflow/example_dags/example_xcom.py for tasks to queue
[2022-10-08T10:57:45.412+0000] {logging_mixin.py:117} INFO - [2022-10-08T10:57:45.412+0000] {dagbag.py:525} INFO - Filling up the DagBag from /home/airflow/.local/lib/python3.7/site-packages/airflow/example_dags/example_xcom.py
[2022-10-08T10:57:45.436+0000] {processor.py:768} INFO - DAG(s) dict_keys(['example_xcom']) retrieved from /home/airflow/.local/lib/python3.7/site-packages/airflow/example_dags/example_xcom.py
[2022-10-08T10:57:45.497+0000] {logging_mixin.py:117} INFO - [2022-10-08T10:57:45.497+0000] {dag.py:2573} INFO - Sync 1 DAGs
[2022-10-08T10:57:45.567+0000] {logging_mixin.py:117} INFO - [2022-10-08T10:57:45.567+0000] {dag.py:3328} INFO - Setting next_dagrun for example_xcom to 2021-01-01T00:00:00+00:00, run_after=2021-01-01T00:00:00+00:00
[2022-10-08T10:57:45.590+0000] {processor.py:178} INFO - Processing /home/airflow/.local/lib/python3.7/site-packages/airflow/example_dags/example_xcom.py took 0.182 seconds
[2022-10-08T10:58:16.622+0000] {processor.py:156} INFO - Started process (PID=12240) to work on /home/airflow/.local/lib/python3.7/site-packages/airflow/example_dags/example_xcom.py
[2022-10-08T10:58:16.623+0000] {processor.py:758} INFO - Processing file /home/airflow/.local/lib/python3.7/site-packages/airflow/example_dags/example_xcom.py for tasks to queue
[2022-10-08T10:58:16.623+0000] {logging_mixin.py:117} INFO - [2022-10-08T10:58:16.623+0000] {dagbag.py:525} INFO - Filling up the DagBag from /home/airflow/.local/lib/python3.7/site-packages/airflow/example_dags/example_xcom.py
[2022-10-08T10:58:16.646+0000] {processor.py:768} INFO - DAG(s) dict_keys(['example_xcom']) retrieved from /home/airflow/.local/lib/python3.7/site-packages/airflow/example_dags/example_xcom.py
[2022-10-08T10:58:16.689+0000] {logging_mixin.py:117} INFO - [2022-10-08T10:58:16.688+0000] {dag.py:2573} INFO - Sync 1 DAGs
[2022-10-08T10:58:16.713+0000] {logging_mixin.py:117} INFO - [2022-10-08T10:58:16.713+0000] {dag.py:3328} INFO - Setting next_dagrun for example_xcom to 2021-01-01T00:00:00+00:00, run_after=2021-01-01T00:00:00+00:00
[2022-10-08T10:58:16.730+0000] {processor.py:178} INFO - Processing /home/airflow/.local/lib/python3.7/site-packages/airflow/example_dags/example_xcom.py took 0.110 seconds
[2022-10-08T10:58:47.511+0000] {processor.py:156} INFO - Started process (PID=12463) to work on /home/airflow/.local/lib/python3.7/site-packages/airflow/example_dags/example_xcom.py
[2022-10-08T10:58:47.512+0000] {processor.py:758} INFO - Processing file /home/airflow/.local/lib/python3.7/site-packages/airflow/example_dags/example_xcom.py for tasks to queue
[2022-10-08T10:58:47.513+0000] {logging_mixin.py:117} INFO - [2022-10-08T10:58:47.513+0000] {dagbag.py:525} INFO - Filling up the DagBag from /home/airflow/.local/lib/python3.7/site-packages/airflow/example_dags/example_xcom.py
[2022-10-08T10:58:47.537+0000] {processor.py:768} INFO - DAG(s) dict_keys(['example_xcom']) retrieved from /home/airflow/.local/lib/python3.7/site-packages/airflow/example_dags/example_xcom.py
[2022-10-08T10:58:47.583+0000] {logging_mixin.py:117} INFO - [2022-10-08T10:58:47.582+0000] {dag.py:2573} INFO - Sync 1 DAGs
[2022-10-08T10:58:47.607+0000] {logging_mixin.py:117} INFO - [2022-10-08T10:58:47.607+0000] {dag.py:3328} INFO - Setting next_dagrun for example_xcom to 2021-01-01T00:00:00+00:00, run_after=2021-01-01T00:00:00+00:00
[2022-10-08T10:58:47.624+0000] {processor.py:178} INFO - Processing /home/airflow/.local/lib/python3.7/site-packages/airflow/example_dags/example_xcom.py took 0.115 seconds
[2022-10-08T10:59:17.927+0000] {processor.py:156} INFO - Started process (PID=12704) to work on /home/airflow/.local/lib/python3.7/site-packages/airflow/example_dags/example_xcom.py
[2022-10-08T10:59:17.927+0000] {processor.py:758} INFO - Processing file /home/airflow/.local/lib/python3.7/site-packages/airflow/example_dags/example_xcom.py for tasks to queue
[2022-10-08T10:59:17.928+0000] {logging_mixin.py:117} INFO - [2022-10-08T10:59:17.928+0000] {dagbag.py:525} INFO - Filling up the DagBag from /home/airflow/.local/lib/python3.7/site-packages/airflow/example_dags/example_xcom.py
[2022-10-08T10:59:17.951+0000] {processor.py:768} INFO - DAG(s) dict_keys(['example_xcom']) retrieved from /home/airflow/.local/lib/python3.7/site-packages/airflow/example_dags/example_xcom.py
[2022-10-08T10:59:17.994+0000] {logging_mixin.py:117} INFO - [2022-10-08T10:59:17.993+0000] {dag.py:2573} INFO - Sync 1 DAGs
[2022-10-08T10:59:18.019+0000] {logging_mixin.py:117} INFO - [2022-10-08T10:59:18.018+0000] {dag.py:3328} INFO - Setting next_dagrun for example_xcom to 2021-01-01T00:00:00+00:00, run_after=2021-01-01T00:00:00+00:00
[2022-10-08T10:59:18.040+0000] {processor.py:178} INFO - Processing /home/airflow/.local/lib/python3.7/site-packages/airflow/example_dags/example_xcom.py took 0.116 seconds
[2022-10-08T10:59:48.921+0000] {processor.py:156} INFO - Started process (PID=12914) to work on /home/airflow/.local/lib/python3.7/site-packages/airflow/example_dags/example_xcom.py
[2022-10-08T10:59:48.921+0000] {processor.py:758} INFO - Processing file /home/airflow/.local/lib/python3.7/site-packages/airflow/example_dags/example_xcom.py for tasks to queue
[2022-10-08T10:59:48.922+0000] {logging_mixin.py:117} INFO - [2022-10-08T10:59:48.922+0000] {dagbag.py:525} INFO - Filling up the DagBag from /home/airflow/.local/lib/python3.7/site-packages/airflow/example_dags/example_xcom.py
[2022-10-08T10:59:48.944+0000] {processor.py:768} INFO - DAG(s) dict_keys(['example_xcom']) retrieved from /home/airflow/.local/lib/python3.7/site-packages/airflow/example_dags/example_xcom.py
[2022-10-08T10:59:48.980+0000] {logging_mixin.py:117} INFO - [2022-10-08T10:59:48.980+0000] {dag.py:2573} INFO - Sync 1 DAGs
[2022-10-08T10:59:49.004+0000] {logging_mixin.py:117} INFO - [2022-10-08T10:59:49.004+0000] {dag.py:3328} INFO - Setting next_dagrun for example_xcom to 2021-01-01T00:00:00+00:00, run_after=2021-01-01T00:00:00+00:00
[2022-10-08T10:59:49.021+0000] {processor.py:178} INFO - Processing /home/airflow/.local/lib/python3.7/site-packages/airflow/example_dags/example_xcom.py took 0.103 seconds
[2022-10-08T11:00:19.778+0000] {processor.py:156} INFO - Started process (PID=13124) to work on /home/airflow/.local/lib/python3.7/site-packages/airflow/example_dags/example_xcom.py
[2022-10-08T11:00:19.779+0000] {processor.py:758} INFO - Processing file /home/airflow/.local/lib/python3.7/site-packages/airflow/example_dags/example_xcom.py for tasks to queue
[2022-10-08T11:00:19.779+0000] {logging_mixin.py:117} INFO - [2022-10-08T11:00:19.779+0000] {dagbag.py:525} INFO - Filling up the DagBag from /home/airflow/.local/lib/python3.7/site-packages/airflow/example_dags/example_xcom.py
[2022-10-08T11:00:19.803+0000] {processor.py:768} INFO - DAG(s) dict_keys(['example_xcom']) retrieved from /home/airflow/.local/lib/python3.7/site-packages/airflow/example_dags/example_xcom.py
[2022-10-08T11:00:19.841+0000] {logging_mixin.py:117} INFO - [2022-10-08T11:00:19.841+0000] {dag.py:2573} INFO - Sync 1 DAGs
[2022-10-08T11:00:19.867+0000] {logging_mixin.py:117} INFO - [2022-10-08T11:00:19.866+0000] {dag.py:3328} INFO - Setting next_dagrun for example_xcom to 2021-01-01T00:00:00+00:00, run_after=2021-01-01T00:00:00+00:00
[2022-10-08T11:00:19.884+0000] {processor.py:178} INFO - Processing /home/airflow/.local/lib/python3.7/site-packages/airflow/example_dags/example_xcom.py took 0.108 seconds
[2022-10-08T11:00:50.120+0000] {processor.py:156} INFO - Started process (PID=13336) to work on /home/airflow/.local/lib/python3.7/site-packages/airflow/example_dags/example_xcom.py
[2022-10-08T11:00:50.121+0000] {processor.py:758} INFO - Processing file /home/airflow/.local/lib/python3.7/site-packages/airflow/example_dags/example_xcom.py for tasks to queue
[2022-10-08T11:00:50.122+0000] {logging_mixin.py:117} INFO - [2022-10-08T11:00:50.122+0000] {dagbag.py:525} INFO - Filling up the DagBag from /home/airflow/.local/lib/python3.7/site-packages/airflow/example_dags/example_xcom.py
[2022-10-08T11:00:50.145+0000] {processor.py:768} INFO - DAG(s) dict_keys(['example_xcom']) retrieved from /home/airflow/.local/lib/python3.7/site-packages/airflow/example_dags/example_xcom.py
[2022-10-08T11:00:50.214+0000] {logging_mixin.py:117} INFO - [2022-10-08T11:00:50.214+0000] {dag.py:2573} INFO - Sync 1 DAGs
[2022-10-08T11:00:50.242+0000] {logging_mixin.py:117} INFO - [2022-10-08T11:00:50.242+0000] {dag.py:3328} INFO - Setting next_dagrun for example_xcom to 2021-01-01T00:00:00+00:00, run_after=2021-01-01T00:00:00+00:00
[2022-10-08T11:00:50.260+0000] {processor.py:178} INFO - Processing /home/airflow/.local/lib/python3.7/site-packages/airflow/example_dags/example_xcom.py took 0.142 seconds
[2022-10-08T11:01:20.537+0000] {processor.py:156} INFO - Started process (PID=13539) to work on /home/airflow/.local/lib/python3.7/site-packages/airflow/example_dags/example_xcom.py
[2022-10-08T11:01:20.537+0000] {processor.py:758} INFO - Processing file /home/airflow/.local/lib/python3.7/site-packages/airflow/example_dags/example_xcom.py for tasks to queue
[2022-10-08T11:01:20.538+0000] {logging_mixin.py:117} INFO - [2022-10-08T11:01:20.538+0000] {dagbag.py:525} INFO - Filling up the DagBag from /home/airflow/.local/lib/python3.7/site-packages/airflow/example_dags/example_xcom.py
[2022-10-08T11:01:20.561+0000] {processor.py:768} INFO - DAG(s) dict_keys(['example_xcom']) retrieved from /home/airflow/.local/lib/python3.7/site-packages/airflow/example_dags/example_xcom.py
[2022-10-08T11:01:20.597+0000] {logging_mixin.py:117} INFO - [2022-10-08T11:01:20.597+0000] {dag.py:2573} INFO - Sync 1 DAGs
[2022-10-08T11:01:20.622+0000] {logging_mixin.py:117} INFO - [2022-10-08T11:01:20.621+0000] {dag.py:3328} INFO - Setting next_dagrun for example_xcom to 2021-01-01T00:00:00+00:00, run_after=2021-01-01T00:00:00+00:00
[2022-10-08T11:01:20.639+0000] {processor.py:178} INFO - Processing /home/airflow/.local/lib/python3.7/site-packages/airflow/example_dags/example_xcom.py took 0.105 seconds
[2022-10-08T11:01:51.087+0000] {processor.py:156} INFO - Started process (PID=13751) to work on /home/airflow/.local/lib/python3.7/site-packages/airflow/example_dags/example_xcom.py
[2022-10-08T11:01:51.087+0000] {processor.py:758} INFO - Processing file /home/airflow/.local/lib/python3.7/site-packages/airflow/example_dags/example_xcom.py for tasks to queue
[2022-10-08T11:01:51.088+0000] {logging_mixin.py:117} INFO - [2022-10-08T11:01:51.088+0000] {dagbag.py:525} INFO - Filling up the DagBag from /home/airflow/.local/lib/python3.7/site-packages/airflow/example_dags/example_xcom.py
[2022-10-08T11:01:51.114+0000] {processor.py:768} INFO - DAG(s) dict_keys(['example_xcom']) retrieved from /home/airflow/.local/lib/python3.7/site-packages/airflow/example_dags/example_xcom.py
[2022-10-08T11:01:51.153+0000] {logging_mixin.py:117} INFO - [2022-10-08T11:01:51.153+0000] {dag.py:2573} INFO - Sync 1 DAGs
[2022-10-08T11:01:51.180+0000] {logging_mixin.py:117} INFO - [2022-10-08T11:01:51.179+0000] {dag.py:3328} INFO - Setting next_dagrun for example_xcom to 2021-01-01T00:00:00+00:00, run_after=2021-01-01T00:00:00+00:00
[2022-10-08T11:01:51.198+0000] {processor.py:178} INFO - Processing /home/airflow/.local/lib/python3.7/site-packages/airflow/example_dags/example_xcom.py took 0.114 seconds
[2022-10-08T11:02:21.926+0000] {processor.py:156} INFO - Started process (PID=13965) to work on /home/airflow/.local/lib/python3.7/site-packages/airflow/example_dags/example_xcom.py
[2022-10-08T11:02:21.927+0000] {processor.py:758} INFO - Processing file /home/airflow/.local/lib/python3.7/site-packages/airflow/example_dags/example_xcom.py for tasks to queue
[2022-10-08T11:02:21.927+0000] {logging_mixin.py:117} INFO - [2022-10-08T11:02:21.927+0000] {dagbag.py:525} INFO - Filling up the DagBag from /home/airflow/.local/lib/python3.7/site-packages/airflow/example_dags/example_xcom.py
[2022-10-08T11:02:21.950+0000] {processor.py:768} INFO - DAG(s) dict_keys(['example_xcom']) retrieved from /home/airflow/.local/lib/python3.7/site-packages/airflow/example_dags/example_xcom.py
[2022-10-08T11:02:21.988+0000] {logging_mixin.py:117} INFO - [2022-10-08T11:02:21.988+0000] {dag.py:2573} INFO - Sync 1 DAGs
[2022-10-08T11:02:22.013+0000] {logging_mixin.py:117} INFO - [2022-10-08T11:02:22.013+0000] {dag.py:3328} INFO - Setting next_dagrun for example_xcom to 2021-01-01T00:00:00+00:00, run_after=2021-01-01T00:00:00+00:00
[2022-10-08T11:02:22.030+0000] {processor.py:178} INFO - Processing /home/airflow/.local/lib/python3.7/site-packages/airflow/example_dags/example_xcom.py took 0.106 seconds
[2022-10-08T11:02:52.881+0000] {processor.py:156} INFO - Started process (PID=14168) to work on /home/airflow/.local/lib/python3.7/site-packages/airflow/example_dags/example_xcom.py
[2022-10-08T11:02:52.882+0000] {processor.py:758} INFO - Processing file /home/airflow/.local/lib/python3.7/site-packages/airflow/example_dags/example_xcom.py for tasks to queue
[2022-10-08T11:02:52.882+0000] {logging_mixin.py:117} INFO - [2022-10-08T11:02:52.882+0000] {dagbag.py:525} INFO - Filling up the DagBag from /home/airflow/.local/lib/python3.7/site-packages/airflow/example_dags/example_xcom.py
[2022-10-08T11:02:52.904+0000] {processor.py:768} INFO - DAG(s) dict_keys(['example_xcom']) retrieved from /home/airflow/.local/lib/python3.7/site-packages/airflow/example_dags/example_xcom.py
[2022-10-08T11:02:52.941+0000] {logging_mixin.py:117} INFO - [2022-10-08T11:02:52.941+0000] {dag.py:2573} INFO - Sync 1 DAGs
[2022-10-08T11:02:52.965+0000] {logging_mixin.py:117} INFO - [2022-10-08T11:02:52.965+0000] {dag.py:3328} INFO - Setting next_dagrun for example_xcom to 2021-01-01T00:00:00+00:00, run_after=2021-01-01T00:00:00+00:00
[2022-10-08T11:02:52.982+0000] {processor.py:178} INFO - Processing /home/airflow/.local/lib/python3.7/site-packages/airflow/example_dags/example_xcom.py took 0.103 seconds
[2022-10-08T11:03:23.143+0000] {processor.py:156} INFO - Started process (PID=14379) to work on /home/airflow/.local/lib/python3.7/site-packages/airflow/example_dags/example_xcom.py
[2022-10-08T11:03:23.144+0000] {processor.py:758} INFO - Processing file /home/airflow/.local/lib/python3.7/site-packages/airflow/example_dags/example_xcom.py for tasks to queue
[2022-10-08T11:03:23.145+0000] {logging_mixin.py:117} INFO - [2022-10-08T11:03:23.144+0000] {dagbag.py:525} INFO - Filling up the DagBag from /home/airflow/.local/lib/python3.7/site-packages/airflow/example_dags/example_xcom.py
[2022-10-08T11:03:23.167+0000] {processor.py:768} INFO - DAG(s) dict_keys(['example_xcom']) retrieved from /home/airflow/.local/lib/python3.7/site-packages/airflow/example_dags/example_xcom.py
[2022-10-08T11:03:23.203+0000] {logging_mixin.py:117} INFO - [2022-10-08T11:03:23.202+0000] {dag.py:2573} INFO - Sync 1 DAGs
[2022-10-08T11:03:23.226+0000] {logging_mixin.py:117} INFO - [2022-10-08T11:03:23.226+0000] {dag.py:3328} INFO - Setting next_dagrun for example_xcom to 2021-01-01T00:00:00+00:00, run_after=2021-01-01T00:00:00+00:00
[2022-10-08T11:03:23.243+0000] {processor.py:178} INFO - Processing /home/airflow/.local/lib/python3.7/site-packages/airflow/example_dags/example_xcom.py took 0.102 seconds
[2022-10-08T11:03:54.101+0000] {processor.py:156} INFO - Started process (PID=14593) to work on /home/airflow/.local/lib/python3.7/site-packages/airflow/example_dags/example_xcom.py
[2022-10-08T11:03:54.101+0000] {processor.py:758} INFO - Processing file /home/airflow/.local/lib/python3.7/site-packages/airflow/example_dags/example_xcom.py for tasks to queue
[2022-10-08T11:03:54.102+0000] {logging_mixin.py:117} INFO - [2022-10-08T11:03:54.102+0000] {dagbag.py:525} INFO - Filling up the DagBag from /home/airflow/.local/lib/python3.7/site-packages/airflow/example_dags/example_xcom.py
[2022-10-08T11:03:54.126+0000] {processor.py:768} INFO - DAG(s) dict_keys(['example_xcom']) retrieved from /home/airflow/.local/lib/python3.7/site-packages/airflow/example_dags/example_xcom.py
[2022-10-08T11:03:54.162+0000] {logging_mixin.py:117} INFO - [2022-10-08T11:03:54.162+0000] {dag.py:2573} INFO - Sync 1 DAGs
[2022-10-08T11:03:54.187+0000] {logging_mixin.py:117} INFO - [2022-10-08T11:03:54.187+0000] {dag.py:3328} INFO - Setting next_dagrun for example_xcom to 2021-01-01T00:00:00+00:00, run_after=2021-01-01T00:00:00+00:00
[2022-10-08T11:03:54.203+0000] {processor.py:178} INFO - Processing /home/airflow/.local/lib/python3.7/site-packages/airflow/example_dags/example_xcom.py took 0.105 seconds
[2022-10-08T11:04:24.616+0000] {processor.py:156} INFO - Started process (PID=14794) to work on /home/airflow/.local/lib/python3.7/site-packages/airflow/example_dags/example_xcom.py
[2022-10-08T11:04:24.617+0000] {processor.py:758} INFO - Processing file /home/airflow/.local/lib/python3.7/site-packages/airflow/example_dags/example_xcom.py for tasks to queue
[2022-10-08T11:04:24.618+0000] {logging_mixin.py:117} INFO - [2022-10-08T11:04:24.618+0000] {dagbag.py:525} INFO - Filling up the DagBag from /home/airflow/.local/lib/python3.7/site-packages/airflow/example_dags/example_xcom.py
[2022-10-08T11:04:24.640+0000] {processor.py:768} INFO - DAG(s) dict_keys(['example_xcom']) retrieved from /home/airflow/.local/lib/python3.7/site-packages/airflow/example_dags/example_xcom.py
[2022-10-08T11:04:24.677+0000] {logging_mixin.py:117} INFO - [2022-10-08T11:04:24.677+0000] {dag.py:2573} INFO - Sync 1 DAGs
[2022-10-08T11:04:24.704+0000] {logging_mixin.py:117} INFO - [2022-10-08T11:04:24.704+0000] {dag.py:3328} INFO - Setting next_dagrun for example_xcom to 2021-01-01T00:00:00+00:00, run_after=2021-01-01T00:00:00+00:00
[2022-10-08T11:04:24.722+0000] {processor.py:178} INFO - Processing /home/airflow/.local/lib/python3.7/site-packages/airflow/example_dags/example_xcom.py took 0.109 seconds
[2022-10-08T11:04:55.256+0000] {processor.py:156} INFO - Started process (PID=15008) to work on /home/airflow/.local/lib/python3.7/site-packages/airflow/example_dags/example_xcom.py
[2022-10-08T11:04:55.257+0000] {processor.py:758} INFO - Processing file /home/airflow/.local/lib/python3.7/site-packages/airflow/example_dags/example_xcom.py for tasks to queue
[2022-10-08T11:04:55.258+0000] {logging_mixin.py:117} INFO - [2022-10-08T11:04:55.257+0000] {dagbag.py:525} INFO - Filling up the DagBag from /home/airflow/.local/lib/python3.7/site-packages/airflow/example_dags/example_xcom.py
[2022-10-08T11:04:55.280+0000] {processor.py:768} INFO - DAG(s) dict_keys(['example_xcom']) retrieved from /home/airflow/.local/lib/python3.7/site-packages/airflow/example_dags/example_xcom.py
[2022-10-08T11:04:55.316+0000] {logging_mixin.py:117} INFO - [2022-10-08T11:04:55.316+0000] {dag.py:2573} INFO - Sync 1 DAGs
[2022-10-08T11:04:55.340+0000] {logging_mixin.py:117} INFO - [2022-10-08T11:04:55.340+0000] {dag.py:3328} INFO - Setting next_dagrun for example_xcom to 2021-01-01T00:00:00+00:00, run_after=2021-01-01T00:00:00+00:00
[2022-10-08T11:04:55.356+0000] {processor.py:178} INFO - Processing /home/airflow/.local/lib/python3.7/site-packages/airflow/example_dags/example_xcom.py took 0.103 seconds
[2022-10-08T11:05:26.071+0000] {processor.py:156} INFO - Started process (PID=15220) to work on /home/airflow/.local/lib/python3.7/site-packages/airflow/example_dags/example_xcom.py
[2022-10-08T11:05:26.072+0000] {processor.py:758} INFO - Processing file /home/airflow/.local/lib/python3.7/site-packages/airflow/example_dags/example_xcom.py for tasks to queue
[2022-10-08T11:05:26.072+0000] {logging_mixin.py:117} INFO - [2022-10-08T11:05:26.072+0000] {dagbag.py:525} INFO - Filling up the DagBag from /home/airflow/.local/lib/python3.7/site-packages/airflow/example_dags/example_xcom.py
[2022-10-08T11:05:26.095+0000] {processor.py:768} INFO - DAG(s) dict_keys(['example_xcom']) retrieved from /home/airflow/.local/lib/python3.7/site-packages/airflow/example_dags/example_xcom.py
[2022-10-08T11:05:26.131+0000] {logging_mixin.py:117} INFO - [2022-10-08T11:05:26.131+0000] {dag.py:2573} INFO - Sync 1 DAGs
[2022-10-08T11:05:26.155+0000] {logging_mixin.py:117} INFO - [2022-10-08T11:05:26.155+0000] {dag.py:3328} INFO - Setting next_dagrun for example_xcom to 2021-01-01T00:00:00+00:00, run_after=2021-01-01T00:00:00+00:00
[2022-10-08T11:05:26.172+0000] {processor.py:178} INFO - Processing /home/airflow/.local/lib/python3.7/site-packages/airflow/example_dags/example_xcom.py took 0.103 seconds
[2022-10-08T11:05:56.311+0000] {processor.py:156} INFO - Started process (PID=15448) to work on /home/airflow/.local/lib/python3.7/site-packages/airflow/example_dags/example_xcom.py
[2022-10-08T11:05:56.312+0000] {processor.py:758} INFO - Processing file /home/airflow/.local/lib/python3.7/site-packages/airflow/example_dags/example_xcom.py for tasks to queue
[2022-10-08T11:05:56.313+0000] {logging_mixin.py:117} INFO - [2022-10-08T11:05:56.313+0000] {dagbag.py:525} INFO - Filling up the DagBag from /home/airflow/.local/lib/python3.7/site-packages/airflow/example_dags/example_xcom.py
[2022-10-08T11:05:56.346+0000] {processor.py:768} INFO - DAG(s) dict_keys(['example_xcom']) retrieved from /home/airflow/.local/lib/python3.7/site-packages/airflow/example_dags/example_xcom.py
[2022-10-08T11:05:56.391+0000] {logging_mixin.py:117} INFO - [2022-10-08T11:05:56.390+0000] {dag.py:2573} INFO - Sync 1 DAGs
[2022-10-08T11:05:56.432+0000] {logging_mixin.py:117} INFO - [2022-10-08T11:05:56.431+0000] {dag.py:3328} INFO - Setting next_dagrun for example_xcom to 2021-01-01T00:00:00+00:00, run_after=2021-01-01T00:00:00+00:00
[2022-10-08T11:05:56.454+0000] {processor.py:178} INFO - Processing /home/airflow/.local/lib/python3.7/site-packages/airflow/example_dags/example_xcom.py took 0.146 seconds
[2022-10-08T11:06:27.138+0000] {processor.py:156} INFO - Started process (PID=15653) to work on /home/airflow/.local/lib/python3.7/site-packages/airflow/example_dags/example_xcom.py
[2022-10-08T11:06:27.139+0000] {processor.py:758} INFO - Processing file /home/airflow/.local/lib/python3.7/site-packages/airflow/example_dags/example_xcom.py for tasks to queue
[2022-10-08T11:06:27.139+0000] {logging_mixin.py:117} INFO - [2022-10-08T11:06:27.139+0000] {dagbag.py:525} INFO - Filling up the DagBag from /home/airflow/.local/lib/python3.7/site-packages/airflow/example_dags/example_xcom.py
[2022-10-08T11:06:27.172+0000] {processor.py:768} INFO - DAG(s) dict_keys(['example_xcom']) retrieved from /home/airflow/.local/lib/python3.7/site-packages/airflow/example_dags/example_xcom.py
[2022-10-08T11:06:27.210+0000] {logging_mixin.py:117} INFO - [2022-10-08T11:06:27.210+0000] {dag.py:2573} INFO - Sync 1 DAGs
[2022-10-08T11:06:27.236+0000] {logging_mixin.py:117} INFO - [2022-10-08T11:06:27.236+0000] {dag.py:3328} INFO - Setting next_dagrun for example_xcom to 2021-01-01T00:00:00+00:00, run_after=2021-01-01T00:00:00+00:00
[2022-10-08T11:06:27.268+0000] {processor.py:178} INFO - Processing /home/airflow/.local/lib/python3.7/site-packages/airflow/example_dags/example_xcom.py took 0.132 seconds
[2022-10-08T11:06:57.556+0000] {processor.py:156} INFO - Started process (PID=15865) to work on /home/airflow/.local/lib/python3.7/site-packages/airflow/example_dags/example_xcom.py
[2022-10-08T11:06:57.562+0000] {processor.py:758} INFO - Processing file /home/airflow/.local/lib/python3.7/site-packages/airflow/example_dags/example_xcom.py for tasks to queue
[2022-10-08T11:06:57.562+0000] {logging_mixin.py:117} INFO - [2022-10-08T11:06:57.562+0000] {dagbag.py:525} INFO - Filling up the DagBag from /home/airflow/.local/lib/python3.7/site-packages/airflow/example_dags/example_xcom.py
[2022-10-08T11:06:57.585+0000] {processor.py:768} INFO - DAG(s) dict_keys(['example_xcom']) retrieved from /home/airflow/.local/lib/python3.7/site-packages/airflow/example_dags/example_xcom.py
[2022-10-08T11:06:57.629+0000] {logging_mixin.py:117} INFO - [2022-10-08T11:06:57.628+0000] {dag.py:2573} INFO - Sync 1 DAGs
[2022-10-08T11:06:57.667+0000] {logging_mixin.py:117} INFO - [2022-10-08T11:06:57.667+0000] {dag.py:3328} INFO - Setting next_dagrun for example_xcom to 2021-01-01T00:00:00+00:00, run_after=2021-01-01T00:00:00+00:00
[2022-10-08T11:06:57.687+0000] {processor.py:178} INFO - Processing /home/airflow/.local/lib/python3.7/site-packages/airflow/example_dags/example_xcom.py took 0.134 seconds
