[2022-10-08T10:29:05.727+0000] {processor.py:156} INFO - Started process (PID=364) to work on /home/airflow/.local/lib/python3.7/site-packages/airflow/example_dags/tutorial_taskflow_api.py
[2022-10-08T10:29:05.727+0000] {processor.py:758} INFO - Processing file /home/airflow/.local/lib/python3.7/site-packages/airflow/example_dags/tutorial_taskflow_api.py for tasks to queue
[2022-10-08T10:29:05.728+0000] {logging_mixin.py:117} INFO - [2022-10-08T10:29:05.728+0000] {dagbag.py:525} INFO - Filling up the DagBag from /home/airflow/.local/lib/python3.7/site-packages/airflow/example_dags/tutorial_taskflow_api.py
[2022-10-08T10:29:05.754+0000] {processor.py:768} INFO - DAG(s) dict_keys(['tutorial_taskflow_api']) retrieved from /home/airflow/.local/lib/python3.7/site-packages/airflow/example_dags/tutorial_taskflow_api.py
[2022-10-08T10:29:06.019+0000] {logging_mixin.py:117} INFO - [2022-10-08T10:29:06.019+0000] {manager.py:507} INFO - Created Permission View: can edit on DAG:tutorial_taskflow_api
[2022-10-08T10:29:06.034+0000] {logging_mixin.py:117} INFO - [2022-10-08T10:29:06.033+0000] {manager.py:507} INFO - Created Permission View: can delete on DAG:tutorial_taskflow_api
[2022-10-08T10:29:06.044+0000] {logging_mixin.py:117} INFO - [2022-10-08T10:29:06.044+0000] {manager.py:507} INFO - Created Permission View: can read on DAG:tutorial_taskflow_api
[2022-10-08T10:29:06.044+0000] {logging_mixin.py:117} INFO - [2022-10-08T10:29:06.044+0000] {dag.py:2573} INFO - Sync 1 DAGs
[2022-10-08T10:29:06.059+0000] {logging_mixin.py:117} INFO - [2022-10-08T10:29:06.059+0000] {dag.py:2594} INFO - Creating ORM DAG for tutorial_taskflow_api
[2022-10-08T10:29:06.074+0000] {logging_mixin.py:117} INFO - [2022-10-08T10:29:06.074+0000] {dag.py:3328} INFO - Setting next_dagrun for tutorial_taskflow_api to None, run_after=None
[2022-10-08T10:29:06.091+0000] {processor.py:178} INFO - Processing /home/airflow/.local/lib/python3.7/site-packages/airflow/example_dags/tutorial_taskflow_api.py took 0.367 seconds
[2022-10-08T10:29:36.785+0000] {processor.py:156} INFO - Started process (PID=571) to work on /home/airflow/.local/lib/python3.7/site-packages/airflow/example_dags/tutorial_taskflow_api.py
[2022-10-08T10:29:36.786+0000] {processor.py:758} INFO - Processing file /home/airflow/.local/lib/python3.7/site-packages/airflow/example_dags/tutorial_taskflow_api.py for tasks to queue
[2022-10-08T10:29:36.786+0000] {logging_mixin.py:117} INFO - [2022-10-08T10:29:36.786+0000] {dagbag.py:525} INFO - Filling up the DagBag from /home/airflow/.local/lib/python3.7/site-packages/airflow/example_dags/tutorial_taskflow_api.py
[2022-10-08T10:29:36.808+0000] {processor.py:768} INFO - DAG(s) dict_keys(['tutorial_taskflow_api']) retrieved from /home/airflow/.local/lib/python3.7/site-packages/airflow/example_dags/tutorial_taskflow_api.py
[2022-10-08T10:29:36.894+0000] {logging_mixin.py:117} INFO - [2022-10-08T10:29:36.894+0000] {dag.py:2573} INFO - Sync 1 DAGs
[2022-10-08T10:29:37.199+0000] {logging_mixin.py:117} INFO - [2022-10-08T10:29:37.199+0000] {dag.py:3328} INFO - Setting next_dagrun for tutorial_taskflow_api to None, run_after=None
[2022-10-08T10:29:37.273+0000] {processor.py:178} INFO - Processing /home/airflow/.local/lib/python3.7/site-packages/airflow/example_dags/tutorial_taskflow_api.py took 0.491 seconds
[2022-10-08T10:30:07.736+0000] {processor.py:156} INFO - Started process (PID=773) to work on /home/airflow/.local/lib/python3.7/site-packages/airflow/example_dags/tutorial_taskflow_api.py
[2022-10-08T10:30:07.736+0000] {processor.py:758} INFO - Processing file /home/airflow/.local/lib/python3.7/site-packages/airflow/example_dags/tutorial_taskflow_api.py for tasks to queue
[2022-10-08T10:30:07.737+0000] {logging_mixin.py:117} INFO - [2022-10-08T10:30:07.737+0000] {dagbag.py:525} INFO - Filling up the DagBag from /home/airflow/.local/lib/python3.7/site-packages/airflow/example_dags/tutorial_taskflow_api.py
[2022-10-08T10:30:07.757+0000] {processor.py:768} INFO - DAG(s) dict_keys(['tutorial_taskflow_api']) retrieved from /home/airflow/.local/lib/python3.7/site-packages/airflow/example_dags/tutorial_taskflow_api.py
[2022-10-08T10:30:07.793+0000] {logging_mixin.py:117} INFO - [2022-10-08T10:30:07.793+0000] {dag.py:2573} INFO - Sync 1 DAGs
[2022-10-08T10:30:07.919+0000] {logging_mixin.py:117} INFO - [2022-10-08T10:30:07.919+0000] {dag.py:3328} INFO - Setting next_dagrun for tutorial_taskflow_api to None, run_after=None
[2022-10-08T10:30:07.935+0000] {processor.py:178} INFO - Processing /home/airflow/.local/lib/python3.7/site-packages/airflow/example_dags/tutorial_taskflow_api.py took 0.202 seconds
[2022-10-08T10:30:38.051+0000] {processor.py:156} INFO - Started process (PID=980) to work on /home/airflow/.local/lib/python3.7/site-packages/airflow/example_dags/tutorial_taskflow_api.py
[2022-10-08T10:30:38.052+0000] {processor.py:758} INFO - Processing file /home/airflow/.local/lib/python3.7/site-packages/airflow/example_dags/tutorial_taskflow_api.py for tasks to queue
[2022-10-08T10:30:38.053+0000] {logging_mixin.py:117} INFO - [2022-10-08T10:30:38.052+0000] {dagbag.py:525} INFO - Filling up the DagBag from /home/airflow/.local/lib/python3.7/site-packages/airflow/example_dags/tutorial_taskflow_api.py
[2022-10-08T10:30:38.073+0000] {processor.py:768} INFO - DAG(s) dict_keys(['tutorial_taskflow_api']) retrieved from /home/airflow/.local/lib/python3.7/site-packages/airflow/example_dags/tutorial_taskflow_api.py
[2022-10-08T10:30:38.213+0000] {logging_mixin.py:117} INFO - [2022-10-08T10:30:38.212+0000] {dag.py:2573} INFO - Sync 1 DAGs
[2022-10-08T10:30:38.235+0000] {logging_mixin.py:117} INFO - [2022-10-08T10:30:38.235+0000] {dag.py:3328} INFO - Setting next_dagrun for tutorial_taskflow_api to None, run_after=None
[2022-10-08T10:30:38.251+0000] {processor.py:178} INFO - Processing /home/airflow/.local/lib/python3.7/site-packages/airflow/example_dags/tutorial_taskflow_api.py took 0.202 seconds
[2022-10-08T10:31:09.909+0000] {processor.py:156} INFO - Started process (PID=1185) to work on /home/airflow/.local/lib/python3.7/site-packages/airflow/example_dags/tutorial_taskflow_api.py
[2022-10-08T10:31:09.910+0000] {processor.py:758} INFO - Processing file /home/airflow/.local/lib/python3.7/site-packages/airflow/example_dags/tutorial_taskflow_api.py for tasks to queue
[2022-10-08T10:31:09.910+0000] {logging_mixin.py:117} INFO - [2022-10-08T10:31:09.910+0000] {dagbag.py:525} INFO - Filling up the DagBag from /home/airflow/.local/lib/python3.7/site-packages/airflow/example_dags/tutorial_taskflow_api.py
[2022-10-08T10:31:09.931+0000] {processor.py:768} INFO - DAG(s) dict_keys(['tutorial_taskflow_api']) retrieved from /home/airflow/.local/lib/python3.7/site-packages/airflow/example_dags/tutorial_taskflow_api.py
[2022-10-08T10:31:10.095+0000] {logging_mixin.py:117} INFO - [2022-10-08T10:31:10.094+0000] {dag.py:2573} INFO - Sync 1 DAGs
[2022-10-08T10:31:10.117+0000] {logging_mixin.py:117} INFO - [2022-10-08T10:31:10.117+0000] {dag.py:3328} INFO - Setting next_dagrun for tutorial_taskflow_api to None, run_after=None
[2022-10-08T10:31:10.134+0000] {processor.py:178} INFO - Processing /home/airflow/.local/lib/python3.7/site-packages/airflow/example_dags/tutorial_taskflow_api.py took 0.227 seconds
[2022-10-08T10:31:41.302+0000] {processor.py:156} INFO - Started process (PID=1385) to work on /home/airflow/.local/lib/python3.7/site-packages/airflow/example_dags/tutorial_taskflow_api.py
[2022-10-08T10:31:41.303+0000] {processor.py:758} INFO - Processing file /home/airflow/.local/lib/python3.7/site-packages/airflow/example_dags/tutorial_taskflow_api.py for tasks to queue
[2022-10-08T10:31:41.304+0000] {logging_mixin.py:117} INFO - [2022-10-08T10:31:41.304+0000] {dagbag.py:525} INFO - Filling up the DagBag from /home/airflow/.local/lib/python3.7/site-packages/airflow/example_dags/tutorial_taskflow_api.py
[2022-10-08T10:31:41.437+0000] {processor.py:768} INFO - DAG(s) dict_keys(['tutorial_taskflow_api']) retrieved from /home/airflow/.local/lib/python3.7/site-packages/airflow/example_dags/tutorial_taskflow_api.py
[2022-10-08T10:31:41.468+0000] {logging_mixin.py:117} INFO - [2022-10-08T10:31:41.468+0000] {dag.py:2573} INFO - Sync 1 DAGs
[2022-10-08T10:31:41.492+0000] {logging_mixin.py:117} INFO - [2022-10-08T10:31:41.492+0000] {dag.py:3328} INFO - Setting next_dagrun for tutorial_taskflow_api to None, run_after=None
[2022-10-08T10:31:41.508+0000] {processor.py:178} INFO - Processing /home/airflow/.local/lib/python3.7/site-packages/airflow/example_dags/tutorial_taskflow_api.py took 0.208 seconds
[2022-10-08T10:32:12.394+0000] {processor.py:156} INFO - Started process (PID=1592) to work on /home/airflow/.local/lib/python3.7/site-packages/airflow/example_dags/tutorial_taskflow_api.py
[2022-10-08T10:32:12.395+0000] {processor.py:758} INFO - Processing file /home/airflow/.local/lib/python3.7/site-packages/airflow/example_dags/tutorial_taskflow_api.py for tasks to queue
[2022-10-08T10:32:12.395+0000] {logging_mixin.py:117} INFO - [2022-10-08T10:32:12.395+0000] {dagbag.py:525} INFO - Filling up the DagBag from /home/airflow/.local/lib/python3.7/site-packages/airflow/example_dags/tutorial_taskflow_api.py
[2022-10-08T10:32:12.417+0000] {processor.py:768} INFO - DAG(s) dict_keys(['tutorial_taskflow_api']) retrieved from /home/airflow/.local/lib/python3.7/site-packages/airflow/example_dags/tutorial_taskflow_api.py
[2022-10-08T10:32:12.452+0000] {logging_mixin.py:117} INFO - [2022-10-08T10:32:12.452+0000] {dag.py:2573} INFO - Sync 1 DAGs
[2022-10-08T10:32:12.476+0000] {logging_mixin.py:117} INFO - [2022-10-08T10:32:12.476+0000] {dag.py:3328} INFO - Setting next_dagrun for tutorial_taskflow_api to None, run_after=None
[2022-10-08T10:32:12.493+0000] {processor.py:178} INFO - Processing /home/airflow/.local/lib/python3.7/site-packages/airflow/example_dags/tutorial_taskflow_api.py took 0.102 seconds
[2022-10-08T10:32:42.700+0000] {processor.py:156} INFO - Started process (PID=1799) to work on /home/airflow/.local/lib/python3.7/site-packages/airflow/example_dags/tutorial_taskflow_api.py
[2022-10-08T10:32:42.701+0000] {processor.py:758} INFO - Processing file /home/airflow/.local/lib/python3.7/site-packages/airflow/example_dags/tutorial_taskflow_api.py for tasks to queue
[2022-10-08T10:32:42.701+0000] {logging_mixin.py:117} INFO - [2022-10-08T10:32:42.701+0000] {dagbag.py:525} INFO - Filling up the DagBag from /home/airflow/.local/lib/python3.7/site-packages/airflow/example_dags/tutorial_taskflow_api.py
[2022-10-08T10:32:42.722+0000] {processor.py:768} INFO - DAG(s) dict_keys(['tutorial_taskflow_api']) retrieved from /home/airflow/.local/lib/python3.7/site-packages/airflow/example_dags/tutorial_taskflow_api.py
[2022-10-08T10:32:42.758+0000] {logging_mixin.py:117} INFO - [2022-10-08T10:32:42.758+0000] {dag.py:2573} INFO - Sync 1 DAGs
[2022-10-08T10:32:42.783+0000] {logging_mixin.py:117} INFO - [2022-10-08T10:32:42.782+0000] {dag.py:3328} INFO - Setting next_dagrun for tutorial_taskflow_api to None, run_after=None
[2022-10-08T10:32:42.800+0000] {processor.py:178} INFO - Processing /home/airflow/.local/lib/python3.7/site-packages/airflow/example_dags/tutorial_taskflow_api.py took 0.103 seconds
[2022-10-08T10:33:13.606+0000] {processor.py:156} INFO - Started process (PID=2006) to work on /home/airflow/.local/lib/python3.7/site-packages/airflow/example_dags/tutorial_taskflow_api.py
[2022-10-08T10:33:13.607+0000] {processor.py:758} INFO - Processing file /home/airflow/.local/lib/python3.7/site-packages/airflow/example_dags/tutorial_taskflow_api.py for tasks to queue
[2022-10-08T10:33:13.607+0000] {logging_mixin.py:117} INFO - [2022-10-08T10:33:13.607+0000] {dagbag.py:525} INFO - Filling up the DagBag from /home/airflow/.local/lib/python3.7/site-packages/airflow/example_dags/tutorial_taskflow_api.py
[2022-10-08T10:33:13.629+0000] {processor.py:768} INFO - DAG(s) dict_keys(['tutorial_taskflow_api']) retrieved from /home/airflow/.local/lib/python3.7/site-packages/airflow/example_dags/tutorial_taskflow_api.py
[2022-10-08T10:33:13.711+0000] {logging_mixin.py:117} INFO - [2022-10-08T10:33:13.710+0000] {dag.py:2573} INFO - Sync 1 DAGs
[2022-10-08T10:33:13.736+0000] {logging_mixin.py:117} INFO - [2022-10-08T10:33:13.736+0000] {dag.py:3328} INFO - Setting next_dagrun for tutorial_taskflow_api to None, run_after=None
[2022-10-08T10:33:13.776+0000] {processor.py:178} INFO - Processing /home/airflow/.local/lib/python3.7/site-packages/airflow/example_dags/tutorial_taskflow_api.py took 0.173 seconds
[2022-10-08T10:33:44.599+0000] {processor.py:156} INFO - Started process (PID=2204) to work on /home/airflow/.local/lib/python3.7/site-packages/airflow/example_dags/tutorial_taskflow_api.py
[2022-10-08T10:33:44.600+0000] {processor.py:758} INFO - Processing file /home/airflow/.local/lib/python3.7/site-packages/airflow/example_dags/tutorial_taskflow_api.py for tasks to queue
[2022-10-08T10:33:44.601+0000] {logging_mixin.py:117} INFO - [2022-10-08T10:33:44.601+0000] {dagbag.py:525} INFO - Filling up the DagBag from /home/airflow/.local/lib/python3.7/site-packages/airflow/example_dags/tutorial_taskflow_api.py
[2022-10-08T10:33:44.622+0000] {processor.py:768} INFO - DAG(s) dict_keys(['tutorial_taskflow_api']) retrieved from /home/airflow/.local/lib/python3.7/site-packages/airflow/example_dags/tutorial_taskflow_api.py
[2022-10-08T10:33:44.656+0000] {logging_mixin.py:117} INFO - [2022-10-08T10:33:44.656+0000] {dag.py:2573} INFO - Sync 1 DAGs
[2022-10-08T10:33:44.680+0000] {logging_mixin.py:117} INFO - [2022-10-08T10:33:44.680+0000] {dag.py:3328} INFO - Setting next_dagrun for tutorial_taskflow_api to None, run_after=None
[2022-10-08T10:33:44.697+0000] {processor.py:178} INFO - Processing /home/airflow/.local/lib/python3.7/site-packages/airflow/example_dags/tutorial_taskflow_api.py took 0.100 seconds
[2022-10-08T10:34:15.587+0000] {processor.py:156} INFO - Started process (PID=2411) to work on /home/airflow/.local/lib/python3.7/site-packages/airflow/example_dags/tutorial_taskflow_api.py
[2022-10-08T10:34:15.588+0000] {processor.py:758} INFO - Processing file /home/airflow/.local/lib/python3.7/site-packages/airflow/example_dags/tutorial_taskflow_api.py for tasks to queue
[2022-10-08T10:34:15.589+0000] {logging_mixin.py:117} INFO - [2022-10-08T10:34:15.589+0000] {dagbag.py:525} INFO - Filling up the DagBag from /home/airflow/.local/lib/python3.7/site-packages/airflow/example_dags/tutorial_taskflow_api.py
[2022-10-08T10:34:15.611+0000] {processor.py:768} INFO - DAG(s) dict_keys(['tutorial_taskflow_api']) retrieved from /home/airflow/.local/lib/python3.7/site-packages/airflow/example_dags/tutorial_taskflow_api.py
[2022-10-08T10:34:15.650+0000] {logging_mixin.py:117} INFO - [2022-10-08T10:34:15.650+0000] {dag.py:2573} INFO - Sync 1 DAGs
[2022-10-08T10:34:15.675+0000] {logging_mixin.py:117} INFO - [2022-10-08T10:34:15.674+0000] {dag.py:3328} INFO - Setting next_dagrun for tutorial_taskflow_api to None, run_after=None
[2022-10-08T10:34:15.692+0000] {processor.py:178} INFO - Processing /home/airflow/.local/lib/python3.7/site-packages/airflow/example_dags/tutorial_taskflow_api.py took 0.107 seconds
[2022-10-08T10:34:45.907+0000] {processor.py:156} INFO - Started process (PID=2618) to work on /home/airflow/.local/lib/python3.7/site-packages/airflow/example_dags/tutorial_taskflow_api.py
[2022-10-08T10:34:45.908+0000] {processor.py:758} INFO - Processing file /home/airflow/.local/lib/python3.7/site-packages/airflow/example_dags/tutorial_taskflow_api.py for tasks to queue
[2022-10-08T10:34:45.909+0000] {logging_mixin.py:117} INFO - [2022-10-08T10:34:45.909+0000] {dagbag.py:525} INFO - Filling up the DagBag from /home/airflow/.local/lib/python3.7/site-packages/airflow/example_dags/tutorial_taskflow_api.py
[2022-10-08T10:34:45.981+0000] {processor.py:768} INFO - DAG(s) dict_keys(['tutorial_taskflow_api']) retrieved from /home/airflow/.local/lib/python3.7/site-packages/airflow/example_dags/tutorial_taskflow_api.py
[2022-10-08T10:34:46.071+0000] {logging_mixin.py:117} INFO - [2022-10-08T10:34:46.071+0000] {dag.py:2573} INFO - Sync 1 DAGs
[2022-10-08T10:34:46.096+0000] {logging_mixin.py:117} INFO - [2022-10-08T10:34:46.096+0000] {dag.py:3328} INFO - Setting next_dagrun for tutorial_taskflow_api to None, run_after=None
[2022-10-08T10:34:46.168+0000] {processor.py:178} INFO - Processing /home/airflow/.local/lib/python3.7/site-packages/airflow/example_dags/tutorial_taskflow_api.py took 0.265 seconds
[2022-10-08T10:35:17.018+0000] {processor.py:156} INFO - Started process (PID=2816) to work on /home/airflow/.local/lib/python3.7/site-packages/airflow/example_dags/tutorial_taskflow_api.py
[2022-10-08T10:35:17.019+0000] {processor.py:758} INFO - Processing file /home/airflow/.local/lib/python3.7/site-packages/airflow/example_dags/tutorial_taskflow_api.py for tasks to queue
[2022-10-08T10:35:17.020+0000] {logging_mixin.py:117} INFO - [2022-10-08T10:35:17.020+0000] {dagbag.py:525} INFO - Filling up the DagBag from /home/airflow/.local/lib/python3.7/site-packages/airflow/example_dags/tutorial_taskflow_api.py
[2022-10-08T10:35:17.040+0000] {processor.py:768} INFO - DAG(s) dict_keys(['tutorial_taskflow_api']) retrieved from /home/airflow/.local/lib/python3.7/site-packages/airflow/example_dags/tutorial_taskflow_api.py
[2022-10-08T10:35:17.075+0000] {logging_mixin.py:117} INFO - [2022-10-08T10:35:17.075+0000] {dag.py:2573} INFO - Sync 1 DAGs
[2022-10-08T10:35:17.100+0000] {logging_mixin.py:117} INFO - [2022-10-08T10:35:17.100+0000] {dag.py:3328} INFO - Setting next_dagrun for tutorial_taskflow_api to None, run_after=None
[2022-10-08T10:35:17.118+0000] {processor.py:178} INFO - Processing /home/airflow/.local/lib/python3.7/site-packages/airflow/example_dags/tutorial_taskflow_api.py took 0.102 seconds
[2022-10-08T10:35:47.314+0000] {processor.py:156} INFO - Started process (PID=3023) to work on /home/airflow/.local/lib/python3.7/site-packages/airflow/example_dags/tutorial_taskflow_api.py
[2022-10-08T10:35:47.315+0000] {processor.py:758} INFO - Processing file /home/airflow/.local/lib/python3.7/site-packages/airflow/example_dags/tutorial_taskflow_api.py for tasks to queue
[2022-10-08T10:35:47.316+0000] {logging_mixin.py:117} INFO - [2022-10-08T10:35:47.315+0000] {dagbag.py:525} INFO - Filling up the DagBag from /home/airflow/.local/lib/python3.7/site-packages/airflow/example_dags/tutorial_taskflow_api.py
[2022-10-08T10:35:47.338+0000] {processor.py:768} INFO - DAG(s) dict_keys(['tutorial_taskflow_api']) retrieved from /home/airflow/.local/lib/python3.7/site-packages/airflow/example_dags/tutorial_taskflow_api.py
[2022-10-08T10:35:47.373+0000] {logging_mixin.py:117} INFO - [2022-10-08T10:35:47.373+0000] {dag.py:2573} INFO - Sync 1 DAGs
[2022-10-08T10:35:47.398+0000] {logging_mixin.py:117} INFO - [2022-10-08T10:35:47.398+0000] {dag.py:3328} INFO - Setting next_dagrun for tutorial_taskflow_api to None, run_after=None
[2022-10-08T10:35:47.418+0000] {processor.py:178} INFO - Processing /home/airflow/.local/lib/python3.7/site-packages/airflow/example_dags/tutorial_taskflow_api.py took 0.106 seconds
[2022-10-08T10:36:18.035+0000] {processor.py:156} INFO - Started process (PID=3230) to work on /home/airflow/.local/lib/python3.7/site-packages/airflow/example_dags/tutorial_taskflow_api.py
[2022-10-08T10:36:18.036+0000] {processor.py:758} INFO - Processing file /home/airflow/.local/lib/python3.7/site-packages/airflow/example_dags/tutorial_taskflow_api.py for tasks to queue
[2022-10-08T10:36:18.036+0000] {logging_mixin.py:117} INFO - [2022-10-08T10:36:18.036+0000] {dagbag.py:525} INFO - Filling up the DagBag from /home/airflow/.local/lib/python3.7/site-packages/airflow/example_dags/tutorial_taskflow_api.py
[2022-10-08T10:36:18.079+0000] {processor.py:768} INFO - DAG(s) dict_keys(['tutorial_taskflow_api']) retrieved from /home/airflow/.local/lib/python3.7/site-packages/airflow/example_dags/tutorial_taskflow_api.py
[2022-10-08T10:36:18.172+0000] {logging_mixin.py:117} INFO - [2022-10-08T10:36:18.172+0000] {dag.py:2573} INFO - Sync 1 DAGs
[2022-10-08T10:36:18.196+0000] {logging_mixin.py:117} INFO - [2022-10-08T10:36:18.196+0000] {dag.py:3328} INFO - Setting next_dagrun for tutorial_taskflow_api to None, run_after=None
[2022-10-08T10:36:18.266+0000] {processor.py:178} INFO - Processing /home/airflow/.local/lib/python3.7/site-packages/airflow/example_dags/tutorial_taskflow_api.py took 0.234 seconds
[2022-10-08T10:36:49.093+0000] {processor.py:156} INFO - Started process (PID=3428) to work on /home/airflow/.local/lib/python3.7/site-packages/airflow/example_dags/tutorial_taskflow_api.py
[2022-10-08T10:36:49.094+0000] {processor.py:758} INFO - Processing file /home/airflow/.local/lib/python3.7/site-packages/airflow/example_dags/tutorial_taskflow_api.py for tasks to queue
[2022-10-08T10:36:49.094+0000] {logging_mixin.py:117} INFO - [2022-10-08T10:36:49.094+0000] {dagbag.py:525} INFO - Filling up the DagBag from /home/airflow/.local/lib/python3.7/site-packages/airflow/example_dags/tutorial_taskflow_api.py
[2022-10-08T10:36:49.115+0000] {processor.py:768} INFO - DAG(s) dict_keys(['tutorial_taskflow_api']) retrieved from /home/airflow/.local/lib/python3.7/site-packages/airflow/example_dags/tutorial_taskflow_api.py
[2022-10-08T10:36:49.151+0000] {logging_mixin.py:117} INFO - [2022-10-08T10:36:49.151+0000] {dag.py:2573} INFO - Sync 1 DAGs
[2022-10-08T10:36:49.177+0000] {logging_mixin.py:117} INFO - [2022-10-08T10:36:49.177+0000] {dag.py:3328} INFO - Setting next_dagrun for tutorial_taskflow_api to None, run_after=None
[2022-10-08T10:36:49.195+0000] {processor.py:178} INFO - Processing /home/airflow/.local/lib/python3.7/site-packages/airflow/example_dags/tutorial_taskflow_api.py took 0.105 seconds
[2022-10-08T10:37:19.431+0000] {processor.py:156} INFO - Started process (PID=3634) to work on /home/airflow/.local/lib/python3.7/site-packages/airflow/example_dags/tutorial_taskflow_api.py
[2022-10-08T10:37:19.432+0000] {processor.py:758} INFO - Processing file /home/airflow/.local/lib/python3.7/site-packages/airflow/example_dags/tutorial_taskflow_api.py for tasks to queue
[2022-10-08T10:37:19.432+0000] {logging_mixin.py:117} INFO - [2022-10-08T10:37:19.432+0000] {dagbag.py:525} INFO - Filling up the DagBag from /home/airflow/.local/lib/python3.7/site-packages/airflow/example_dags/tutorial_taskflow_api.py
[2022-10-08T10:37:19.455+0000] {processor.py:768} INFO - DAG(s) dict_keys(['tutorial_taskflow_api']) retrieved from /home/airflow/.local/lib/python3.7/site-packages/airflow/example_dags/tutorial_taskflow_api.py
[2022-10-08T10:37:19.490+0000] {logging_mixin.py:117} INFO - [2022-10-08T10:37:19.490+0000] {dag.py:2573} INFO - Sync 1 DAGs
[2022-10-08T10:37:19.516+0000] {logging_mixin.py:117} INFO - [2022-10-08T10:37:19.516+0000] {dag.py:3328} INFO - Setting next_dagrun for tutorial_taskflow_api to None, run_after=None
[2022-10-08T10:37:19.536+0000] {processor.py:178} INFO - Processing /home/airflow/.local/lib/python3.7/site-packages/airflow/example_dags/tutorial_taskflow_api.py took 0.107 seconds
[2022-10-08T10:37:50.312+0000] {processor.py:156} INFO - Started process (PID=3841) to work on /home/airflow/.local/lib/python3.7/site-packages/airflow/example_dags/tutorial_taskflow_api.py
[2022-10-08T10:37:50.312+0000] {processor.py:758} INFO - Processing file /home/airflow/.local/lib/python3.7/site-packages/airflow/example_dags/tutorial_taskflow_api.py for tasks to queue
[2022-10-08T10:37:50.313+0000] {logging_mixin.py:117} INFO - [2022-10-08T10:37:50.313+0000] {dagbag.py:525} INFO - Filling up the DagBag from /home/airflow/.local/lib/python3.7/site-packages/airflow/example_dags/tutorial_taskflow_api.py
[2022-10-08T10:37:50.336+0000] {processor.py:768} INFO - DAG(s) dict_keys(['tutorial_taskflow_api']) retrieved from /home/airflow/.local/lib/python3.7/site-packages/airflow/example_dags/tutorial_taskflow_api.py
[2022-10-08T10:37:50.374+0000] {logging_mixin.py:117} INFO - [2022-10-08T10:37:50.374+0000] {dag.py:2573} INFO - Sync 1 DAGs
[2022-10-08T10:37:50.402+0000] {logging_mixin.py:117} INFO - [2022-10-08T10:37:50.401+0000] {dag.py:3328} INFO - Setting next_dagrun for tutorial_taskflow_api to None, run_after=None
[2022-10-08T10:37:50.420+0000] {processor.py:178} INFO - Processing /home/airflow/.local/lib/python3.7/site-packages/airflow/example_dags/tutorial_taskflow_api.py took 0.111 seconds
[2022-10-08T10:38:20.601+0000] {processor.py:156} INFO - Started process (PID=4039) to work on /home/airflow/.local/lib/python3.7/site-packages/airflow/example_dags/tutorial_taskflow_api.py
[2022-10-08T10:38:20.602+0000] {processor.py:758} INFO - Processing file /home/airflow/.local/lib/python3.7/site-packages/airflow/example_dags/tutorial_taskflow_api.py for tasks to queue
[2022-10-08T10:38:20.602+0000] {logging_mixin.py:117} INFO - [2022-10-08T10:38:20.602+0000] {dagbag.py:525} INFO - Filling up the DagBag from /home/airflow/.local/lib/python3.7/site-packages/airflow/example_dags/tutorial_taskflow_api.py
[2022-10-08T10:38:20.624+0000] {processor.py:768} INFO - DAG(s) dict_keys(['tutorial_taskflow_api']) retrieved from /home/airflow/.local/lib/python3.7/site-packages/airflow/example_dags/tutorial_taskflow_api.py
[2022-10-08T10:38:20.661+0000] {logging_mixin.py:117} INFO - [2022-10-08T10:38:20.661+0000] {dag.py:2573} INFO - Sync 1 DAGs
[2022-10-08T10:38:20.685+0000] {logging_mixin.py:117} INFO - [2022-10-08T10:38:20.685+0000] {dag.py:3328} INFO - Setting next_dagrun for tutorial_taskflow_api to None, run_after=None
[2022-10-08T10:38:20.702+0000] {processor.py:178} INFO - Processing /home/airflow/.local/lib/python3.7/site-packages/airflow/example_dags/tutorial_taskflow_api.py took 0.103 seconds
[2022-10-08T10:38:51.341+0000] {processor.py:156} INFO - Started process (PID=4246) to work on /home/airflow/.local/lib/python3.7/site-packages/airflow/example_dags/tutorial_taskflow_api.py
[2022-10-08T10:38:51.341+0000] {processor.py:758} INFO - Processing file /home/airflow/.local/lib/python3.7/site-packages/airflow/example_dags/tutorial_taskflow_api.py for tasks to queue
[2022-10-08T10:38:51.342+0000] {logging_mixin.py:117} INFO - [2022-10-08T10:38:51.342+0000] {dagbag.py:525} INFO - Filling up the DagBag from /home/airflow/.local/lib/python3.7/site-packages/airflow/example_dags/tutorial_taskflow_api.py
[2022-10-08T10:38:51.362+0000] {processor.py:768} INFO - DAG(s) dict_keys(['tutorial_taskflow_api']) retrieved from /home/airflow/.local/lib/python3.7/site-packages/airflow/example_dags/tutorial_taskflow_api.py
[2022-10-08T10:38:51.398+0000] {logging_mixin.py:117} INFO - [2022-10-08T10:38:51.398+0000] {dag.py:2573} INFO - Sync 1 DAGs
[2022-10-08T10:38:51.422+0000] {logging_mixin.py:117} INFO - [2022-10-08T10:38:51.422+0000] {dag.py:3328} INFO - Setting next_dagrun for tutorial_taskflow_api to None, run_after=None
[2022-10-08T10:38:51.439+0000] {processor.py:178} INFO - Processing /home/airflow/.local/lib/python3.7/site-packages/airflow/example_dags/tutorial_taskflow_api.py took 0.100 seconds
[2022-10-08T10:39:21.810+0000] {processor.py:156} INFO - Started process (PID=4453) to work on /home/airflow/.local/lib/python3.7/site-packages/airflow/example_dags/tutorial_taskflow_api.py
[2022-10-08T10:39:21.811+0000] {processor.py:758} INFO - Processing file /home/airflow/.local/lib/python3.7/site-packages/airflow/example_dags/tutorial_taskflow_api.py for tasks to queue
[2022-10-08T10:39:21.811+0000] {logging_mixin.py:117} INFO - [2022-10-08T10:39:21.811+0000] {dagbag.py:525} INFO - Filling up the DagBag from /home/airflow/.local/lib/python3.7/site-packages/airflow/example_dags/tutorial_taskflow_api.py
[2022-10-08T10:39:21.834+0000] {processor.py:768} INFO - DAG(s) dict_keys(['tutorial_taskflow_api']) retrieved from /home/airflow/.local/lib/python3.7/site-packages/airflow/example_dags/tutorial_taskflow_api.py
[2022-10-08T10:39:21.869+0000] {logging_mixin.py:117} INFO - [2022-10-08T10:39:21.869+0000] {dag.py:2573} INFO - Sync 1 DAGs
[2022-10-08T10:39:21.893+0000] {logging_mixin.py:117} INFO - [2022-10-08T10:39:21.893+0000] {dag.py:3328} INFO - Setting next_dagrun for tutorial_taskflow_api to None, run_after=None
[2022-10-08T10:39:21.910+0000] {processor.py:178} INFO - Processing /home/airflow/.local/lib/python3.7/site-packages/airflow/example_dags/tutorial_taskflow_api.py took 0.103 seconds
[2022-10-08T10:39:52.528+0000] {processor.py:156} INFO - Started process (PID=4651) to work on /home/airflow/.local/lib/python3.7/site-packages/airflow/example_dags/tutorial_taskflow_api.py
[2022-10-08T10:39:52.529+0000] {processor.py:758} INFO - Processing file /home/airflow/.local/lib/python3.7/site-packages/airflow/example_dags/tutorial_taskflow_api.py for tasks to queue
[2022-10-08T10:39:52.530+0000] {logging_mixin.py:117} INFO - [2022-10-08T10:39:52.529+0000] {dagbag.py:525} INFO - Filling up the DagBag from /home/airflow/.local/lib/python3.7/site-packages/airflow/example_dags/tutorial_taskflow_api.py
[2022-10-08T10:39:52.550+0000] {processor.py:768} INFO - DAG(s) dict_keys(['tutorial_taskflow_api']) retrieved from /home/airflow/.local/lib/python3.7/site-packages/airflow/example_dags/tutorial_taskflow_api.py
[2022-10-08T10:39:52.584+0000] {logging_mixin.py:117} INFO - [2022-10-08T10:39:52.584+0000] {dag.py:2573} INFO - Sync 1 DAGs
[2022-10-08T10:39:52.609+0000] {logging_mixin.py:117} INFO - [2022-10-08T10:39:52.609+0000] {dag.py:3328} INFO - Setting next_dagrun for tutorial_taskflow_api to None, run_after=None
[2022-10-08T10:39:52.625+0000] {processor.py:178} INFO - Processing /home/airflow/.local/lib/python3.7/site-packages/airflow/example_dags/tutorial_taskflow_api.py took 0.100 seconds
[2022-10-08T10:40:23.152+0000] {processor.py:156} INFO - Started process (PID=4858) to work on /home/airflow/.local/lib/python3.7/site-packages/airflow/example_dags/tutorial_taskflow_api.py
[2022-10-08T10:40:23.153+0000] {processor.py:758} INFO - Processing file /home/airflow/.local/lib/python3.7/site-packages/airflow/example_dags/tutorial_taskflow_api.py for tasks to queue
[2022-10-08T10:40:23.153+0000] {logging_mixin.py:117} INFO - [2022-10-08T10:40:23.153+0000] {dagbag.py:525} INFO - Filling up the DagBag from /home/airflow/.local/lib/python3.7/site-packages/airflow/example_dags/tutorial_taskflow_api.py
[2022-10-08T10:40:23.174+0000] {processor.py:768} INFO - DAG(s) dict_keys(['tutorial_taskflow_api']) retrieved from /home/airflow/.local/lib/python3.7/site-packages/airflow/example_dags/tutorial_taskflow_api.py
[2022-10-08T10:40:23.210+0000] {logging_mixin.py:117} INFO - [2022-10-08T10:40:23.209+0000] {dag.py:2573} INFO - Sync 1 DAGs
[2022-10-08T10:40:23.233+0000] {logging_mixin.py:117} INFO - [2022-10-08T10:40:23.233+0000] {dag.py:3328} INFO - Setting next_dagrun for tutorial_taskflow_api to None, run_after=None
[2022-10-08T10:40:23.249+0000] {processor.py:178} INFO - Processing /home/airflow/.local/lib/python3.7/site-packages/airflow/example_dags/tutorial_taskflow_api.py took 0.100 seconds
[2022-10-08T10:40:53.858+0000] {processor.py:156} INFO - Started process (PID=5065) to work on /home/airflow/.local/lib/python3.7/site-packages/airflow/example_dags/tutorial_taskflow_api.py
[2022-10-08T10:40:53.859+0000] {processor.py:758} INFO - Processing file /home/airflow/.local/lib/python3.7/site-packages/airflow/example_dags/tutorial_taskflow_api.py for tasks to queue
[2022-10-08T10:40:53.859+0000] {logging_mixin.py:117} INFO - [2022-10-08T10:40:53.859+0000] {dagbag.py:525} INFO - Filling up the DagBag from /home/airflow/.local/lib/python3.7/site-packages/airflow/example_dags/tutorial_taskflow_api.py
[2022-10-08T10:40:53.880+0000] {processor.py:768} INFO - DAG(s) dict_keys(['tutorial_taskflow_api']) retrieved from /home/airflow/.local/lib/python3.7/site-packages/airflow/example_dags/tutorial_taskflow_api.py
[2022-10-08T10:40:53.916+0000] {logging_mixin.py:117} INFO - [2022-10-08T10:40:53.916+0000] {dag.py:2573} INFO - Sync 1 DAGs
[2022-10-08T10:40:53.941+0000] {logging_mixin.py:117} INFO - [2022-10-08T10:40:53.941+0000] {dag.py:3328} INFO - Setting next_dagrun for tutorial_taskflow_api to None, run_after=None
[2022-10-08T10:40:53.958+0000] {processor.py:178} INFO - Processing /home/airflow/.local/lib/python3.7/site-packages/airflow/example_dags/tutorial_taskflow_api.py took 0.103 seconds
[2022-10-08T10:41:24.437+0000] {processor.py:156} INFO - Started process (PID=5264) to work on /home/airflow/.local/lib/python3.7/site-packages/airflow/example_dags/tutorial_taskflow_api.py
[2022-10-08T10:41:24.438+0000] {processor.py:758} INFO - Processing file /home/airflow/.local/lib/python3.7/site-packages/airflow/example_dags/tutorial_taskflow_api.py for tasks to queue
[2022-10-08T10:41:24.439+0000] {logging_mixin.py:117} INFO - [2022-10-08T10:41:24.438+0000] {dagbag.py:525} INFO - Filling up the DagBag from /home/airflow/.local/lib/python3.7/site-packages/airflow/example_dags/tutorial_taskflow_api.py
[2022-10-08T10:41:24.460+0000] {processor.py:768} INFO - DAG(s) dict_keys(['tutorial_taskflow_api']) retrieved from /home/airflow/.local/lib/python3.7/site-packages/airflow/example_dags/tutorial_taskflow_api.py
[2022-10-08T10:41:24.495+0000] {logging_mixin.py:117} INFO - [2022-10-08T10:41:24.495+0000] {dag.py:2573} INFO - Sync 1 DAGs
[2022-10-08T10:41:24.519+0000] {logging_mixin.py:117} INFO - [2022-10-08T10:41:24.519+0000] {dag.py:3328} INFO - Setting next_dagrun for tutorial_taskflow_api to None, run_after=None
[2022-10-08T10:41:24.537+0000] {processor.py:178} INFO - Processing /home/airflow/.local/lib/python3.7/site-packages/airflow/example_dags/tutorial_taskflow_api.py took 0.102 seconds
[2022-10-08T10:41:54.970+0000] {processor.py:156} INFO - Started process (PID=5471) to work on /home/airflow/.local/lib/python3.7/site-packages/airflow/example_dags/tutorial_taskflow_api.py
[2022-10-08T10:41:54.971+0000] {processor.py:758} INFO - Processing file /home/airflow/.local/lib/python3.7/site-packages/airflow/example_dags/tutorial_taskflow_api.py for tasks to queue
[2022-10-08T10:41:54.971+0000] {logging_mixin.py:117} INFO - [2022-10-08T10:41:54.971+0000] {dagbag.py:525} INFO - Filling up the DagBag from /home/airflow/.local/lib/python3.7/site-packages/airflow/example_dags/tutorial_taskflow_api.py
[2022-10-08T10:41:54.993+0000] {processor.py:768} INFO - DAG(s) dict_keys(['tutorial_taskflow_api']) retrieved from /home/airflow/.local/lib/python3.7/site-packages/airflow/example_dags/tutorial_taskflow_api.py
[2022-10-08T10:41:55.030+0000] {logging_mixin.py:117} INFO - [2022-10-08T10:41:55.030+0000] {dag.py:2573} INFO - Sync 1 DAGs
[2022-10-08T10:41:55.055+0000] {logging_mixin.py:117} INFO - [2022-10-08T10:41:55.055+0000] {dag.py:3328} INFO - Setting next_dagrun for tutorial_taskflow_api to None, run_after=None
[2022-10-08T10:41:55.072+0000] {processor.py:178} INFO - Processing /home/airflow/.local/lib/python3.7/site-packages/airflow/example_dags/tutorial_taskflow_api.py took 0.104 seconds
[2022-10-08T10:42:25.558+0000] {processor.py:156} INFO - Started process (PID=5678) to work on /home/airflow/.local/lib/python3.7/site-packages/airflow/example_dags/tutorial_taskflow_api.py
[2022-10-08T10:42:25.559+0000] {processor.py:758} INFO - Processing file /home/airflow/.local/lib/python3.7/site-packages/airflow/example_dags/tutorial_taskflow_api.py for tasks to queue
[2022-10-08T10:42:25.559+0000] {logging_mixin.py:117} INFO - [2022-10-08T10:42:25.559+0000] {dagbag.py:525} INFO - Filling up the DagBag from /home/airflow/.local/lib/python3.7/site-packages/airflow/example_dags/tutorial_taskflow_api.py
[2022-10-08T10:42:25.581+0000] {processor.py:768} INFO - DAG(s) dict_keys(['tutorial_taskflow_api']) retrieved from /home/airflow/.local/lib/python3.7/site-packages/airflow/example_dags/tutorial_taskflow_api.py
[2022-10-08T10:42:25.617+0000] {logging_mixin.py:117} INFO - [2022-10-08T10:42:25.617+0000] {dag.py:2573} INFO - Sync 1 DAGs
[2022-10-08T10:42:25.640+0000] {logging_mixin.py:117} INFO - [2022-10-08T10:42:25.640+0000] {dag.py:3328} INFO - Setting next_dagrun for tutorial_taskflow_api to None, run_after=None
[2022-10-08T10:42:25.657+0000] {processor.py:178} INFO - Processing /home/airflow/.local/lib/python3.7/site-packages/airflow/example_dags/tutorial_taskflow_api.py took 0.101 seconds
[2022-10-08T10:42:56.200+0000] {processor.py:156} INFO - Started process (PID=5885) to work on /home/airflow/.local/lib/python3.7/site-packages/airflow/example_dags/tutorial_taskflow_api.py
[2022-10-08T10:42:56.201+0000] {processor.py:758} INFO - Processing file /home/airflow/.local/lib/python3.7/site-packages/airflow/example_dags/tutorial_taskflow_api.py for tasks to queue
[2022-10-08T10:42:56.202+0000] {logging_mixin.py:117} INFO - [2022-10-08T10:42:56.202+0000] {dagbag.py:525} INFO - Filling up the DagBag from /home/airflow/.local/lib/python3.7/site-packages/airflow/example_dags/tutorial_taskflow_api.py
[2022-10-08T10:42:56.223+0000] {processor.py:768} INFO - DAG(s) dict_keys(['tutorial_taskflow_api']) retrieved from /home/airflow/.local/lib/python3.7/site-packages/airflow/example_dags/tutorial_taskflow_api.py
[2022-10-08T10:42:56.261+0000] {logging_mixin.py:117} INFO - [2022-10-08T10:42:56.261+0000] {dag.py:2573} INFO - Sync 1 DAGs
[2022-10-08T10:42:56.287+0000] {logging_mixin.py:117} INFO - [2022-10-08T10:42:56.287+0000] {dag.py:3328} INFO - Setting next_dagrun for tutorial_taskflow_api to None, run_after=None
[2022-10-08T10:42:56.304+0000] {processor.py:178} INFO - Processing /home/airflow/.local/lib/python3.7/site-packages/airflow/example_dags/tutorial_taskflow_api.py took 0.106 seconds
[2022-10-08T10:43:27.164+0000] {processor.py:156} INFO - Started process (PID=6083) to work on /home/airflow/.local/lib/python3.7/site-packages/airflow/example_dags/tutorial_taskflow_api.py
[2022-10-08T10:43:27.165+0000] {processor.py:758} INFO - Processing file /home/airflow/.local/lib/python3.7/site-packages/airflow/example_dags/tutorial_taskflow_api.py for tasks to queue
[2022-10-08T10:43:27.165+0000] {logging_mixin.py:117} INFO - [2022-10-08T10:43:27.165+0000] {dagbag.py:525} INFO - Filling up the DagBag from /home/airflow/.local/lib/python3.7/site-packages/airflow/example_dags/tutorial_taskflow_api.py
[2022-10-08T10:43:27.187+0000] {processor.py:768} INFO - DAG(s) dict_keys(['tutorial_taskflow_api']) retrieved from /home/airflow/.local/lib/python3.7/site-packages/airflow/example_dags/tutorial_taskflow_api.py
[2022-10-08T10:43:27.233+0000] {logging_mixin.py:117} INFO - [2022-10-08T10:43:27.232+0000] {dag.py:2573} INFO - Sync 1 DAGs
[2022-10-08T10:43:27.269+0000] {logging_mixin.py:117} INFO - [2022-10-08T10:43:27.269+0000] {dag.py:3328} INFO - Setting next_dagrun for tutorial_taskflow_api to None, run_after=None
[2022-10-08T10:43:27.288+0000] {processor.py:178} INFO - Processing /home/airflow/.local/lib/python3.7/site-packages/airflow/example_dags/tutorial_taskflow_api.py took 0.126 seconds
[2022-10-08T10:43:57.640+0000] {processor.py:156} INFO - Started process (PID=6291) to work on /home/airflow/.local/lib/python3.7/site-packages/airflow/example_dags/tutorial_taskflow_api.py
[2022-10-08T10:43:57.640+0000] {processor.py:758} INFO - Processing file /home/airflow/.local/lib/python3.7/site-packages/airflow/example_dags/tutorial_taskflow_api.py for tasks to queue
[2022-10-08T10:43:57.641+0000] {logging_mixin.py:117} INFO - [2022-10-08T10:43:57.641+0000] {dagbag.py:525} INFO - Filling up the DagBag from /home/airflow/.local/lib/python3.7/site-packages/airflow/example_dags/tutorial_taskflow_api.py
[2022-10-08T10:43:57.663+0000] {processor.py:768} INFO - DAG(s) dict_keys(['tutorial_taskflow_api']) retrieved from /home/airflow/.local/lib/python3.7/site-packages/airflow/example_dags/tutorial_taskflow_api.py
[2022-10-08T10:43:57.699+0000] {logging_mixin.py:117} INFO - [2022-10-08T10:43:57.699+0000] {dag.py:2573} INFO - Sync 1 DAGs
[2022-10-08T10:43:57.724+0000] {logging_mixin.py:117} INFO - [2022-10-08T10:43:57.724+0000] {dag.py:3328} INFO - Setting next_dagrun for tutorial_taskflow_api to None, run_after=None
[2022-10-08T10:43:57.741+0000] {processor.py:178} INFO - Processing /home/airflow/.local/lib/python3.7/site-packages/airflow/example_dags/tutorial_taskflow_api.py took 0.104 seconds
[2022-10-08T10:44:28.043+0000] {processor.py:156} INFO - Started process (PID=6498) to work on /home/airflow/.local/lib/python3.7/site-packages/airflow/example_dags/tutorial_taskflow_api.py
[2022-10-08T10:44:28.044+0000] {processor.py:758} INFO - Processing file /home/airflow/.local/lib/python3.7/site-packages/airflow/example_dags/tutorial_taskflow_api.py for tasks to queue
[2022-10-08T10:44:28.045+0000] {logging_mixin.py:117} INFO - [2022-10-08T10:44:28.044+0000] {dagbag.py:525} INFO - Filling up the DagBag from /home/airflow/.local/lib/python3.7/site-packages/airflow/example_dags/tutorial_taskflow_api.py
[2022-10-08T10:44:28.066+0000] {processor.py:768} INFO - DAG(s) dict_keys(['tutorial_taskflow_api']) retrieved from /home/airflow/.local/lib/python3.7/site-packages/airflow/example_dags/tutorial_taskflow_api.py
[2022-10-08T10:44:28.103+0000] {logging_mixin.py:117} INFO - [2022-10-08T10:44:28.103+0000] {dag.py:2573} INFO - Sync 1 DAGs
[2022-10-08T10:44:28.136+0000] {logging_mixin.py:117} INFO - [2022-10-08T10:44:28.136+0000] {dag.py:3328} INFO - Setting next_dagrun for tutorial_taskflow_api to None, run_after=None
[2022-10-08T10:44:28.155+0000] {processor.py:178} INFO - Processing /home/airflow/.local/lib/python3.7/site-packages/airflow/example_dags/tutorial_taskflow_api.py took 0.115 seconds
[2022-10-08T10:44:58.670+0000] {processor.py:156} INFO - Started process (PID=6696) to work on /home/airflow/.local/lib/python3.7/site-packages/airflow/example_dags/tutorial_taskflow_api.py
[2022-10-08T10:44:58.671+0000] {processor.py:758} INFO - Processing file /home/airflow/.local/lib/python3.7/site-packages/airflow/example_dags/tutorial_taskflow_api.py for tasks to queue
[2022-10-08T10:44:58.671+0000] {logging_mixin.py:117} INFO - [2022-10-08T10:44:58.671+0000] {dagbag.py:525} INFO - Filling up the DagBag from /home/airflow/.local/lib/python3.7/site-packages/airflow/example_dags/tutorial_taskflow_api.py
[2022-10-08T10:44:58.694+0000] {processor.py:768} INFO - DAG(s) dict_keys(['tutorial_taskflow_api']) retrieved from /home/airflow/.local/lib/python3.7/site-packages/airflow/example_dags/tutorial_taskflow_api.py
[2022-10-08T10:44:58.729+0000] {logging_mixin.py:117} INFO - [2022-10-08T10:44:58.729+0000] {dag.py:2573} INFO - Sync 1 DAGs
[2022-10-08T10:44:58.753+0000] {logging_mixin.py:117} INFO - [2022-10-08T10:44:58.753+0000] {dag.py:3328} INFO - Setting next_dagrun for tutorial_taskflow_api to None, run_after=None
[2022-10-08T10:44:58.769+0000] {processor.py:178} INFO - Processing /home/airflow/.local/lib/python3.7/site-packages/airflow/example_dags/tutorial_taskflow_api.py took 0.102 seconds
[2022-10-08T10:45:29.263+0000] {processor.py:156} INFO - Started process (PID=6903) to work on /home/airflow/.local/lib/python3.7/site-packages/airflow/example_dags/tutorial_taskflow_api.py
[2022-10-08T10:45:29.264+0000] {processor.py:758} INFO - Processing file /home/airflow/.local/lib/python3.7/site-packages/airflow/example_dags/tutorial_taskflow_api.py for tasks to queue
[2022-10-08T10:45:29.264+0000] {logging_mixin.py:117} INFO - [2022-10-08T10:45:29.264+0000] {dagbag.py:525} INFO - Filling up the DagBag from /home/airflow/.local/lib/python3.7/site-packages/airflow/example_dags/tutorial_taskflow_api.py
[2022-10-08T10:45:29.286+0000] {processor.py:768} INFO - DAG(s) dict_keys(['tutorial_taskflow_api']) retrieved from /home/airflow/.local/lib/python3.7/site-packages/airflow/example_dags/tutorial_taskflow_api.py
[2022-10-08T10:45:29.322+0000] {logging_mixin.py:117} INFO - [2022-10-08T10:45:29.322+0000] {dag.py:2573} INFO - Sync 1 DAGs
[2022-10-08T10:45:29.346+0000] {logging_mixin.py:117} INFO - [2022-10-08T10:45:29.346+0000] {dag.py:3328} INFO - Setting next_dagrun for tutorial_taskflow_api to None, run_after=None
[2022-10-08T10:45:29.366+0000] {processor.py:178} INFO - Processing /home/airflow/.local/lib/python3.7/site-packages/airflow/example_dags/tutorial_taskflow_api.py took 0.105 seconds
[2022-10-08T10:45:59.789+0000] {processor.py:156} INFO - Started process (PID=7110) to work on /home/airflow/.local/lib/python3.7/site-packages/airflow/example_dags/tutorial_taskflow_api.py
[2022-10-08T10:45:59.790+0000] {processor.py:758} INFO - Processing file /home/airflow/.local/lib/python3.7/site-packages/airflow/example_dags/tutorial_taskflow_api.py for tasks to queue
[2022-10-08T10:45:59.791+0000] {logging_mixin.py:117} INFO - [2022-10-08T10:45:59.791+0000] {dagbag.py:525} INFO - Filling up the DagBag from /home/airflow/.local/lib/python3.7/site-packages/airflow/example_dags/tutorial_taskflow_api.py
[2022-10-08T10:45:59.813+0000] {processor.py:768} INFO - DAG(s) dict_keys(['tutorial_taskflow_api']) retrieved from /home/airflow/.local/lib/python3.7/site-packages/airflow/example_dags/tutorial_taskflow_api.py
[2022-10-08T10:45:59.848+0000] {logging_mixin.py:117} INFO - [2022-10-08T10:45:59.848+0000] {dag.py:2573} INFO - Sync 1 DAGs
[2022-10-08T10:45:59.875+0000] {logging_mixin.py:117} INFO - [2022-10-08T10:45:59.875+0000] {dag.py:3328} INFO - Setting next_dagrun for tutorial_taskflow_api to None, run_after=None
[2022-10-08T10:45:59.892+0000] {processor.py:178} INFO - Processing /home/airflow/.local/lib/python3.7/site-packages/airflow/example_dags/tutorial_taskflow_api.py took 0.105 seconds
[2022-10-08T10:46:30.363+0000] {processor.py:156} INFO - Started process (PID=7308) to work on /home/airflow/.local/lib/python3.7/site-packages/airflow/example_dags/tutorial_taskflow_api.py
[2022-10-08T10:46:30.364+0000] {processor.py:758} INFO - Processing file /home/airflow/.local/lib/python3.7/site-packages/airflow/example_dags/tutorial_taskflow_api.py for tasks to queue
[2022-10-08T10:46:30.364+0000] {logging_mixin.py:117} INFO - [2022-10-08T10:46:30.364+0000] {dagbag.py:525} INFO - Filling up the DagBag from /home/airflow/.local/lib/python3.7/site-packages/airflow/example_dags/tutorial_taskflow_api.py
[2022-10-08T10:46:30.385+0000] {processor.py:768} INFO - DAG(s) dict_keys(['tutorial_taskflow_api']) retrieved from /home/airflow/.local/lib/python3.7/site-packages/airflow/example_dags/tutorial_taskflow_api.py
[2022-10-08T10:46:30.422+0000] {logging_mixin.py:117} INFO - [2022-10-08T10:46:30.422+0000] {dag.py:2573} INFO - Sync 1 DAGs
[2022-10-08T10:46:30.446+0000] {logging_mixin.py:117} INFO - [2022-10-08T10:46:30.446+0000] {dag.py:3328} INFO - Setting next_dagrun for tutorial_taskflow_api to None, run_after=None
[2022-10-08T10:46:30.464+0000] {processor.py:178} INFO - Processing /home/airflow/.local/lib/python3.7/site-packages/airflow/example_dags/tutorial_taskflow_api.py took 0.103 seconds
[2022-10-08T10:47:00.810+0000] {processor.py:156} INFO - Started process (PID=7515) to work on /home/airflow/.local/lib/python3.7/site-packages/airflow/example_dags/tutorial_taskflow_api.py
[2022-10-08T10:47:00.811+0000] {processor.py:758} INFO - Processing file /home/airflow/.local/lib/python3.7/site-packages/airflow/example_dags/tutorial_taskflow_api.py for tasks to queue
[2022-10-08T10:47:00.812+0000] {logging_mixin.py:117} INFO - [2022-10-08T10:47:00.811+0000] {dagbag.py:525} INFO - Filling up the DagBag from /home/airflow/.local/lib/python3.7/site-packages/airflow/example_dags/tutorial_taskflow_api.py
[2022-10-08T10:47:00.833+0000] {processor.py:768} INFO - DAG(s) dict_keys(['tutorial_taskflow_api']) retrieved from /home/airflow/.local/lib/python3.7/site-packages/airflow/example_dags/tutorial_taskflow_api.py
[2022-10-08T10:47:00.868+0000] {logging_mixin.py:117} INFO - [2022-10-08T10:47:00.868+0000] {dag.py:2573} INFO - Sync 1 DAGs
[2022-10-08T10:47:00.892+0000] {logging_mixin.py:117} INFO - [2022-10-08T10:47:00.892+0000] {dag.py:3328} INFO - Setting next_dagrun for tutorial_taskflow_api to None, run_after=None
[2022-10-08T10:47:00.908+0000] {processor.py:178} INFO - Processing /home/airflow/.local/lib/python3.7/site-packages/airflow/example_dags/tutorial_taskflow_api.py took 0.100 seconds
[2022-10-08T10:47:31.495+0000] {processor.py:156} INFO - Started process (PID=7722) to work on /home/airflow/.local/lib/python3.7/site-packages/airflow/example_dags/tutorial_taskflow_api.py
[2022-10-08T10:47:31.495+0000] {processor.py:758} INFO - Processing file /home/airflow/.local/lib/python3.7/site-packages/airflow/example_dags/tutorial_taskflow_api.py for tasks to queue
[2022-10-08T10:47:31.496+0000] {logging_mixin.py:117} INFO - [2022-10-08T10:47:31.496+0000] {dagbag.py:525} INFO - Filling up the DagBag from /home/airflow/.local/lib/python3.7/site-packages/airflow/example_dags/tutorial_taskflow_api.py
[2022-10-08T10:47:31.518+0000] {processor.py:768} INFO - DAG(s) dict_keys(['tutorial_taskflow_api']) retrieved from /home/airflow/.local/lib/python3.7/site-packages/airflow/example_dags/tutorial_taskflow_api.py
[2022-10-08T10:47:31.553+0000] {logging_mixin.py:117} INFO - [2022-10-08T10:47:31.553+0000] {dag.py:2573} INFO - Sync 1 DAGs
[2022-10-08T10:47:31.577+0000] {logging_mixin.py:117} INFO - [2022-10-08T10:47:31.577+0000] {dag.py:3328} INFO - Setting next_dagrun for tutorial_taskflow_api to None, run_after=None
[2022-10-08T10:47:31.595+0000] {processor.py:178} INFO - Processing /home/airflow/.local/lib/python3.7/site-packages/airflow/example_dags/tutorial_taskflow_api.py took 0.103 seconds
[2022-10-08T10:48:02.060+0000] {processor.py:156} INFO - Started process (PID=7920) to work on /home/airflow/.local/lib/python3.7/site-packages/airflow/example_dags/tutorial_taskflow_api.py
[2022-10-08T10:48:02.061+0000] {processor.py:758} INFO - Processing file /home/airflow/.local/lib/python3.7/site-packages/airflow/example_dags/tutorial_taskflow_api.py for tasks to queue
[2022-10-08T10:48:02.061+0000] {logging_mixin.py:117} INFO - [2022-10-08T10:48:02.061+0000] {dagbag.py:525} INFO - Filling up the DagBag from /home/airflow/.local/lib/python3.7/site-packages/airflow/example_dags/tutorial_taskflow_api.py
[2022-10-08T10:48:02.083+0000] {processor.py:768} INFO - DAG(s) dict_keys(['tutorial_taskflow_api']) retrieved from /home/airflow/.local/lib/python3.7/site-packages/airflow/example_dags/tutorial_taskflow_api.py
[2022-10-08T10:48:02.119+0000] {logging_mixin.py:117} INFO - [2022-10-08T10:48:02.119+0000] {dag.py:2573} INFO - Sync 1 DAGs
[2022-10-08T10:48:02.146+0000] {logging_mixin.py:117} INFO - [2022-10-08T10:48:02.146+0000] {dag.py:3328} INFO - Setting next_dagrun for tutorial_taskflow_api to None, run_after=None
[2022-10-08T10:48:02.164+0000] {processor.py:178} INFO - Processing /home/airflow/.local/lib/python3.7/site-packages/airflow/example_dags/tutorial_taskflow_api.py took 0.107 seconds
[2022-10-08T10:48:32.713+0000] {processor.py:156} INFO - Started process (PID=8127) to work on /home/airflow/.local/lib/python3.7/site-packages/airflow/example_dags/tutorial_taskflow_api.py
[2022-10-08T10:48:32.714+0000] {processor.py:758} INFO - Processing file /home/airflow/.local/lib/python3.7/site-packages/airflow/example_dags/tutorial_taskflow_api.py for tasks to queue
[2022-10-08T10:48:32.715+0000] {logging_mixin.py:117} INFO - [2022-10-08T10:48:32.714+0000] {dagbag.py:525} INFO - Filling up the DagBag from /home/airflow/.local/lib/python3.7/site-packages/airflow/example_dags/tutorial_taskflow_api.py
[2022-10-08T10:48:32.735+0000] {processor.py:768} INFO - DAG(s) dict_keys(['tutorial_taskflow_api']) retrieved from /home/airflow/.local/lib/python3.7/site-packages/airflow/example_dags/tutorial_taskflow_api.py
[2022-10-08T10:48:32.771+0000] {logging_mixin.py:117} INFO - [2022-10-08T10:48:32.771+0000] {dag.py:2573} INFO - Sync 1 DAGs
[2022-10-08T10:48:32.796+0000] {logging_mixin.py:117} INFO - [2022-10-08T10:48:32.796+0000] {dag.py:3328} INFO - Setting next_dagrun for tutorial_taskflow_api to None, run_after=None
[2022-10-08T10:48:32.812+0000] {processor.py:178} INFO - Processing /home/airflow/.local/lib/python3.7/site-packages/airflow/example_dags/tutorial_taskflow_api.py took 0.101 seconds
[2022-10-08T10:49:03.478+0000] {processor.py:156} INFO - Started process (PID=8339) to work on /home/airflow/.local/lib/python3.7/site-packages/airflow/example_dags/tutorial_taskflow_api.py
[2022-10-08T10:49:03.479+0000] {processor.py:758} INFO - Processing file /home/airflow/.local/lib/python3.7/site-packages/airflow/example_dags/tutorial_taskflow_api.py for tasks to queue
[2022-10-08T10:49:03.480+0000] {logging_mixin.py:117} INFO - [2022-10-08T10:49:03.480+0000] {dagbag.py:525} INFO - Filling up the DagBag from /home/airflow/.local/lib/python3.7/site-packages/airflow/example_dags/tutorial_taskflow_api.py
[2022-10-08T10:49:03.501+0000] {processor.py:768} INFO - DAG(s) dict_keys(['tutorial_taskflow_api']) retrieved from /home/airflow/.local/lib/python3.7/site-packages/airflow/example_dags/tutorial_taskflow_api.py
[2022-10-08T10:49:03.537+0000] {logging_mixin.py:117} INFO - [2022-10-08T10:49:03.537+0000] {dag.py:2573} INFO - Sync 1 DAGs
[2022-10-08T10:49:03.561+0000] {logging_mixin.py:117} INFO - [2022-10-08T10:49:03.561+0000] {dag.py:3328} INFO - Setting next_dagrun for tutorial_taskflow_api to None, run_after=None
[2022-10-08T10:49:03.577+0000] {processor.py:178} INFO - Processing /home/airflow/.local/lib/python3.7/site-packages/airflow/example_dags/tutorial_taskflow_api.py took 0.101 seconds
[2022-10-08T10:49:34.365+0000] {processor.py:156} INFO - Started process (PID=8571) to work on /home/airflow/.local/lib/python3.7/site-packages/airflow/example_dags/tutorial_taskflow_api.py
[2022-10-08T10:49:34.366+0000] {processor.py:758} INFO - Processing file /home/airflow/.local/lib/python3.7/site-packages/airflow/example_dags/tutorial_taskflow_api.py for tasks to queue
[2022-10-08T10:49:34.367+0000] {logging_mixin.py:117} INFO - [2022-10-08T10:49:34.367+0000] {dagbag.py:525} INFO - Filling up the DagBag from /home/airflow/.local/lib/python3.7/site-packages/airflow/example_dags/tutorial_taskflow_api.py
[2022-10-08T10:49:34.388+0000] {processor.py:768} INFO - DAG(s) dict_keys(['tutorial_taskflow_api']) retrieved from /home/airflow/.local/lib/python3.7/site-packages/airflow/example_dags/tutorial_taskflow_api.py
[2022-10-08T10:49:34.426+0000] {logging_mixin.py:117} INFO - [2022-10-08T10:49:34.426+0000] {dag.py:2573} INFO - Sync 1 DAGs
[2022-10-08T10:49:34.451+0000] {logging_mixin.py:117} INFO - [2022-10-08T10:49:34.451+0000] {dag.py:3328} INFO - Setting next_dagrun for tutorial_taskflow_api to None, run_after=None
[2022-10-08T10:49:34.469+0000] {processor.py:178} INFO - Processing /home/airflow/.local/lib/python3.7/site-packages/airflow/example_dags/tutorial_taskflow_api.py took 0.106 seconds
[2022-10-08T10:50:05.067+0000] {processor.py:156} INFO - Started process (PID=8792) to work on /home/airflow/.local/lib/python3.7/site-packages/airflow/example_dags/tutorial_taskflow_api.py
[2022-10-08T10:50:05.068+0000] {processor.py:758} INFO - Processing file /home/airflow/.local/lib/python3.7/site-packages/airflow/example_dags/tutorial_taskflow_api.py for tasks to queue
[2022-10-08T10:50:05.069+0000] {logging_mixin.py:117} INFO - [2022-10-08T10:50:05.069+0000] {dagbag.py:525} INFO - Filling up the DagBag from /home/airflow/.local/lib/python3.7/site-packages/airflow/example_dags/tutorial_taskflow_api.py
[2022-10-08T10:50:05.090+0000] {processor.py:768} INFO - DAG(s) dict_keys(['tutorial_taskflow_api']) retrieved from /home/airflow/.local/lib/python3.7/site-packages/airflow/example_dags/tutorial_taskflow_api.py
[2022-10-08T10:50:05.124+0000] {logging_mixin.py:117} INFO - [2022-10-08T10:50:05.124+0000] {dag.py:2573} INFO - Sync 1 DAGs
[2022-10-08T10:50:05.149+0000] {logging_mixin.py:117} INFO - [2022-10-08T10:50:05.149+0000] {dag.py:3328} INFO - Setting next_dagrun for tutorial_taskflow_api to None, run_after=None
[2022-10-08T10:50:05.173+0000] {processor.py:178} INFO - Processing /home/airflow/.local/lib/python3.7/site-packages/airflow/example_dags/tutorial_taskflow_api.py took 0.108 seconds
[2022-10-08T10:50:35.750+0000] {processor.py:156} INFO - Started process (PID=9004) to work on /home/airflow/.local/lib/python3.7/site-packages/airflow/example_dags/tutorial_taskflow_api.py
[2022-10-08T10:50:35.750+0000] {processor.py:758} INFO - Processing file /home/airflow/.local/lib/python3.7/site-packages/airflow/example_dags/tutorial_taskflow_api.py for tasks to queue
[2022-10-08T10:50:35.751+0000] {logging_mixin.py:117} INFO - [2022-10-08T10:50:35.751+0000] {dagbag.py:525} INFO - Filling up the DagBag from /home/airflow/.local/lib/python3.7/site-packages/airflow/example_dags/tutorial_taskflow_api.py
[2022-10-08T10:50:35.772+0000] {processor.py:768} INFO - DAG(s) dict_keys(['tutorial_taskflow_api']) retrieved from /home/airflow/.local/lib/python3.7/site-packages/airflow/example_dags/tutorial_taskflow_api.py
[2022-10-08T10:50:35.808+0000] {logging_mixin.py:117} INFO - [2022-10-08T10:50:35.808+0000] {dag.py:2573} INFO - Sync 1 DAGs
[2022-10-08T10:50:35.832+0000] {logging_mixin.py:117} INFO - [2022-10-08T10:50:35.832+0000] {dag.py:3328} INFO - Setting next_dagrun for tutorial_taskflow_api to None, run_after=None
[2022-10-08T10:50:35.848+0000] {processor.py:178} INFO - Processing /home/airflow/.local/lib/python3.7/site-packages/airflow/example_dags/tutorial_taskflow_api.py took 0.100 seconds
[2022-10-08T10:51:06.548+0000] {processor.py:156} INFO - Started process (PID=9223) to work on /home/airflow/.local/lib/python3.7/site-packages/airflow/example_dags/tutorial_taskflow_api.py
[2022-10-08T10:51:06.549+0000] {processor.py:758} INFO - Processing file /home/airflow/.local/lib/python3.7/site-packages/airflow/example_dags/tutorial_taskflow_api.py for tasks to queue
[2022-10-08T10:51:06.550+0000] {logging_mixin.py:117} INFO - [2022-10-08T10:51:06.549+0000] {dagbag.py:525} INFO - Filling up the DagBag from /home/airflow/.local/lib/python3.7/site-packages/airflow/example_dags/tutorial_taskflow_api.py
[2022-10-08T10:51:06.571+0000] {processor.py:768} INFO - DAG(s) dict_keys(['tutorial_taskflow_api']) retrieved from /home/airflow/.local/lib/python3.7/site-packages/airflow/example_dags/tutorial_taskflow_api.py
[2022-10-08T10:51:06.607+0000] {logging_mixin.py:117} INFO - [2022-10-08T10:51:06.607+0000] {dag.py:2573} INFO - Sync 1 DAGs
[2022-10-08T10:51:06.631+0000] {logging_mixin.py:117} INFO - [2022-10-08T10:51:06.631+0000] {dag.py:3328} INFO - Setting next_dagrun for tutorial_taskflow_api to None, run_after=None
[2022-10-08T10:51:06.648+0000] {processor.py:178} INFO - Processing /home/airflow/.local/lib/python3.7/site-packages/airflow/example_dags/tutorial_taskflow_api.py took 0.102 seconds
[2022-10-08T10:51:37.068+0000] {processor.py:156} INFO - Started process (PID=9426) to work on /home/airflow/.local/lib/python3.7/site-packages/airflow/example_dags/tutorial_taskflow_api.py
[2022-10-08T10:51:37.069+0000] {processor.py:758} INFO - Processing file /home/airflow/.local/lib/python3.7/site-packages/airflow/example_dags/tutorial_taskflow_api.py for tasks to queue
[2022-10-08T10:51:37.070+0000] {logging_mixin.py:117} INFO - [2022-10-08T10:51:37.070+0000] {dagbag.py:525} INFO - Filling up the DagBag from /home/airflow/.local/lib/python3.7/site-packages/airflow/example_dags/tutorial_taskflow_api.py
[2022-10-08T10:51:37.090+0000] {processor.py:768} INFO - DAG(s) dict_keys(['tutorial_taskflow_api']) retrieved from /home/airflow/.local/lib/python3.7/site-packages/airflow/example_dags/tutorial_taskflow_api.py
[2022-10-08T10:51:37.124+0000] {logging_mixin.py:117} INFO - [2022-10-08T10:51:37.124+0000] {dag.py:2573} INFO - Sync 1 DAGs
[2022-10-08T10:51:37.163+0000] {logging_mixin.py:117} INFO - [2022-10-08T10:51:37.163+0000] {dag.py:3328} INFO - Setting next_dagrun for tutorial_taskflow_api to None, run_after=None
[2022-10-08T10:51:37.181+0000] {processor.py:178} INFO - Processing /home/airflow/.local/lib/python3.7/site-packages/airflow/example_dags/tutorial_taskflow_api.py took 0.116 seconds
[2022-10-08T10:52:08.129+0000] {processor.py:156} INFO - Started process (PID=9666) to work on /home/airflow/.local/lib/python3.7/site-packages/airflow/example_dags/tutorial_taskflow_api.py
[2022-10-08T10:52:08.130+0000] {processor.py:758} INFO - Processing file /home/airflow/.local/lib/python3.7/site-packages/airflow/example_dags/tutorial_taskflow_api.py for tasks to queue
[2022-10-08T10:52:08.130+0000] {logging_mixin.py:117} INFO - [2022-10-08T10:52:08.130+0000] {dagbag.py:525} INFO - Filling up the DagBag from /home/airflow/.local/lib/python3.7/site-packages/airflow/example_dags/tutorial_taskflow_api.py
[2022-10-08T10:52:08.150+0000] {processor.py:768} INFO - DAG(s) dict_keys(['tutorial_taskflow_api']) retrieved from /home/airflow/.local/lib/python3.7/site-packages/airflow/example_dags/tutorial_taskflow_api.py
[2022-10-08T10:52:08.184+0000] {logging_mixin.py:117} INFO - [2022-10-08T10:52:08.184+0000] {dag.py:2573} INFO - Sync 1 DAGs
[2022-10-08T10:52:08.209+0000] {logging_mixin.py:117} INFO - [2022-10-08T10:52:08.209+0000] {dag.py:3328} INFO - Setting next_dagrun for tutorial_taskflow_api to None, run_after=None
[2022-10-08T10:52:08.225+0000] {processor.py:178} INFO - Processing /home/airflow/.local/lib/python3.7/site-packages/airflow/example_dags/tutorial_taskflow_api.py took 0.098 seconds
[2022-10-08T10:52:38.966+0000] {processor.py:156} INFO - Started process (PID=9905) to work on /home/airflow/.local/lib/python3.7/site-packages/airflow/example_dags/tutorial_taskflow_api.py
[2022-10-08T10:52:38.967+0000] {processor.py:758} INFO - Processing file /home/airflow/.local/lib/python3.7/site-packages/airflow/example_dags/tutorial_taskflow_api.py for tasks to queue
[2022-10-08T10:52:38.967+0000] {logging_mixin.py:117} INFO - [2022-10-08T10:52:38.967+0000] {dagbag.py:525} INFO - Filling up the DagBag from /home/airflow/.local/lib/python3.7/site-packages/airflow/example_dags/tutorial_taskflow_api.py
[2022-10-08T10:52:38.989+0000] {processor.py:768} INFO - DAG(s) dict_keys(['tutorial_taskflow_api']) retrieved from /home/airflow/.local/lib/python3.7/site-packages/airflow/example_dags/tutorial_taskflow_api.py
[2022-10-08T10:52:39.025+0000] {logging_mixin.py:117} INFO - [2022-10-08T10:52:39.025+0000] {dag.py:2573} INFO - Sync 1 DAGs
[2022-10-08T10:52:39.050+0000] {logging_mixin.py:117} INFO - [2022-10-08T10:52:39.050+0000] {dag.py:3328} INFO - Setting next_dagrun for tutorial_taskflow_api to None, run_after=None
[2022-10-08T10:52:39.068+0000] {processor.py:178} INFO - Processing /home/airflow/.local/lib/python3.7/site-packages/airflow/example_dags/tutorial_taskflow_api.py took 0.104 seconds
[2022-10-08T10:53:09.518+0000] {processor.py:156} INFO - Started process (PID=10132) to work on /home/airflow/.local/lib/python3.7/site-packages/airflow/example_dags/tutorial_taskflow_api.py
[2022-10-08T10:53:09.519+0000] {processor.py:758} INFO - Processing file /home/airflow/.local/lib/python3.7/site-packages/airflow/example_dags/tutorial_taskflow_api.py for tasks to queue
[2022-10-08T10:53:09.519+0000] {logging_mixin.py:117} INFO - [2022-10-08T10:53:09.519+0000] {dagbag.py:525} INFO - Filling up the DagBag from /home/airflow/.local/lib/python3.7/site-packages/airflow/example_dags/tutorial_taskflow_api.py
[2022-10-08T10:53:09.575+0000] {processor.py:768} INFO - DAG(s) dict_keys(['tutorial_taskflow_api']) retrieved from /home/airflow/.local/lib/python3.7/site-packages/airflow/example_dags/tutorial_taskflow_api.py
[2022-10-08T10:53:09.666+0000] {logging_mixin.py:117} INFO - [2022-10-08T10:53:09.666+0000] {dag.py:2573} INFO - Sync 1 DAGs
[2022-10-08T10:53:09.693+0000] {logging_mixin.py:117} INFO - [2022-10-08T10:53:09.692+0000] {dag.py:3328} INFO - Setting next_dagrun for tutorial_taskflow_api to None, run_after=None
[2022-10-08T10:53:09.764+0000] {processor.py:178} INFO - Processing /home/airflow/.local/lib/python3.7/site-packages/airflow/example_dags/tutorial_taskflow_api.py took 0.248 seconds
[2022-10-08T10:53:40.325+0000] {processor.py:156} INFO - Started process (PID=10355) to work on /home/airflow/.local/lib/python3.7/site-packages/airflow/example_dags/tutorial_taskflow_api.py
[2022-10-08T10:53:40.325+0000] {processor.py:758} INFO - Processing file /home/airflow/.local/lib/python3.7/site-packages/airflow/example_dags/tutorial_taskflow_api.py for tasks to queue
[2022-10-08T10:53:40.326+0000] {logging_mixin.py:117} INFO - [2022-10-08T10:53:40.326+0000] {dagbag.py:525} INFO - Filling up the DagBag from /home/airflow/.local/lib/python3.7/site-packages/airflow/example_dags/tutorial_taskflow_api.py
[2022-10-08T10:53:40.349+0000] {processor.py:768} INFO - DAG(s) dict_keys(['tutorial_taskflow_api']) retrieved from /home/airflow/.local/lib/python3.7/site-packages/airflow/example_dags/tutorial_taskflow_api.py
[2022-10-08T10:53:40.388+0000] {logging_mixin.py:117} INFO - [2022-10-08T10:53:40.388+0000] {dag.py:2573} INFO - Sync 1 DAGs
[2022-10-08T10:53:40.414+0000] {logging_mixin.py:117} INFO - [2022-10-08T10:53:40.414+0000] {dag.py:3328} INFO - Setting next_dagrun for tutorial_taskflow_api to None, run_after=None
[2022-10-08T10:53:40.431+0000] {processor.py:178} INFO - Processing /home/airflow/.local/lib/python3.7/site-packages/airflow/example_dags/tutorial_taskflow_api.py took 0.109 seconds
[2022-10-08T10:54:10.855+0000] {processor.py:156} INFO - Started process (PID=10567) to work on /home/airflow/.local/lib/python3.7/site-packages/airflow/example_dags/tutorial_taskflow_api.py
[2022-10-08T10:54:10.856+0000] {processor.py:758} INFO - Processing file /home/airflow/.local/lib/python3.7/site-packages/airflow/example_dags/tutorial_taskflow_api.py for tasks to queue
[2022-10-08T10:54:10.857+0000] {logging_mixin.py:117} INFO - [2022-10-08T10:54:10.856+0000] {dagbag.py:525} INFO - Filling up the DagBag from /home/airflow/.local/lib/python3.7/site-packages/airflow/example_dags/tutorial_taskflow_api.py
[2022-10-08T10:54:10.879+0000] {processor.py:768} INFO - DAG(s) dict_keys(['tutorial_taskflow_api']) retrieved from /home/airflow/.local/lib/python3.7/site-packages/airflow/example_dags/tutorial_taskflow_api.py
[2022-10-08T10:54:10.915+0000] {logging_mixin.py:117} INFO - [2022-10-08T10:54:10.915+0000] {dag.py:2573} INFO - Sync 1 DAGs
[2022-10-08T10:54:10.939+0000] {logging_mixin.py:117} INFO - [2022-10-08T10:54:10.939+0000] {dag.py:3328} INFO - Setting next_dagrun for tutorial_taskflow_api to None, run_after=None
[2022-10-08T10:54:10.965+0000] {processor.py:178} INFO - Processing /home/airflow/.local/lib/python3.7/site-packages/airflow/example_dags/tutorial_taskflow_api.py took 0.112 seconds
[2022-10-08T10:54:41.395+0000] {processor.py:156} INFO - Started process (PID=10787) to work on /home/airflow/.local/lib/python3.7/site-packages/airflow/example_dags/tutorial_taskflow_api.py
[2022-10-08T10:54:41.396+0000] {processor.py:758} INFO - Processing file /home/airflow/.local/lib/python3.7/site-packages/airflow/example_dags/tutorial_taskflow_api.py for tasks to queue
[2022-10-08T10:54:41.397+0000] {logging_mixin.py:117} INFO - [2022-10-08T10:54:41.397+0000] {dagbag.py:525} INFO - Filling up the DagBag from /home/airflow/.local/lib/python3.7/site-packages/airflow/example_dags/tutorial_taskflow_api.py
[2022-10-08T10:54:41.471+0000] {processor.py:768} INFO - DAG(s) dict_keys(['tutorial_taskflow_api']) retrieved from /home/airflow/.local/lib/python3.7/site-packages/airflow/example_dags/tutorial_taskflow_api.py
[2022-10-08T10:54:41.509+0000] {logging_mixin.py:117} INFO - [2022-10-08T10:54:41.508+0000] {dag.py:2573} INFO - Sync 1 DAGs
[2022-10-08T10:54:41.583+0000] {logging_mixin.py:117} INFO - [2022-10-08T10:54:41.583+0000] {dag.py:3328} INFO - Setting next_dagrun for tutorial_taskflow_api to None, run_after=None
[2022-10-08T10:54:41.600+0000] {processor.py:178} INFO - Processing /home/airflow/.local/lib/python3.7/site-packages/airflow/example_dags/tutorial_taskflow_api.py took 0.207 seconds
[2022-10-08T10:55:11.656+0000] {processor.py:156} INFO - Started process (PID=10997) to work on /home/airflow/.local/lib/python3.7/site-packages/airflow/example_dags/tutorial_taskflow_api.py
[2022-10-08T10:55:11.656+0000] {processor.py:758} INFO - Processing file /home/airflow/.local/lib/python3.7/site-packages/airflow/example_dags/tutorial_taskflow_api.py for tasks to queue
[2022-10-08T10:55:11.657+0000] {logging_mixin.py:117} INFO - [2022-10-08T10:55:11.657+0000] {dagbag.py:525} INFO - Filling up the DagBag from /home/airflow/.local/lib/python3.7/site-packages/airflow/example_dags/tutorial_taskflow_api.py
[2022-10-08T10:55:11.678+0000] {processor.py:768} INFO - DAG(s) dict_keys(['tutorial_taskflow_api']) retrieved from /home/airflow/.local/lib/python3.7/site-packages/airflow/example_dags/tutorial_taskflow_api.py
[2022-10-08T10:55:11.713+0000] {logging_mixin.py:117} INFO - [2022-10-08T10:55:11.713+0000] {dag.py:2573} INFO - Sync 1 DAGs
[2022-10-08T10:55:11.738+0000] {logging_mixin.py:117} INFO - [2022-10-08T10:55:11.738+0000] {dag.py:3328} INFO - Setting next_dagrun for tutorial_taskflow_api to None, run_after=None
[2022-10-08T10:55:11.756+0000] {processor.py:178} INFO - Processing /home/airflow/.local/lib/python3.7/site-packages/airflow/example_dags/tutorial_taskflow_api.py took 0.102 seconds
[2022-10-08T10:55:42.473+0000] {processor.py:156} INFO - Started process (PID=11207) to work on /home/airflow/.local/lib/python3.7/site-packages/airflow/example_dags/tutorial_taskflow_api.py
[2022-10-08T10:55:42.474+0000] {processor.py:758} INFO - Processing file /home/airflow/.local/lib/python3.7/site-packages/airflow/example_dags/tutorial_taskflow_api.py for tasks to queue
[2022-10-08T10:55:42.474+0000] {logging_mixin.py:117} INFO - [2022-10-08T10:55:42.474+0000] {dagbag.py:525} INFO - Filling up the DagBag from /home/airflow/.local/lib/python3.7/site-packages/airflow/example_dags/tutorial_taskflow_api.py
[2022-10-08T10:55:42.495+0000] {processor.py:768} INFO - DAG(s) dict_keys(['tutorial_taskflow_api']) retrieved from /home/airflow/.local/lib/python3.7/site-packages/airflow/example_dags/tutorial_taskflow_api.py
[2022-10-08T10:55:42.530+0000] {logging_mixin.py:117} INFO - [2022-10-08T10:55:42.530+0000] {dag.py:2573} INFO - Sync 1 DAGs
[2022-10-08T10:55:42.566+0000] {logging_mixin.py:117} INFO - [2022-10-08T10:55:42.565+0000] {dag.py:3328} INFO - Setting next_dagrun for tutorial_taskflow_api to None, run_after=None
[2022-10-08T10:55:42.583+0000] {processor.py:178} INFO - Processing /home/airflow/.local/lib/python3.7/site-packages/airflow/example_dags/tutorial_taskflow_api.py took 0.112 seconds
[2022-10-08T10:56:13.877+0000] {processor.py:156} INFO - Started process (PID=11419) to work on /home/airflow/.local/lib/python3.7/site-packages/airflow/example_dags/tutorial_taskflow_api.py
[2022-10-08T10:56:13.879+0000] {processor.py:758} INFO - Processing file /home/airflow/.local/lib/python3.7/site-packages/airflow/example_dags/tutorial_taskflow_api.py for tasks to queue
[2022-10-08T10:56:13.879+0000] {logging_mixin.py:117} INFO - [2022-10-08T10:56:13.879+0000] {dagbag.py:525} INFO - Filling up the DagBag from /home/airflow/.local/lib/python3.7/site-packages/airflow/example_dags/tutorial_taskflow_api.py
[2022-10-08T10:56:13.901+0000] {processor.py:768} INFO - DAG(s) dict_keys(['tutorial_taskflow_api']) retrieved from /home/airflow/.local/lib/python3.7/site-packages/airflow/example_dags/tutorial_taskflow_api.py
[2022-10-08T10:56:13.938+0000] {logging_mixin.py:117} INFO - [2022-10-08T10:56:13.938+0000] {dag.py:2573} INFO - Sync 1 DAGs
[2022-10-08T10:56:13.976+0000] {logging_mixin.py:117} INFO - [2022-10-08T10:56:13.976+0000] {dag.py:3328} INFO - Setting next_dagrun for tutorial_taskflow_api to None, run_after=None
[2022-10-08T10:56:13.993+0000] {processor.py:178} INFO - Processing /home/airflow/.local/lib/python3.7/site-packages/airflow/example_dags/tutorial_taskflow_api.py took 0.118 seconds
[2022-10-08T10:56:44.623+0000] {processor.py:156} INFO - Started process (PID=11622) to work on /home/airflow/.local/lib/python3.7/site-packages/airflow/example_dags/tutorial_taskflow_api.py
[2022-10-08T10:56:44.624+0000] {processor.py:758} INFO - Processing file /home/airflow/.local/lib/python3.7/site-packages/airflow/example_dags/tutorial_taskflow_api.py for tasks to queue
[2022-10-08T10:56:44.624+0000] {logging_mixin.py:117} INFO - [2022-10-08T10:56:44.624+0000] {dagbag.py:525} INFO - Filling up the DagBag from /home/airflow/.local/lib/python3.7/site-packages/airflow/example_dags/tutorial_taskflow_api.py
[2022-10-08T10:56:44.646+0000] {processor.py:768} INFO - DAG(s) dict_keys(['tutorial_taskflow_api']) retrieved from /home/airflow/.local/lib/python3.7/site-packages/airflow/example_dags/tutorial_taskflow_api.py
[2022-10-08T10:56:44.692+0000] {logging_mixin.py:117} INFO - [2022-10-08T10:56:44.691+0000] {dag.py:2573} INFO - Sync 1 DAGs
[2022-10-08T10:56:44.716+0000] {logging_mixin.py:117} INFO - [2022-10-08T10:56:44.716+0000] {dag.py:3328} INFO - Setting next_dagrun for tutorial_taskflow_api to None, run_after=None
[2022-10-08T10:56:44.733+0000] {processor.py:178} INFO - Processing /home/airflow/.local/lib/python3.7/site-packages/airflow/example_dags/tutorial_taskflow_api.py took 0.112 seconds
[2022-10-08T10:57:15.150+0000] {processor.py:156} INFO - Started process (PID=11844) to work on /home/airflow/.local/lib/python3.7/site-packages/airflow/example_dags/tutorial_taskflow_api.py
[2022-10-08T10:57:15.151+0000] {processor.py:758} INFO - Processing file /home/airflow/.local/lib/python3.7/site-packages/airflow/example_dags/tutorial_taskflow_api.py for tasks to queue
[2022-10-08T10:57:15.151+0000] {logging_mixin.py:117} INFO - [2022-10-08T10:57:15.151+0000] {dagbag.py:525} INFO - Filling up the DagBag from /home/airflow/.local/lib/python3.7/site-packages/airflow/example_dags/tutorial_taskflow_api.py
[2022-10-08T10:57:15.183+0000] {processor.py:768} INFO - DAG(s) dict_keys(['tutorial_taskflow_api']) retrieved from /home/airflow/.local/lib/python3.7/site-packages/airflow/example_dags/tutorial_taskflow_api.py
[2022-10-08T10:57:15.221+0000] {logging_mixin.py:117} INFO - [2022-10-08T10:57:15.220+0000] {dag.py:2573} INFO - Sync 1 DAGs
[2022-10-08T10:57:15.271+0000] {logging_mixin.py:117} INFO - [2022-10-08T10:57:15.271+0000] {dag.py:3328} INFO - Setting next_dagrun for tutorial_taskflow_api to None, run_after=None
[2022-10-08T10:57:15.289+0000] {processor.py:178} INFO - Processing /home/airflow/.local/lib/python3.7/site-packages/airflow/example_dags/tutorial_taskflow_api.py took 0.142 seconds
[2022-10-08T10:57:45.780+0000] {processor.py:156} INFO - Started process (PID=12056) to work on /home/airflow/.local/lib/python3.7/site-packages/airflow/example_dags/tutorial_taskflow_api.py
[2022-10-08T10:57:45.781+0000] {processor.py:758} INFO - Processing file /home/airflow/.local/lib/python3.7/site-packages/airflow/example_dags/tutorial_taskflow_api.py for tasks to queue
[2022-10-08T10:57:45.782+0000] {logging_mixin.py:117} INFO - [2022-10-08T10:57:45.782+0000] {dagbag.py:525} INFO - Filling up the DagBag from /home/airflow/.local/lib/python3.7/site-packages/airflow/example_dags/tutorial_taskflow_api.py
[2022-10-08T10:57:45.803+0000] {processor.py:768} INFO - DAG(s) dict_keys(['tutorial_taskflow_api']) retrieved from /home/airflow/.local/lib/python3.7/site-packages/airflow/example_dags/tutorial_taskflow_api.py
[2022-10-08T10:57:45.838+0000] {logging_mixin.py:117} INFO - [2022-10-08T10:57:45.838+0000] {dag.py:2573} INFO - Sync 1 DAGs
[2022-10-08T10:57:45.876+0000] {logging_mixin.py:117} INFO - [2022-10-08T10:57:45.876+0000] {dag.py:3328} INFO - Setting next_dagrun for tutorial_taskflow_api to None, run_after=None
[2022-10-08T10:57:45.893+0000] {processor.py:178} INFO - Processing /home/airflow/.local/lib/python3.7/site-packages/airflow/example_dags/tutorial_taskflow_api.py took 0.116 seconds
[2022-10-08T10:58:16.904+0000] {processor.py:156} INFO - Started process (PID=12260) to work on /home/airflow/.local/lib/python3.7/site-packages/airflow/example_dags/tutorial_taskflow_api.py
[2022-10-08T10:58:16.905+0000] {processor.py:758} INFO - Processing file /home/airflow/.local/lib/python3.7/site-packages/airflow/example_dags/tutorial_taskflow_api.py for tasks to queue
[2022-10-08T10:58:16.906+0000] {logging_mixin.py:117} INFO - [2022-10-08T10:58:16.906+0000] {dagbag.py:525} INFO - Filling up the DagBag from /home/airflow/.local/lib/python3.7/site-packages/airflow/example_dags/tutorial_taskflow_api.py
[2022-10-08T10:58:16.928+0000] {processor.py:768} INFO - DAG(s) dict_keys(['tutorial_taskflow_api']) retrieved from /home/airflow/.local/lib/python3.7/site-packages/airflow/example_dags/tutorial_taskflow_api.py
[2022-10-08T10:58:16.966+0000] {logging_mixin.py:117} INFO - [2022-10-08T10:58:16.966+0000] {dag.py:2573} INFO - Sync 1 DAGs
[2022-10-08T10:58:16.990+0000] {logging_mixin.py:117} INFO - [2022-10-08T10:58:16.990+0000] {dag.py:3328} INFO - Setting next_dagrun for tutorial_taskflow_api to None, run_after=None
[2022-10-08T10:58:17.010+0000] {processor.py:178} INFO - Processing /home/airflow/.local/lib/python3.7/site-packages/airflow/example_dags/tutorial_taskflow_api.py took 0.108 seconds
[2022-10-08T10:58:47.780+0000] {processor.py:156} INFO - Started process (PID=12484) to work on /home/airflow/.local/lib/python3.7/site-packages/airflow/example_dags/tutorial_taskflow_api.py
[2022-10-08T10:58:47.781+0000] {processor.py:758} INFO - Processing file /home/airflow/.local/lib/python3.7/site-packages/airflow/example_dags/tutorial_taskflow_api.py for tasks to queue
[2022-10-08T10:58:47.781+0000] {logging_mixin.py:117} INFO - [2022-10-08T10:58:47.781+0000] {dagbag.py:525} INFO - Filling up the DagBag from /home/airflow/.local/lib/python3.7/site-packages/airflow/example_dags/tutorial_taskflow_api.py
[2022-10-08T10:58:47.802+0000] {processor.py:768} INFO - DAG(s) dict_keys(['tutorial_taskflow_api']) retrieved from /home/airflow/.local/lib/python3.7/site-packages/airflow/example_dags/tutorial_taskflow_api.py
[2022-10-08T10:58:47.839+0000] {logging_mixin.py:117} INFO - [2022-10-08T10:58:47.839+0000] {dag.py:2573} INFO - Sync 1 DAGs
[2022-10-08T10:58:47.868+0000] {logging_mixin.py:117} INFO - [2022-10-08T10:58:47.868+0000] {dag.py:3328} INFO - Setting next_dagrun for tutorial_taskflow_api to None, run_after=None
[2022-10-08T10:58:47.885+0000] {processor.py:178} INFO - Processing /home/airflow/.local/lib/python3.7/site-packages/airflow/example_dags/tutorial_taskflow_api.py took 0.107 seconds
[2022-10-08T10:59:18.206+0000] {processor.py:156} INFO - Started process (PID=12724) to work on /home/airflow/.local/lib/python3.7/site-packages/airflow/example_dags/tutorial_taskflow_api.py
[2022-10-08T10:59:18.207+0000] {processor.py:758} INFO - Processing file /home/airflow/.local/lib/python3.7/site-packages/airflow/example_dags/tutorial_taskflow_api.py for tasks to queue
[2022-10-08T10:59:18.208+0000] {logging_mixin.py:117} INFO - [2022-10-08T10:59:18.208+0000] {dagbag.py:525} INFO - Filling up the DagBag from /home/airflow/.local/lib/python3.7/site-packages/airflow/example_dags/tutorial_taskflow_api.py
[2022-10-08T10:59:18.230+0000] {processor.py:768} INFO - DAG(s) dict_keys(['tutorial_taskflow_api']) retrieved from /home/airflow/.local/lib/python3.7/site-packages/airflow/example_dags/tutorial_taskflow_api.py
[2022-10-08T10:59:18.281+0000] {logging_mixin.py:117} INFO - [2022-10-08T10:59:18.281+0000] {dag.py:2573} INFO - Sync 1 DAGs
[2022-10-08T10:59:18.307+0000] {logging_mixin.py:117} INFO - [2022-10-08T10:59:18.306+0000] {dag.py:3328} INFO - Setting next_dagrun for tutorial_taskflow_api to None, run_after=None
[2022-10-08T10:59:18.326+0000] {processor.py:178} INFO - Processing /home/airflow/.local/lib/python3.7/site-packages/airflow/example_dags/tutorial_taskflow_api.py took 0.122 seconds
[2022-10-08T10:59:49.186+0000] {processor.py:156} INFO - Started process (PID=12932) to work on /home/airflow/.local/lib/python3.7/site-packages/airflow/example_dags/tutorial_taskflow_api.py
[2022-10-08T10:59:49.187+0000] {processor.py:758} INFO - Processing file /home/airflow/.local/lib/python3.7/site-packages/airflow/example_dags/tutorial_taskflow_api.py for tasks to queue
[2022-10-08T10:59:49.187+0000] {logging_mixin.py:117} INFO - [2022-10-08T10:59:49.187+0000] {dagbag.py:525} INFO - Filling up the DagBag from /home/airflow/.local/lib/python3.7/site-packages/airflow/example_dags/tutorial_taskflow_api.py
[2022-10-08T10:59:49.212+0000] {processor.py:768} INFO - DAG(s) dict_keys(['tutorial_taskflow_api']) retrieved from /home/airflow/.local/lib/python3.7/site-packages/airflow/example_dags/tutorial_taskflow_api.py
[2022-10-08T10:59:49.251+0000] {logging_mixin.py:117} INFO - [2022-10-08T10:59:49.251+0000] {dag.py:2573} INFO - Sync 1 DAGs
[2022-10-08T10:59:49.278+0000] {logging_mixin.py:117} INFO - [2022-10-08T10:59:49.278+0000] {dag.py:3328} INFO - Setting next_dagrun for tutorial_taskflow_api to None, run_after=None
[2022-10-08T10:59:49.296+0000] {processor.py:178} INFO - Processing /home/airflow/.local/lib/python3.7/site-packages/airflow/example_dags/tutorial_taskflow_api.py took 0.112 seconds
[2022-10-08T11:00:20.037+0000] {processor.py:156} INFO - Started process (PID=13144) to work on /home/airflow/.local/lib/python3.7/site-packages/airflow/example_dags/tutorial_taskflow_api.py
[2022-10-08T11:00:20.038+0000] {processor.py:758} INFO - Processing file /home/airflow/.local/lib/python3.7/site-packages/airflow/example_dags/tutorial_taskflow_api.py for tasks to queue
[2022-10-08T11:00:20.038+0000] {logging_mixin.py:117} INFO - [2022-10-08T11:00:20.038+0000] {dagbag.py:525} INFO - Filling up the DagBag from /home/airflow/.local/lib/python3.7/site-packages/airflow/example_dags/tutorial_taskflow_api.py
[2022-10-08T11:00:20.059+0000] {processor.py:768} INFO - DAG(s) dict_keys(['tutorial_taskflow_api']) retrieved from /home/airflow/.local/lib/python3.7/site-packages/airflow/example_dags/tutorial_taskflow_api.py
[2022-10-08T11:00:20.096+0000] {logging_mixin.py:117} INFO - [2022-10-08T11:00:20.096+0000] {dag.py:2573} INFO - Sync 1 DAGs
[2022-10-08T11:00:20.123+0000] {logging_mixin.py:117} INFO - [2022-10-08T11:00:20.122+0000] {dag.py:3328} INFO - Setting next_dagrun for tutorial_taskflow_api to None, run_after=None
[2022-10-08T11:00:20.141+0000] {processor.py:178} INFO - Processing /home/airflow/.local/lib/python3.7/site-packages/airflow/example_dags/tutorial_taskflow_api.py took 0.107 seconds
[2022-10-08T11:00:50.401+0000] {processor.py:156} INFO - Started process (PID=13356) to work on /home/airflow/.local/lib/python3.7/site-packages/airflow/example_dags/tutorial_taskflow_api.py
[2022-10-08T11:00:50.401+0000] {processor.py:758} INFO - Processing file /home/airflow/.local/lib/python3.7/site-packages/airflow/example_dags/tutorial_taskflow_api.py for tasks to queue
[2022-10-08T11:00:50.402+0000] {logging_mixin.py:117} INFO - [2022-10-08T11:00:50.402+0000] {dagbag.py:525} INFO - Filling up the DagBag from /home/airflow/.local/lib/python3.7/site-packages/airflow/example_dags/tutorial_taskflow_api.py
[2022-10-08T11:00:50.422+0000] {processor.py:768} INFO - DAG(s) dict_keys(['tutorial_taskflow_api']) retrieved from /home/airflow/.local/lib/python3.7/site-packages/airflow/example_dags/tutorial_taskflow_api.py
[2022-10-08T11:00:50.457+0000] {logging_mixin.py:117} INFO - [2022-10-08T11:00:50.457+0000] {dag.py:2573} INFO - Sync 1 DAGs
[2022-10-08T11:00:50.481+0000] {logging_mixin.py:117} INFO - [2022-10-08T11:00:50.481+0000] {dag.py:3328} INFO - Setting next_dagrun for tutorial_taskflow_api to None, run_after=None
[2022-10-08T11:00:50.498+0000] {processor.py:178} INFO - Processing /home/airflow/.local/lib/python3.7/site-packages/airflow/example_dags/tutorial_taskflow_api.py took 0.100 seconds
[2022-10-08T11:01:20.778+0000] {processor.py:156} INFO - Started process (PID=13559) to work on /home/airflow/.local/lib/python3.7/site-packages/airflow/example_dags/tutorial_taskflow_api.py
[2022-10-08T11:01:20.779+0000] {processor.py:758} INFO - Processing file /home/airflow/.local/lib/python3.7/site-packages/airflow/example_dags/tutorial_taskflow_api.py for tasks to queue
[2022-10-08T11:01:20.779+0000] {logging_mixin.py:117} INFO - [2022-10-08T11:01:20.779+0000] {dagbag.py:525} INFO - Filling up the DagBag from /home/airflow/.local/lib/python3.7/site-packages/airflow/example_dags/tutorial_taskflow_api.py
[2022-10-08T11:01:20.799+0000] {processor.py:768} INFO - DAG(s) dict_keys(['tutorial_taskflow_api']) retrieved from /home/airflow/.local/lib/python3.7/site-packages/airflow/example_dags/tutorial_taskflow_api.py
[2022-10-08T11:01:20.835+0000] {logging_mixin.py:117} INFO - [2022-10-08T11:01:20.835+0000] {dag.py:2573} INFO - Sync 1 DAGs
[2022-10-08T11:01:20.859+0000] {logging_mixin.py:117} INFO - [2022-10-08T11:01:20.859+0000] {dag.py:3328} INFO - Setting next_dagrun for tutorial_taskflow_api to None, run_after=None
[2022-10-08T11:01:20.877+0000] {processor.py:178} INFO - Processing /home/airflow/.local/lib/python3.7/site-packages/airflow/example_dags/tutorial_taskflow_api.py took 0.102 seconds
[2022-10-08T11:01:51.340+0000] {processor.py:156} INFO - Started process (PID=13771) to work on /home/airflow/.local/lib/python3.7/site-packages/airflow/example_dags/tutorial_taskflow_api.py
[2022-10-08T11:01:51.341+0000] {processor.py:758} INFO - Processing file /home/airflow/.local/lib/python3.7/site-packages/airflow/example_dags/tutorial_taskflow_api.py for tasks to queue
[2022-10-08T11:01:51.341+0000] {logging_mixin.py:117} INFO - [2022-10-08T11:01:51.341+0000] {dagbag.py:525} INFO - Filling up the DagBag from /home/airflow/.local/lib/python3.7/site-packages/airflow/example_dags/tutorial_taskflow_api.py
[2022-10-08T11:01:51.362+0000] {processor.py:768} INFO - DAG(s) dict_keys(['tutorial_taskflow_api']) retrieved from /home/airflow/.local/lib/python3.7/site-packages/airflow/example_dags/tutorial_taskflow_api.py
[2022-10-08T11:01:51.398+0000] {logging_mixin.py:117} INFO - [2022-10-08T11:01:51.398+0000] {dag.py:2573} INFO - Sync 1 DAGs
[2022-10-08T11:01:51.423+0000] {logging_mixin.py:117} INFO - [2022-10-08T11:01:51.423+0000] {dag.py:3328} INFO - Setting next_dagrun for tutorial_taskflow_api to None, run_after=None
[2022-10-08T11:01:51.439+0000] {processor.py:178} INFO - Processing /home/airflow/.local/lib/python3.7/site-packages/airflow/example_dags/tutorial_taskflow_api.py took 0.103 seconds
[2022-10-08T11:02:22.177+0000] {processor.py:156} INFO - Started process (PID=13983) to work on /home/airflow/.local/lib/python3.7/site-packages/airflow/example_dags/tutorial_taskflow_api.py
[2022-10-08T11:02:22.178+0000] {processor.py:758} INFO - Processing file /home/airflow/.local/lib/python3.7/site-packages/airflow/example_dags/tutorial_taskflow_api.py for tasks to queue
[2022-10-08T11:02:22.179+0000] {logging_mixin.py:117} INFO - [2022-10-08T11:02:22.179+0000] {dagbag.py:525} INFO - Filling up the DagBag from /home/airflow/.local/lib/python3.7/site-packages/airflow/example_dags/tutorial_taskflow_api.py
[2022-10-08T11:02:22.200+0000] {processor.py:768} INFO - DAG(s) dict_keys(['tutorial_taskflow_api']) retrieved from /home/airflow/.local/lib/python3.7/site-packages/airflow/example_dags/tutorial_taskflow_api.py
[2022-10-08T11:02:22.236+0000] {logging_mixin.py:117} INFO - [2022-10-08T11:02:22.236+0000] {dag.py:2573} INFO - Sync 1 DAGs
[2022-10-08T11:02:22.260+0000] {logging_mixin.py:117} INFO - [2022-10-08T11:02:22.260+0000] {dag.py:3328} INFO - Setting next_dagrun for tutorial_taskflow_api to None, run_after=None
[2022-10-08T11:02:22.277+0000] {processor.py:178} INFO - Processing /home/airflow/.local/lib/python3.7/site-packages/airflow/example_dags/tutorial_taskflow_api.py took 0.103 seconds
[2022-10-08T11:02:53.132+0000] {processor.py:156} INFO - Started process (PID=14186) to work on /home/airflow/.local/lib/python3.7/site-packages/airflow/example_dags/tutorial_taskflow_api.py
[2022-10-08T11:02:53.133+0000] {processor.py:758} INFO - Processing file /home/airflow/.local/lib/python3.7/site-packages/airflow/example_dags/tutorial_taskflow_api.py for tasks to queue
[2022-10-08T11:02:53.134+0000] {logging_mixin.py:117} INFO - [2022-10-08T11:02:53.134+0000] {dagbag.py:525} INFO - Filling up the DagBag from /home/airflow/.local/lib/python3.7/site-packages/airflow/example_dags/tutorial_taskflow_api.py
[2022-10-08T11:02:53.155+0000] {processor.py:768} INFO - DAG(s) dict_keys(['tutorial_taskflow_api']) retrieved from /home/airflow/.local/lib/python3.7/site-packages/airflow/example_dags/tutorial_taskflow_api.py
[2022-10-08T11:02:53.189+0000] {logging_mixin.py:117} INFO - [2022-10-08T11:02:53.189+0000] {dag.py:2573} INFO - Sync 1 DAGs
[2022-10-08T11:02:53.213+0000] {logging_mixin.py:117} INFO - [2022-10-08T11:02:53.213+0000] {dag.py:3328} INFO - Setting next_dagrun for tutorial_taskflow_api to None, run_after=None
[2022-10-08T11:02:53.230+0000] {processor.py:178} INFO - Processing /home/airflow/.local/lib/python3.7/site-packages/airflow/example_dags/tutorial_taskflow_api.py took 0.101 seconds
[2022-10-08T11:03:23.519+0000] {processor.py:156} INFO - Started process (PID=14399) to work on /home/airflow/.local/lib/python3.7/site-packages/airflow/example_dags/tutorial_taskflow_api.py
[2022-10-08T11:03:23.519+0000] {processor.py:758} INFO - Processing file /home/airflow/.local/lib/python3.7/site-packages/airflow/example_dags/tutorial_taskflow_api.py for tasks to queue
[2022-10-08T11:03:23.520+0000] {logging_mixin.py:117} INFO - [2022-10-08T11:03:23.520+0000] {dagbag.py:525} INFO - Filling up the DagBag from /home/airflow/.local/lib/python3.7/site-packages/airflow/example_dags/tutorial_taskflow_api.py
[2022-10-08T11:03:23.541+0000] {processor.py:768} INFO - DAG(s) dict_keys(['tutorial_taskflow_api']) retrieved from /home/airflow/.local/lib/python3.7/site-packages/airflow/example_dags/tutorial_taskflow_api.py
[2022-10-08T11:03:23.574+0000] {logging_mixin.py:117} INFO - [2022-10-08T11:03:23.574+0000] {dag.py:2573} INFO - Sync 1 DAGs
[2022-10-08T11:03:23.597+0000] {logging_mixin.py:117} INFO - [2022-10-08T11:03:23.597+0000] {dag.py:3328} INFO - Setting next_dagrun for tutorial_taskflow_api to None, run_after=None
[2022-10-08T11:03:23.614+0000] {processor.py:178} INFO - Processing /home/airflow/.local/lib/python3.7/site-packages/airflow/example_dags/tutorial_taskflow_api.py took 0.098 seconds
[2022-10-08T11:03:54.358+0000] {processor.py:156} INFO - Started process (PID=14611) to work on /home/airflow/.local/lib/python3.7/site-packages/airflow/example_dags/tutorial_taskflow_api.py
[2022-10-08T11:03:54.359+0000] {processor.py:758} INFO - Processing file /home/airflow/.local/lib/python3.7/site-packages/airflow/example_dags/tutorial_taskflow_api.py for tasks to queue
[2022-10-08T11:03:54.359+0000] {logging_mixin.py:117} INFO - [2022-10-08T11:03:54.359+0000] {dagbag.py:525} INFO - Filling up the DagBag from /home/airflow/.local/lib/python3.7/site-packages/airflow/example_dags/tutorial_taskflow_api.py
[2022-10-08T11:03:54.381+0000] {processor.py:768} INFO - DAG(s) dict_keys(['tutorial_taskflow_api']) retrieved from /home/airflow/.local/lib/python3.7/site-packages/airflow/example_dags/tutorial_taskflow_api.py
[2022-10-08T11:03:54.421+0000] {logging_mixin.py:117} INFO - [2022-10-08T11:03:54.421+0000] {dag.py:2573} INFO - Sync 1 DAGs
[2022-10-08T11:03:54.446+0000] {logging_mixin.py:117} INFO - [2022-10-08T11:03:54.446+0000] {dag.py:3328} INFO - Setting next_dagrun for tutorial_taskflow_api to None, run_after=None
[2022-10-08T11:03:54.464+0000] {processor.py:178} INFO - Processing /home/airflow/.local/lib/python3.7/site-packages/airflow/example_dags/tutorial_taskflow_api.py took 0.109 seconds
[2022-10-08T11:04:25.025+0000] {processor.py:156} INFO - Started process (PID=14825) to work on /home/airflow/.local/lib/python3.7/site-packages/airflow/example_dags/tutorial_taskflow_api.py
[2022-10-08T11:04:25.025+0000] {processor.py:758} INFO - Processing file /home/airflow/.local/lib/python3.7/site-packages/airflow/example_dags/tutorial_taskflow_api.py for tasks to queue
[2022-10-08T11:04:25.026+0000] {logging_mixin.py:117} INFO - [2022-10-08T11:04:25.026+0000] {dagbag.py:525} INFO - Filling up the DagBag from /home/airflow/.local/lib/python3.7/site-packages/airflow/example_dags/tutorial_taskflow_api.py
[2022-10-08T11:04:25.047+0000] {processor.py:768} INFO - DAG(s) dict_keys(['tutorial_taskflow_api']) retrieved from /home/airflow/.local/lib/python3.7/site-packages/airflow/example_dags/tutorial_taskflow_api.py
[2022-10-08T11:04:25.084+0000] {logging_mixin.py:117} INFO - [2022-10-08T11:04:25.084+0000] {dag.py:2573} INFO - Sync 1 DAGs
[2022-10-08T11:04:25.108+0000] {logging_mixin.py:117} INFO - [2022-10-08T11:04:25.108+0000] {dag.py:3328} INFO - Setting next_dagrun for tutorial_taskflow_api to None, run_after=None
[2022-10-08T11:04:25.125+0000] {processor.py:178} INFO - Processing /home/airflow/.local/lib/python3.7/site-packages/airflow/example_dags/tutorial_taskflow_api.py took 0.103 seconds
[2022-10-08T11:04:55.506+0000] {processor.py:156} INFO - Started process (PID=15028) to work on /home/airflow/.local/lib/python3.7/site-packages/airflow/example_dags/tutorial_taskflow_api.py
[2022-10-08T11:04:55.506+0000] {processor.py:758} INFO - Processing file /home/airflow/.local/lib/python3.7/site-packages/airflow/example_dags/tutorial_taskflow_api.py for tasks to queue
[2022-10-08T11:04:55.507+0000] {logging_mixin.py:117} INFO - [2022-10-08T11:04:55.507+0000] {dagbag.py:525} INFO - Filling up the DagBag from /home/airflow/.local/lib/python3.7/site-packages/airflow/example_dags/tutorial_taskflow_api.py
[2022-10-08T11:04:55.530+0000] {processor.py:768} INFO - DAG(s) dict_keys(['tutorial_taskflow_api']) retrieved from /home/airflow/.local/lib/python3.7/site-packages/airflow/example_dags/tutorial_taskflow_api.py
[2022-10-08T11:04:55.569+0000] {logging_mixin.py:117} INFO - [2022-10-08T11:04:55.568+0000] {dag.py:2573} INFO - Sync 1 DAGs
[2022-10-08T11:04:55.595+0000] {logging_mixin.py:117} INFO - [2022-10-08T11:04:55.595+0000] {dag.py:3328} INFO - Setting next_dagrun for tutorial_taskflow_api to None, run_after=None
[2022-10-08T11:04:55.611+0000] {processor.py:178} INFO - Processing /home/airflow/.local/lib/python3.7/site-packages/airflow/example_dags/tutorial_taskflow_api.py took 0.108 seconds
[2022-10-08T11:05:26.432+0000] {processor.py:156} INFO - Started process (PID=15240) to work on /home/airflow/.local/lib/python3.7/site-packages/airflow/example_dags/tutorial_taskflow_api.py
[2022-10-08T11:05:26.432+0000] {processor.py:758} INFO - Processing file /home/airflow/.local/lib/python3.7/site-packages/airflow/example_dags/tutorial_taskflow_api.py for tasks to queue
[2022-10-08T11:05:26.433+0000] {logging_mixin.py:117} INFO - [2022-10-08T11:05:26.433+0000] {dagbag.py:525} INFO - Filling up the DagBag from /home/airflow/.local/lib/python3.7/site-packages/airflow/example_dags/tutorial_taskflow_api.py
[2022-10-08T11:05:26.454+0000] {processor.py:768} INFO - DAG(s) dict_keys(['tutorial_taskflow_api']) retrieved from /home/airflow/.local/lib/python3.7/site-packages/airflow/example_dags/tutorial_taskflow_api.py
[2022-10-08T11:05:26.489+0000] {logging_mixin.py:117} INFO - [2022-10-08T11:05:26.489+0000] {dag.py:2573} INFO - Sync 1 DAGs
[2022-10-08T11:05:26.513+0000] {logging_mixin.py:117} INFO - [2022-10-08T11:05:26.513+0000] {dag.py:3328} INFO - Setting next_dagrun for tutorial_taskflow_api to None, run_after=None
[2022-10-08T11:05:26.530+0000] {processor.py:178} INFO - Processing /home/airflow/.local/lib/python3.7/site-packages/airflow/example_dags/tutorial_taskflow_api.py took 0.101 seconds
[2022-10-08T11:05:56.615+0000] {processor.py:156} INFO - Started process (PID=15470) to work on /home/airflow/.local/lib/python3.7/site-packages/airflow/example_dags/tutorial_taskflow_api.py
[2022-10-08T11:05:56.616+0000] {processor.py:758} INFO - Processing file /home/airflow/.local/lib/python3.7/site-packages/airflow/example_dags/tutorial_taskflow_api.py for tasks to queue
[2022-10-08T11:05:56.617+0000] {logging_mixin.py:117} INFO - [2022-10-08T11:05:56.617+0000] {dagbag.py:525} INFO - Filling up the DagBag from /home/airflow/.local/lib/python3.7/site-packages/airflow/example_dags/tutorial_taskflow_api.py
[2022-10-08T11:05:56.647+0000] {processor.py:768} INFO - DAG(s) dict_keys(['tutorial_taskflow_api']) retrieved from /home/airflow/.local/lib/python3.7/site-packages/airflow/example_dags/tutorial_taskflow_api.py
[2022-10-08T11:05:56.696+0000] {logging_mixin.py:117} INFO - [2022-10-08T11:05:56.696+0000] {dag.py:2573} INFO - Sync 1 DAGs
[2022-10-08T11:05:56.733+0000] {logging_mixin.py:117} INFO - [2022-10-08T11:05:56.733+0000] {dag.py:3328} INFO - Setting next_dagrun for tutorial_taskflow_api to None, run_after=None
[2022-10-08T11:05:56.756+0000] {processor.py:178} INFO - Processing /home/airflow/.local/lib/python3.7/site-packages/airflow/example_dags/tutorial_taskflow_api.py took 0.144 seconds
[2022-10-08T11:06:27.513+0000] {processor.py:156} INFO - Started process (PID=15675) to work on /home/airflow/.local/lib/python3.7/site-packages/airflow/example_dags/tutorial_taskflow_api.py
[2022-10-08T11:06:27.514+0000] {processor.py:758} INFO - Processing file /home/airflow/.local/lib/python3.7/site-packages/airflow/example_dags/tutorial_taskflow_api.py for tasks to queue
[2022-10-08T11:06:27.514+0000] {logging_mixin.py:117} INFO - [2022-10-08T11:06:27.514+0000] {dagbag.py:525} INFO - Filling up the DagBag from /home/airflow/.local/lib/python3.7/site-packages/airflow/example_dags/tutorial_taskflow_api.py
[2022-10-08T11:06:27.537+0000] {processor.py:768} INFO - DAG(s) dict_keys(['tutorial_taskflow_api']) retrieved from /home/airflow/.local/lib/python3.7/site-packages/airflow/example_dags/tutorial_taskflow_api.py
[2022-10-08T11:06:27.575+0000] {logging_mixin.py:117} INFO - [2022-10-08T11:06:27.575+0000] {dag.py:2573} INFO - Sync 1 DAGs
[2022-10-08T11:06:27.600+0000] {logging_mixin.py:117} INFO - [2022-10-08T11:06:27.599+0000] {dag.py:3328} INFO - Setting next_dagrun for tutorial_taskflow_api to None, run_after=None
[2022-10-08T11:06:27.616+0000] {processor.py:178} INFO - Processing /home/airflow/.local/lib/python3.7/site-packages/airflow/example_dags/tutorial_taskflow_api.py took 0.105 seconds
