[2022-10-08T10:29:05.684+0000] {processor.py:156} INFO - Started process (PID=359) to work on /home/airflow/.local/lib/python3.7/site-packages/airflow/example_dags/tutorial_dag.py
[2022-10-08T10:29:05.684+0000] {processor.py:758} INFO - Processing file /home/airflow/.local/lib/python3.7/site-packages/airflow/example_dags/tutorial_dag.py for tasks to queue
[2022-10-08T10:29:05.685+0000] {logging_mixin.py:117} INFO - [2022-10-08T10:29:05.685+0000] {dagbag.py:525} INFO - Filling up the DagBag from /home/airflow/.local/lib/python3.7/site-packages/airflow/example_dags/tutorial_dag.py
[2022-10-08T10:29:05.699+0000] {processor.py:768} INFO - DAG(s) dict_keys(['tutorial_dag']) retrieved from /home/airflow/.local/lib/python3.7/site-packages/airflow/example_dags/tutorial_dag.py
[2022-10-08T10:29:06.048+0000] {logging_mixin.py:117} INFO - [2022-10-08T10:29:06.047+0000] {manager.py:507} INFO - Created Permission View: can edit on DAG:tutorial_dag
[2022-10-08T10:29:06.059+0000] {logging_mixin.py:117} INFO - [2022-10-08T10:29:06.059+0000] {manager.py:507} INFO - Created Permission View: can delete on DAG:tutorial_dag
[2022-10-08T10:29:06.066+0000] {logging_mixin.py:117} INFO - [2022-10-08T10:29:06.066+0000] {manager.py:507} INFO - Created Permission View: can read on DAG:tutorial_dag
[2022-10-08T10:29:06.066+0000] {logging_mixin.py:117} INFO - [2022-10-08T10:29:06.066+0000] {dag.py:2573} INFO - Sync 1 DAGs
[2022-10-08T10:29:06.081+0000] {logging_mixin.py:117} INFO - [2022-10-08T10:29:06.080+0000] {dag.py:2594} INFO - Creating ORM DAG for tutorial_dag
[2022-10-08T10:29:06.093+0000] {logging_mixin.py:117} INFO - [2022-10-08T10:29:06.093+0000] {dag.py:3328} INFO - Setting next_dagrun for tutorial_dag to None, run_after=None
[2022-10-08T10:29:06.113+0000] {processor.py:178} INFO - Processing /home/airflow/.local/lib/python3.7/site-packages/airflow/example_dags/tutorial_dag.py took 0.433 seconds
[2022-10-08T10:29:36.778+0000] {processor.py:156} INFO - Started process (PID=568) to work on /home/airflow/.local/lib/python3.7/site-packages/airflow/example_dags/tutorial_dag.py
[2022-10-08T10:29:36.779+0000] {processor.py:758} INFO - Processing file /home/airflow/.local/lib/python3.7/site-packages/airflow/example_dags/tutorial_dag.py for tasks to queue
[2022-10-08T10:29:36.780+0000] {logging_mixin.py:117} INFO - [2022-10-08T10:29:36.780+0000] {dagbag.py:525} INFO - Filling up the DagBag from /home/airflow/.local/lib/python3.7/site-packages/airflow/example_dags/tutorial_dag.py
[2022-10-08T10:29:36.794+0000] {processor.py:768} INFO - DAG(s) dict_keys(['tutorial_dag']) retrieved from /home/airflow/.local/lib/python3.7/site-packages/airflow/example_dags/tutorial_dag.py
[2022-10-08T10:29:36.880+0000] {logging_mixin.py:117} INFO - [2022-10-08T10:29:36.880+0000] {dag.py:2573} INFO - Sync 1 DAGs
[2022-10-08T10:29:36.908+0000] {logging_mixin.py:117} INFO - [2022-10-08T10:29:36.908+0000] {dag.py:3328} INFO - Setting next_dagrun for tutorial_dag to None, run_after=None
[2022-10-08T10:29:37.204+0000] {processor.py:178} INFO - Processing /home/airflow/.local/lib/python3.7/site-packages/airflow/example_dags/tutorial_dag.py took 0.429 seconds
[2022-10-08T10:30:07.509+0000] {processor.py:156} INFO - Started process (PID=766) to work on /home/airflow/.local/lib/python3.7/site-packages/airflow/example_dags/tutorial_dag.py
[2022-10-08T10:30:07.509+0000] {processor.py:758} INFO - Processing file /home/airflow/.local/lib/python3.7/site-packages/airflow/example_dags/tutorial_dag.py for tasks to queue
[2022-10-08T10:30:07.510+0000] {logging_mixin.py:117} INFO - [2022-10-08T10:30:07.510+0000] {dagbag.py:525} INFO - Filling up the DagBag from /home/airflow/.local/lib/python3.7/site-packages/airflow/example_dags/tutorial_dag.py
[2022-10-08T10:30:07.522+0000] {processor.py:768} INFO - DAG(s) dict_keys(['tutorial_dag']) retrieved from /home/airflow/.local/lib/python3.7/site-packages/airflow/example_dags/tutorial_dag.py
[2022-10-08T10:30:07.556+0000] {logging_mixin.py:117} INFO - [2022-10-08T10:30:07.556+0000] {dag.py:2573} INFO - Sync 1 DAGs
[2022-10-08T10:30:07.701+0000] {logging_mixin.py:117} INFO - [2022-10-08T10:30:07.701+0000] {dag.py:3328} INFO - Setting next_dagrun for tutorial_dag to None, run_after=None
[2022-10-08T10:30:07.717+0000] {processor.py:178} INFO - Processing /home/airflow/.local/lib/python3.7/site-packages/airflow/example_dags/tutorial_dag.py took 0.211 seconds
[2022-10-08T10:30:37.823+0000] {processor.py:156} INFO - Started process (PID=973) to work on /home/airflow/.local/lib/python3.7/site-packages/airflow/example_dags/tutorial_dag.py
[2022-10-08T10:30:37.824+0000] {processor.py:758} INFO - Processing file /home/airflow/.local/lib/python3.7/site-packages/airflow/example_dags/tutorial_dag.py for tasks to queue
[2022-10-08T10:30:37.824+0000] {logging_mixin.py:117} INFO - [2022-10-08T10:30:37.824+0000] {dagbag.py:525} INFO - Filling up the DagBag from /home/airflow/.local/lib/python3.7/site-packages/airflow/example_dags/tutorial_dag.py
[2022-10-08T10:30:37.838+0000] {processor.py:768} INFO - DAG(s) dict_keys(['tutorial_dag']) retrieved from /home/airflow/.local/lib/python3.7/site-packages/airflow/example_dags/tutorial_dag.py
[2022-10-08T10:30:37.986+0000] {logging_mixin.py:117} INFO - [2022-10-08T10:30:37.986+0000] {dag.py:2573} INFO - Sync 1 DAGs
[2022-10-08T10:30:38.008+0000] {logging_mixin.py:117} INFO - [2022-10-08T10:30:38.008+0000] {dag.py:3328} INFO - Setting next_dagrun for tutorial_dag to None, run_after=None
[2022-10-08T10:30:38.025+0000] {processor.py:178} INFO - Processing /home/airflow/.local/lib/python3.7/site-packages/airflow/example_dags/tutorial_dag.py took 0.204 seconds
[2022-10-08T10:31:09.866+0000] {processor.py:156} INFO - Started process (PID=1180) to work on /home/airflow/.local/lib/python3.7/site-packages/airflow/example_dags/tutorial_dag.py
[2022-10-08T10:31:09.867+0000] {processor.py:758} INFO - Processing file /home/airflow/.local/lib/python3.7/site-packages/airflow/example_dags/tutorial_dag.py for tasks to queue
[2022-10-08T10:31:09.867+0000] {logging_mixin.py:117} INFO - [2022-10-08T10:31:09.867+0000] {dagbag.py:525} INFO - Filling up the DagBag from /home/airflow/.local/lib/python3.7/site-packages/airflow/example_dags/tutorial_dag.py
[2022-10-08T10:31:09.881+0000] {processor.py:768} INFO - DAG(s) dict_keys(['tutorial_dag']) retrieved from /home/airflow/.local/lib/python3.7/site-packages/airflow/example_dags/tutorial_dag.py
[2022-10-08T10:31:10.051+0000] {logging_mixin.py:117} INFO - [2022-10-08T10:31:10.051+0000] {dag.py:2573} INFO - Sync 1 DAGs
[2022-10-08T10:31:10.080+0000] {logging_mixin.py:117} INFO - [2022-10-08T10:31:10.079+0000] {dag.py:3328} INFO - Setting next_dagrun for tutorial_dag to None, run_after=None
[2022-10-08T10:31:10.095+0000] {processor.py:178} INFO - Processing /home/airflow/.local/lib/python3.7/site-packages/airflow/example_dags/tutorial_dag.py took 0.232 seconds
[2022-10-08T10:31:41.074+0000] {processor.py:156} INFO - Started process (PID=1380) to work on /home/airflow/.local/lib/python3.7/site-packages/airflow/example_dags/tutorial_dag.py
[2022-10-08T10:31:41.075+0000] {processor.py:758} INFO - Processing file /home/airflow/.local/lib/python3.7/site-packages/airflow/example_dags/tutorial_dag.py for tasks to queue
[2022-10-08T10:31:41.076+0000] {logging_mixin.py:117} INFO - [2022-10-08T10:31:41.076+0000] {dagbag.py:525} INFO - Filling up the DagBag from /home/airflow/.local/lib/python3.7/site-packages/airflow/example_dags/tutorial_dag.py
[2022-10-08T10:31:41.202+0000] {processor.py:768} INFO - DAG(s) dict_keys(['tutorial_dag']) retrieved from /home/airflow/.local/lib/python3.7/site-packages/airflow/example_dags/tutorial_dag.py
[2022-10-08T10:31:41.234+0000] {logging_mixin.py:117} INFO - [2022-10-08T10:31:41.234+0000] {dag.py:2573} INFO - Sync 1 DAGs
[2022-10-08T10:31:41.258+0000] {logging_mixin.py:117} INFO - [2022-10-08T10:31:41.258+0000] {dag.py:3328} INFO - Setting next_dagrun for tutorial_dag to None, run_after=None
[2022-10-08T10:31:41.274+0000] {processor.py:178} INFO - Processing /home/airflow/.local/lib/python3.7/site-packages/airflow/example_dags/tutorial_dag.py took 0.202 seconds
[2022-10-08T10:32:11.381+0000] {processor.py:156} INFO - Started process (PID=1587) to work on /home/airflow/.local/lib/python3.7/site-packages/airflow/example_dags/tutorial_dag.py
[2022-10-08T10:32:11.382+0000] {processor.py:758} INFO - Processing file /home/airflow/.local/lib/python3.7/site-packages/airflow/example_dags/tutorial_dag.py for tasks to queue
[2022-10-08T10:32:11.382+0000] {logging_mixin.py:117} INFO - [2022-10-08T10:32:11.382+0000] {dagbag.py:525} INFO - Filling up the DagBag from /home/airflow/.local/lib/python3.7/site-packages/airflow/example_dags/tutorial_dag.py
[2022-10-08T10:32:11.394+0000] {processor.py:768} INFO - DAG(s) dict_keys(['tutorial_dag']) retrieved from /home/airflow/.local/lib/python3.7/site-packages/airflow/example_dags/tutorial_dag.py
[2022-10-08T10:32:11.428+0000] {logging_mixin.py:117} INFO - [2022-10-08T10:32:11.428+0000] {dag.py:2573} INFO - Sync 1 DAGs
[2022-10-08T10:32:11.452+0000] {logging_mixin.py:117} INFO - [2022-10-08T10:32:11.452+0000] {dag.py:3328} INFO - Setting next_dagrun for tutorial_dag to None, run_after=None
[2022-10-08T10:32:11.468+0000] {processor.py:178} INFO - Processing /home/airflow/.local/lib/python3.7/site-packages/airflow/example_dags/tutorial_dag.py took 0.090 seconds
[2022-10-08T10:32:41.563+0000] {processor.py:156} INFO - Started process (PID=1792) to work on /home/airflow/.local/lib/python3.7/site-packages/airflow/example_dags/tutorial_dag.py
[2022-10-08T10:32:41.564+0000] {processor.py:758} INFO - Processing file /home/airflow/.local/lib/python3.7/site-packages/airflow/example_dags/tutorial_dag.py for tasks to queue
[2022-10-08T10:32:41.565+0000] {logging_mixin.py:117} INFO - [2022-10-08T10:32:41.565+0000] {dagbag.py:525} INFO - Filling up the DagBag from /home/airflow/.local/lib/python3.7/site-packages/airflow/example_dags/tutorial_dag.py
[2022-10-08T10:32:41.577+0000] {processor.py:768} INFO - DAG(s) dict_keys(['tutorial_dag']) retrieved from /home/airflow/.local/lib/python3.7/site-packages/airflow/example_dags/tutorial_dag.py
[2022-10-08T10:32:41.613+0000] {logging_mixin.py:117} INFO - [2022-10-08T10:32:41.613+0000] {dag.py:2573} INFO - Sync 1 DAGs
[2022-10-08T10:32:41.663+0000] {logging_mixin.py:117} INFO - [2022-10-08T10:32:41.663+0000] {dag.py:3328} INFO - Setting next_dagrun for tutorial_dag to None, run_after=None
[2022-10-08T10:32:41.680+0000] {processor.py:178} INFO - Processing /home/airflow/.local/lib/python3.7/site-packages/airflow/example_dags/tutorial_dag.py took 0.124 seconds
[2022-10-08T10:33:12.492+0000] {processor.py:156} INFO - Started process (PID=1990) to work on /home/airflow/.local/lib/python3.7/site-packages/airflow/example_dags/tutorial_dag.py
[2022-10-08T10:33:12.493+0000] {processor.py:758} INFO - Processing file /home/airflow/.local/lib/python3.7/site-packages/airflow/example_dags/tutorial_dag.py for tasks to queue
[2022-10-08T10:33:12.493+0000] {logging_mixin.py:117} INFO - [2022-10-08T10:33:12.493+0000] {dagbag.py:525} INFO - Filling up the DagBag from /home/airflow/.local/lib/python3.7/site-packages/airflow/example_dags/tutorial_dag.py
[2022-10-08T10:33:12.505+0000] {processor.py:768} INFO - DAG(s) dict_keys(['tutorial_dag']) retrieved from /home/airflow/.local/lib/python3.7/site-packages/airflow/example_dags/tutorial_dag.py
[2022-10-08T10:33:12.540+0000] {logging_mixin.py:117} INFO - [2022-10-08T10:33:12.539+0000] {dag.py:2573} INFO - Sync 1 DAGs
[2022-10-08T10:33:12.568+0000] {logging_mixin.py:117} INFO - [2022-10-08T10:33:12.568+0000] {dag.py:3328} INFO - Setting next_dagrun for tutorial_dag to None, run_after=None
[2022-10-08T10:33:12.586+0000] {processor.py:178} INFO - Processing /home/airflow/.local/lib/python3.7/site-packages/airflow/example_dags/tutorial_dag.py took 0.096 seconds
[2022-10-08T10:33:43.515+0000] {processor.py:156} INFO - Started process (PID=2197) to work on /home/airflow/.local/lib/python3.7/site-packages/airflow/example_dags/tutorial_dag.py
[2022-10-08T10:33:43.516+0000] {processor.py:758} INFO - Processing file /home/airflow/.local/lib/python3.7/site-packages/airflow/example_dags/tutorial_dag.py for tasks to queue
[2022-10-08T10:33:43.516+0000] {logging_mixin.py:117} INFO - [2022-10-08T10:33:43.516+0000] {dagbag.py:525} INFO - Filling up the DagBag from /home/airflow/.local/lib/python3.7/site-packages/airflow/example_dags/tutorial_dag.py
[2022-10-08T10:33:43.529+0000] {processor.py:768} INFO - DAG(s) dict_keys(['tutorial_dag']) retrieved from /home/airflow/.local/lib/python3.7/site-packages/airflow/example_dags/tutorial_dag.py
[2022-10-08T10:33:43.575+0000] {logging_mixin.py:117} INFO - [2022-10-08T10:33:43.574+0000] {dag.py:2573} INFO - Sync 1 DAGs
[2022-10-08T10:33:43.600+0000] {logging_mixin.py:117} INFO - [2022-10-08T10:33:43.599+0000] {dag.py:3328} INFO - Setting next_dagrun for tutorial_dag to None, run_after=None
[2022-10-08T10:33:43.618+0000] {processor.py:178} INFO - Processing /home/airflow/.local/lib/python3.7/site-packages/airflow/example_dags/tutorial_dag.py took 0.105 seconds
[2022-10-08T10:34:14.500+0000] {processor.py:156} INFO - Started process (PID=2404) to work on /home/airflow/.local/lib/python3.7/site-packages/airflow/example_dags/tutorial_dag.py
[2022-10-08T10:34:14.501+0000] {processor.py:758} INFO - Processing file /home/airflow/.local/lib/python3.7/site-packages/airflow/example_dags/tutorial_dag.py for tasks to queue
[2022-10-08T10:34:14.502+0000] {logging_mixin.py:117} INFO - [2022-10-08T10:34:14.501+0000] {dagbag.py:525} INFO - Filling up the DagBag from /home/airflow/.local/lib/python3.7/site-packages/airflow/example_dags/tutorial_dag.py
[2022-10-08T10:34:14.513+0000] {processor.py:768} INFO - DAG(s) dict_keys(['tutorial_dag']) retrieved from /home/airflow/.local/lib/python3.7/site-packages/airflow/example_dags/tutorial_dag.py
[2022-10-08T10:34:14.547+0000] {logging_mixin.py:117} INFO - [2022-10-08T10:34:14.547+0000] {dag.py:2573} INFO - Sync 1 DAGs
[2022-10-08T10:34:14.577+0000] {logging_mixin.py:117} INFO - [2022-10-08T10:34:14.577+0000] {dag.py:3328} INFO - Setting next_dagrun for tutorial_dag to None, run_after=None
[2022-10-08T10:34:14.593+0000] {processor.py:178} INFO - Processing /home/airflow/.local/lib/python3.7/site-packages/airflow/example_dags/tutorial_dag.py took 0.096 seconds
[2022-10-08T10:34:45.698+0000] {processor.py:156} INFO - Started process (PID=2613) to work on /home/airflow/.local/lib/python3.7/site-packages/airflow/example_dags/tutorial_dag.py
[2022-10-08T10:34:45.699+0000] {processor.py:758} INFO - Processing file /home/airflow/.local/lib/python3.7/site-packages/airflow/example_dags/tutorial_dag.py for tasks to queue
[2022-10-08T10:34:45.699+0000] {logging_mixin.py:117} INFO - [2022-10-08T10:34:45.699+0000] {dagbag.py:525} INFO - Filling up the DagBag from /home/airflow/.local/lib/python3.7/site-packages/airflow/example_dags/tutorial_dag.py
[2022-10-08T10:34:45.713+0000] {processor.py:768} INFO - DAG(s) dict_keys(['tutorial_dag']) retrieved from /home/airflow/.local/lib/python3.7/site-packages/airflow/example_dags/tutorial_dag.py
[2022-10-08T10:34:45.798+0000] {logging_mixin.py:117} INFO - [2022-10-08T10:34:45.798+0000] {dag.py:2573} INFO - Sync 1 DAGs
[2022-10-08T10:34:45.862+0000] {logging_mixin.py:117} INFO - [2022-10-08T10:34:45.862+0000] {dag.py:3328} INFO - Setting next_dagrun for tutorial_dag to None, run_after=None
[2022-10-08T10:34:45.880+0000] {processor.py:178} INFO - Processing /home/airflow/.local/lib/python3.7/site-packages/airflow/example_dags/tutorial_dag.py took 0.186 seconds
[2022-10-08T10:35:16.007+0000] {processor.py:156} INFO - Started process (PID=2811) to work on /home/airflow/.local/lib/python3.7/site-packages/airflow/example_dags/tutorial_dag.py
[2022-10-08T10:35:16.008+0000] {processor.py:758} INFO - Processing file /home/airflow/.local/lib/python3.7/site-packages/airflow/example_dags/tutorial_dag.py for tasks to queue
[2022-10-08T10:35:16.009+0000] {logging_mixin.py:117} INFO - [2022-10-08T10:35:16.008+0000] {dagbag.py:525} INFO - Filling up the DagBag from /home/airflow/.local/lib/python3.7/site-packages/airflow/example_dags/tutorial_dag.py
[2022-10-08T10:35:16.021+0000] {processor.py:768} INFO - DAG(s) dict_keys(['tutorial_dag']) retrieved from /home/airflow/.local/lib/python3.7/site-packages/airflow/example_dags/tutorial_dag.py
[2022-10-08T10:35:16.056+0000] {logging_mixin.py:117} INFO - [2022-10-08T10:35:16.055+0000] {dag.py:2573} INFO - Sync 1 DAGs
[2022-10-08T10:35:16.079+0000] {logging_mixin.py:117} INFO - [2022-10-08T10:35:16.079+0000] {dag.py:3328} INFO - Setting next_dagrun for tutorial_dag to None, run_after=None
[2022-10-08T10:35:16.095+0000] {processor.py:178} INFO - Processing /home/airflow/.local/lib/python3.7/site-packages/airflow/example_dags/tutorial_dag.py took 0.091 seconds
[2022-10-08T10:35:46.224+0000] {processor.py:156} INFO - Started process (PID=3016) to work on /home/airflow/.local/lib/python3.7/site-packages/airflow/example_dags/tutorial_dag.py
[2022-10-08T10:35:46.225+0000] {processor.py:758} INFO - Processing file /home/airflow/.local/lib/python3.7/site-packages/airflow/example_dags/tutorial_dag.py for tasks to queue
[2022-10-08T10:35:46.225+0000] {logging_mixin.py:117} INFO - [2022-10-08T10:35:46.225+0000] {dagbag.py:525} INFO - Filling up the DagBag from /home/airflow/.local/lib/python3.7/site-packages/airflow/example_dags/tutorial_dag.py
[2022-10-08T10:35:46.238+0000] {processor.py:768} INFO - DAG(s) dict_keys(['tutorial_dag']) retrieved from /home/airflow/.local/lib/python3.7/site-packages/airflow/example_dags/tutorial_dag.py
[2022-10-08T10:35:46.283+0000] {logging_mixin.py:117} INFO - [2022-10-08T10:35:46.283+0000] {dag.py:2573} INFO - Sync 1 DAGs
[2022-10-08T10:35:46.309+0000] {logging_mixin.py:117} INFO - [2022-10-08T10:35:46.309+0000] {dag.py:3328} INFO - Setting next_dagrun for tutorial_dag to None, run_after=None
[2022-10-08T10:35:46.325+0000] {processor.py:178} INFO - Processing /home/airflow/.local/lib/python3.7/site-packages/airflow/example_dags/tutorial_dag.py took 0.104 seconds
[2022-10-08T10:36:16.946+0000] {processor.py:156} INFO - Started process (PID=3214) to work on /home/airflow/.local/lib/python3.7/site-packages/airflow/example_dags/tutorial_dag.py
[2022-10-08T10:36:16.947+0000] {processor.py:758} INFO - Processing file /home/airflow/.local/lib/python3.7/site-packages/airflow/example_dags/tutorial_dag.py for tasks to queue
[2022-10-08T10:36:16.947+0000] {logging_mixin.py:117} INFO - [2022-10-08T10:36:16.947+0000] {dagbag.py:525} INFO - Filling up the DagBag from /home/airflow/.local/lib/python3.7/site-packages/airflow/example_dags/tutorial_dag.py
[2022-10-08T10:36:16.975+0000] {processor.py:768} INFO - DAG(s) dict_keys(['tutorial_dag']) retrieved from /home/airflow/.local/lib/python3.7/site-packages/airflow/example_dags/tutorial_dag.py
[2022-10-08T10:36:17.018+0000] {logging_mixin.py:117} INFO - [2022-10-08T10:36:17.017+0000] {dag.py:2573} INFO - Sync 1 DAGs
[2022-10-08T10:36:17.043+0000] {logging_mixin.py:117} INFO - [2022-10-08T10:36:17.043+0000] {dag.py:3328} INFO - Setting next_dagrun for tutorial_dag to None, run_after=None
[2022-10-08T10:36:17.060+0000] {processor.py:178} INFO - Processing /home/airflow/.local/lib/python3.7/site-packages/airflow/example_dags/tutorial_dag.py took 0.117 seconds
[2022-10-08T10:36:47.971+0000] {processor.py:156} INFO - Started process (PID=3421) to work on /home/airflow/.local/lib/python3.7/site-packages/airflow/example_dags/tutorial_dag.py
[2022-10-08T10:36:47.972+0000] {processor.py:758} INFO - Processing file /home/airflow/.local/lib/python3.7/site-packages/airflow/example_dags/tutorial_dag.py for tasks to queue
[2022-10-08T10:36:47.972+0000] {logging_mixin.py:117} INFO - [2022-10-08T10:36:47.972+0000] {dagbag.py:525} INFO - Filling up the DagBag from /home/airflow/.local/lib/python3.7/site-packages/airflow/example_dags/tutorial_dag.py
[2022-10-08T10:36:47.984+0000] {processor.py:768} INFO - DAG(s) dict_keys(['tutorial_dag']) retrieved from /home/airflow/.local/lib/python3.7/site-packages/airflow/example_dags/tutorial_dag.py
[2022-10-08T10:36:48.020+0000] {logging_mixin.py:117} INFO - [2022-10-08T10:36:48.020+0000] {dag.py:2573} INFO - Sync 1 DAGs
[2022-10-08T10:36:48.043+0000] {logging_mixin.py:117} INFO - [2022-10-08T10:36:48.043+0000] {dag.py:3328} INFO - Setting next_dagrun for tutorial_dag to None, run_after=None
[2022-10-08T10:36:48.069+0000] {processor.py:178} INFO - Processing /home/airflow/.local/lib/python3.7/site-packages/airflow/example_dags/tutorial_dag.py took 0.101 seconds
[2022-10-08T10:37:18.324+0000] {processor.py:156} INFO - Started process (PID=3627) to work on /home/airflow/.local/lib/python3.7/site-packages/airflow/example_dags/tutorial_dag.py
[2022-10-08T10:37:18.325+0000] {processor.py:758} INFO - Processing file /home/airflow/.local/lib/python3.7/site-packages/airflow/example_dags/tutorial_dag.py for tasks to queue
[2022-10-08T10:37:18.325+0000] {logging_mixin.py:117} INFO - [2022-10-08T10:37:18.325+0000] {dagbag.py:525} INFO - Filling up the DagBag from /home/airflow/.local/lib/python3.7/site-packages/airflow/example_dags/tutorial_dag.py
[2022-10-08T10:37:18.338+0000] {processor.py:768} INFO - DAG(s) dict_keys(['tutorial_dag']) retrieved from /home/airflow/.local/lib/python3.7/site-packages/airflow/example_dags/tutorial_dag.py
[2022-10-08T10:37:18.381+0000] {logging_mixin.py:117} INFO - [2022-10-08T10:37:18.381+0000] {dag.py:2573} INFO - Sync 1 DAGs
[2022-10-08T10:37:18.405+0000] {logging_mixin.py:117} INFO - [2022-10-08T10:37:18.405+0000] {dag.py:3328} INFO - Setting next_dagrun for tutorial_dag to None, run_after=None
[2022-10-08T10:37:18.423+0000] {processor.py:178} INFO - Processing /home/airflow/.local/lib/python3.7/site-packages/airflow/example_dags/tutorial_dag.py took 0.102 seconds
[2022-10-08T10:37:49.188+0000] {processor.py:156} INFO - Started process (PID=3834) to work on /home/airflow/.local/lib/python3.7/site-packages/airflow/example_dags/tutorial_dag.py
[2022-10-08T10:37:49.189+0000] {processor.py:758} INFO - Processing file /home/airflow/.local/lib/python3.7/site-packages/airflow/example_dags/tutorial_dag.py for tasks to queue
[2022-10-08T10:37:49.189+0000] {logging_mixin.py:117} INFO - [2022-10-08T10:37:49.189+0000] {dagbag.py:525} INFO - Filling up the DagBag from /home/airflow/.local/lib/python3.7/site-packages/airflow/example_dags/tutorial_dag.py
[2022-10-08T10:37:49.202+0000] {processor.py:768} INFO - DAG(s) dict_keys(['tutorial_dag']) retrieved from /home/airflow/.local/lib/python3.7/site-packages/airflow/example_dags/tutorial_dag.py
[2022-10-08T10:37:49.292+0000] {logging_mixin.py:117} INFO - [2022-10-08T10:37:49.292+0000] {dag.py:2573} INFO - Sync 1 DAGs
[2022-10-08T10:37:49.362+0000] {logging_mixin.py:117} INFO - [2022-10-08T10:37:49.362+0000] {dag.py:3328} INFO - Setting next_dagrun for tutorial_dag to None, run_after=None
[2022-10-08T10:37:49.380+0000] {processor.py:178} INFO - Processing /home/airflow/.local/lib/python3.7/site-packages/airflow/example_dags/tutorial_dag.py took 0.194 seconds
[2022-10-08T10:38:19.524+0000] {processor.py:156} INFO - Started process (PID=4032) to work on /home/airflow/.local/lib/python3.7/site-packages/airflow/example_dags/tutorial_dag.py
[2022-10-08T10:38:19.524+0000] {processor.py:758} INFO - Processing file /home/airflow/.local/lib/python3.7/site-packages/airflow/example_dags/tutorial_dag.py for tasks to queue
[2022-10-08T10:38:19.525+0000] {logging_mixin.py:117} INFO - [2022-10-08T10:38:19.525+0000] {dagbag.py:525} INFO - Filling up the DagBag from /home/airflow/.local/lib/python3.7/site-packages/airflow/example_dags/tutorial_dag.py
[2022-10-08T10:38:19.538+0000] {processor.py:768} INFO - DAG(s) dict_keys(['tutorial_dag']) retrieved from /home/airflow/.local/lib/python3.7/site-packages/airflow/example_dags/tutorial_dag.py
[2022-10-08T10:38:19.582+0000] {logging_mixin.py:117} INFO - [2022-10-08T10:38:19.582+0000] {dag.py:2573} INFO - Sync 1 DAGs
[2022-10-08T10:38:19.607+0000] {logging_mixin.py:117} INFO - [2022-10-08T10:38:19.607+0000] {dag.py:3328} INFO - Setting next_dagrun for tutorial_dag to None, run_after=None
[2022-10-08T10:38:19.624+0000] {processor.py:178} INFO - Processing /home/airflow/.local/lib/python3.7/site-packages/airflow/example_dags/tutorial_dag.py took 0.103 seconds
[2022-10-08T10:38:50.274+0000] {processor.py:156} INFO - Started process (PID=4239) to work on /home/airflow/.local/lib/python3.7/site-packages/airflow/example_dags/tutorial_dag.py
[2022-10-08T10:38:50.274+0000] {processor.py:758} INFO - Processing file /home/airflow/.local/lib/python3.7/site-packages/airflow/example_dags/tutorial_dag.py for tasks to queue
[2022-10-08T10:38:50.275+0000] {logging_mixin.py:117} INFO - [2022-10-08T10:38:50.275+0000] {dagbag.py:525} INFO - Filling up the DagBag from /home/airflow/.local/lib/python3.7/site-packages/airflow/example_dags/tutorial_dag.py
[2022-10-08T10:38:50.287+0000] {processor.py:768} INFO - DAG(s) dict_keys(['tutorial_dag']) retrieved from /home/airflow/.local/lib/python3.7/site-packages/airflow/example_dags/tutorial_dag.py
[2022-10-08T10:38:50.324+0000] {logging_mixin.py:117} INFO - [2022-10-08T10:38:50.324+0000] {dag.py:2573} INFO - Sync 1 DAGs
[2022-10-08T10:38:50.349+0000] {logging_mixin.py:117} INFO - [2022-10-08T10:38:50.349+0000] {dag.py:3328} INFO - Setting next_dagrun for tutorial_dag to None, run_after=None
[2022-10-08T10:38:50.365+0000] {processor.py:178} INFO - Processing /home/airflow/.local/lib/python3.7/site-packages/airflow/example_dags/tutorial_dag.py took 0.094 seconds
[2022-10-08T10:39:20.741+0000] {processor.py:156} INFO - Started process (PID=4446) to work on /home/airflow/.local/lib/python3.7/site-packages/airflow/example_dags/tutorial_dag.py
[2022-10-08T10:39:20.742+0000] {processor.py:758} INFO - Processing file /home/airflow/.local/lib/python3.7/site-packages/airflow/example_dags/tutorial_dag.py for tasks to queue
[2022-10-08T10:39:20.742+0000] {logging_mixin.py:117} INFO - [2022-10-08T10:39:20.742+0000] {dagbag.py:525} INFO - Filling up the DagBag from /home/airflow/.local/lib/python3.7/site-packages/airflow/example_dags/tutorial_dag.py
[2022-10-08T10:39:20.755+0000] {processor.py:768} INFO - DAG(s) dict_keys(['tutorial_dag']) retrieved from /home/airflow/.local/lib/python3.7/site-packages/airflow/example_dags/tutorial_dag.py
[2022-10-08T10:39:20.791+0000] {logging_mixin.py:117} INFO - [2022-10-08T10:39:20.790+0000] {dag.py:2573} INFO - Sync 1 DAGs
[2022-10-08T10:39:20.815+0000] {logging_mixin.py:117} INFO - [2022-10-08T10:39:20.815+0000] {dag.py:3328} INFO - Setting next_dagrun for tutorial_dag to None, run_after=None
[2022-10-08T10:39:20.832+0000] {processor.py:178} INFO - Processing /home/airflow/.local/lib/python3.7/site-packages/airflow/example_dags/tutorial_dag.py took 0.094 seconds
[2022-10-08T10:39:51.451+0000] {processor.py:156} INFO - Started process (PID=4644) to work on /home/airflow/.local/lib/python3.7/site-packages/airflow/example_dags/tutorial_dag.py
[2022-10-08T10:39:51.452+0000] {processor.py:758} INFO - Processing file /home/airflow/.local/lib/python3.7/site-packages/airflow/example_dags/tutorial_dag.py for tasks to queue
[2022-10-08T10:39:51.452+0000] {logging_mixin.py:117} INFO - [2022-10-08T10:39:51.452+0000] {dagbag.py:525} INFO - Filling up the DagBag from /home/airflow/.local/lib/python3.7/site-packages/airflow/example_dags/tutorial_dag.py
[2022-10-08T10:39:51.465+0000] {processor.py:768} INFO - DAG(s) dict_keys(['tutorial_dag']) retrieved from /home/airflow/.local/lib/python3.7/site-packages/airflow/example_dags/tutorial_dag.py
[2022-10-08T10:39:51.500+0000] {logging_mixin.py:117} INFO - [2022-10-08T10:39:51.500+0000] {dag.py:2573} INFO - Sync 1 DAGs
[2022-10-08T10:39:51.527+0000] {logging_mixin.py:117} INFO - [2022-10-08T10:39:51.527+0000] {dag.py:3328} INFO - Setting next_dagrun for tutorial_dag to None, run_after=None
[2022-10-08T10:39:51.546+0000] {processor.py:178} INFO - Processing /home/airflow/.local/lib/python3.7/site-packages/airflow/example_dags/tutorial_dag.py took 0.097 seconds
[2022-10-08T10:40:22.054+0000] {processor.py:156} INFO - Started process (PID=4851) to work on /home/airflow/.local/lib/python3.7/site-packages/airflow/example_dags/tutorial_dag.py
[2022-10-08T10:40:22.055+0000] {processor.py:758} INFO - Processing file /home/airflow/.local/lib/python3.7/site-packages/airflow/example_dags/tutorial_dag.py for tasks to queue
[2022-10-08T10:40:22.056+0000] {logging_mixin.py:117} INFO - [2022-10-08T10:40:22.056+0000] {dagbag.py:525} INFO - Filling up the DagBag from /home/airflow/.local/lib/python3.7/site-packages/airflow/example_dags/tutorial_dag.py
[2022-10-08T10:40:22.069+0000] {processor.py:768} INFO - DAG(s) dict_keys(['tutorial_dag']) retrieved from /home/airflow/.local/lib/python3.7/site-packages/airflow/example_dags/tutorial_dag.py
[2022-10-08T10:40:22.103+0000] {logging_mixin.py:117} INFO - [2022-10-08T10:40:22.103+0000] {dag.py:2573} INFO - Sync 1 DAGs
[2022-10-08T10:40:22.128+0000] {logging_mixin.py:117} INFO - [2022-10-08T10:40:22.128+0000] {dag.py:3328} INFO - Setting next_dagrun for tutorial_dag to None, run_after=None
[2022-10-08T10:40:22.145+0000] {processor.py:178} INFO - Processing /home/airflow/.local/lib/python3.7/site-packages/airflow/example_dags/tutorial_dag.py took 0.093 seconds
[2022-10-08T10:40:52.735+0000] {processor.py:156} INFO - Started process (PID=5058) to work on /home/airflow/.local/lib/python3.7/site-packages/airflow/example_dags/tutorial_dag.py
[2022-10-08T10:40:52.736+0000] {processor.py:758} INFO - Processing file /home/airflow/.local/lib/python3.7/site-packages/airflow/example_dags/tutorial_dag.py for tasks to queue
[2022-10-08T10:40:52.737+0000] {logging_mixin.py:117} INFO - [2022-10-08T10:40:52.737+0000] {dagbag.py:525} INFO - Filling up the DagBag from /home/airflow/.local/lib/python3.7/site-packages/airflow/example_dags/tutorial_dag.py
[2022-10-08T10:40:52.751+0000] {processor.py:768} INFO - DAG(s) dict_keys(['tutorial_dag']) retrieved from /home/airflow/.local/lib/python3.7/site-packages/airflow/example_dags/tutorial_dag.py
[2022-10-08T10:40:52.798+0000] {logging_mixin.py:117} INFO - [2022-10-08T10:40:52.797+0000] {dag.py:2573} INFO - Sync 1 DAGs
[2022-10-08T10:40:52.822+0000] {logging_mixin.py:117} INFO - [2022-10-08T10:40:52.822+0000] {dag.py:3328} INFO - Setting next_dagrun for tutorial_dag to None, run_after=None
[2022-10-08T10:40:52.840+0000] {processor.py:178} INFO - Processing /home/airflow/.local/lib/python3.7/site-packages/airflow/example_dags/tutorial_dag.py took 0.107 seconds
[2022-10-08T10:41:23.366+0000] {processor.py:156} INFO - Started process (PID=5257) to work on /home/airflow/.local/lib/python3.7/site-packages/airflow/example_dags/tutorial_dag.py
[2022-10-08T10:41:23.367+0000] {processor.py:758} INFO - Processing file /home/airflow/.local/lib/python3.7/site-packages/airflow/example_dags/tutorial_dag.py for tasks to queue
[2022-10-08T10:41:23.368+0000] {logging_mixin.py:117} INFO - [2022-10-08T10:41:23.367+0000] {dagbag.py:525} INFO - Filling up the DagBag from /home/airflow/.local/lib/python3.7/site-packages/airflow/example_dags/tutorial_dag.py
[2022-10-08T10:41:23.381+0000] {processor.py:768} INFO - DAG(s) dict_keys(['tutorial_dag']) retrieved from /home/airflow/.local/lib/python3.7/site-packages/airflow/example_dags/tutorial_dag.py
[2022-10-08T10:41:23.418+0000] {logging_mixin.py:117} INFO - [2022-10-08T10:41:23.418+0000] {dag.py:2573} INFO - Sync 1 DAGs
[2022-10-08T10:41:23.442+0000] {logging_mixin.py:117} INFO - [2022-10-08T10:41:23.442+0000] {dag.py:3328} INFO - Setting next_dagrun for tutorial_dag to None, run_after=None
[2022-10-08T10:41:23.458+0000] {processor.py:178} INFO - Processing /home/airflow/.local/lib/python3.7/site-packages/airflow/example_dags/tutorial_dag.py took 0.094 seconds
[2022-10-08T10:41:53.889+0000] {processor.py:156} INFO - Started process (PID=5464) to work on /home/airflow/.local/lib/python3.7/site-packages/airflow/example_dags/tutorial_dag.py
[2022-10-08T10:41:53.890+0000] {processor.py:758} INFO - Processing file /home/airflow/.local/lib/python3.7/site-packages/airflow/example_dags/tutorial_dag.py for tasks to queue
[2022-10-08T10:41:53.891+0000] {logging_mixin.py:117} INFO - [2022-10-08T10:41:53.891+0000] {dagbag.py:525} INFO - Filling up the DagBag from /home/airflow/.local/lib/python3.7/site-packages/airflow/example_dags/tutorial_dag.py
[2022-10-08T10:41:53.903+0000] {processor.py:768} INFO - DAG(s) dict_keys(['tutorial_dag']) retrieved from /home/airflow/.local/lib/python3.7/site-packages/airflow/example_dags/tutorial_dag.py
[2022-10-08T10:41:53.939+0000] {logging_mixin.py:117} INFO - [2022-10-08T10:41:53.939+0000] {dag.py:2573} INFO - Sync 1 DAGs
[2022-10-08T10:41:53.965+0000] {logging_mixin.py:117} INFO - [2022-10-08T10:41:53.964+0000] {dag.py:3328} INFO - Setting next_dagrun for tutorial_dag to None, run_after=None
[2022-10-08T10:41:53.981+0000] {processor.py:178} INFO - Processing /home/airflow/.local/lib/python3.7/site-packages/airflow/example_dags/tutorial_dag.py took 0.094 seconds
[2022-10-08T10:42:24.466+0000] {processor.py:156} INFO - Started process (PID=5671) to work on /home/airflow/.local/lib/python3.7/site-packages/airflow/example_dags/tutorial_dag.py
[2022-10-08T10:42:24.467+0000] {processor.py:758} INFO - Processing file /home/airflow/.local/lib/python3.7/site-packages/airflow/example_dags/tutorial_dag.py for tasks to queue
[2022-10-08T10:42:24.467+0000] {logging_mixin.py:117} INFO - [2022-10-08T10:42:24.467+0000] {dagbag.py:525} INFO - Filling up the DagBag from /home/airflow/.local/lib/python3.7/site-packages/airflow/example_dags/tutorial_dag.py
[2022-10-08T10:42:24.481+0000] {processor.py:768} INFO - DAG(s) dict_keys(['tutorial_dag']) retrieved from /home/airflow/.local/lib/python3.7/site-packages/airflow/example_dags/tutorial_dag.py
[2022-10-08T10:42:24.519+0000] {logging_mixin.py:117} INFO - [2022-10-08T10:42:24.519+0000] {dag.py:2573} INFO - Sync 1 DAGs
[2022-10-08T10:42:24.544+0000] {logging_mixin.py:117} INFO - [2022-10-08T10:42:24.544+0000] {dag.py:3328} INFO - Setting next_dagrun for tutorial_dag to None, run_after=None
[2022-10-08T10:42:24.561+0000] {processor.py:178} INFO - Processing /home/airflow/.local/lib/python3.7/site-packages/airflow/example_dags/tutorial_dag.py took 0.098 seconds
[2022-10-08T10:42:55.110+0000] {processor.py:156} INFO - Started process (PID=5869) to work on /home/airflow/.local/lib/python3.7/site-packages/airflow/example_dags/tutorial_dag.py
[2022-10-08T10:42:55.111+0000] {processor.py:758} INFO - Processing file /home/airflow/.local/lib/python3.7/site-packages/airflow/example_dags/tutorial_dag.py for tasks to queue
[2022-10-08T10:42:55.111+0000] {logging_mixin.py:117} INFO - [2022-10-08T10:42:55.111+0000] {dagbag.py:525} INFO - Filling up the DagBag from /home/airflow/.local/lib/python3.7/site-packages/airflow/example_dags/tutorial_dag.py
[2022-10-08T10:42:55.124+0000] {processor.py:768} INFO - DAG(s) dict_keys(['tutorial_dag']) retrieved from /home/airflow/.local/lib/python3.7/site-packages/airflow/example_dags/tutorial_dag.py
[2022-10-08T10:42:55.160+0000] {logging_mixin.py:117} INFO - [2022-10-08T10:42:55.160+0000] {dag.py:2573} INFO - Sync 1 DAGs
[2022-10-08T10:42:55.184+0000] {logging_mixin.py:117} INFO - [2022-10-08T10:42:55.184+0000] {dag.py:3328} INFO - Setting next_dagrun for tutorial_dag to None, run_after=None
[2022-10-08T10:42:55.201+0000] {processor.py:178} INFO - Processing /home/airflow/.local/lib/python3.7/site-packages/airflow/example_dags/tutorial_dag.py took 0.093 seconds
[2022-10-08T10:43:26.076+0000] {processor.py:156} INFO - Started process (PID=6076) to work on /home/airflow/.local/lib/python3.7/site-packages/airflow/example_dags/tutorial_dag.py
[2022-10-08T10:43:26.077+0000] {processor.py:758} INFO - Processing file /home/airflow/.local/lib/python3.7/site-packages/airflow/example_dags/tutorial_dag.py for tasks to queue
[2022-10-08T10:43:26.077+0000] {logging_mixin.py:117} INFO - [2022-10-08T10:43:26.077+0000] {dagbag.py:525} INFO - Filling up the DagBag from /home/airflow/.local/lib/python3.7/site-packages/airflow/example_dags/tutorial_dag.py
[2022-10-08T10:43:26.090+0000] {processor.py:768} INFO - DAG(s) dict_keys(['tutorial_dag']) retrieved from /home/airflow/.local/lib/python3.7/site-packages/airflow/example_dags/tutorial_dag.py
[2022-10-08T10:43:26.126+0000] {logging_mixin.py:117} INFO - [2022-10-08T10:43:26.126+0000] {dag.py:2573} INFO - Sync 1 DAGs
[2022-10-08T10:43:26.151+0000] {logging_mixin.py:117} INFO - [2022-10-08T10:43:26.151+0000] {dag.py:3328} INFO - Setting next_dagrun for tutorial_dag to None, run_after=None
[2022-10-08T10:43:26.168+0000] {processor.py:178} INFO - Processing /home/airflow/.local/lib/python3.7/site-packages/airflow/example_dags/tutorial_dag.py took 0.095 seconds
[2022-10-08T10:43:56.565+0000] {processor.py:156} INFO - Started process (PID=6284) to work on /home/airflow/.local/lib/python3.7/site-packages/airflow/example_dags/tutorial_dag.py
[2022-10-08T10:43:56.566+0000] {processor.py:758} INFO - Processing file /home/airflow/.local/lib/python3.7/site-packages/airflow/example_dags/tutorial_dag.py for tasks to queue
[2022-10-08T10:43:56.567+0000] {logging_mixin.py:117} INFO - [2022-10-08T10:43:56.567+0000] {dagbag.py:525} INFO - Filling up the DagBag from /home/airflow/.local/lib/python3.7/site-packages/airflow/example_dags/tutorial_dag.py
[2022-10-08T10:43:56.580+0000] {processor.py:768} INFO - DAG(s) dict_keys(['tutorial_dag']) retrieved from /home/airflow/.local/lib/python3.7/site-packages/airflow/example_dags/tutorial_dag.py
[2022-10-08T10:43:56.614+0000] {logging_mixin.py:117} INFO - [2022-10-08T10:43:56.614+0000] {dag.py:2573} INFO - Sync 1 DAGs
[2022-10-08T10:43:56.640+0000] {logging_mixin.py:117} INFO - [2022-10-08T10:43:56.640+0000] {dag.py:3328} INFO - Setting next_dagrun for tutorial_dag to None, run_after=None
[2022-10-08T10:43:56.657+0000] {processor.py:178} INFO - Processing /home/airflow/.local/lib/python3.7/site-packages/airflow/example_dags/tutorial_dag.py took 0.094 seconds
[2022-10-08T10:44:26.974+0000] {processor.py:156} INFO - Started process (PID=6491) to work on /home/airflow/.local/lib/python3.7/site-packages/airflow/example_dags/tutorial_dag.py
[2022-10-08T10:44:26.975+0000] {processor.py:758} INFO - Processing file /home/airflow/.local/lib/python3.7/site-packages/airflow/example_dags/tutorial_dag.py for tasks to queue
[2022-10-08T10:44:26.976+0000] {logging_mixin.py:117} INFO - [2022-10-08T10:44:26.976+0000] {dagbag.py:525} INFO - Filling up the DagBag from /home/airflow/.local/lib/python3.7/site-packages/airflow/example_dags/tutorial_dag.py
[2022-10-08T10:44:26.989+0000] {processor.py:768} INFO - DAG(s) dict_keys(['tutorial_dag']) retrieved from /home/airflow/.local/lib/python3.7/site-packages/airflow/example_dags/tutorial_dag.py
[2022-10-08T10:44:27.026+0000] {logging_mixin.py:117} INFO - [2022-10-08T10:44:27.026+0000] {dag.py:2573} INFO - Sync 1 DAGs
[2022-10-08T10:44:27.052+0000] {logging_mixin.py:117} INFO - [2022-10-08T10:44:27.052+0000] {dag.py:3328} INFO - Setting next_dagrun for tutorial_dag to None, run_after=None
[2022-10-08T10:44:27.070+0000] {processor.py:178} INFO - Processing /home/airflow/.local/lib/python3.7/site-packages/airflow/example_dags/tutorial_dag.py took 0.098 seconds
[2022-10-08T10:44:57.569+0000] {processor.py:156} INFO - Started process (PID=6689) to work on /home/airflow/.local/lib/python3.7/site-packages/airflow/example_dags/tutorial_dag.py
[2022-10-08T10:44:57.570+0000] {processor.py:758} INFO - Processing file /home/airflow/.local/lib/python3.7/site-packages/airflow/example_dags/tutorial_dag.py for tasks to queue
[2022-10-08T10:44:57.570+0000] {logging_mixin.py:117} INFO - [2022-10-08T10:44:57.570+0000] {dagbag.py:525} INFO - Filling up the DagBag from /home/airflow/.local/lib/python3.7/site-packages/airflow/example_dags/tutorial_dag.py
[2022-10-08T10:44:57.584+0000] {processor.py:768} INFO - DAG(s) dict_keys(['tutorial_dag']) retrieved from /home/airflow/.local/lib/python3.7/site-packages/airflow/example_dags/tutorial_dag.py
[2022-10-08T10:44:57.620+0000] {logging_mixin.py:117} INFO - [2022-10-08T10:44:57.620+0000] {dag.py:2573} INFO - Sync 1 DAGs
[2022-10-08T10:44:57.644+0000] {logging_mixin.py:117} INFO - [2022-10-08T10:44:57.644+0000] {dag.py:3328} INFO - Setting next_dagrun for tutorial_dag to None, run_after=None
[2022-10-08T10:44:57.661+0000] {processor.py:178} INFO - Processing /home/airflow/.local/lib/python3.7/site-packages/airflow/example_dags/tutorial_dag.py took 0.095 seconds
[2022-10-08T10:45:28.167+0000] {processor.py:156} INFO - Started process (PID=6896) to work on /home/airflow/.local/lib/python3.7/site-packages/airflow/example_dags/tutorial_dag.py
[2022-10-08T10:45:28.168+0000] {processor.py:758} INFO - Processing file /home/airflow/.local/lib/python3.7/site-packages/airflow/example_dags/tutorial_dag.py for tasks to queue
[2022-10-08T10:45:28.169+0000] {logging_mixin.py:117} INFO - [2022-10-08T10:45:28.169+0000] {dagbag.py:525} INFO - Filling up the DagBag from /home/airflow/.local/lib/python3.7/site-packages/airflow/example_dags/tutorial_dag.py
[2022-10-08T10:45:28.182+0000] {processor.py:768} INFO - DAG(s) dict_keys(['tutorial_dag']) retrieved from /home/airflow/.local/lib/python3.7/site-packages/airflow/example_dags/tutorial_dag.py
[2022-10-08T10:45:28.216+0000] {logging_mixin.py:117} INFO - [2022-10-08T10:45:28.216+0000] {dag.py:2573} INFO - Sync 1 DAGs
[2022-10-08T10:45:28.240+0000] {logging_mixin.py:117} INFO - [2022-10-08T10:45:28.240+0000] {dag.py:3328} INFO - Setting next_dagrun for tutorial_dag to None, run_after=None
[2022-10-08T10:45:28.257+0000] {processor.py:178} INFO - Processing /home/airflow/.local/lib/python3.7/site-packages/airflow/example_dags/tutorial_dag.py took 0.092 seconds
[2022-10-08T10:45:58.704+0000] {processor.py:156} INFO - Started process (PID=7103) to work on /home/airflow/.local/lib/python3.7/site-packages/airflow/example_dags/tutorial_dag.py
[2022-10-08T10:45:58.705+0000] {processor.py:758} INFO - Processing file /home/airflow/.local/lib/python3.7/site-packages/airflow/example_dags/tutorial_dag.py for tasks to queue
[2022-10-08T10:45:58.705+0000] {logging_mixin.py:117} INFO - [2022-10-08T10:45:58.705+0000] {dagbag.py:525} INFO - Filling up the DagBag from /home/airflow/.local/lib/python3.7/site-packages/airflow/example_dags/tutorial_dag.py
[2022-10-08T10:45:58.718+0000] {processor.py:768} INFO - DAG(s) dict_keys(['tutorial_dag']) retrieved from /home/airflow/.local/lib/python3.7/site-packages/airflow/example_dags/tutorial_dag.py
[2022-10-08T10:45:58.755+0000] {logging_mixin.py:117} INFO - [2022-10-08T10:45:58.755+0000] {dag.py:2573} INFO - Sync 1 DAGs
[2022-10-08T10:45:58.781+0000] {logging_mixin.py:117} INFO - [2022-10-08T10:45:58.781+0000] {dag.py:3328} INFO - Setting next_dagrun for tutorial_dag to None, run_after=None
[2022-10-08T10:45:58.800+0000] {processor.py:178} INFO - Processing /home/airflow/.local/lib/python3.7/site-packages/airflow/example_dags/tutorial_dag.py took 0.098 seconds
[2022-10-08T10:46:29.240+0000] {processor.py:156} INFO - Started process (PID=7301) to work on /home/airflow/.local/lib/python3.7/site-packages/airflow/example_dags/tutorial_dag.py
[2022-10-08T10:46:29.241+0000] {processor.py:758} INFO - Processing file /home/airflow/.local/lib/python3.7/site-packages/airflow/example_dags/tutorial_dag.py for tasks to queue
[2022-10-08T10:46:29.241+0000] {logging_mixin.py:117} INFO - [2022-10-08T10:46:29.241+0000] {dagbag.py:525} INFO - Filling up the DagBag from /home/airflow/.local/lib/python3.7/site-packages/airflow/example_dags/tutorial_dag.py
[2022-10-08T10:46:29.255+0000] {processor.py:768} INFO - DAG(s) dict_keys(['tutorial_dag']) retrieved from /home/airflow/.local/lib/python3.7/site-packages/airflow/example_dags/tutorial_dag.py
[2022-10-08T10:46:29.292+0000] {logging_mixin.py:117} INFO - [2022-10-08T10:46:29.292+0000] {dag.py:2573} INFO - Sync 1 DAGs
[2022-10-08T10:46:29.318+0000] {logging_mixin.py:117} INFO - [2022-10-08T10:46:29.318+0000] {dag.py:3328} INFO - Setting next_dagrun for tutorial_dag to None, run_after=None
[2022-10-08T10:46:29.336+0000] {processor.py:178} INFO - Processing /home/airflow/.local/lib/python3.7/site-packages/airflow/example_dags/tutorial_dag.py took 0.099 seconds
[2022-10-08T10:46:59.794+0000] {processor.py:156} INFO - Started process (PID=7510) to work on /home/airflow/.local/lib/python3.7/site-packages/airflow/example_dags/tutorial_dag.py
[2022-10-08T10:46:59.794+0000] {processor.py:758} INFO - Processing file /home/airflow/.local/lib/python3.7/site-packages/airflow/example_dags/tutorial_dag.py for tasks to queue
[2022-10-08T10:46:59.795+0000] {logging_mixin.py:117} INFO - [2022-10-08T10:46:59.795+0000] {dagbag.py:525} INFO - Filling up the DagBag from /home/airflow/.local/lib/python3.7/site-packages/airflow/example_dags/tutorial_dag.py
[2022-10-08T10:46:59.807+0000] {processor.py:768} INFO - DAG(s) dict_keys(['tutorial_dag']) retrieved from /home/airflow/.local/lib/python3.7/site-packages/airflow/example_dags/tutorial_dag.py
[2022-10-08T10:46:59.842+0000] {logging_mixin.py:117} INFO - [2022-10-08T10:46:59.842+0000] {dag.py:2573} INFO - Sync 1 DAGs
[2022-10-08T10:46:59.866+0000] {logging_mixin.py:117} INFO - [2022-10-08T10:46:59.866+0000] {dag.py:3328} INFO - Setting next_dagrun for tutorial_dag to None, run_after=None
[2022-10-08T10:46:59.882+0000] {processor.py:178} INFO - Processing /home/airflow/.local/lib/python3.7/site-packages/airflow/example_dags/tutorial_dag.py took 0.091 seconds
[2022-10-08T10:47:30.381+0000] {processor.py:156} INFO - Started process (PID=7715) to work on /home/airflow/.local/lib/python3.7/site-packages/airflow/example_dags/tutorial_dag.py
[2022-10-08T10:47:30.382+0000] {processor.py:758} INFO - Processing file /home/airflow/.local/lib/python3.7/site-packages/airflow/example_dags/tutorial_dag.py for tasks to queue
[2022-10-08T10:47:30.382+0000] {logging_mixin.py:117} INFO - [2022-10-08T10:47:30.382+0000] {dagbag.py:525} INFO - Filling up the DagBag from /home/airflow/.local/lib/python3.7/site-packages/airflow/example_dags/tutorial_dag.py
[2022-10-08T10:47:30.395+0000] {processor.py:768} INFO - DAG(s) dict_keys(['tutorial_dag']) retrieved from /home/airflow/.local/lib/python3.7/site-packages/airflow/example_dags/tutorial_dag.py
[2022-10-08T10:47:30.430+0000] {logging_mixin.py:117} INFO - [2022-10-08T10:47:30.430+0000] {dag.py:2573} INFO - Sync 1 DAGs
[2022-10-08T10:47:30.455+0000] {logging_mixin.py:117} INFO - [2022-10-08T10:47:30.454+0000] {dag.py:3328} INFO - Setting next_dagrun for tutorial_dag to None, run_after=None
[2022-10-08T10:47:30.472+0000] {processor.py:178} INFO - Processing /home/airflow/.local/lib/python3.7/site-packages/airflow/example_dags/tutorial_dag.py took 0.094 seconds
[2022-10-08T10:48:00.962+0000] {processor.py:156} INFO - Started process (PID=7913) to work on /home/airflow/.local/lib/python3.7/site-packages/airflow/example_dags/tutorial_dag.py
[2022-10-08T10:48:00.963+0000] {processor.py:758} INFO - Processing file /home/airflow/.local/lib/python3.7/site-packages/airflow/example_dags/tutorial_dag.py for tasks to queue
[2022-10-08T10:48:00.964+0000] {logging_mixin.py:117} INFO - [2022-10-08T10:48:00.964+0000] {dagbag.py:525} INFO - Filling up the DagBag from /home/airflow/.local/lib/python3.7/site-packages/airflow/example_dags/tutorial_dag.py
[2022-10-08T10:48:00.977+0000] {processor.py:768} INFO - DAG(s) dict_keys(['tutorial_dag']) retrieved from /home/airflow/.local/lib/python3.7/site-packages/airflow/example_dags/tutorial_dag.py
[2022-10-08T10:48:01.012+0000] {logging_mixin.py:117} INFO - [2022-10-08T10:48:01.012+0000] {dag.py:2573} INFO - Sync 1 DAGs
[2022-10-08T10:48:01.039+0000] {logging_mixin.py:117} INFO - [2022-10-08T10:48:01.039+0000] {dag.py:3328} INFO - Setting next_dagrun for tutorial_dag to None, run_after=None
[2022-10-08T10:48:01.055+0000] {processor.py:178} INFO - Processing /home/airflow/.local/lib/python3.7/site-packages/airflow/example_dags/tutorial_dag.py took 0.095 seconds
[2022-10-08T10:48:31.614+0000] {processor.py:156} INFO - Started process (PID=8120) to work on /home/airflow/.local/lib/python3.7/site-packages/airflow/example_dags/tutorial_dag.py
[2022-10-08T10:48:31.615+0000] {processor.py:758} INFO - Processing file /home/airflow/.local/lib/python3.7/site-packages/airflow/example_dags/tutorial_dag.py for tasks to queue
[2022-10-08T10:48:31.616+0000] {logging_mixin.py:117} INFO - [2022-10-08T10:48:31.616+0000] {dagbag.py:525} INFO - Filling up the DagBag from /home/airflow/.local/lib/python3.7/site-packages/airflow/example_dags/tutorial_dag.py
[2022-10-08T10:48:31.628+0000] {processor.py:768} INFO - DAG(s) dict_keys(['tutorial_dag']) retrieved from /home/airflow/.local/lib/python3.7/site-packages/airflow/example_dags/tutorial_dag.py
[2022-10-08T10:48:31.663+0000] {logging_mixin.py:117} INFO - [2022-10-08T10:48:31.663+0000] {dag.py:2573} INFO - Sync 1 DAGs
[2022-10-08T10:48:31.690+0000] {logging_mixin.py:117} INFO - [2022-10-08T10:48:31.689+0000] {dag.py:3328} INFO - Setting next_dagrun for tutorial_dag to None, run_after=None
[2022-10-08T10:48:31.707+0000] {processor.py:178} INFO - Processing /home/airflow/.local/lib/python3.7/site-packages/airflow/example_dags/tutorial_dag.py took 0.095 seconds
[2022-10-08T10:49:02.407+0000] {processor.py:156} INFO - Started process (PID=8332) to work on /home/airflow/.local/lib/python3.7/site-packages/airflow/example_dags/tutorial_dag.py
[2022-10-08T10:49:02.408+0000] {processor.py:758} INFO - Processing file /home/airflow/.local/lib/python3.7/site-packages/airflow/example_dags/tutorial_dag.py for tasks to queue
[2022-10-08T10:49:02.409+0000] {logging_mixin.py:117} INFO - [2022-10-08T10:49:02.408+0000] {dagbag.py:525} INFO - Filling up the DagBag from /home/airflow/.local/lib/python3.7/site-packages/airflow/example_dags/tutorial_dag.py
[2022-10-08T10:49:02.421+0000] {processor.py:768} INFO - DAG(s) dict_keys(['tutorial_dag']) retrieved from /home/airflow/.local/lib/python3.7/site-packages/airflow/example_dags/tutorial_dag.py
[2022-10-08T10:49:02.456+0000] {logging_mixin.py:117} INFO - [2022-10-08T10:49:02.456+0000] {dag.py:2573} INFO - Sync 1 DAGs
[2022-10-08T10:49:02.479+0000] {logging_mixin.py:117} INFO - [2022-10-08T10:49:02.479+0000] {dag.py:3328} INFO - Setting next_dagrun for tutorial_dag to None, run_after=None
[2022-10-08T10:49:02.495+0000] {processor.py:178} INFO - Processing /home/airflow/.local/lib/python3.7/site-packages/airflow/example_dags/tutorial_dag.py took 0.090 seconds
[2022-10-08T10:49:33.281+0000] {processor.py:156} INFO - Started process (PID=8564) to work on /home/airflow/.local/lib/python3.7/site-packages/airflow/example_dags/tutorial_dag.py
[2022-10-08T10:49:33.282+0000] {processor.py:758} INFO - Processing file /home/airflow/.local/lib/python3.7/site-packages/airflow/example_dags/tutorial_dag.py for tasks to queue
[2022-10-08T10:49:33.283+0000] {logging_mixin.py:117} INFO - [2022-10-08T10:49:33.283+0000] {dagbag.py:525} INFO - Filling up the DagBag from /home/airflow/.local/lib/python3.7/site-packages/airflow/example_dags/tutorial_dag.py
[2022-10-08T10:49:33.296+0000] {processor.py:768} INFO - DAG(s) dict_keys(['tutorial_dag']) retrieved from /home/airflow/.local/lib/python3.7/site-packages/airflow/example_dags/tutorial_dag.py
[2022-10-08T10:49:33.332+0000] {logging_mixin.py:117} INFO - [2022-10-08T10:49:33.332+0000] {dag.py:2573} INFO - Sync 1 DAGs
[2022-10-08T10:49:33.357+0000] {logging_mixin.py:117} INFO - [2022-10-08T10:49:33.357+0000] {dag.py:3328} INFO - Setting next_dagrun for tutorial_dag to None, run_after=None
[2022-10-08T10:49:33.377+0000] {processor.py:178} INFO - Processing /home/airflow/.local/lib/python3.7/site-packages/airflow/example_dags/tutorial_dag.py took 0.098 seconds
[2022-10-08T10:50:03.981+0000] {processor.py:156} INFO - Started process (PID=8782) to work on /home/airflow/.local/lib/python3.7/site-packages/airflow/example_dags/tutorial_dag.py
[2022-10-08T10:50:03.981+0000] {processor.py:758} INFO - Processing file /home/airflow/.local/lib/python3.7/site-packages/airflow/example_dags/tutorial_dag.py for tasks to queue
[2022-10-08T10:50:03.982+0000] {logging_mixin.py:117} INFO - [2022-10-08T10:50:03.982+0000] {dagbag.py:525} INFO - Filling up the DagBag from /home/airflow/.local/lib/python3.7/site-packages/airflow/example_dags/tutorial_dag.py
[2022-10-08T10:50:03.994+0000] {processor.py:768} INFO - DAG(s) dict_keys(['tutorial_dag']) retrieved from /home/airflow/.local/lib/python3.7/site-packages/airflow/example_dags/tutorial_dag.py
[2022-10-08T10:50:04.029+0000] {logging_mixin.py:117} INFO - [2022-10-08T10:50:04.028+0000] {dag.py:2573} INFO - Sync 1 DAGs
[2022-10-08T10:50:04.053+0000] {logging_mixin.py:117} INFO - [2022-10-08T10:50:04.053+0000] {dag.py:3328} INFO - Setting next_dagrun for tutorial_dag to None, run_after=None
[2022-10-08T10:50:04.070+0000] {processor.py:178} INFO - Processing /home/airflow/.local/lib/python3.7/site-packages/airflow/example_dags/tutorial_dag.py took 0.092 seconds
[2022-10-08T10:50:34.643+0000] {processor.py:156} INFO - Started process (PID=8994) to work on /home/airflow/.local/lib/python3.7/site-packages/airflow/example_dags/tutorial_dag.py
[2022-10-08T10:50:34.644+0000] {processor.py:758} INFO - Processing file /home/airflow/.local/lib/python3.7/site-packages/airflow/example_dags/tutorial_dag.py for tasks to queue
[2022-10-08T10:50:34.644+0000] {logging_mixin.py:117} INFO - [2022-10-08T10:50:34.644+0000] {dagbag.py:525} INFO - Filling up the DagBag from /home/airflow/.local/lib/python3.7/site-packages/airflow/example_dags/tutorial_dag.py
[2022-10-08T10:50:34.658+0000] {processor.py:768} INFO - DAG(s) dict_keys(['tutorial_dag']) retrieved from /home/airflow/.local/lib/python3.7/site-packages/airflow/example_dags/tutorial_dag.py
[2022-10-08T10:50:34.696+0000] {logging_mixin.py:117} INFO - [2022-10-08T10:50:34.696+0000] {dag.py:2573} INFO - Sync 1 DAGs
[2022-10-08T10:50:34.720+0000] {logging_mixin.py:117} INFO - [2022-10-08T10:50:34.720+0000] {dag.py:3328} INFO - Setting next_dagrun for tutorial_dag to None, run_after=None
[2022-10-08T10:50:34.737+0000] {processor.py:178} INFO - Processing /home/airflow/.local/lib/python3.7/site-packages/airflow/example_dags/tutorial_dag.py took 0.097 seconds
[2022-10-08T10:51:05.444+0000] {processor.py:156} INFO - Started process (PID=9216) to work on /home/airflow/.local/lib/python3.7/site-packages/airflow/example_dags/tutorial_dag.py
[2022-10-08T10:51:05.444+0000] {processor.py:758} INFO - Processing file /home/airflow/.local/lib/python3.7/site-packages/airflow/example_dags/tutorial_dag.py for tasks to queue
[2022-10-08T10:51:05.445+0000] {logging_mixin.py:117} INFO - [2022-10-08T10:51:05.445+0000] {dagbag.py:525} INFO - Filling up the DagBag from /home/airflow/.local/lib/python3.7/site-packages/airflow/example_dags/tutorial_dag.py
[2022-10-08T10:51:05.463+0000] {processor.py:768} INFO - DAG(s) dict_keys(['tutorial_dag']) retrieved from /home/airflow/.local/lib/python3.7/site-packages/airflow/example_dags/tutorial_dag.py
[2022-10-08T10:51:05.499+0000] {logging_mixin.py:117} INFO - [2022-10-08T10:51:05.498+0000] {dag.py:2573} INFO - Sync 1 DAGs
[2022-10-08T10:51:05.522+0000] {logging_mixin.py:117} INFO - [2022-10-08T10:51:05.522+0000] {dag.py:3328} INFO - Setting next_dagrun for tutorial_dag to None, run_after=None
[2022-10-08T10:51:05.539+0000] {processor.py:178} INFO - Processing /home/airflow/.local/lib/python3.7/site-packages/airflow/example_dags/tutorial_dag.py took 0.097 seconds
[2022-10-08T10:51:35.959+0000] {processor.py:156} INFO - Started process (PID=9419) to work on /home/airflow/.local/lib/python3.7/site-packages/airflow/example_dags/tutorial_dag.py
[2022-10-08T10:51:35.960+0000] {processor.py:758} INFO - Processing file /home/airflow/.local/lib/python3.7/site-packages/airflow/example_dags/tutorial_dag.py for tasks to queue
[2022-10-08T10:51:35.961+0000] {logging_mixin.py:117} INFO - [2022-10-08T10:51:35.961+0000] {dagbag.py:525} INFO - Filling up the DagBag from /home/airflow/.local/lib/python3.7/site-packages/airflow/example_dags/tutorial_dag.py
[2022-10-08T10:51:35.975+0000] {processor.py:768} INFO - DAG(s) dict_keys(['tutorial_dag']) retrieved from /home/airflow/.local/lib/python3.7/site-packages/airflow/example_dags/tutorial_dag.py
[2022-10-08T10:51:36.011+0000] {logging_mixin.py:117} INFO - [2022-10-08T10:51:36.011+0000] {dag.py:2573} INFO - Sync 1 DAGs
[2022-10-08T10:51:36.035+0000] {logging_mixin.py:117} INFO - [2022-10-08T10:51:36.034+0000] {dag.py:3328} INFO - Setting next_dagrun for tutorial_dag to None, run_after=None
[2022-10-08T10:51:36.053+0000] {processor.py:178} INFO - Processing /home/airflow/.local/lib/python3.7/site-packages/airflow/example_dags/tutorial_dag.py took 0.096 seconds
[2022-10-08T10:52:07.009+0000] {processor.py:156} INFO - Started process (PID=9656) to work on /home/airflow/.local/lib/python3.7/site-packages/airflow/example_dags/tutorial_dag.py
[2022-10-08T10:52:07.010+0000] {processor.py:758} INFO - Processing file /home/airflow/.local/lib/python3.7/site-packages/airflow/example_dags/tutorial_dag.py for tasks to queue
[2022-10-08T10:52:07.010+0000] {logging_mixin.py:117} INFO - [2022-10-08T10:52:07.010+0000] {dagbag.py:525} INFO - Filling up the DagBag from /home/airflow/.local/lib/python3.7/site-packages/airflow/example_dags/tutorial_dag.py
[2022-10-08T10:52:07.023+0000] {processor.py:768} INFO - DAG(s) dict_keys(['tutorial_dag']) retrieved from /home/airflow/.local/lib/python3.7/site-packages/airflow/example_dags/tutorial_dag.py
[2022-10-08T10:52:07.063+0000] {logging_mixin.py:117} INFO - [2022-10-08T10:52:07.063+0000] {dag.py:2573} INFO - Sync 1 DAGs
[2022-10-08T10:52:07.088+0000] {logging_mixin.py:117} INFO - [2022-10-08T10:52:07.088+0000] {dag.py:3328} INFO - Setting next_dagrun for tutorial_dag to None, run_after=None
[2022-10-08T10:52:07.104+0000] {processor.py:178} INFO - Processing /home/airflow/.local/lib/python3.7/site-packages/airflow/example_dags/tutorial_dag.py took 0.097 seconds
[2022-10-08T10:52:37.953+0000] {processor.py:156} INFO - Started process (PID=9900) to work on /home/airflow/.local/lib/python3.7/site-packages/airflow/example_dags/tutorial_dag.py
[2022-10-08T10:52:37.954+0000] {processor.py:758} INFO - Processing file /home/airflow/.local/lib/python3.7/site-packages/airflow/example_dags/tutorial_dag.py for tasks to queue
[2022-10-08T10:52:37.955+0000] {logging_mixin.py:117} INFO - [2022-10-08T10:52:37.955+0000] {dagbag.py:525} INFO - Filling up the DagBag from /home/airflow/.local/lib/python3.7/site-packages/airflow/example_dags/tutorial_dag.py
[2022-10-08T10:52:37.967+0000] {processor.py:768} INFO - DAG(s) dict_keys(['tutorial_dag']) retrieved from /home/airflow/.local/lib/python3.7/site-packages/airflow/example_dags/tutorial_dag.py
[2022-10-08T10:52:38.005+0000] {logging_mixin.py:117} INFO - [2022-10-08T10:52:38.005+0000] {dag.py:2573} INFO - Sync 1 DAGs
[2022-10-08T10:52:38.029+0000] {logging_mixin.py:117} INFO - [2022-10-08T10:52:38.029+0000] {dag.py:3328} INFO - Setting next_dagrun for tutorial_dag to None, run_after=None
[2022-10-08T10:52:38.046+0000] {processor.py:178} INFO - Processing /home/airflow/.local/lib/python3.7/site-packages/airflow/example_dags/tutorial_dag.py took 0.095 seconds
[2022-10-08T10:53:09.301+0000] {processor.py:156} INFO - Started process (PID=10127) to work on /home/airflow/.local/lib/python3.7/site-packages/airflow/example_dags/tutorial_dag.py
[2022-10-08T10:53:09.302+0000] {processor.py:758} INFO - Processing file /home/airflow/.local/lib/python3.7/site-packages/airflow/example_dags/tutorial_dag.py for tasks to queue
[2022-10-08T10:53:09.303+0000] {logging_mixin.py:117} INFO - [2022-10-08T10:53:09.303+0000] {dagbag.py:525} INFO - Filling up the DagBag from /home/airflow/.local/lib/python3.7/site-packages/airflow/example_dags/tutorial_dag.py
[2022-10-08T10:53:09.374+0000] {processor.py:768} INFO - DAG(s) dict_keys(['tutorial_dag']) retrieved from /home/airflow/.local/lib/python3.7/site-packages/airflow/example_dags/tutorial_dag.py
[2022-10-08T10:53:09.410+0000] {logging_mixin.py:117} INFO - [2022-10-08T10:53:09.410+0000] {dag.py:2573} INFO - Sync 1 DAGs
[2022-10-08T10:53:09.475+0000] {logging_mixin.py:117} INFO - [2022-10-08T10:53:09.475+0000] {dag.py:3328} INFO - Setting next_dagrun for tutorial_dag to None, run_after=None
[2022-10-08T10:53:09.492+0000] {processor.py:178} INFO - Processing /home/airflow/.local/lib/python3.7/site-packages/airflow/example_dags/tutorial_dag.py took 0.193 seconds
[2022-10-08T10:53:40.164+0000] {processor.py:156} INFO - Started process (PID=10348) to work on /home/airflow/.local/lib/python3.7/site-packages/airflow/example_dags/tutorial_dag.py
[2022-10-08T10:53:40.165+0000] {processor.py:758} INFO - Processing file /home/airflow/.local/lib/python3.7/site-packages/airflow/example_dags/tutorial_dag.py for tasks to queue
[2022-10-08T10:53:40.165+0000] {logging_mixin.py:117} INFO - [2022-10-08T10:53:40.165+0000] {dagbag.py:525} INFO - Filling up the DagBag from /home/airflow/.local/lib/python3.7/site-packages/airflow/example_dags/tutorial_dag.py
[2022-10-08T10:53:40.177+0000] {processor.py:768} INFO - DAG(s) dict_keys(['tutorial_dag']) retrieved from /home/airflow/.local/lib/python3.7/site-packages/airflow/example_dags/tutorial_dag.py
[2022-10-08T10:53:40.253+0000] {logging_mixin.py:117} INFO - [2022-10-08T10:53:40.253+0000] {dag.py:2573} INFO - Sync 1 DAGs
[2022-10-08T10:53:40.280+0000] {logging_mixin.py:117} INFO - [2022-10-08T10:53:40.280+0000] {dag.py:3328} INFO - Setting next_dagrun for tutorial_dag to None, run_after=None
[2022-10-08T10:53:40.298+0000] {processor.py:178} INFO - Processing /home/airflow/.local/lib/python3.7/site-packages/airflow/example_dags/tutorial_dag.py took 0.136 seconds
[2022-10-08T10:54:10.748+0000] {processor.py:156} INFO - Started process (PID=10560) to work on /home/airflow/.local/lib/python3.7/site-packages/airflow/example_dags/tutorial_dag.py
[2022-10-08T10:54:10.749+0000] {processor.py:758} INFO - Processing file /home/airflow/.local/lib/python3.7/site-packages/airflow/example_dags/tutorial_dag.py for tasks to queue
[2022-10-08T10:54:10.749+0000] {logging_mixin.py:117} INFO - [2022-10-08T10:54:10.749+0000] {dagbag.py:525} INFO - Filling up the DagBag from /home/airflow/.local/lib/python3.7/site-packages/airflow/example_dags/tutorial_dag.py
[2022-10-08T10:54:10.761+0000] {processor.py:768} INFO - DAG(s) dict_keys(['tutorial_dag']) retrieved from /home/airflow/.local/lib/python3.7/site-packages/airflow/example_dags/tutorial_dag.py
[2022-10-08T10:54:10.795+0000] {logging_mixin.py:117} INFO - [2022-10-08T10:54:10.795+0000] {dag.py:2573} INFO - Sync 1 DAGs
[2022-10-08T10:54:10.822+0000] {logging_mixin.py:117} INFO - [2022-10-08T10:54:10.822+0000] {dag.py:3328} INFO - Setting next_dagrun for tutorial_dag to None, run_after=None
[2022-10-08T10:54:10.839+0000] {processor.py:178} INFO - Processing /home/airflow/.local/lib/python3.7/site-packages/airflow/example_dags/tutorial_dag.py took 0.094 seconds
[2022-10-08T10:54:41.202+0000] {processor.py:156} INFO - Started process (PID=10782) to work on /home/airflow/.local/lib/python3.7/site-packages/airflow/example_dags/tutorial_dag.py
[2022-10-08T10:54:41.203+0000] {processor.py:758} INFO - Processing file /home/airflow/.local/lib/python3.7/site-packages/airflow/example_dags/tutorial_dag.py for tasks to queue
[2022-10-08T10:54:41.203+0000] {logging_mixin.py:117} INFO - [2022-10-08T10:54:41.203+0000] {dagbag.py:525} INFO - Filling up the DagBag from /home/airflow/.local/lib/python3.7/site-packages/airflow/example_dags/tutorial_dag.py
[2022-10-08T10:54:41.269+0000] {processor.py:768} INFO - DAG(s) dict_keys(['tutorial_dag']) retrieved from /home/airflow/.local/lib/python3.7/site-packages/airflow/example_dags/tutorial_dag.py
[2022-10-08T10:54:41.363+0000] {logging_mixin.py:117} INFO - [2022-10-08T10:54:41.363+0000] {dag.py:2573} INFO - Sync 1 DAGs
[2022-10-08T10:54:41.387+0000] {logging_mixin.py:117} INFO - [2022-10-08T10:54:41.387+0000] {dag.py:3328} INFO - Setting next_dagrun for tutorial_dag to None, run_after=None
[2022-10-08T10:54:41.403+0000] {processor.py:178} INFO - Processing /home/airflow/.local/lib/python3.7/site-packages/airflow/example_dags/tutorial_dag.py took 0.204 seconds
[2022-10-08T10:55:11.543+0000] {processor.py:156} INFO - Started process (PID=10992) to work on /home/airflow/.local/lib/python3.7/site-packages/airflow/example_dags/tutorial_dag.py
[2022-10-08T10:55:11.544+0000] {processor.py:758} INFO - Processing file /home/airflow/.local/lib/python3.7/site-packages/airflow/example_dags/tutorial_dag.py for tasks to queue
[2022-10-08T10:55:11.544+0000] {logging_mixin.py:117} INFO - [2022-10-08T10:55:11.544+0000] {dagbag.py:525} INFO - Filling up the DagBag from /home/airflow/.local/lib/python3.7/site-packages/airflow/example_dags/tutorial_dag.py
[2022-10-08T10:55:11.557+0000] {processor.py:768} INFO - DAG(s) dict_keys(['tutorial_dag']) retrieved from /home/airflow/.local/lib/python3.7/site-packages/airflow/example_dags/tutorial_dag.py
[2022-10-08T10:55:11.592+0000] {logging_mixin.py:117} INFO - [2022-10-08T10:55:11.592+0000] {dag.py:2573} INFO - Sync 1 DAGs
[2022-10-08T10:55:11.616+0000] {logging_mixin.py:117} INFO - [2022-10-08T10:55:11.616+0000] {dag.py:3328} INFO - Setting next_dagrun for tutorial_dag to None, run_after=None
[2022-10-08T10:55:11.632+0000] {processor.py:178} INFO - Processing /home/airflow/.local/lib/python3.7/site-packages/airflow/example_dags/tutorial_dag.py took 0.092 seconds
[2022-10-08T10:55:42.381+0000] {processor.py:156} INFO - Started process (PID=11202) to work on /home/airflow/.local/lib/python3.7/site-packages/airflow/example_dags/tutorial_dag.py
[2022-10-08T10:55:42.382+0000] {processor.py:758} INFO - Processing file /home/airflow/.local/lib/python3.7/site-packages/airflow/example_dags/tutorial_dag.py for tasks to queue
[2022-10-08T10:55:42.382+0000] {logging_mixin.py:117} INFO - [2022-10-08T10:55:42.382+0000] {dagbag.py:525} INFO - Filling up the DagBag from /home/airflow/.local/lib/python3.7/site-packages/airflow/example_dags/tutorial_dag.py
[2022-10-08T10:55:42.395+0000] {processor.py:768} INFO - DAG(s) dict_keys(['tutorial_dag']) retrieved from /home/airflow/.local/lib/python3.7/site-packages/airflow/example_dags/tutorial_dag.py
[2022-10-08T10:55:42.431+0000] {logging_mixin.py:117} INFO - [2022-10-08T10:55:42.431+0000] {dag.py:2573} INFO - Sync 1 DAGs
[2022-10-08T10:55:42.462+0000] {logging_mixin.py:117} INFO - [2022-10-08T10:55:42.462+0000] {dag.py:3328} INFO - Setting next_dagrun for tutorial_dag to None, run_after=None
[2022-10-08T10:55:42.480+0000] {processor.py:178} INFO - Processing /home/airflow/.local/lib/python3.7/site-packages/airflow/example_dags/tutorial_dag.py took 0.101 seconds
[2022-10-08T10:56:13.698+0000] {processor.py:156} INFO - Started process (PID=11414) to work on /home/airflow/.local/lib/python3.7/site-packages/airflow/example_dags/tutorial_dag.py
[2022-10-08T10:56:13.699+0000] {processor.py:758} INFO - Processing file /home/airflow/.local/lib/python3.7/site-packages/airflow/example_dags/tutorial_dag.py for tasks to queue
[2022-10-08T10:56:13.699+0000] {logging_mixin.py:117} INFO - [2022-10-08T10:56:13.699+0000] {dagbag.py:525} INFO - Filling up the DagBag from /home/airflow/.local/lib/python3.7/site-packages/airflow/example_dags/tutorial_dag.py
[2022-10-08T10:56:13.771+0000] {processor.py:768} INFO - DAG(s) dict_keys(['tutorial_dag']) retrieved from /home/airflow/.local/lib/python3.7/site-packages/airflow/example_dags/tutorial_dag.py
[2022-10-08T10:56:13.807+0000] {logging_mixin.py:117} INFO - [2022-10-08T10:56:13.807+0000] {dag.py:2573} INFO - Sync 1 DAGs
[2022-10-08T10:56:13.833+0000] {logging_mixin.py:117} INFO - [2022-10-08T10:56:13.833+0000] {dag.py:3328} INFO - Setting next_dagrun for tutorial_dag to None, run_after=None
[2022-10-08T10:56:13.874+0000] {processor.py:178} INFO - Processing /home/airflow/.local/lib/python3.7/site-packages/airflow/example_dags/tutorial_dag.py took 0.178 seconds
[2022-10-08T10:56:44.606+0000] {processor.py:156} INFO - Started process (PID=11619) to work on /home/airflow/.local/lib/python3.7/site-packages/airflow/example_dags/tutorial_dag.py
[2022-10-08T10:56:44.607+0000] {processor.py:758} INFO - Processing file /home/airflow/.local/lib/python3.7/site-packages/airflow/example_dags/tutorial_dag.py for tasks to queue
[2022-10-08T10:56:44.608+0000] {logging_mixin.py:117} INFO - [2022-10-08T10:56:44.608+0000] {dagbag.py:525} INFO - Filling up the DagBag from /home/airflow/.local/lib/python3.7/site-packages/airflow/example_dags/tutorial_dag.py
[2022-10-08T10:56:44.621+0000] {processor.py:768} INFO - DAG(s) dict_keys(['tutorial_dag']) retrieved from /home/airflow/.local/lib/python3.7/site-packages/airflow/example_dags/tutorial_dag.py
[2022-10-08T10:56:44.672+0000] {logging_mixin.py:117} INFO - [2022-10-08T10:56:44.671+0000] {dag.py:2573} INFO - Sync 1 DAGs
[2022-10-08T10:56:44.697+0000] {logging_mixin.py:117} INFO - [2022-10-08T10:56:44.697+0000] {dag.py:3328} INFO - Setting next_dagrun for tutorial_dag to None, run_after=None
[2022-10-08T10:56:44.714+0000] {processor.py:178} INFO - Processing /home/airflow/.local/lib/python3.7/site-packages/airflow/example_dags/tutorial_dag.py took 0.110 seconds
[2022-10-08T10:57:15.093+0000] {processor.py:156} INFO - Started process (PID=11839) to work on /home/airflow/.local/lib/python3.7/site-packages/airflow/example_dags/tutorial_dag.py
[2022-10-08T10:57:15.093+0000] {processor.py:758} INFO - Processing file /home/airflow/.local/lib/python3.7/site-packages/airflow/example_dags/tutorial_dag.py for tasks to queue
[2022-10-08T10:57:15.094+0000] {logging_mixin.py:117} INFO - [2022-10-08T10:57:15.094+0000] {dagbag.py:525} INFO - Filling up the DagBag from /home/airflow/.local/lib/python3.7/site-packages/airflow/example_dags/tutorial_dag.py
[2022-10-08T10:57:15.107+0000] {processor.py:768} INFO - DAG(s) dict_keys(['tutorial_dag']) retrieved from /home/airflow/.local/lib/python3.7/site-packages/airflow/example_dags/tutorial_dag.py
[2022-10-08T10:57:15.142+0000] {logging_mixin.py:117} INFO - [2022-10-08T10:57:15.142+0000] {dag.py:2573} INFO - Sync 1 DAGs
[2022-10-08T10:57:15.176+0000] {logging_mixin.py:117} INFO - [2022-10-08T10:57:15.175+0000] {dag.py:3328} INFO - Setting next_dagrun for tutorial_dag to None, run_after=None
[2022-10-08T10:57:15.193+0000] {processor.py:178} INFO - Processing /home/airflow/.local/lib/python3.7/site-packages/airflow/example_dags/tutorial_dag.py took 0.103 seconds
[2022-10-08T10:57:45.670+0000] {processor.py:156} INFO - Started process (PID=12051) to work on /home/airflow/.local/lib/python3.7/site-packages/airflow/example_dags/tutorial_dag.py
[2022-10-08T10:57:45.671+0000] {processor.py:758} INFO - Processing file /home/airflow/.local/lib/python3.7/site-packages/airflow/example_dags/tutorial_dag.py for tasks to queue
[2022-10-08T10:57:45.672+0000] {logging_mixin.py:117} INFO - [2022-10-08T10:57:45.671+0000] {dagbag.py:525} INFO - Filling up the DagBag from /home/airflow/.local/lib/python3.7/site-packages/airflow/example_dags/tutorial_dag.py
[2022-10-08T10:57:45.685+0000] {processor.py:768} INFO - DAG(s) dict_keys(['tutorial_dag']) retrieved from /home/airflow/.local/lib/python3.7/site-packages/airflow/example_dags/tutorial_dag.py
[2022-10-08T10:57:45.721+0000] {logging_mixin.py:117} INFO - [2022-10-08T10:57:45.720+0000] {dag.py:2573} INFO - Sync 1 DAGs
[2022-10-08T10:57:45.745+0000] {logging_mixin.py:117} INFO - [2022-10-08T10:57:45.744+0000] {dag.py:3328} INFO - Setting next_dagrun for tutorial_dag to None, run_after=None
[2022-10-08T10:57:45.772+0000] {processor.py:178} INFO - Processing /home/airflow/.local/lib/python3.7/site-packages/airflow/example_dags/tutorial_dag.py took 0.105 seconds
[2022-10-08T10:58:16.811+0000] {processor.py:156} INFO - Started process (PID=12255) to work on /home/airflow/.local/lib/python3.7/site-packages/airflow/example_dags/tutorial_dag.py
[2022-10-08T10:58:16.812+0000] {processor.py:758} INFO - Processing file /home/airflow/.local/lib/python3.7/site-packages/airflow/example_dags/tutorial_dag.py for tasks to queue
[2022-10-08T10:58:16.812+0000] {logging_mixin.py:117} INFO - [2022-10-08T10:58:16.812+0000] {dagbag.py:525} INFO - Filling up the DagBag from /home/airflow/.local/lib/python3.7/site-packages/airflow/example_dags/tutorial_dag.py
[2022-10-08T10:58:16.825+0000] {processor.py:768} INFO - DAG(s) dict_keys(['tutorial_dag']) retrieved from /home/airflow/.local/lib/python3.7/site-packages/airflow/example_dags/tutorial_dag.py
[2022-10-08T10:58:16.878+0000] {logging_mixin.py:117} INFO - [2022-10-08T10:58:16.878+0000] {dag.py:2573} INFO - Sync 1 DAGs
[2022-10-08T10:58:16.904+0000] {logging_mixin.py:117} INFO - [2022-10-08T10:58:16.903+0000] {dag.py:3328} INFO - Setting next_dagrun for tutorial_dag to None, run_after=None
[2022-10-08T10:58:16.920+0000] {processor.py:178} INFO - Processing /home/airflow/.local/lib/python3.7/site-packages/airflow/example_dags/tutorial_dag.py took 0.112 seconds
[2022-10-08T10:58:47.668+0000] {processor.py:156} INFO - Started process (PID=12477) to work on /home/airflow/.local/lib/python3.7/site-packages/airflow/example_dags/tutorial_dag.py
[2022-10-08T10:58:47.669+0000] {processor.py:758} INFO - Processing file /home/airflow/.local/lib/python3.7/site-packages/airflow/example_dags/tutorial_dag.py for tasks to queue
[2022-10-08T10:58:47.669+0000] {logging_mixin.py:117} INFO - [2022-10-08T10:58:47.669+0000] {dagbag.py:525} INFO - Filling up the DagBag from /home/airflow/.local/lib/python3.7/site-packages/airflow/example_dags/tutorial_dag.py
[2022-10-08T10:58:47.682+0000] {processor.py:768} INFO - DAG(s) dict_keys(['tutorial_dag']) retrieved from /home/airflow/.local/lib/python3.7/site-packages/airflow/example_dags/tutorial_dag.py
[2022-10-08T10:58:47.717+0000] {logging_mixin.py:117} INFO - [2022-10-08T10:58:47.717+0000] {dag.py:2573} INFO - Sync 1 DAGs
[2022-10-08T10:58:47.741+0000] {logging_mixin.py:117} INFO - [2022-10-08T10:58:47.741+0000] {dag.py:3328} INFO - Setting next_dagrun for tutorial_dag to None, run_after=None
[2022-10-08T10:58:47.766+0000] {processor.py:178} INFO - Processing /home/airflow/.local/lib/python3.7/site-packages/airflow/example_dags/tutorial_dag.py took 0.100 seconds
[2022-10-08T10:59:18.118+0000] {processor.py:156} INFO - Started process (PID=12719) to work on /home/airflow/.local/lib/python3.7/site-packages/airflow/example_dags/tutorial_dag.py
[2022-10-08T10:59:18.118+0000] {processor.py:758} INFO - Processing file /home/airflow/.local/lib/python3.7/site-packages/airflow/example_dags/tutorial_dag.py for tasks to queue
[2022-10-08T10:59:18.119+0000] {logging_mixin.py:117} INFO - [2022-10-08T10:59:18.119+0000] {dagbag.py:525} INFO - Filling up the DagBag from /home/airflow/.local/lib/python3.7/site-packages/airflow/example_dags/tutorial_dag.py
[2022-10-08T10:59:18.132+0000] {processor.py:768} INFO - DAG(s) dict_keys(['tutorial_dag']) retrieved from /home/airflow/.local/lib/python3.7/site-packages/airflow/example_dags/tutorial_dag.py
[2022-10-08T10:59:18.177+0000] {logging_mixin.py:117} INFO - [2022-10-08T10:59:18.177+0000] {dag.py:2573} INFO - Sync 1 DAGs
[2022-10-08T10:59:18.202+0000] {logging_mixin.py:117} INFO - [2022-10-08T10:59:18.202+0000] {dag.py:3328} INFO - Setting next_dagrun for tutorial_dag to None, run_after=None
[2022-10-08T10:59:18.221+0000] {processor.py:178} INFO - Processing /home/airflow/.local/lib/python3.7/site-packages/airflow/example_dags/tutorial_dag.py took 0.105 seconds
[2022-10-08T10:59:49.176+0000] {processor.py:156} INFO - Started process (PID=12929) to work on /home/airflow/.local/lib/python3.7/site-packages/airflow/example_dags/tutorial_dag.py
[2022-10-08T10:59:49.177+0000] {processor.py:758} INFO - Processing file /home/airflow/.local/lib/python3.7/site-packages/airflow/example_dags/tutorial_dag.py for tasks to queue
[2022-10-08T10:59:49.178+0000] {logging_mixin.py:117} INFO - [2022-10-08T10:59:49.178+0000] {dagbag.py:525} INFO - Filling up the DagBag from /home/airflow/.local/lib/python3.7/site-packages/airflow/example_dags/tutorial_dag.py
[2022-10-08T10:59:49.191+0000] {processor.py:768} INFO - DAG(s) dict_keys(['tutorial_dag']) retrieved from /home/airflow/.local/lib/python3.7/site-packages/airflow/example_dags/tutorial_dag.py
[2022-10-08T10:59:49.226+0000] {logging_mixin.py:117} INFO - [2022-10-08T10:59:49.226+0000] {dag.py:2573} INFO - Sync 1 DAGs
[2022-10-08T10:59:49.252+0000] {logging_mixin.py:117} INFO - [2022-10-08T10:59:49.252+0000] {dag.py:3328} INFO - Setting next_dagrun for tutorial_dag to None, run_after=None
[2022-10-08T10:59:49.276+0000] {processor.py:178} INFO - Processing /home/airflow/.local/lib/python3.7/site-packages/airflow/example_dags/tutorial_dag.py took 0.102 seconds
[2022-10-08T11:00:19.972+0000] {processor.py:156} INFO - Started process (PID=13139) to work on /home/airflow/.local/lib/python3.7/site-packages/airflow/example_dags/tutorial_dag.py
[2022-10-08T11:00:19.973+0000] {processor.py:758} INFO - Processing file /home/airflow/.local/lib/python3.7/site-packages/airflow/example_dags/tutorial_dag.py for tasks to queue
[2022-10-08T11:00:19.974+0000] {logging_mixin.py:117} INFO - [2022-10-08T11:00:19.973+0000] {dagbag.py:525} INFO - Filling up the DagBag from /home/airflow/.local/lib/python3.7/site-packages/airflow/example_dags/tutorial_dag.py
[2022-10-08T11:00:19.987+0000] {processor.py:768} INFO - DAG(s) dict_keys(['tutorial_dag']) retrieved from /home/airflow/.local/lib/python3.7/site-packages/airflow/example_dags/tutorial_dag.py
[2022-10-08T11:00:20.023+0000] {logging_mixin.py:117} INFO - [2022-10-08T11:00:20.023+0000] {dag.py:2573} INFO - Sync 1 DAGs
[2022-10-08T11:00:20.049+0000] {logging_mixin.py:117} INFO - [2022-10-08T11:00:20.049+0000] {dag.py:3328} INFO - Setting next_dagrun for tutorial_dag to None, run_after=None
[2022-10-08T11:00:20.065+0000] {processor.py:178} INFO - Processing /home/airflow/.local/lib/python3.7/site-packages/airflow/example_dags/tutorial_dag.py took 0.097 seconds
[2022-10-08T11:00:50.396+0000] {processor.py:156} INFO - Started process (PID=13353) to work on /home/airflow/.local/lib/python3.7/site-packages/airflow/example_dags/tutorial_dag.py
[2022-10-08T11:00:50.397+0000] {processor.py:758} INFO - Processing file /home/airflow/.local/lib/python3.7/site-packages/airflow/example_dags/tutorial_dag.py for tasks to queue
[2022-10-08T11:00:50.398+0000] {logging_mixin.py:117} INFO - [2022-10-08T11:00:50.397+0000] {dagbag.py:525} INFO - Filling up the DagBag from /home/airflow/.local/lib/python3.7/site-packages/airflow/example_dags/tutorial_dag.py
[2022-10-08T11:00:50.410+0000] {processor.py:768} INFO - DAG(s) dict_keys(['tutorial_dag']) retrieved from /home/airflow/.local/lib/python3.7/site-packages/airflow/example_dags/tutorial_dag.py
[2022-10-08T11:00:50.446+0000] {logging_mixin.py:117} INFO - [2022-10-08T11:00:50.446+0000] {dag.py:2573} INFO - Sync 1 DAGs
[2022-10-08T11:00:50.470+0000] {logging_mixin.py:117} INFO - [2022-10-08T11:00:50.470+0000] {dag.py:3328} INFO - Setting next_dagrun for tutorial_dag to None, run_after=None
[2022-10-08T11:00:50.487+0000] {processor.py:178} INFO - Processing /home/airflow/.local/lib/python3.7/site-packages/airflow/example_dags/tutorial_dag.py took 0.093 seconds
[2022-10-08T11:01:20.723+0000] {processor.py:156} INFO - Started process (PID=13554) to work on /home/airflow/.local/lib/python3.7/site-packages/airflow/example_dags/tutorial_dag.py
[2022-10-08T11:01:20.723+0000] {processor.py:758} INFO - Processing file /home/airflow/.local/lib/python3.7/site-packages/airflow/example_dags/tutorial_dag.py for tasks to queue
[2022-10-08T11:01:20.724+0000] {logging_mixin.py:117} INFO - [2022-10-08T11:01:20.724+0000] {dagbag.py:525} INFO - Filling up the DagBag from /home/airflow/.local/lib/python3.7/site-packages/airflow/example_dags/tutorial_dag.py
[2022-10-08T11:01:20.735+0000] {processor.py:768} INFO - DAG(s) dict_keys(['tutorial_dag']) retrieved from /home/airflow/.local/lib/python3.7/site-packages/airflow/example_dags/tutorial_dag.py
[2022-10-08T11:01:20.769+0000] {logging_mixin.py:117} INFO - [2022-10-08T11:01:20.769+0000] {dag.py:2573} INFO - Sync 1 DAGs
[2022-10-08T11:01:20.793+0000] {logging_mixin.py:117} INFO - [2022-10-08T11:01:20.793+0000] {dag.py:3328} INFO - Setting next_dagrun for tutorial_dag to None, run_after=None
[2022-10-08T11:01:20.810+0000] {processor.py:178} INFO - Processing /home/airflow/.local/lib/python3.7/site-packages/airflow/example_dags/tutorial_dag.py took 0.090 seconds
[2022-10-08T11:01:51.327+0000] {processor.py:156} INFO - Started process (PID=13768) to work on /home/airflow/.local/lib/python3.7/site-packages/airflow/example_dags/tutorial_dag.py
[2022-10-08T11:01:51.328+0000] {processor.py:758} INFO - Processing file /home/airflow/.local/lib/python3.7/site-packages/airflow/example_dags/tutorial_dag.py for tasks to queue
[2022-10-08T11:01:51.328+0000] {logging_mixin.py:117} INFO - [2022-10-08T11:01:51.328+0000] {dagbag.py:525} INFO - Filling up the DagBag from /home/airflow/.local/lib/python3.7/site-packages/airflow/example_dags/tutorial_dag.py
[2022-10-08T11:01:51.340+0000] {processor.py:768} INFO - DAG(s) dict_keys(['tutorial_dag']) retrieved from /home/airflow/.local/lib/python3.7/site-packages/airflow/example_dags/tutorial_dag.py
[2022-10-08T11:01:51.375+0000] {logging_mixin.py:117} INFO - [2022-10-08T11:01:51.375+0000] {dag.py:2573} INFO - Sync 1 DAGs
[2022-10-08T11:01:51.402+0000] {logging_mixin.py:117} INFO - [2022-10-08T11:01:51.402+0000] {dag.py:3328} INFO - Setting next_dagrun for tutorial_dag to None, run_after=None
[2022-10-08T11:01:51.419+0000] {processor.py:178} INFO - Processing /home/airflow/.local/lib/python3.7/site-packages/airflow/example_dags/tutorial_dag.py took 0.095 seconds
[2022-10-08T11:02:22.169+0000] {processor.py:156} INFO - Started process (PID=13980) to work on /home/airflow/.local/lib/python3.7/site-packages/airflow/example_dags/tutorial_dag.py
[2022-10-08T11:02:22.170+0000] {processor.py:758} INFO - Processing file /home/airflow/.local/lib/python3.7/site-packages/airflow/example_dags/tutorial_dag.py for tasks to queue
[2022-10-08T11:02:22.171+0000] {logging_mixin.py:117} INFO - [2022-10-08T11:02:22.171+0000] {dagbag.py:525} INFO - Filling up the DagBag from /home/airflow/.local/lib/python3.7/site-packages/airflow/example_dags/tutorial_dag.py
[2022-10-08T11:02:22.184+0000] {processor.py:768} INFO - DAG(s) dict_keys(['tutorial_dag']) retrieved from /home/airflow/.local/lib/python3.7/site-packages/airflow/example_dags/tutorial_dag.py
[2022-10-08T11:02:22.219+0000] {logging_mixin.py:117} INFO - [2022-10-08T11:02:22.219+0000] {dag.py:2573} INFO - Sync 1 DAGs
[2022-10-08T11:02:22.245+0000] {logging_mixin.py:117} INFO - [2022-10-08T11:02:22.245+0000] {dag.py:3328} INFO - Setting next_dagrun for tutorial_dag to None, run_after=None
[2022-10-08T11:02:22.261+0000] {processor.py:178} INFO - Processing /home/airflow/.local/lib/python3.7/site-packages/airflow/example_dags/tutorial_dag.py took 0.094 seconds
[2022-10-08T11:02:53.124+0000] {processor.py:156} INFO - Started process (PID=14183) to work on /home/airflow/.local/lib/python3.7/site-packages/airflow/example_dags/tutorial_dag.py
[2022-10-08T11:02:53.125+0000] {processor.py:758} INFO - Processing file /home/airflow/.local/lib/python3.7/site-packages/airflow/example_dags/tutorial_dag.py for tasks to queue
[2022-10-08T11:02:53.126+0000] {logging_mixin.py:117} INFO - [2022-10-08T11:02:53.125+0000] {dagbag.py:525} INFO - Filling up the DagBag from /home/airflow/.local/lib/python3.7/site-packages/airflow/example_dags/tutorial_dag.py
[2022-10-08T11:02:53.138+0000] {processor.py:768} INFO - DAG(s) dict_keys(['tutorial_dag']) retrieved from /home/airflow/.local/lib/python3.7/site-packages/airflow/example_dags/tutorial_dag.py
[2022-10-08T11:02:53.173+0000] {logging_mixin.py:117} INFO - [2022-10-08T11:02:53.173+0000] {dag.py:2573} INFO - Sync 1 DAGs
[2022-10-08T11:02:53.197+0000] {logging_mixin.py:117} INFO - [2022-10-08T11:02:53.197+0000] {dag.py:3328} INFO - Setting next_dagrun for tutorial_dag to None, run_after=None
[2022-10-08T11:02:53.213+0000] {processor.py:178} INFO - Processing /home/airflow/.local/lib/python3.7/site-packages/airflow/example_dags/tutorial_dag.py took 0.091 seconds
[2022-10-08T11:03:23.514+0000] {processor.py:156} INFO - Started process (PID=14396) to work on /home/airflow/.local/lib/python3.7/site-packages/airflow/example_dags/tutorial_dag.py
[2022-10-08T11:03:23.515+0000] {processor.py:758} INFO - Processing file /home/airflow/.local/lib/python3.7/site-packages/airflow/example_dags/tutorial_dag.py for tasks to queue
[2022-10-08T11:03:23.516+0000] {logging_mixin.py:117} INFO - [2022-10-08T11:03:23.516+0000] {dagbag.py:525} INFO - Filling up the DagBag from /home/airflow/.local/lib/python3.7/site-packages/airflow/example_dags/tutorial_dag.py
[2022-10-08T11:03:23.529+0000] {processor.py:768} INFO - DAG(s) dict_keys(['tutorial_dag']) retrieved from /home/airflow/.local/lib/python3.7/site-packages/airflow/example_dags/tutorial_dag.py
[2022-10-08T11:03:23.565+0000] {logging_mixin.py:117} INFO - [2022-10-08T11:03:23.565+0000] {dag.py:2573} INFO - Sync 1 DAGs
[2022-10-08T11:03:23.589+0000] {logging_mixin.py:117} INFO - [2022-10-08T11:03:23.589+0000] {dag.py:3328} INFO - Setting next_dagrun for tutorial_dag to None, run_after=None
[2022-10-08T11:03:23.606+0000] {processor.py:178} INFO - Processing /home/airflow/.local/lib/python3.7/site-packages/airflow/example_dags/tutorial_dag.py took 0.094 seconds
[2022-10-08T11:03:54.351+0000] {processor.py:156} INFO - Started process (PID=14608) to work on /home/airflow/.local/lib/python3.7/site-packages/airflow/example_dags/tutorial_dag.py
[2022-10-08T11:03:54.351+0000] {processor.py:758} INFO - Processing file /home/airflow/.local/lib/python3.7/site-packages/airflow/example_dags/tutorial_dag.py for tasks to queue
[2022-10-08T11:03:54.352+0000] {logging_mixin.py:117} INFO - [2022-10-08T11:03:54.352+0000] {dagbag.py:525} INFO - Filling up the DagBag from /home/airflow/.local/lib/python3.7/site-packages/airflow/example_dags/tutorial_dag.py
[2022-10-08T11:03:54.365+0000] {processor.py:768} INFO - DAG(s) dict_keys(['tutorial_dag']) retrieved from /home/airflow/.local/lib/python3.7/site-packages/airflow/example_dags/tutorial_dag.py
[2022-10-08T11:03:54.401+0000] {logging_mixin.py:117} INFO - [2022-10-08T11:03:54.400+0000] {dag.py:2573} INFO - Sync 1 DAGs
[2022-10-08T11:03:54.428+0000] {logging_mixin.py:117} INFO - [2022-10-08T11:03:54.428+0000] {dag.py:3328} INFO - Setting next_dagrun for tutorial_dag to None, run_after=None
[2022-10-08T11:03:54.447+0000] {processor.py:178} INFO - Processing /home/airflow/.local/lib/python3.7/site-packages/airflow/example_dags/tutorial_dag.py took 0.099 seconds
[2022-10-08T11:04:24.906+0000] {processor.py:156} INFO - Started process (PID=14816) to work on /home/airflow/.local/lib/python3.7/site-packages/airflow/example_dags/tutorial_dag.py
[2022-10-08T11:04:24.907+0000] {processor.py:758} INFO - Processing file /home/airflow/.local/lib/python3.7/site-packages/airflow/example_dags/tutorial_dag.py for tasks to queue
[2022-10-08T11:04:24.908+0000] {logging_mixin.py:117} INFO - [2022-10-08T11:04:24.908+0000] {dagbag.py:525} INFO - Filling up the DagBag from /home/airflow/.local/lib/python3.7/site-packages/airflow/example_dags/tutorial_dag.py
[2022-10-08T11:04:24.922+0000] {processor.py:768} INFO - DAG(s) dict_keys(['tutorial_dag']) retrieved from /home/airflow/.local/lib/python3.7/site-packages/airflow/example_dags/tutorial_dag.py
[2022-10-08T11:04:24.959+0000] {logging_mixin.py:117} INFO - [2022-10-08T11:04:24.959+0000] {dag.py:2573} INFO - Sync 1 DAGs
[2022-10-08T11:04:24.984+0000] {logging_mixin.py:117} INFO - [2022-10-08T11:04:24.984+0000] {dag.py:3328} INFO - Setting next_dagrun for tutorial_dag to None, run_after=None
[2022-10-08T11:04:25.000+0000] {processor.py:178} INFO - Processing /home/airflow/.local/lib/python3.7/site-packages/airflow/example_dags/tutorial_dag.py took 0.096 seconds
[2022-10-08T11:04:55.391+0000] {processor.py:156} INFO - Started process (PID=15021) to work on /home/airflow/.local/lib/python3.7/site-packages/airflow/example_dags/tutorial_dag.py
[2022-10-08T11:04:55.391+0000] {processor.py:758} INFO - Processing file /home/airflow/.local/lib/python3.7/site-packages/airflow/example_dags/tutorial_dag.py for tasks to queue
[2022-10-08T11:04:55.392+0000] {logging_mixin.py:117} INFO - [2022-10-08T11:04:55.392+0000] {dagbag.py:525} INFO - Filling up the DagBag from /home/airflow/.local/lib/python3.7/site-packages/airflow/example_dags/tutorial_dag.py
[2022-10-08T11:04:55.405+0000] {processor.py:768} INFO - DAG(s) dict_keys(['tutorial_dag']) retrieved from /home/airflow/.local/lib/python3.7/site-packages/airflow/example_dags/tutorial_dag.py
[2022-10-08T11:04:55.440+0000] {logging_mixin.py:117} INFO - [2022-10-08T11:04:55.440+0000] {dag.py:2573} INFO - Sync 1 DAGs
[2022-10-08T11:04:55.464+0000] {logging_mixin.py:117} INFO - [2022-10-08T11:04:55.464+0000] {dag.py:3328} INFO - Setting next_dagrun for tutorial_dag to None, run_after=None
[2022-10-08T11:04:55.481+0000] {processor.py:178} INFO - Processing /home/airflow/.local/lib/python3.7/site-packages/airflow/example_dags/tutorial_dag.py took 0.092 seconds
[2022-10-08T11:05:26.312+0000] {processor.py:156} INFO - Started process (PID=15235) to work on /home/airflow/.local/lib/python3.7/site-packages/airflow/example_dags/tutorial_dag.py
[2022-10-08T11:05:26.313+0000] {processor.py:758} INFO - Processing file /home/airflow/.local/lib/python3.7/site-packages/airflow/example_dags/tutorial_dag.py for tasks to queue
[2022-10-08T11:05:26.314+0000] {logging_mixin.py:117} INFO - [2022-10-08T11:05:26.313+0000] {dagbag.py:525} INFO - Filling up the DagBag from /home/airflow/.local/lib/python3.7/site-packages/airflow/example_dags/tutorial_dag.py
[2022-10-08T11:05:26.326+0000] {processor.py:768} INFO - DAG(s) dict_keys(['tutorial_dag']) retrieved from /home/airflow/.local/lib/python3.7/site-packages/airflow/example_dags/tutorial_dag.py
[2022-10-08T11:05:26.362+0000] {logging_mixin.py:117} INFO - [2022-10-08T11:05:26.361+0000] {dag.py:2573} INFO - Sync 1 DAGs
[2022-10-08T11:05:26.386+0000] {logging_mixin.py:117} INFO - [2022-10-08T11:05:26.386+0000] {dag.py:3328} INFO - Setting next_dagrun for tutorial_dag to None, run_after=None
[2022-10-08T11:05:26.408+0000] {processor.py:178} INFO - Processing /home/airflow/.local/lib/python3.7/site-packages/airflow/example_dags/tutorial_dag.py took 0.097 seconds
[2022-10-08T11:05:56.553+0000] {processor.py:156} INFO - Started process (PID=15465) to work on /home/airflow/.local/lib/python3.7/site-packages/airflow/example_dags/tutorial_dag.py
[2022-10-08T11:05:56.554+0000] {processor.py:758} INFO - Processing file /home/airflow/.local/lib/python3.7/site-packages/airflow/example_dags/tutorial_dag.py for tasks to queue
[2022-10-08T11:05:56.554+0000] {logging_mixin.py:117} INFO - [2022-10-08T11:05:56.554+0000] {dagbag.py:525} INFO - Filling up the DagBag from /home/airflow/.local/lib/python3.7/site-packages/airflow/example_dags/tutorial_dag.py
[2022-10-08T11:05:56.568+0000] {processor.py:768} INFO - DAG(s) dict_keys(['tutorial_dag']) retrieved from /home/airflow/.local/lib/python3.7/site-packages/airflow/example_dags/tutorial_dag.py
[2022-10-08T11:05:56.613+0000] {logging_mixin.py:117} INFO - [2022-10-08T11:05:56.613+0000] {dag.py:2573} INFO - Sync 1 DAGs
[2022-10-08T11:05:56.654+0000] {logging_mixin.py:117} INFO - [2022-10-08T11:05:56.654+0000] {dag.py:3328} INFO - Setting next_dagrun for tutorial_dag to None, run_after=None
[2022-10-08T11:05:56.679+0000] {processor.py:178} INFO - Processing /home/airflow/.local/lib/python3.7/site-packages/airflow/example_dags/tutorial_dag.py took 0.129 seconds
[2022-10-08T11:06:27.401+0000] {processor.py:156} INFO - Started process (PID=15670) to work on /home/airflow/.local/lib/python3.7/site-packages/airflow/example_dags/tutorial_dag.py
[2022-10-08T11:06:27.402+0000] {processor.py:758} INFO - Processing file /home/airflow/.local/lib/python3.7/site-packages/airflow/example_dags/tutorial_dag.py for tasks to queue
[2022-10-08T11:06:27.402+0000] {logging_mixin.py:117} INFO - [2022-10-08T11:06:27.402+0000] {dagbag.py:525} INFO - Filling up the DagBag from /home/airflow/.local/lib/python3.7/site-packages/airflow/example_dags/tutorial_dag.py
[2022-10-08T11:06:27.415+0000] {processor.py:768} INFO - DAG(s) dict_keys(['tutorial_dag']) retrieved from /home/airflow/.local/lib/python3.7/site-packages/airflow/example_dags/tutorial_dag.py
[2022-10-08T11:06:27.449+0000] {logging_mixin.py:117} INFO - [2022-10-08T11:06:27.449+0000] {dag.py:2573} INFO - Sync 1 DAGs
[2022-10-08T11:06:27.474+0000] {logging_mixin.py:117} INFO - [2022-10-08T11:06:27.474+0000] {dag.py:3328} INFO - Setting next_dagrun for tutorial_dag to None, run_after=None
[2022-10-08T11:06:27.491+0000] {processor.py:178} INFO - Processing /home/airflow/.local/lib/python3.7/site-packages/airflow/example_dags/tutorial_dag.py took 0.092 seconds
[2022-10-08T11:06:57.735+0000] {processor.py:156} INFO - Started process (PID=15880) to work on /home/airflow/.local/lib/python3.7/site-packages/airflow/example_dags/tutorial_dag.py
[2022-10-08T11:06:57.736+0000] {processor.py:758} INFO - Processing file /home/airflow/.local/lib/python3.7/site-packages/airflow/example_dags/tutorial_dag.py for tasks to queue
[2022-10-08T11:06:57.736+0000] {logging_mixin.py:117} INFO - [2022-10-08T11:06:57.736+0000] {dagbag.py:525} INFO - Filling up the DagBag from /home/airflow/.local/lib/python3.7/site-packages/airflow/example_dags/tutorial_dag.py
[2022-10-08T11:06:57.749+0000] {processor.py:768} INFO - DAG(s) dict_keys(['tutorial_dag']) retrieved from /home/airflow/.local/lib/python3.7/site-packages/airflow/example_dags/tutorial_dag.py
[2022-10-08T11:06:57.796+0000] {logging_mixin.py:117} INFO - [2022-10-08T11:06:57.796+0000] {dag.py:2573} INFO - Sync 1 DAGs
[2022-10-08T11:06:57.825+0000] {logging_mixin.py:117} INFO - [2022-10-08T11:06:57.825+0000] {dag.py:3328} INFO - Setting next_dagrun for tutorial_dag to None, run_after=None
[2022-10-08T11:06:57.845+0000] {processor.py:178} INFO - Processing /home/airflow/.local/lib/python3.7/site-packages/airflow/example_dags/tutorial_dag.py took 0.112 seconds
