[2022-10-08T10:29:05.295+0000] {processor.py:156} INFO - Started process (PID=354) to work on /home/airflow/.local/lib/python3.7/site-packages/airflow/example_dags/tutorial.py
[2022-10-08T10:29:05.296+0000] {processor.py:758} INFO - Processing file /home/airflow/.local/lib/python3.7/site-packages/airflow/example_dags/tutorial.py for tasks to queue
[2022-10-08T10:29:05.297+0000] {logging_mixin.py:117} INFO - [2022-10-08T10:29:05.297+0000] {dagbag.py:525} INFO - Filling up the DagBag from /home/airflow/.local/lib/python3.7/site-packages/airflow/example_dags/tutorial.py
[2022-10-08T10:29:05.315+0000] {processor.py:768} INFO - DAG(s) dict_keys(['tutorial']) retrieved from /home/airflow/.local/lib/python3.7/site-packages/airflow/example_dags/tutorial.py
[2022-10-08T10:29:05.619+0000] {logging_mixin.py:117} INFO - [2022-10-08T10:29:05.619+0000] {manager.py:507} INFO - Created Permission View: can edit on DAG:tutorial
[2022-10-08T10:29:05.629+0000] {logging_mixin.py:117} INFO - [2022-10-08T10:29:05.629+0000] {manager.py:507} INFO - Created Permission View: can delete on DAG:tutorial
[2022-10-08T10:29:05.637+0000] {logging_mixin.py:117} INFO - [2022-10-08T10:29:05.637+0000] {manager.py:507} INFO - Created Permission View: can read on DAG:tutorial
[2022-10-08T10:29:05.637+0000] {logging_mixin.py:117} INFO - [2022-10-08T10:29:05.637+0000] {dag.py:2573} INFO - Sync 1 DAGs
[2022-10-08T10:29:05.653+0000] {logging_mixin.py:117} INFO - [2022-10-08T10:29:05.653+0000] {dag.py:2594} INFO - Creating ORM DAG for tutorial
[2022-10-08T10:29:05.668+0000] {logging_mixin.py:117} INFO - [2022-10-08T10:29:05.668+0000] {dag.py:3328} INFO - Setting next_dagrun for tutorial to 2022-10-07T10:29:05.667821+00:00, run_after=2022-10-08T10:29:05.667821+00:00
[2022-10-08T10:29:05.693+0000] {processor.py:178} INFO - Processing /home/airflow/.local/lib/python3.7/site-packages/airflow/example_dags/tutorial.py took 0.401 seconds
[2022-10-08T10:29:36.382+0000] {processor.py:156} INFO - Started process (PID=563) to work on /home/airflow/.local/lib/python3.7/site-packages/airflow/example_dags/tutorial.py
[2022-10-08T10:29:36.383+0000] {processor.py:758} INFO - Processing file /home/airflow/.local/lib/python3.7/site-packages/airflow/example_dags/tutorial.py for tasks to queue
[2022-10-08T10:29:36.383+0000] {logging_mixin.py:117} INFO - [2022-10-08T10:29:36.383+0000] {dagbag.py:525} INFO - Filling up the DagBag from /home/airflow/.local/lib/python3.7/site-packages/airflow/example_dags/tutorial.py
[2022-10-08T10:29:36.398+0000] {processor.py:768} INFO - DAG(s) dict_keys(['tutorial']) retrieved from /home/airflow/.local/lib/python3.7/site-packages/airflow/example_dags/tutorial.py
[2022-10-08T10:29:36.474+0000] {logging_mixin.py:117} INFO - [2022-10-08T10:29:36.474+0000] {dag.py:2573} INFO - Sync 1 DAGs
[2022-10-08T10:29:36.501+0000] {logging_mixin.py:117} INFO - [2022-10-08T10:29:36.501+0000] {dag.py:3328} INFO - Setting next_dagrun for tutorial to 2022-10-07T10:29:36.501190+00:00, run_after=2022-10-08T10:29:36.501190+00:00
[2022-10-08T10:29:36.712+0000] {processor.py:178} INFO - Processing /home/airflow/.local/lib/python3.7/site-packages/airflow/example_dags/tutorial.py took 0.333 seconds
[2022-10-08T10:30:07.503+0000] {processor.py:156} INFO - Started process (PID=763) to work on /home/airflow/.local/lib/python3.7/site-packages/airflow/example_dags/tutorial.py
[2022-10-08T10:30:07.504+0000] {processor.py:758} INFO - Processing file /home/airflow/.local/lib/python3.7/site-packages/airflow/example_dags/tutorial.py for tasks to queue
[2022-10-08T10:30:07.505+0000] {logging_mixin.py:117} INFO - [2022-10-08T10:30:07.505+0000] {dagbag.py:525} INFO - Filling up the DagBag from /home/airflow/.local/lib/python3.7/site-packages/airflow/example_dags/tutorial.py
[2022-10-08T10:30:07.518+0000] {processor.py:768} INFO - DAG(s) dict_keys(['tutorial']) retrieved from /home/airflow/.local/lib/python3.7/site-packages/airflow/example_dags/tutorial.py
[2022-10-08T10:30:07.553+0000] {logging_mixin.py:117} INFO - [2022-10-08T10:30:07.553+0000] {dag.py:2573} INFO - Sync 1 DAGs
[2022-10-08T10:30:07.691+0000] {logging_mixin.py:117} INFO - [2022-10-08T10:30:07.691+0000] {dag.py:3328} INFO - Setting next_dagrun for tutorial to 2022-10-07T10:30:07.691489+00:00, run_after=2022-10-08T10:30:07.691489+00:00
[2022-10-08T10:30:07.709+0000] {processor.py:178} INFO - Processing /home/airflow/.local/lib/python3.7/site-packages/airflow/example_dags/tutorial.py took 0.208 seconds
[2022-10-08T10:30:37.817+0000] {processor.py:156} INFO - Started process (PID=970) to work on /home/airflow/.local/lib/python3.7/site-packages/airflow/example_dags/tutorial.py
[2022-10-08T10:30:37.818+0000] {processor.py:758} INFO - Processing file /home/airflow/.local/lib/python3.7/site-packages/airflow/example_dags/tutorial.py for tasks to queue
[2022-10-08T10:30:37.818+0000] {logging_mixin.py:117} INFO - [2022-10-08T10:30:37.818+0000] {dagbag.py:525} INFO - Filling up the DagBag from /home/airflow/.local/lib/python3.7/site-packages/airflow/example_dags/tutorial.py
[2022-10-08T10:30:37.830+0000] {processor.py:768} INFO - DAG(s) dict_keys(['tutorial']) retrieved from /home/airflow/.local/lib/python3.7/site-packages/airflow/example_dags/tutorial.py
[2022-10-08T10:30:37.981+0000] {logging_mixin.py:117} INFO - [2022-10-08T10:30:37.981+0000] {dag.py:2573} INFO - Sync 1 DAGs
[2022-10-08T10:30:38.004+0000] {logging_mixin.py:117} INFO - [2022-10-08T10:30:38.004+0000] {dag.py:3328} INFO - Setting next_dagrun for tutorial to 2022-10-07T10:30:38.004506+00:00, run_after=2022-10-08T10:30:38.004506+00:00
[2022-10-08T10:30:38.021+0000] {processor.py:178} INFO - Processing /home/airflow/.local/lib/python3.7/site-packages/airflow/example_dags/tutorial.py took 0.206 seconds
[2022-10-08T10:31:09.492+0000] {processor.py:156} INFO - Started process (PID=1175) to work on /home/airflow/.local/lib/python3.7/site-packages/airflow/example_dags/tutorial.py
[2022-10-08T10:31:09.493+0000] {processor.py:758} INFO - Processing file /home/airflow/.local/lib/python3.7/site-packages/airflow/example_dags/tutorial.py for tasks to queue
[2022-10-08T10:31:09.493+0000] {logging_mixin.py:117} INFO - [2022-10-08T10:31:09.493+0000] {dagbag.py:525} INFO - Filling up the DagBag from /home/airflow/.local/lib/python3.7/site-packages/airflow/example_dags/tutorial.py
[2022-10-08T10:31:09.506+0000] {processor.py:768} INFO - DAG(s) dict_keys(['tutorial']) retrieved from /home/airflow/.local/lib/python3.7/site-packages/airflow/example_dags/tutorial.py
[2022-10-08T10:31:09.818+0000] {logging_mixin.py:117} INFO - [2022-10-08T10:31:09.818+0000] {dag.py:2573} INFO - Sync 1 DAGs
[2022-10-08T10:31:09.864+0000] {logging_mixin.py:117} INFO - [2022-10-08T10:31:09.864+0000] {dag.py:3328} INFO - Setting next_dagrun for tutorial to 2022-10-07T10:31:09.863866+00:00, run_after=2022-10-08T10:31:09.863866+00:00
[2022-10-08T10:31:09.881+0000] {processor.py:178} INFO - Processing /home/airflow/.local/lib/python3.7/site-packages/airflow/example_dags/tutorial.py took 0.392 seconds
[2022-10-08T10:31:40.807+0000] {processor.py:156} INFO - Started process (PID=1373) to work on /home/airflow/.local/lib/python3.7/site-packages/airflow/example_dags/tutorial.py
[2022-10-08T10:31:40.808+0000] {processor.py:758} INFO - Processing file /home/airflow/.local/lib/python3.7/site-packages/airflow/example_dags/tutorial.py for tasks to queue
[2022-10-08T10:31:40.809+0000] {logging_mixin.py:117} INFO - [2022-10-08T10:31:40.808+0000] {dagbag.py:525} INFO - Filling up the DagBag from /home/airflow/.local/lib/python3.7/site-packages/airflow/example_dags/tutorial.py
[2022-10-08T10:31:40.821+0000] {processor.py:768} INFO - DAG(s) dict_keys(['tutorial']) retrieved from /home/airflow/.local/lib/python3.7/site-packages/airflow/example_dags/tutorial.py
[2022-10-08T10:31:40.980+0000] {logging_mixin.py:117} INFO - [2022-10-08T10:31:40.980+0000] {dag.py:2573} INFO - Sync 1 DAGs
[2022-10-08T10:31:41.013+0000] {logging_mixin.py:117} INFO - [2022-10-08T10:31:41.013+0000] {dag.py:3328} INFO - Setting next_dagrun for tutorial to 2022-10-07T10:31:41.012843+00:00, run_after=2022-10-08T10:31:41.012843+00:00
[2022-10-08T10:31:41.033+0000] {processor.py:178} INFO - Processing /home/airflow/.local/lib/python3.7/site-packages/airflow/example_dags/tutorial.py took 0.228 seconds
[2022-10-08T10:32:11.262+0000] {processor.py:156} INFO - Started process (PID=1580) to work on /home/airflow/.local/lib/python3.7/site-packages/airflow/example_dags/tutorial.py
[2022-10-08T10:32:11.263+0000] {processor.py:758} INFO - Processing file /home/airflow/.local/lib/python3.7/site-packages/airflow/example_dags/tutorial.py for tasks to queue
[2022-10-08T10:32:11.263+0000] {logging_mixin.py:117} INFO - [2022-10-08T10:32:11.263+0000] {dagbag.py:525} INFO - Filling up the DagBag from /home/airflow/.local/lib/python3.7/site-packages/airflow/example_dags/tutorial.py
[2022-10-08T10:32:11.276+0000] {processor.py:768} INFO - DAG(s) dict_keys(['tutorial']) retrieved from /home/airflow/.local/lib/python3.7/site-packages/airflow/example_dags/tutorial.py
[2022-10-08T10:32:11.312+0000] {logging_mixin.py:117} INFO - [2022-10-08T10:32:11.312+0000] {dag.py:2573} INFO - Sync 1 DAGs
[2022-10-08T10:32:11.338+0000] {logging_mixin.py:117} INFO - [2022-10-08T10:32:11.338+0000] {dag.py:3328} INFO - Setting next_dagrun for tutorial to 2022-10-07T10:32:11.337812+00:00, run_after=2022-10-08T10:32:11.337812+00:00
[2022-10-08T10:32:11.355+0000] {processor.py:178} INFO - Processing /home/airflow/.local/lib/python3.7/site-packages/airflow/example_dags/tutorial.py took 0.095 seconds
[2022-10-08T10:32:41.541+0000] {processor.py:156} INFO - Started process (PID=1787) to work on /home/airflow/.local/lib/python3.7/site-packages/airflow/example_dags/tutorial.py
[2022-10-08T10:32:41.542+0000] {processor.py:758} INFO - Processing file /home/airflow/.local/lib/python3.7/site-packages/airflow/example_dags/tutorial.py for tasks to queue
[2022-10-08T10:32:41.543+0000] {logging_mixin.py:117} INFO - [2022-10-08T10:32:41.543+0000] {dagbag.py:525} INFO - Filling up the DagBag from /home/airflow/.local/lib/python3.7/site-packages/airflow/example_dags/tutorial.py
[2022-10-08T10:32:41.565+0000] {processor.py:768} INFO - DAG(s) dict_keys(['tutorial']) retrieved from /home/airflow/.local/lib/python3.7/site-packages/airflow/example_dags/tutorial.py
[2022-10-08T10:32:41.603+0000] {logging_mixin.py:117} INFO - [2022-10-08T10:32:41.603+0000] {dag.py:2573} INFO - Sync 1 DAGs
[2022-10-08T10:32:41.628+0000] {logging_mixin.py:117} INFO - [2022-10-08T10:32:41.628+0000] {dag.py:3328} INFO - Setting next_dagrun for tutorial to 2022-10-07T10:32:41.628121+00:00, run_after=2022-10-08T10:32:41.628121+00:00
[2022-10-08T10:32:41.670+0000] {processor.py:178} INFO - Processing /home/airflow/.local/lib/python3.7/site-packages/airflow/example_dags/tutorial.py took 0.131 seconds
[2022-10-08T10:33:12.478+0000] {processor.py:156} INFO - Started process (PID=1985) to work on /home/airflow/.local/lib/python3.7/site-packages/airflow/example_dags/tutorial.py
[2022-10-08T10:33:12.479+0000] {processor.py:758} INFO - Processing file /home/airflow/.local/lib/python3.7/site-packages/airflow/example_dags/tutorial.py for tasks to queue
[2022-10-08T10:33:12.480+0000] {logging_mixin.py:117} INFO - [2022-10-08T10:33:12.480+0000] {dagbag.py:525} INFO - Filling up the DagBag from /home/airflow/.local/lib/python3.7/site-packages/airflow/example_dags/tutorial.py
[2022-10-08T10:33:12.492+0000] {processor.py:768} INFO - DAG(s) dict_keys(['tutorial']) retrieved from /home/airflow/.local/lib/python3.7/site-packages/airflow/example_dags/tutorial.py
[2022-10-08T10:33:12.528+0000] {logging_mixin.py:117} INFO - [2022-10-08T10:33:12.527+0000] {dag.py:2573} INFO - Sync 1 DAGs
[2022-10-08T10:33:12.551+0000] {logging_mixin.py:117} INFO - [2022-10-08T10:33:12.551+0000] {dag.py:3328} INFO - Setting next_dagrun for tutorial to 2022-10-07T10:33:12.551467+00:00, run_after=2022-10-08T10:33:12.551467+00:00
[2022-10-08T10:33:12.576+0000] {processor.py:178} INFO - Processing /home/airflow/.local/lib/python3.7/site-packages/airflow/example_dags/tutorial.py took 0.099 seconds
[2022-10-08T10:33:43.465+0000] {processor.py:156} INFO - Started process (PID=2192) to work on /home/airflow/.local/lib/python3.7/site-packages/airflow/example_dags/tutorial.py
[2022-10-08T10:33:43.466+0000] {processor.py:758} INFO - Processing file /home/airflow/.local/lib/python3.7/site-packages/airflow/example_dags/tutorial.py for tasks to queue
[2022-10-08T10:33:43.467+0000] {logging_mixin.py:117} INFO - [2022-10-08T10:33:43.466+0000] {dagbag.py:525} INFO - Filling up the DagBag from /home/airflow/.local/lib/python3.7/site-packages/airflow/example_dags/tutorial.py
[2022-10-08T10:33:43.479+0000] {processor.py:768} INFO - DAG(s) dict_keys(['tutorial']) retrieved from /home/airflow/.local/lib/python3.7/site-packages/airflow/example_dags/tutorial.py
[2022-10-08T10:33:43.515+0000] {logging_mixin.py:117} INFO - [2022-10-08T10:33:43.515+0000] {dag.py:2573} INFO - Sync 1 DAGs
[2022-10-08T10:33:43.540+0000] {logging_mixin.py:117} INFO - [2022-10-08T10:33:43.540+0000] {dag.py:3328} INFO - Setting next_dagrun for tutorial to 2022-10-07T10:33:43.540097+00:00, run_after=2022-10-08T10:33:43.540097+00:00
[2022-10-08T10:33:43.569+0000] {processor.py:178} INFO - Processing /home/airflow/.local/lib/python3.7/site-packages/airflow/example_dags/tutorial.py took 0.107 seconds
[2022-10-08T10:34:14.454+0000] {processor.py:156} INFO - Started process (PID=2399) to work on /home/airflow/.local/lib/python3.7/site-packages/airflow/example_dags/tutorial.py
[2022-10-08T10:34:14.462+0000] {processor.py:758} INFO - Processing file /home/airflow/.local/lib/python3.7/site-packages/airflow/example_dags/tutorial.py for tasks to queue
[2022-10-08T10:34:14.462+0000] {logging_mixin.py:117} INFO - [2022-10-08T10:34:14.462+0000] {dagbag.py:525} INFO - Filling up the DagBag from /home/airflow/.local/lib/python3.7/site-packages/airflow/example_dags/tutorial.py
[2022-10-08T10:34:14.474+0000] {processor.py:768} INFO - DAG(s) dict_keys(['tutorial']) retrieved from /home/airflow/.local/lib/python3.7/site-packages/airflow/example_dags/tutorial.py
[2022-10-08T10:34:14.509+0000] {logging_mixin.py:117} INFO - [2022-10-08T10:34:14.509+0000] {dag.py:2573} INFO - Sync 1 DAGs
[2022-10-08T10:34:14.534+0000] {logging_mixin.py:117} INFO - [2022-10-08T10:34:14.534+0000] {dag.py:3328} INFO - Setting next_dagrun for tutorial to 2022-10-07T10:34:14.534136+00:00, run_after=2022-10-08T10:34:14.534136+00:00
[2022-10-08T10:34:14.550+0000] {processor.py:178} INFO - Processing /home/airflow/.local/lib/python3.7/site-packages/airflow/example_dags/tutorial.py took 0.100 seconds
[2022-10-08T10:34:45.393+0000] {processor.py:156} INFO - Started process (PID=2606) to work on /home/airflow/.local/lib/python3.7/site-packages/airflow/example_dags/tutorial.py
[2022-10-08T10:34:45.394+0000] {processor.py:758} INFO - Processing file /home/airflow/.local/lib/python3.7/site-packages/airflow/example_dags/tutorial.py for tasks to queue
[2022-10-08T10:34:45.394+0000] {logging_mixin.py:117} INFO - [2022-10-08T10:34:45.394+0000] {dagbag.py:525} INFO - Filling up the DagBag from /home/airflow/.local/lib/python3.7/site-packages/airflow/example_dags/tutorial.py
[2022-10-08T10:34:45.465+0000] {processor.py:768} INFO - DAG(s) dict_keys(['tutorial']) retrieved from /home/airflow/.local/lib/python3.7/site-packages/airflow/example_dags/tutorial.py
[2022-10-08T10:34:45.568+0000] {logging_mixin.py:117} INFO - [2022-10-08T10:34:45.568+0000] {dag.py:2573} INFO - Sync 1 DAGs
[2022-10-08T10:34:45.595+0000] {logging_mixin.py:117} INFO - [2022-10-08T10:34:45.595+0000] {dag.py:3328} INFO - Setting next_dagrun for tutorial to 2022-10-07T10:34:45.595212+00:00, run_after=2022-10-08T10:34:45.595212+00:00
[2022-10-08T10:34:45.670+0000] {processor.py:178} INFO - Processing /home/airflow/.local/lib/python3.7/site-packages/airflow/example_dags/tutorial.py took 0.280 seconds
[2022-10-08T10:35:15.891+0000] {processor.py:156} INFO - Started process (PID=2806) to work on /home/airflow/.local/lib/python3.7/site-packages/airflow/example_dags/tutorial.py
[2022-10-08T10:35:15.892+0000] {processor.py:758} INFO - Processing file /home/airflow/.local/lib/python3.7/site-packages/airflow/example_dags/tutorial.py for tasks to queue
[2022-10-08T10:35:15.892+0000] {logging_mixin.py:117} INFO - [2022-10-08T10:35:15.892+0000] {dagbag.py:525} INFO - Filling up the DagBag from /home/airflow/.local/lib/python3.7/site-packages/airflow/example_dags/tutorial.py
[2022-10-08T10:35:15.904+0000] {processor.py:768} INFO - DAG(s) dict_keys(['tutorial']) retrieved from /home/airflow/.local/lib/python3.7/site-packages/airflow/example_dags/tutorial.py
[2022-10-08T10:35:15.942+0000] {logging_mixin.py:117} INFO - [2022-10-08T10:35:15.942+0000] {dag.py:2573} INFO - Sync 1 DAGs
[2022-10-08T10:35:15.967+0000] {logging_mixin.py:117} INFO - [2022-10-08T10:35:15.966+0000] {dag.py:3328} INFO - Setting next_dagrun for tutorial to 2022-10-07T10:35:15.966753+00:00, run_after=2022-10-08T10:35:15.966753+00:00
[2022-10-08T10:35:15.983+0000] {processor.py:178} INFO - Processing /home/airflow/.local/lib/python3.7/site-packages/airflow/example_dags/tutorial.py took 0.096 seconds
[2022-10-08T10:35:46.178+0000] {processor.py:156} INFO - Started process (PID=3011) to work on /home/airflow/.local/lib/python3.7/site-packages/airflow/example_dags/tutorial.py
[2022-10-08T10:35:46.179+0000] {processor.py:758} INFO - Processing file /home/airflow/.local/lib/python3.7/site-packages/airflow/example_dags/tutorial.py for tasks to queue
[2022-10-08T10:35:46.179+0000] {logging_mixin.py:117} INFO - [2022-10-08T10:35:46.179+0000] {dagbag.py:525} INFO - Filling up the DagBag from /home/airflow/.local/lib/python3.7/site-packages/airflow/example_dags/tutorial.py
[2022-10-08T10:35:46.192+0000] {processor.py:768} INFO - DAG(s) dict_keys(['tutorial']) retrieved from /home/airflow/.local/lib/python3.7/site-packages/airflow/example_dags/tutorial.py
[2022-10-08T10:35:46.227+0000] {logging_mixin.py:117} INFO - [2022-10-08T10:35:46.227+0000] {dag.py:2573} INFO - Sync 1 DAGs
[2022-10-08T10:35:46.265+0000] {logging_mixin.py:117} INFO - [2022-10-08T10:35:46.265+0000] {dag.py:3328} INFO - Setting next_dagrun for tutorial to 2022-10-07T10:35:46.265277+00:00, run_after=2022-10-08T10:35:46.265277+00:00
[2022-10-08T10:35:46.284+0000] {processor.py:178} INFO - Processing /home/airflow/.local/lib/python3.7/site-packages/airflow/example_dags/tutorial.py took 0.108 seconds
[2022-10-08T10:36:16.908+0000] {processor.py:156} INFO - Started process (PID=3209) to work on /home/airflow/.local/lib/python3.7/site-packages/airflow/example_dags/tutorial.py
[2022-10-08T10:36:16.909+0000] {processor.py:758} INFO - Processing file /home/airflow/.local/lib/python3.7/site-packages/airflow/example_dags/tutorial.py for tasks to queue
[2022-10-08T10:36:16.909+0000] {logging_mixin.py:117} INFO - [2022-10-08T10:36:16.909+0000] {dagbag.py:525} INFO - Filling up the DagBag from /home/airflow/.local/lib/python3.7/site-packages/airflow/example_dags/tutorial.py
[2022-10-08T10:36:16.922+0000] {processor.py:768} INFO - DAG(s) dict_keys(['tutorial']) retrieved from /home/airflow/.local/lib/python3.7/site-packages/airflow/example_dags/tutorial.py
[2022-10-08T10:36:16.963+0000] {logging_mixin.py:117} INFO - [2022-10-08T10:36:16.963+0000] {dag.py:2573} INFO - Sync 1 DAGs
[2022-10-08T10:36:16.988+0000] {logging_mixin.py:117} INFO - [2022-10-08T10:36:16.988+0000] {dag.py:3328} INFO - Setting next_dagrun for tutorial to 2022-10-07T10:36:16.988295+00:00, run_after=2022-10-08T10:36:16.988295+00:00
[2022-10-08T10:36:17.005+0000] {processor.py:178} INFO - Processing /home/airflow/.local/lib/python3.7/site-packages/airflow/example_dags/tutorial.py took 0.099 seconds
[2022-10-08T10:36:47.934+0000] {processor.py:156} INFO - Started process (PID=3416) to work on /home/airflow/.local/lib/python3.7/site-packages/airflow/example_dags/tutorial.py
[2022-10-08T10:36:47.935+0000] {processor.py:758} INFO - Processing file /home/airflow/.local/lib/python3.7/site-packages/airflow/example_dags/tutorial.py for tasks to queue
[2022-10-08T10:36:47.936+0000] {logging_mixin.py:117} INFO - [2022-10-08T10:36:47.936+0000] {dagbag.py:525} INFO - Filling up the DagBag from /home/airflow/.local/lib/python3.7/site-packages/airflow/example_dags/tutorial.py
[2022-10-08T10:36:47.971+0000] {processor.py:768} INFO - DAG(s) dict_keys(['tutorial']) retrieved from /home/airflow/.local/lib/python3.7/site-packages/airflow/example_dags/tutorial.py
[2022-10-08T10:36:48.011+0000] {logging_mixin.py:117} INFO - [2022-10-08T10:36:48.010+0000] {dag.py:2573} INFO - Sync 1 DAGs
[2022-10-08T10:36:48.035+0000] {logging_mixin.py:117} INFO - [2022-10-08T10:36:48.035+0000] {dag.py:3328} INFO - Setting next_dagrun for tutorial to 2022-10-07T10:36:48.035593+00:00, run_after=2022-10-08T10:36:48.035593+00:00
[2022-10-08T10:36:48.062+0000] {processor.py:178} INFO - Processing /home/airflow/.local/lib/python3.7/site-packages/airflow/example_dags/tutorial.py took 0.130 seconds
[2022-10-08T10:37:18.298+0000] {processor.py:156} INFO - Started process (PID=3622) to work on /home/airflow/.local/lib/python3.7/site-packages/airflow/example_dags/tutorial.py
[2022-10-08T10:37:18.299+0000] {processor.py:758} INFO - Processing file /home/airflow/.local/lib/python3.7/site-packages/airflow/example_dags/tutorial.py for tasks to queue
[2022-10-08T10:37:18.300+0000] {logging_mixin.py:117} INFO - [2022-10-08T10:37:18.299+0000] {dagbag.py:525} INFO - Filling up the DagBag from /home/airflow/.local/lib/python3.7/site-packages/airflow/example_dags/tutorial.py
[2022-10-08T10:37:18.312+0000] {processor.py:768} INFO - DAG(s) dict_keys(['tutorial']) retrieved from /home/airflow/.local/lib/python3.7/site-packages/airflow/example_dags/tutorial.py
[2022-10-08T10:37:18.349+0000] {logging_mixin.py:117} INFO - [2022-10-08T10:37:18.349+0000] {dag.py:2573} INFO - Sync 1 DAGs
[2022-10-08T10:37:18.383+0000] {logging_mixin.py:117} INFO - [2022-10-08T10:37:18.383+0000] {dag.py:3328} INFO - Setting next_dagrun for tutorial to 2022-10-07T10:37:18.383338+00:00, run_after=2022-10-08T10:37:18.383338+00:00
[2022-10-08T10:37:18.401+0000] {processor.py:178} INFO - Processing /home/airflow/.local/lib/python3.7/site-packages/airflow/example_dags/tutorial.py took 0.105 seconds
[2022-10-08T10:37:49.068+0000] {processor.py:156} INFO - Started process (PID=3827) to work on /home/airflow/.local/lib/python3.7/site-packages/airflow/example_dags/tutorial.py
[2022-10-08T10:37:49.069+0000] {processor.py:758} INFO - Processing file /home/airflow/.local/lib/python3.7/site-packages/airflow/example_dags/tutorial.py for tasks to queue
[2022-10-08T10:37:49.069+0000] {logging_mixin.py:117} INFO - [2022-10-08T10:37:49.069+0000] {dagbag.py:525} INFO - Filling up the DagBag from /home/airflow/.local/lib/python3.7/site-packages/airflow/example_dags/tutorial.py
[2022-10-08T10:37:49.083+0000] {processor.py:768} INFO - DAG(s) dict_keys(['tutorial']) retrieved from /home/airflow/.local/lib/python3.7/site-packages/airflow/example_dags/tutorial.py
[2022-10-08T10:37:49.177+0000] {logging_mixin.py:117} INFO - [2022-10-08T10:37:49.177+0000] {dag.py:2573} INFO - Sync 1 DAGs
[2022-10-08T10:37:49.204+0000] {logging_mixin.py:117} INFO - [2022-10-08T10:37:49.203+0000] {dag.py:3328} INFO - Setting next_dagrun for tutorial to 2022-10-07T10:37:49.203700+00:00, run_after=2022-10-08T10:37:49.203700+00:00
[2022-10-08T10:37:49.280+0000] {processor.py:178} INFO - Processing /home/airflow/.local/lib/python3.7/site-packages/airflow/example_dags/tutorial.py took 0.215 seconds
[2022-10-08T10:38:19.477+0000] {processor.py:156} INFO - Started process (PID=4027) to work on /home/airflow/.local/lib/python3.7/site-packages/airflow/example_dags/tutorial.py
[2022-10-08T10:38:19.478+0000] {processor.py:758} INFO - Processing file /home/airflow/.local/lib/python3.7/site-packages/airflow/example_dags/tutorial.py for tasks to queue
[2022-10-08T10:38:19.478+0000] {logging_mixin.py:117} INFO - [2022-10-08T10:38:19.478+0000] {dagbag.py:525} INFO - Filling up the DagBag from /home/airflow/.local/lib/python3.7/site-packages/airflow/example_dags/tutorial.py
[2022-10-08T10:38:19.491+0000] {processor.py:768} INFO - DAG(s) dict_keys(['tutorial']) retrieved from /home/airflow/.local/lib/python3.7/site-packages/airflow/example_dags/tutorial.py
[2022-10-08T10:38:19.526+0000] {logging_mixin.py:117} INFO - [2022-10-08T10:38:19.526+0000] {dag.py:2573} INFO - Sync 1 DAGs
[2022-10-08T10:38:19.551+0000] {logging_mixin.py:117} INFO - [2022-10-08T10:38:19.551+0000] {dag.py:3328} INFO - Setting next_dagrun for tutorial to 2022-10-07T10:38:19.551272+00:00, run_after=2022-10-08T10:38:19.551272+00:00
[2022-10-08T10:38:19.571+0000] {processor.py:178} INFO - Processing /home/airflow/.local/lib/python3.7/site-packages/airflow/example_dags/tutorial.py took 0.097 seconds
[2022-10-08T10:38:50.204+0000] {processor.py:156} INFO - Started process (PID=4234) to work on /home/airflow/.local/lib/python3.7/site-packages/airflow/example_dags/tutorial.py
[2022-10-08T10:38:50.205+0000] {processor.py:758} INFO - Processing file /home/airflow/.local/lib/python3.7/site-packages/airflow/example_dags/tutorial.py for tasks to queue
[2022-10-08T10:38:50.205+0000] {logging_mixin.py:117} INFO - [2022-10-08T10:38:50.205+0000] {dagbag.py:525} INFO - Filling up the DagBag from /home/airflow/.local/lib/python3.7/site-packages/airflow/example_dags/tutorial.py
[2022-10-08T10:38:50.221+0000] {processor.py:768} INFO - DAG(s) dict_keys(['tutorial']) retrieved from /home/airflow/.local/lib/python3.7/site-packages/airflow/example_dags/tutorial.py
[2022-10-08T10:38:50.267+0000] {logging_mixin.py:117} INFO - [2022-10-08T10:38:50.267+0000] {dag.py:2573} INFO - Sync 1 DAGs
[2022-10-08T10:38:50.293+0000] {logging_mixin.py:117} INFO - [2022-10-08T10:38:50.292+0000] {dag.py:3328} INFO - Setting next_dagrun for tutorial to 2022-10-07T10:38:50.292751+00:00, run_after=2022-10-08T10:38:50.292751+00:00
[2022-10-08T10:38:50.310+0000] {processor.py:178} INFO - Processing /home/airflow/.local/lib/python3.7/site-packages/airflow/example_dags/tutorial.py took 0.109 seconds
[2022-10-08T10:39:20.687+0000] {processor.py:156} INFO - Started process (PID=4441) to work on /home/airflow/.local/lib/python3.7/site-packages/airflow/example_dags/tutorial.py
[2022-10-08T10:39:20.688+0000] {processor.py:758} INFO - Processing file /home/airflow/.local/lib/python3.7/site-packages/airflow/example_dags/tutorial.py for tasks to queue
[2022-10-08T10:39:20.689+0000] {logging_mixin.py:117} INFO - [2022-10-08T10:39:20.689+0000] {dagbag.py:525} INFO - Filling up the DagBag from /home/airflow/.local/lib/python3.7/site-packages/airflow/example_dags/tutorial.py
[2022-10-08T10:39:20.702+0000] {processor.py:768} INFO - DAG(s) dict_keys(['tutorial']) retrieved from /home/airflow/.local/lib/python3.7/site-packages/airflow/example_dags/tutorial.py
[2022-10-08T10:39:20.738+0000] {logging_mixin.py:117} INFO - [2022-10-08T10:39:20.738+0000] {dag.py:2573} INFO - Sync 1 DAGs
[2022-10-08T10:39:20.762+0000] {logging_mixin.py:117} INFO - [2022-10-08T10:39:20.762+0000] {dag.py:3328} INFO - Setting next_dagrun for tutorial to 2022-10-07T10:39:20.762028+00:00, run_after=2022-10-08T10:39:20.762028+00:00
[2022-10-08T10:39:20.779+0000] {processor.py:178} INFO - Processing /home/airflow/.local/lib/python3.7/site-packages/airflow/example_dags/tutorial.py took 0.094 seconds
[2022-10-08T10:39:51.405+0000] {processor.py:156} INFO - Started process (PID=4639) to work on /home/airflow/.local/lib/python3.7/site-packages/airflow/example_dags/tutorial.py
[2022-10-08T10:39:51.406+0000] {processor.py:758} INFO - Processing file /home/airflow/.local/lib/python3.7/site-packages/airflow/example_dags/tutorial.py for tasks to queue
[2022-10-08T10:39:51.406+0000] {logging_mixin.py:117} INFO - [2022-10-08T10:39:51.406+0000] {dagbag.py:525} INFO - Filling up the DagBag from /home/airflow/.local/lib/python3.7/site-packages/airflow/example_dags/tutorial.py
[2022-10-08T10:39:51.419+0000] {processor.py:768} INFO - DAG(s) dict_keys(['tutorial']) retrieved from /home/airflow/.local/lib/python3.7/site-packages/airflow/example_dags/tutorial.py
[2022-10-08T10:39:51.454+0000] {logging_mixin.py:117} INFO - [2022-10-08T10:39:51.454+0000] {dag.py:2573} INFO - Sync 1 DAGs
[2022-10-08T10:39:51.479+0000] {logging_mixin.py:117} INFO - [2022-10-08T10:39:51.479+0000] {dag.py:3328} INFO - Setting next_dagrun for tutorial to 2022-10-07T10:39:51.479673+00:00, run_after=2022-10-08T10:39:51.479673+00:00
[2022-10-08T10:39:51.496+0000] {processor.py:178} INFO - Processing /home/airflow/.local/lib/python3.7/site-packages/airflow/example_dags/tutorial.py took 0.094 seconds
[2022-10-08T10:40:22.029+0000] {processor.py:156} INFO - Started process (PID=4846) to work on /home/airflow/.local/lib/python3.7/site-packages/airflow/example_dags/tutorial.py
[2022-10-08T10:40:22.030+0000] {processor.py:758} INFO - Processing file /home/airflow/.local/lib/python3.7/site-packages/airflow/example_dags/tutorial.py for tasks to queue
[2022-10-08T10:40:22.031+0000] {logging_mixin.py:117} INFO - [2022-10-08T10:40:22.030+0000] {dagbag.py:525} INFO - Filling up the DagBag from /home/airflow/.local/lib/python3.7/site-packages/airflow/example_dags/tutorial.py
[2022-10-08T10:40:22.043+0000] {processor.py:768} INFO - DAG(s) dict_keys(['tutorial']) retrieved from /home/airflow/.local/lib/python3.7/site-packages/airflow/example_dags/tutorial.py
[2022-10-08T10:40:22.079+0000] {logging_mixin.py:117} INFO - [2022-10-08T10:40:22.079+0000] {dag.py:2573} INFO - Sync 1 DAGs
[2022-10-08T10:40:22.105+0000] {logging_mixin.py:117} INFO - [2022-10-08T10:40:22.105+0000] {dag.py:3328} INFO - Setting next_dagrun for tutorial to 2022-10-07T10:40:22.105056+00:00, run_after=2022-10-08T10:40:22.105056+00:00
[2022-10-08T10:40:22.121+0000] {processor.py:178} INFO - Processing /home/airflow/.local/lib/python3.7/site-packages/airflow/example_dags/tutorial.py took 0.095 seconds
[2022-10-08T10:40:52.707+0000] {processor.py:156} INFO - Started process (PID=5053) to work on /home/airflow/.local/lib/python3.7/site-packages/airflow/example_dags/tutorial.py
[2022-10-08T10:40:52.708+0000] {processor.py:758} INFO - Processing file /home/airflow/.local/lib/python3.7/site-packages/airflow/example_dags/tutorial.py for tasks to queue
[2022-10-08T10:40:52.709+0000] {logging_mixin.py:117} INFO - [2022-10-08T10:40:52.708+0000] {dagbag.py:525} INFO - Filling up the DagBag from /home/airflow/.local/lib/python3.7/site-packages/airflow/example_dags/tutorial.py
[2022-10-08T10:40:52.726+0000] {processor.py:768} INFO - DAG(s) dict_keys(['tutorial']) retrieved from /home/airflow/.local/lib/python3.7/site-packages/airflow/example_dags/tutorial.py
[2022-10-08T10:40:52.778+0000] {logging_mixin.py:117} INFO - [2022-10-08T10:40:52.777+0000] {dag.py:2573} INFO - Sync 1 DAGs
[2022-10-08T10:40:52.806+0000] {logging_mixin.py:117} INFO - [2022-10-08T10:40:52.806+0000] {dag.py:3328} INFO - Setting next_dagrun for tutorial to 2022-10-07T10:40:52.806374+00:00, run_after=2022-10-08T10:40:52.806374+00:00
[2022-10-08T10:40:52.825+0000] {processor.py:178} INFO - Processing /home/airflow/.local/lib/python3.7/site-packages/airflow/example_dags/tutorial.py took 0.121 seconds
[2022-10-08T10:41:23.312+0000] {processor.py:156} INFO - Started process (PID=5252) to work on /home/airflow/.local/lib/python3.7/site-packages/airflow/example_dags/tutorial.py
[2022-10-08T10:41:23.313+0000] {processor.py:758} INFO - Processing file /home/airflow/.local/lib/python3.7/site-packages/airflow/example_dags/tutorial.py for tasks to queue
[2022-10-08T10:41:23.314+0000] {logging_mixin.py:117} INFO - [2022-10-08T10:41:23.314+0000] {dagbag.py:525} INFO - Filling up the DagBag from /home/airflow/.local/lib/python3.7/site-packages/airflow/example_dags/tutorial.py
[2022-10-08T10:41:23.326+0000] {processor.py:768} INFO - DAG(s) dict_keys(['tutorial']) retrieved from /home/airflow/.local/lib/python3.7/site-packages/airflow/example_dags/tutorial.py
[2022-10-08T10:41:23.363+0000] {logging_mixin.py:117} INFO - [2022-10-08T10:41:23.363+0000] {dag.py:2573} INFO - Sync 1 DAGs
[2022-10-08T10:41:23.389+0000] {logging_mixin.py:117} INFO - [2022-10-08T10:41:23.389+0000] {dag.py:3328} INFO - Setting next_dagrun for tutorial to 2022-10-07T10:41:23.388874+00:00, run_after=2022-10-08T10:41:23.388874+00:00
[2022-10-08T10:41:23.406+0000] {processor.py:178} INFO - Processing /home/airflow/.local/lib/python3.7/site-packages/airflow/example_dags/tutorial.py took 0.096 seconds
[2022-10-08T10:41:53.848+0000] {processor.py:156} INFO - Started process (PID=5459) to work on /home/airflow/.local/lib/python3.7/site-packages/airflow/example_dags/tutorial.py
[2022-10-08T10:41:53.849+0000] {processor.py:758} INFO - Processing file /home/airflow/.local/lib/python3.7/site-packages/airflow/example_dags/tutorial.py for tasks to queue
[2022-10-08T10:41:53.849+0000] {logging_mixin.py:117} INFO - [2022-10-08T10:41:53.849+0000] {dagbag.py:525} INFO - Filling up the DagBag from /home/airflow/.local/lib/python3.7/site-packages/airflow/example_dags/tutorial.py
[2022-10-08T10:41:53.862+0000] {processor.py:768} INFO - DAG(s) dict_keys(['tutorial']) retrieved from /home/airflow/.local/lib/python3.7/site-packages/airflow/example_dags/tutorial.py
[2022-10-08T10:41:53.898+0000] {logging_mixin.py:117} INFO - [2022-10-08T10:41:53.897+0000] {dag.py:2573} INFO - Sync 1 DAGs
[2022-10-08T10:41:53.923+0000] {logging_mixin.py:117} INFO - [2022-10-08T10:41:53.923+0000] {dag.py:3328} INFO - Setting next_dagrun for tutorial to 2022-10-07T10:41:53.923202+00:00, run_after=2022-10-08T10:41:53.923202+00:00
[2022-10-08T10:41:53.940+0000] {processor.py:178} INFO - Processing /home/airflow/.local/lib/python3.7/site-packages/airflow/example_dags/tutorial.py took 0.094 seconds
[2022-10-08T10:42:24.435+0000] {processor.py:156} INFO - Started process (PID=5666) to work on /home/airflow/.local/lib/python3.7/site-packages/airflow/example_dags/tutorial.py
[2022-10-08T10:42:24.436+0000] {processor.py:758} INFO - Processing file /home/airflow/.local/lib/python3.7/site-packages/airflow/example_dags/tutorial.py for tasks to queue
[2022-10-08T10:42:24.437+0000] {logging_mixin.py:117} INFO - [2022-10-08T10:42:24.437+0000] {dagbag.py:525} INFO - Filling up the DagBag from /home/airflow/.local/lib/python3.7/site-packages/airflow/example_dags/tutorial.py
[2022-10-08T10:42:24.450+0000] {processor.py:768} INFO - DAG(s) dict_keys(['tutorial']) retrieved from /home/airflow/.local/lib/python3.7/site-packages/airflow/example_dags/tutorial.py
[2022-10-08T10:42:24.486+0000] {logging_mixin.py:117} INFO - [2022-10-08T10:42:24.486+0000] {dag.py:2573} INFO - Sync 1 DAGs
[2022-10-08T10:42:24.511+0000] {logging_mixin.py:117} INFO - [2022-10-08T10:42:24.511+0000] {dag.py:3328} INFO - Setting next_dagrun for tutorial to 2022-10-07T10:42:24.511608+00:00, run_after=2022-10-08T10:42:24.511608+00:00
[2022-10-08T10:42:24.529+0000] {processor.py:178} INFO - Processing /home/airflow/.local/lib/python3.7/site-packages/airflow/example_dags/tutorial.py took 0.096 seconds
[2022-10-08T10:42:55.075+0000] {processor.py:156} INFO - Started process (PID=5864) to work on /home/airflow/.local/lib/python3.7/site-packages/airflow/example_dags/tutorial.py
[2022-10-08T10:42:55.076+0000] {processor.py:758} INFO - Processing file /home/airflow/.local/lib/python3.7/site-packages/airflow/example_dags/tutorial.py for tasks to queue
[2022-10-08T10:42:55.077+0000] {logging_mixin.py:117} INFO - [2022-10-08T10:42:55.077+0000] {dagbag.py:525} INFO - Filling up the DagBag from /home/airflow/.local/lib/python3.7/site-packages/airflow/example_dags/tutorial.py
[2022-10-08T10:42:55.090+0000] {processor.py:768} INFO - DAG(s) dict_keys(['tutorial']) retrieved from /home/airflow/.local/lib/python3.7/site-packages/airflow/example_dags/tutorial.py
[2022-10-08T10:42:55.128+0000] {logging_mixin.py:117} INFO - [2022-10-08T10:42:55.128+0000] {dag.py:2573} INFO - Sync 1 DAGs
[2022-10-08T10:42:55.153+0000] {logging_mixin.py:117} INFO - [2022-10-08T10:42:55.153+0000] {dag.py:3328} INFO - Setting next_dagrun for tutorial to 2022-10-07T10:42:55.153302+00:00, run_after=2022-10-08T10:42:55.153302+00:00
[2022-10-08T10:42:55.170+0000] {processor.py:178} INFO - Processing /home/airflow/.local/lib/python3.7/site-packages/airflow/example_dags/tutorial.py took 0.098 seconds
[2022-10-08T10:43:26.044+0000] {processor.py:156} INFO - Started process (PID=6071) to work on /home/airflow/.local/lib/python3.7/site-packages/airflow/example_dags/tutorial.py
[2022-10-08T10:43:26.044+0000] {processor.py:758} INFO - Processing file /home/airflow/.local/lib/python3.7/site-packages/airflow/example_dags/tutorial.py for tasks to queue
[2022-10-08T10:43:26.045+0000] {logging_mixin.py:117} INFO - [2022-10-08T10:43:26.045+0000] {dagbag.py:525} INFO - Filling up the DagBag from /home/airflow/.local/lib/python3.7/site-packages/airflow/example_dags/tutorial.py
[2022-10-08T10:43:26.058+0000] {processor.py:768} INFO - DAG(s) dict_keys(['tutorial']) retrieved from /home/airflow/.local/lib/python3.7/site-packages/airflow/example_dags/tutorial.py
[2022-10-08T10:43:26.093+0000] {logging_mixin.py:117} INFO - [2022-10-08T10:43:26.093+0000] {dag.py:2573} INFO - Sync 1 DAGs
[2022-10-08T10:43:26.117+0000] {logging_mixin.py:117} INFO - [2022-10-08T10:43:26.117+0000] {dag.py:3328} INFO - Setting next_dagrun for tutorial to 2022-10-07T10:43:26.117585+00:00, run_after=2022-10-08T10:43:26.117585+00:00
[2022-10-08T10:43:26.134+0000] {processor.py:178} INFO - Processing /home/airflow/.local/lib/python3.7/site-packages/airflow/example_dags/tutorial.py took 0.093 seconds
[2022-10-08T10:43:56.518+0000] {processor.py:156} INFO - Started process (PID=6279) to work on /home/airflow/.local/lib/python3.7/site-packages/airflow/example_dags/tutorial.py
[2022-10-08T10:43:56.519+0000] {processor.py:758} INFO - Processing file /home/airflow/.local/lib/python3.7/site-packages/airflow/example_dags/tutorial.py for tasks to queue
[2022-10-08T10:43:56.519+0000] {logging_mixin.py:117} INFO - [2022-10-08T10:43:56.519+0000] {dagbag.py:525} INFO - Filling up the DagBag from /home/airflow/.local/lib/python3.7/site-packages/airflow/example_dags/tutorial.py
[2022-10-08T10:43:56.532+0000] {processor.py:768} INFO - DAG(s) dict_keys(['tutorial']) retrieved from /home/airflow/.local/lib/python3.7/site-packages/airflow/example_dags/tutorial.py
[2022-10-08T10:43:56.568+0000] {logging_mixin.py:117} INFO - [2022-10-08T10:43:56.568+0000] {dag.py:2573} INFO - Sync 1 DAGs
[2022-10-08T10:43:56.593+0000] {logging_mixin.py:117} INFO - [2022-10-08T10:43:56.593+0000] {dag.py:3328} INFO - Setting next_dagrun for tutorial to 2022-10-07T10:43:56.593055+00:00, run_after=2022-10-08T10:43:56.593055+00:00
[2022-10-08T10:43:56.609+0000] {processor.py:178} INFO - Processing /home/airflow/.local/lib/python3.7/site-packages/airflow/example_dags/tutorial.py took 0.094 seconds
[2022-10-08T10:44:26.916+0000] {processor.py:156} INFO - Started process (PID=6484) to work on /home/airflow/.local/lib/python3.7/site-packages/airflow/example_dags/tutorial.py
[2022-10-08T10:44:26.917+0000] {processor.py:758} INFO - Processing file /home/airflow/.local/lib/python3.7/site-packages/airflow/example_dags/tutorial.py for tasks to queue
[2022-10-08T10:44:26.917+0000] {logging_mixin.py:117} INFO - [2022-10-08T10:44:26.917+0000] {dagbag.py:525} INFO - Filling up the DagBag from /home/airflow/.local/lib/python3.7/site-packages/airflow/example_dags/tutorial.py
[2022-10-08T10:44:26.930+0000] {processor.py:768} INFO - DAG(s) dict_keys(['tutorial']) retrieved from /home/airflow/.local/lib/python3.7/site-packages/airflow/example_dags/tutorial.py
[2022-10-08T10:44:26.969+0000] {logging_mixin.py:117} INFO - [2022-10-08T10:44:26.969+0000] {dag.py:2573} INFO - Sync 1 DAGs
[2022-10-08T10:44:26.995+0000] {logging_mixin.py:117} INFO - [2022-10-08T10:44:26.995+0000] {dag.py:3328} INFO - Setting next_dagrun for tutorial to 2022-10-07T10:44:26.994817+00:00, run_after=2022-10-08T10:44:26.994817+00:00
[2022-10-08T10:44:27.012+0000] {processor.py:178} INFO - Processing /home/airflow/.local/lib/python3.7/site-packages/airflow/example_dags/tutorial.py took 0.099 seconds
[2022-10-08T10:44:57.545+0000] {processor.py:156} INFO - Started process (PID=6684) to work on /home/airflow/.local/lib/python3.7/site-packages/airflow/example_dags/tutorial.py
[2022-10-08T10:44:57.546+0000] {processor.py:758} INFO - Processing file /home/airflow/.local/lib/python3.7/site-packages/airflow/example_dags/tutorial.py for tasks to queue
[2022-10-08T10:44:57.546+0000] {logging_mixin.py:117} INFO - [2022-10-08T10:44:57.546+0000] {dagbag.py:525} INFO - Filling up the DagBag from /home/airflow/.local/lib/python3.7/site-packages/airflow/example_dags/tutorial.py
[2022-10-08T10:44:57.559+0000] {processor.py:768} INFO - DAG(s) dict_keys(['tutorial']) retrieved from /home/airflow/.local/lib/python3.7/site-packages/airflow/example_dags/tutorial.py
[2022-10-08T10:44:57.596+0000] {logging_mixin.py:117} INFO - [2022-10-08T10:44:57.596+0000] {dag.py:2573} INFO - Sync 1 DAGs
[2022-10-08T10:44:57.622+0000] {logging_mixin.py:117} INFO - [2022-10-08T10:44:57.622+0000] {dag.py:3328} INFO - Setting next_dagrun for tutorial to 2022-10-07T10:44:57.622470+00:00, run_after=2022-10-08T10:44:57.622470+00:00
[2022-10-08T10:44:57.640+0000] {processor.py:178} INFO - Processing /home/airflow/.local/lib/python3.7/site-packages/airflow/example_dags/tutorial.py took 0.097 seconds
[2022-10-08T10:45:28.142+0000] {processor.py:156} INFO - Started process (PID=6891) to work on /home/airflow/.local/lib/python3.7/site-packages/airflow/example_dags/tutorial.py
[2022-10-08T10:45:28.142+0000] {processor.py:758} INFO - Processing file /home/airflow/.local/lib/python3.7/site-packages/airflow/example_dags/tutorial.py for tasks to queue
[2022-10-08T10:45:28.143+0000] {logging_mixin.py:117} INFO - [2022-10-08T10:45:28.143+0000] {dagbag.py:525} INFO - Filling up the DagBag from /home/airflow/.local/lib/python3.7/site-packages/airflow/example_dags/tutorial.py
[2022-10-08T10:45:28.155+0000] {processor.py:768} INFO - DAG(s) dict_keys(['tutorial']) retrieved from /home/airflow/.local/lib/python3.7/site-packages/airflow/example_dags/tutorial.py
[2022-10-08T10:45:28.191+0000] {logging_mixin.py:117} INFO - [2022-10-08T10:45:28.190+0000] {dag.py:2573} INFO - Sync 1 DAGs
[2022-10-08T10:45:28.216+0000] {logging_mixin.py:117} INFO - [2022-10-08T10:45:28.216+0000] {dag.py:3328} INFO - Setting next_dagrun for tutorial to 2022-10-07T10:45:28.216037+00:00, run_after=2022-10-08T10:45:28.216037+00:00
[2022-10-08T10:45:28.234+0000] {processor.py:178} INFO - Processing /home/airflow/.local/lib/python3.7/site-packages/airflow/example_dags/tutorial.py took 0.094 seconds
[2022-10-08T10:45:58.660+0000] {processor.py:156} INFO - Started process (PID=7098) to work on /home/airflow/.local/lib/python3.7/site-packages/airflow/example_dags/tutorial.py
[2022-10-08T10:45:58.661+0000] {processor.py:758} INFO - Processing file /home/airflow/.local/lib/python3.7/site-packages/airflow/example_dags/tutorial.py for tasks to queue
[2022-10-08T10:45:58.661+0000] {logging_mixin.py:117} INFO - [2022-10-08T10:45:58.661+0000] {dagbag.py:525} INFO - Filling up the DagBag from /home/airflow/.local/lib/python3.7/site-packages/airflow/example_dags/tutorial.py
[2022-10-08T10:45:58.676+0000] {processor.py:768} INFO - DAG(s) dict_keys(['tutorial']) retrieved from /home/airflow/.local/lib/python3.7/site-packages/airflow/example_dags/tutorial.py
[2022-10-08T10:45:58.713+0000] {logging_mixin.py:117} INFO - [2022-10-08T10:45:58.713+0000] {dag.py:2573} INFO - Sync 1 DAGs
[2022-10-08T10:45:58.740+0000] {logging_mixin.py:117} INFO - [2022-10-08T10:45:58.739+0000] {dag.py:3328} INFO - Setting next_dagrun for tutorial to 2022-10-07T10:45:58.739744+00:00, run_after=2022-10-08T10:45:58.739744+00:00
[2022-10-08T10:45:58.758+0000] {processor.py:178} INFO - Processing /home/airflow/.local/lib/python3.7/site-packages/airflow/example_dags/tutorial.py took 0.100 seconds
[2022-10-08T10:46:29.223+0000] {processor.py:156} INFO - Started process (PID=7296) to work on /home/airflow/.local/lib/python3.7/site-packages/airflow/example_dags/tutorial.py
[2022-10-08T10:46:29.223+0000] {processor.py:758} INFO - Processing file /home/airflow/.local/lib/python3.7/site-packages/airflow/example_dags/tutorial.py for tasks to queue
[2022-10-08T10:46:29.224+0000] {logging_mixin.py:117} INFO - [2022-10-08T10:46:29.224+0000] {dagbag.py:525} INFO - Filling up the DagBag from /home/airflow/.local/lib/python3.7/site-packages/airflow/example_dags/tutorial.py
[2022-10-08T10:46:29.242+0000] {processor.py:768} INFO - DAG(s) dict_keys(['tutorial']) retrieved from /home/airflow/.local/lib/python3.7/site-packages/airflow/example_dags/tutorial.py
[2022-10-08T10:46:29.283+0000] {logging_mixin.py:117} INFO - [2022-10-08T10:46:29.283+0000] {dag.py:2573} INFO - Sync 1 DAGs
[2022-10-08T10:46:29.310+0000] {logging_mixin.py:117} INFO - [2022-10-08T10:46:29.310+0000] {dag.py:3328} INFO - Setting next_dagrun for tutorial to 2022-10-07T10:46:29.310016+00:00, run_after=2022-10-08T10:46:29.310016+00:00
[2022-10-08T10:46:29.330+0000] {processor.py:178} INFO - Processing /home/airflow/.local/lib/python3.7/site-packages/airflow/example_dags/tutorial.py took 0.110 seconds
[2022-10-08T10:46:59.681+0000] {processor.py:156} INFO - Started process (PID=7503) to work on /home/airflow/.local/lib/python3.7/site-packages/airflow/example_dags/tutorial.py
[2022-10-08T10:46:59.682+0000] {processor.py:758} INFO - Processing file /home/airflow/.local/lib/python3.7/site-packages/airflow/example_dags/tutorial.py for tasks to queue
[2022-10-08T10:46:59.682+0000] {logging_mixin.py:117} INFO - [2022-10-08T10:46:59.682+0000] {dagbag.py:525} INFO - Filling up the DagBag from /home/airflow/.local/lib/python3.7/site-packages/airflow/example_dags/tutorial.py
[2022-10-08T10:46:59.695+0000] {processor.py:768} INFO - DAG(s) dict_keys(['tutorial']) retrieved from /home/airflow/.local/lib/python3.7/site-packages/airflow/example_dags/tutorial.py
[2022-10-08T10:46:59.731+0000] {logging_mixin.py:117} INFO - [2022-10-08T10:46:59.731+0000] {dag.py:2573} INFO - Sync 1 DAGs
[2022-10-08T10:46:59.755+0000] {logging_mixin.py:117} INFO - [2022-10-08T10:46:59.755+0000] {dag.py:3328} INFO - Setting next_dagrun for tutorial to 2022-10-07T10:46:59.755253+00:00, run_after=2022-10-08T10:46:59.755253+00:00
[2022-10-08T10:46:59.771+0000] {processor.py:178} INFO - Processing /home/airflow/.local/lib/python3.7/site-packages/airflow/example_dags/tutorial.py took 0.093 seconds
[2022-10-08T10:47:30.372+0000] {processor.py:156} INFO - Started process (PID=7712) to work on /home/airflow/.local/lib/python3.7/site-packages/airflow/example_dags/tutorial.py
[2022-10-08T10:47:30.373+0000] {processor.py:758} INFO - Processing file /home/airflow/.local/lib/python3.7/site-packages/airflow/example_dags/tutorial.py for tasks to queue
[2022-10-08T10:47:30.373+0000] {logging_mixin.py:117} INFO - [2022-10-08T10:47:30.373+0000] {dagbag.py:525} INFO - Filling up the DagBag from /home/airflow/.local/lib/python3.7/site-packages/airflow/example_dags/tutorial.py
[2022-10-08T10:47:30.386+0000] {processor.py:768} INFO - DAG(s) dict_keys(['tutorial']) retrieved from /home/airflow/.local/lib/python3.7/site-packages/airflow/example_dags/tutorial.py
[2022-10-08T10:47:30.422+0000] {logging_mixin.py:117} INFO - [2022-10-08T10:47:30.422+0000] {dag.py:2573} INFO - Sync 1 DAGs
[2022-10-08T10:47:30.447+0000] {logging_mixin.py:117} INFO - [2022-10-08T10:47:30.446+0000] {dag.py:3328} INFO - Setting next_dagrun for tutorial to 2022-10-07T10:47:30.446693+00:00, run_after=2022-10-08T10:47:30.446693+00:00
[2022-10-08T10:47:30.463+0000] {processor.py:178} INFO - Processing /home/airflow/.local/lib/python3.7/site-packages/airflow/example_dags/tutorial.py took 0.094 seconds
[2022-10-08T10:48:00.934+0000] {processor.py:156} INFO - Started process (PID=7908) to work on /home/airflow/.local/lib/python3.7/site-packages/airflow/example_dags/tutorial.py
[2022-10-08T10:48:00.935+0000] {processor.py:758} INFO - Processing file /home/airflow/.local/lib/python3.7/site-packages/airflow/example_dags/tutorial.py for tasks to queue
[2022-10-08T10:48:00.935+0000] {logging_mixin.py:117} INFO - [2022-10-08T10:48:00.935+0000] {dagbag.py:525} INFO - Filling up the DagBag from /home/airflow/.local/lib/python3.7/site-packages/airflow/example_dags/tutorial.py
[2022-10-08T10:48:00.949+0000] {processor.py:768} INFO - DAG(s) dict_keys(['tutorial']) retrieved from /home/airflow/.local/lib/python3.7/site-packages/airflow/example_dags/tutorial.py
[2022-10-08T10:48:00.984+0000] {logging_mixin.py:117} INFO - [2022-10-08T10:48:00.984+0000] {dag.py:2573} INFO - Sync 1 DAGs
[2022-10-08T10:48:01.010+0000] {logging_mixin.py:117} INFO - [2022-10-08T10:48:01.010+0000] {dag.py:3328} INFO - Setting next_dagrun for tutorial to 2022-10-07T10:48:01.010349+00:00, run_after=2022-10-08T10:48:01.010349+00:00
[2022-10-08T10:48:01.029+0000] {processor.py:178} INFO - Processing /home/airflow/.local/lib/python3.7/site-packages/airflow/example_dags/tutorial.py took 0.098 seconds
[2022-10-08T10:48:31.591+0000] {processor.py:156} INFO - Started process (PID=8115) to work on /home/airflow/.local/lib/python3.7/site-packages/airflow/example_dags/tutorial.py
[2022-10-08T10:48:31.592+0000] {processor.py:758} INFO - Processing file /home/airflow/.local/lib/python3.7/site-packages/airflow/example_dags/tutorial.py for tasks to queue
[2022-10-08T10:48:31.592+0000] {logging_mixin.py:117} INFO - [2022-10-08T10:48:31.592+0000] {dagbag.py:525} INFO - Filling up the DagBag from /home/airflow/.local/lib/python3.7/site-packages/airflow/example_dags/tutorial.py
[2022-10-08T10:48:31.605+0000] {processor.py:768} INFO - DAG(s) dict_keys(['tutorial']) retrieved from /home/airflow/.local/lib/python3.7/site-packages/airflow/example_dags/tutorial.py
[2022-10-08T10:48:31.640+0000] {logging_mixin.py:117} INFO - [2022-10-08T10:48:31.640+0000] {dag.py:2573} INFO - Sync 1 DAGs
[2022-10-08T10:48:31.665+0000] {logging_mixin.py:117} INFO - [2022-10-08T10:48:31.665+0000] {dag.py:3328} INFO - Setting next_dagrun for tutorial to 2022-10-07T10:48:31.665056+00:00, run_after=2022-10-08T10:48:31.665056+00:00
[2022-10-08T10:48:31.682+0000] {processor.py:178} INFO - Processing /home/airflow/.local/lib/python3.7/site-packages/airflow/example_dags/tutorial.py took 0.093 seconds
[2022-10-08T10:49:02.358+0000] {processor.py:156} INFO - Started process (PID=8327) to work on /home/airflow/.local/lib/python3.7/site-packages/airflow/example_dags/tutorial.py
[2022-10-08T10:49:02.359+0000] {processor.py:758} INFO - Processing file /home/airflow/.local/lib/python3.7/site-packages/airflow/example_dags/tutorial.py for tasks to queue
[2022-10-08T10:49:02.360+0000] {logging_mixin.py:117} INFO - [2022-10-08T10:49:02.359+0000] {dagbag.py:525} INFO - Filling up the DagBag from /home/airflow/.local/lib/python3.7/site-packages/airflow/example_dags/tutorial.py
[2022-10-08T10:49:02.372+0000] {processor.py:768} INFO - DAG(s) dict_keys(['tutorial']) retrieved from /home/airflow/.local/lib/python3.7/site-packages/airflow/example_dags/tutorial.py
[2022-10-08T10:49:02.407+0000] {logging_mixin.py:117} INFO - [2022-10-08T10:49:02.407+0000] {dag.py:2573} INFO - Sync 1 DAGs
[2022-10-08T10:49:02.430+0000] {logging_mixin.py:117} INFO - [2022-10-08T10:49:02.430+0000] {dag.py:3328} INFO - Setting next_dagrun for tutorial to 2022-10-07T10:49:02.430597+00:00, run_after=2022-10-08T10:49:02.430597+00:00
[2022-10-08T10:49:02.447+0000] {processor.py:178} INFO - Processing /home/airflow/.local/lib/python3.7/site-packages/airflow/example_dags/tutorial.py took 0.091 seconds
[2022-10-08T10:49:33.236+0000] {processor.py:156} INFO - Started process (PID=8559) to work on /home/airflow/.local/lib/python3.7/site-packages/airflow/example_dags/tutorial.py
[2022-10-08T10:49:33.237+0000] {processor.py:758} INFO - Processing file /home/airflow/.local/lib/python3.7/site-packages/airflow/example_dags/tutorial.py for tasks to queue
[2022-10-08T10:49:33.238+0000] {logging_mixin.py:117} INFO - [2022-10-08T10:49:33.238+0000] {dagbag.py:525} INFO - Filling up the DagBag from /home/airflow/.local/lib/python3.7/site-packages/airflow/example_dags/tutorial.py
[2022-10-08T10:49:33.251+0000] {processor.py:768} INFO - DAG(s) dict_keys(['tutorial']) retrieved from /home/airflow/.local/lib/python3.7/site-packages/airflow/example_dags/tutorial.py
[2022-10-08T10:49:33.289+0000] {logging_mixin.py:117} INFO - [2022-10-08T10:49:33.289+0000] {dag.py:2573} INFO - Sync 1 DAGs
[2022-10-08T10:49:33.314+0000] {logging_mixin.py:117} INFO - [2022-10-08T10:49:33.314+0000] {dag.py:3328} INFO - Setting next_dagrun for tutorial to 2022-10-07T10:49:33.314382+00:00, run_after=2022-10-08T10:49:33.314382+00:00
[2022-10-08T10:49:33.333+0000] {processor.py:178} INFO - Processing /home/airflow/.local/lib/python3.7/site-packages/airflow/example_dags/tutorial.py took 0.100 seconds
[2022-10-08T10:50:03.938+0000] {processor.py:156} INFO - Started process (PID=8777) to work on /home/airflow/.local/lib/python3.7/site-packages/airflow/example_dags/tutorial.py
[2022-10-08T10:50:03.939+0000] {processor.py:758} INFO - Processing file /home/airflow/.local/lib/python3.7/site-packages/airflow/example_dags/tutorial.py for tasks to queue
[2022-10-08T10:50:03.940+0000] {logging_mixin.py:117} INFO - [2022-10-08T10:50:03.940+0000] {dagbag.py:525} INFO - Filling up the DagBag from /home/airflow/.local/lib/python3.7/site-packages/airflow/example_dags/tutorial.py
[2022-10-08T10:50:03.952+0000] {processor.py:768} INFO - DAG(s) dict_keys(['tutorial']) retrieved from /home/airflow/.local/lib/python3.7/site-packages/airflow/example_dags/tutorial.py
[2022-10-08T10:50:03.988+0000] {logging_mixin.py:117} INFO - [2022-10-08T10:50:03.988+0000] {dag.py:2573} INFO - Sync 1 DAGs
[2022-10-08T10:50:04.014+0000] {logging_mixin.py:117} INFO - [2022-10-08T10:50:04.014+0000] {dag.py:3328} INFO - Setting next_dagrun for tutorial to 2022-10-07T10:50:04.013936+00:00, run_after=2022-10-08T10:50:04.013936+00:00
[2022-10-08T10:50:04.031+0000] {processor.py:178} INFO - Processing /home/airflow/.local/lib/python3.7/site-packages/airflow/example_dags/tutorial.py took 0.095 seconds
[2022-10-08T10:50:34.616+0000] {processor.py:156} INFO - Started process (PID=8989) to work on /home/airflow/.local/lib/python3.7/site-packages/airflow/example_dags/tutorial.py
[2022-10-08T10:50:34.617+0000] {processor.py:758} INFO - Processing file /home/airflow/.local/lib/python3.7/site-packages/airflow/example_dags/tutorial.py for tasks to queue
[2022-10-08T10:50:34.617+0000] {logging_mixin.py:117} INFO - [2022-10-08T10:50:34.617+0000] {dagbag.py:525} INFO - Filling up the DagBag from /home/airflow/.local/lib/python3.7/site-packages/airflow/example_dags/tutorial.py
[2022-10-08T10:50:34.632+0000] {processor.py:768} INFO - DAG(s) dict_keys(['tutorial']) retrieved from /home/airflow/.local/lib/python3.7/site-packages/airflow/example_dags/tutorial.py
[2022-10-08T10:50:34.669+0000] {logging_mixin.py:117} INFO - [2022-10-08T10:50:34.669+0000] {dag.py:2573} INFO - Sync 1 DAGs
[2022-10-08T10:50:34.695+0000] {logging_mixin.py:117} INFO - [2022-10-08T10:50:34.694+0000] {dag.py:3328} INFO - Setting next_dagrun for tutorial to 2022-10-07T10:50:34.694662+00:00, run_after=2022-10-08T10:50:34.694662+00:00
[2022-10-08T10:50:34.713+0000] {processor.py:178} INFO - Processing /home/airflow/.local/lib/python3.7/site-packages/airflow/example_dags/tutorial.py took 0.100 seconds
[2022-10-08T10:51:05.417+0000] {processor.py:156} INFO - Started process (PID=9211) to work on /home/airflow/.local/lib/python3.7/site-packages/airflow/example_dags/tutorial.py
[2022-10-08T10:51:05.418+0000] {processor.py:758} INFO - Processing file /home/airflow/.local/lib/python3.7/site-packages/airflow/example_dags/tutorial.py for tasks to queue
[2022-10-08T10:51:05.418+0000] {logging_mixin.py:117} INFO - [2022-10-08T10:51:05.418+0000] {dagbag.py:525} INFO - Filling up the DagBag from /home/airflow/.local/lib/python3.7/site-packages/airflow/example_dags/tutorial.py
[2022-10-08T10:51:05.431+0000] {processor.py:768} INFO - DAG(s) dict_keys(['tutorial']) retrieved from /home/airflow/.local/lib/python3.7/site-packages/airflow/example_dags/tutorial.py
[2022-10-08T10:51:05.476+0000] {logging_mixin.py:117} INFO - [2022-10-08T10:51:05.476+0000] {dag.py:2573} INFO - Sync 1 DAGs
[2022-10-08T10:51:05.500+0000] {logging_mixin.py:117} INFO - [2022-10-08T10:51:05.499+0000] {dag.py:3328} INFO - Setting next_dagrun for tutorial to 2022-10-07T10:51:05.499778+00:00, run_after=2022-10-08T10:51:05.499778+00:00
[2022-10-08T10:51:05.516+0000] {processor.py:178} INFO - Processing /home/airflow/.local/lib/python3.7/site-packages/airflow/example_dags/tutorial.py took 0.102 seconds
[2022-10-08T10:51:35.944+0000] {processor.py:156} INFO - Started process (PID=9414) to work on /home/airflow/.local/lib/python3.7/site-packages/airflow/example_dags/tutorial.py
[2022-10-08T10:51:35.945+0000] {processor.py:758} INFO - Processing file /home/airflow/.local/lib/python3.7/site-packages/airflow/example_dags/tutorial.py for tasks to queue
[2022-10-08T10:51:35.945+0000] {logging_mixin.py:117} INFO - [2022-10-08T10:51:35.945+0000] {dagbag.py:525} INFO - Filling up the DagBag from /home/airflow/.local/lib/python3.7/site-packages/airflow/example_dags/tutorial.py
[2022-10-08T10:51:35.960+0000] {processor.py:768} INFO - DAG(s) dict_keys(['tutorial']) retrieved from /home/airflow/.local/lib/python3.7/site-packages/airflow/example_dags/tutorial.py
[2022-10-08T10:51:35.996+0000] {logging_mixin.py:117} INFO - [2022-10-08T10:51:35.996+0000] {dag.py:2573} INFO - Sync 1 DAGs
[2022-10-08T10:51:36.020+0000] {logging_mixin.py:117} INFO - [2022-10-08T10:51:36.020+0000] {dag.py:3328} INFO - Setting next_dagrun for tutorial to 2022-10-07T10:51:36.020395+00:00, run_after=2022-10-08T10:51:36.020395+00:00
[2022-10-08T10:51:36.038+0000] {processor.py:178} INFO - Processing /home/airflow/.local/lib/python3.7/site-packages/airflow/example_dags/tutorial.py took 0.097 seconds
[2022-10-08T10:52:06.994+0000] {processor.py:156} INFO - Started process (PID=9653) to work on /home/airflow/.local/lib/python3.7/site-packages/airflow/example_dags/tutorial.py
[2022-10-08T10:52:06.995+0000] {processor.py:758} INFO - Processing file /home/airflow/.local/lib/python3.7/site-packages/airflow/example_dags/tutorial.py for tasks to queue
[2022-10-08T10:52:06.995+0000] {logging_mixin.py:117} INFO - [2022-10-08T10:52:06.995+0000] {dagbag.py:525} INFO - Filling up the DagBag from /home/airflow/.local/lib/python3.7/site-packages/airflow/example_dags/tutorial.py
[2022-10-08T10:52:07.007+0000] {processor.py:768} INFO - DAG(s) dict_keys(['tutorial']) retrieved from /home/airflow/.local/lib/python3.7/site-packages/airflow/example_dags/tutorial.py
[2022-10-08T10:52:07.042+0000] {logging_mixin.py:117} INFO - [2022-10-08T10:52:07.042+0000] {dag.py:2573} INFO - Sync 1 DAGs
[2022-10-08T10:52:07.077+0000] {logging_mixin.py:117} INFO - [2022-10-08T10:52:07.077+0000] {dag.py:3328} INFO - Setting next_dagrun for tutorial to 2022-10-07T10:52:07.077645+00:00, run_after=2022-10-08T10:52:07.077645+00:00
[2022-10-08T10:52:07.094+0000] {processor.py:178} INFO - Processing /home/airflow/.local/lib/python3.7/site-packages/airflow/example_dags/tutorial.py took 0.103 seconds
[2022-10-08T10:52:37.839+0000] {processor.py:156} INFO - Started process (PID=9895) to work on /home/airflow/.local/lib/python3.7/site-packages/airflow/example_dags/tutorial.py
[2022-10-08T10:52:37.839+0000] {processor.py:758} INFO - Processing file /home/airflow/.local/lib/python3.7/site-packages/airflow/example_dags/tutorial.py for tasks to queue
[2022-10-08T10:52:37.840+0000] {logging_mixin.py:117} INFO - [2022-10-08T10:52:37.840+0000] {dagbag.py:525} INFO - Filling up the DagBag from /home/airflow/.local/lib/python3.7/site-packages/airflow/example_dags/tutorial.py
[2022-10-08T10:52:37.853+0000] {processor.py:768} INFO - DAG(s) dict_keys(['tutorial']) retrieved from /home/airflow/.local/lib/python3.7/site-packages/airflow/example_dags/tutorial.py
[2022-10-08T10:52:37.890+0000] {logging_mixin.py:117} INFO - [2022-10-08T10:52:37.889+0000] {dag.py:2573} INFO - Sync 1 DAGs
[2022-10-08T10:52:37.914+0000] {logging_mixin.py:117} INFO - [2022-10-08T10:52:37.914+0000] {dag.py:3328} INFO - Setting next_dagrun for tutorial to 2022-10-07T10:52:37.913879+00:00, run_after=2022-10-08T10:52:37.913879+00:00
[2022-10-08T10:52:37.930+0000] {processor.py:178} INFO - Processing /home/airflow/.local/lib/python3.7/site-packages/airflow/example_dags/tutorial.py took 0.094 seconds
[2022-10-08T10:53:08.994+0000] {processor.py:156} INFO - Started process (PID=10122) to work on /home/airflow/.local/lib/python3.7/site-packages/airflow/example_dags/tutorial.py
[2022-10-08T10:53:08.995+0000] {processor.py:758} INFO - Processing file /home/airflow/.local/lib/python3.7/site-packages/airflow/example_dags/tutorial.py for tasks to queue
[2022-10-08T10:53:08.995+0000] {logging_mixin.py:117} INFO - [2022-10-08T10:53:08.995+0000] {dagbag.py:525} INFO - Filling up the DagBag from /home/airflow/.local/lib/python3.7/site-packages/airflow/example_dags/tutorial.py
[2022-10-08T10:53:09.009+0000] {processor.py:768} INFO - DAG(s) dict_keys(['tutorial']) retrieved from /home/airflow/.local/lib/python3.7/site-packages/airflow/example_dags/tutorial.py
[2022-10-08T10:53:09.097+0000] {logging_mixin.py:117} INFO - [2022-10-08T10:53:09.097+0000] {dag.py:2573} INFO - Sync 1 DAGs
[2022-10-08T10:53:09.188+0000] {logging_mixin.py:117} INFO - [2022-10-08T10:53:09.188+0000] {dag.py:3328} INFO - Setting next_dagrun for tutorial to 2022-10-07T10:53:09.188207+00:00, run_after=2022-10-08T10:53:09.188207+00:00
[2022-10-08T10:53:09.277+0000] {processor.py:178} INFO - Processing /home/airflow/.local/lib/python3.7/site-packages/airflow/example_dags/tutorial.py took 0.285 seconds
[2022-10-08T10:53:40.159+0000] {processor.py:156} INFO - Started process (PID=10345) to work on /home/airflow/.local/lib/python3.7/site-packages/airflow/example_dags/tutorial.py
[2022-10-08T10:53:40.160+0000] {processor.py:758} INFO - Processing file /home/airflow/.local/lib/python3.7/site-packages/airflow/example_dags/tutorial.py for tasks to queue
[2022-10-08T10:53:40.160+0000] {logging_mixin.py:117} INFO - [2022-10-08T10:53:40.160+0000] {dagbag.py:525} INFO - Filling up the DagBag from /home/airflow/.local/lib/python3.7/site-packages/airflow/example_dags/tutorial.py
[2022-10-08T10:53:40.173+0000] {processor.py:768} INFO - DAG(s) dict_keys(['tutorial']) retrieved from /home/airflow/.local/lib/python3.7/site-packages/airflow/example_dags/tutorial.py
[2022-10-08T10:53:40.254+0000] {logging_mixin.py:117} INFO - [2022-10-08T10:53:40.253+0000] {dag.py:2573} INFO - Sync 1 DAGs
[2022-10-08T10:53:40.282+0000] {logging_mixin.py:117} INFO - [2022-10-08T10:53:40.282+0000] {dag.py:3328} INFO - Setting next_dagrun for tutorial to 2022-10-07T10:53:40.281879+00:00, run_after=2022-10-08T10:53:40.281879+00:00
[2022-10-08T10:53:40.300+0000] {processor.py:178} INFO - Processing /home/airflow/.local/lib/python3.7/site-packages/airflow/example_dags/tutorial.py took 0.143 seconds
[2022-10-08T10:54:10.741+0000] {processor.py:156} INFO - Started process (PID=10557) to work on /home/airflow/.local/lib/python3.7/site-packages/airflow/example_dags/tutorial.py
[2022-10-08T10:54:10.742+0000] {processor.py:758} INFO - Processing file /home/airflow/.local/lib/python3.7/site-packages/airflow/example_dags/tutorial.py for tasks to queue
[2022-10-08T10:54:10.743+0000] {logging_mixin.py:117} INFO - [2022-10-08T10:54:10.743+0000] {dagbag.py:525} INFO - Filling up the DagBag from /home/airflow/.local/lib/python3.7/site-packages/airflow/example_dags/tutorial.py
[2022-10-08T10:54:10.755+0000] {processor.py:768} INFO - DAG(s) dict_keys(['tutorial']) retrieved from /home/airflow/.local/lib/python3.7/site-packages/airflow/example_dags/tutorial.py
[2022-10-08T10:54:10.789+0000] {logging_mixin.py:117} INFO - [2022-10-08T10:54:10.789+0000] {dag.py:2573} INFO - Sync 1 DAGs
[2022-10-08T10:54:10.815+0000] {logging_mixin.py:117} INFO - [2022-10-08T10:54:10.814+0000] {dag.py:3328} INFO - Setting next_dagrun for tutorial to 2022-10-07T10:54:10.814772+00:00, run_after=2022-10-08T10:54:10.814772+00:00
[2022-10-08T10:54:10.831+0000] {processor.py:178} INFO - Processing /home/airflow/.local/lib/python3.7/site-packages/airflow/example_dags/tutorial.py took 0.092 seconds
[2022-10-08T10:54:41.163+0000] {processor.py:156} INFO - Started process (PID=10777) to work on /home/airflow/.local/lib/python3.7/site-packages/airflow/example_dags/tutorial.py
[2022-10-08T10:54:41.164+0000] {processor.py:758} INFO - Processing file /home/airflow/.local/lib/python3.7/site-packages/airflow/example_dags/tutorial.py for tasks to queue
[2022-10-08T10:54:41.165+0000] {logging_mixin.py:117} INFO - [2022-10-08T10:54:41.165+0000] {dagbag.py:525} INFO - Filling up the DagBag from /home/airflow/.local/lib/python3.7/site-packages/airflow/example_dags/tutorial.py
[2022-10-08T10:54:41.178+0000] {processor.py:768} INFO - DAG(s) dict_keys(['tutorial']) retrieved from /home/airflow/.local/lib/python3.7/site-packages/airflow/example_dags/tutorial.py
[2022-10-08T10:54:41.273+0000] {logging_mixin.py:117} INFO - [2022-10-08T10:54:41.272+0000] {dag.py:2573} INFO - Sync 1 DAGs
[2022-10-08T10:54:41.298+0000] {logging_mixin.py:117} INFO - [2022-10-08T10:54:41.298+0000] {dag.py:3328} INFO - Setting next_dagrun for tutorial to 2022-10-07T10:54:41.297963+00:00, run_after=2022-10-08T10:54:41.297963+00:00
[2022-10-08T10:54:41.369+0000] {processor.py:178} INFO - Processing /home/airflow/.local/lib/python3.7/site-packages/airflow/example_dags/tutorial.py took 0.262 seconds
[2022-10-08T10:55:11.430+0000] {processor.py:156} INFO - Started process (PID=10987) to work on /home/airflow/.local/lib/python3.7/site-packages/airflow/example_dags/tutorial.py
[2022-10-08T10:55:11.430+0000] {processor.py:758} INFO - Processing file /home/airflow/.local/lib/python3.7/site-packages/airflow/example_dags/tutorial.py for tasks to queue
[2022-10-08T10:55:11.431+0000] {logging_mixin.py:117} INFO - [2022-10-08T10:55:11.431+0000] {dagbag.py:525} INFO - Filling up the DagBag from /home/airflow/.local/lib/python3.7/site-packages/airflow/example_dags/tutorial.py
[2022-10-08T10:55:11.444+0000] {processor.py:768} INFO - DAG(s) dict_keys(['tutorial']) retrieved from /home/airflow/.local/lib/python3.7/site-packages/airflow/example_dags/tutorial.py
[2022-10-08T10:55:11.479+0000] {logging_mixin.py:117} INFO - [2022-10-08T10:55:11.479+0000] {dag.py:2573} INFO - Sync 1 DAGs
[2022-10-08T10:55:11.503+0000] {logging_mixin.py:117} INFO - [2022-10-08T10:55:11.503+0000] {dag.py:3328} INFO - Setting next_dagrun for tutorial to 2022-10-07T10:55:11.503438+00:00, run_after=2022-10-08T10:55:11.503438+00:00
[2022-10-08T10:55:11.520+0000] {processor.py:178} INFO - Processing /home/airflow/.local/lib/python3.7/site-packages/airflow/example_dags/tutorial.py took 0.093 seconds
[2022-10-08T10:55:42.347+0000] {processor.py:156} INFO - Started process (PID=11197) to work on /home/airflow/.local/lib/python3.7/site-packages/airflow/example_dags/tutorial.py
[2022-10-08T10:55:42.348+0000] {processor.py:758} INFO - Processing file /home/airflow/.local/lib/python3.7/site-packages/airflow/example_dags/tutorial.py for tasks to queue
[2022-10-08T10:55:42.349+0000] {logging_mixin.py:117} INFO - [2022-10-08T10:55:42.349+0000] {dagbag.py:525} INFO - Filling up the DagBag from /home/airflow/.local/lib/python3.7/site-packages/airflow/example_dags/tutorial.py
[2022-10-08T10:55:42.370+0000] {processor.py:768} INFO - DAG(s) dict_keys(['tutorial']) retrieved from /home/airflow/.local/lib/python3.7/site-packages/airflow/example_dags/tutorial.py
[2022-10-08T10:55:42.406+0000] {logging_mixin.py:117} INFO - [2022-10-08T10:55:42.406+0000] {dag.py:2573} INFO - Sync 1 DAGs
[2022-10-08T10:55:42.432+0000] {logging_mixin.py:117} INFO - [2022-10-08T10:55:42.431+0000] {dag.py:3328} INFO - Setting next_dagrun for tutorial to 2022-10-07T10:55:42.431667+00:00, run_after=2022-10-08T10:55:42.431667+00:00
[2022-10-08T10:55:42.449+0000] {processor.py:178} INFO - Processing /home/airflow/.local/lib/python3.7/site-packages/airflow/example_dags/tutorial.py took 0.104 seconds
[2022-10-08T10:56:13.678+0000] {processor.py:156} INFO - Started process (PID=11411) to work on /home/airflow/.local/lib/python3.7/site-packages/airflow/example_dags/tutorial.py
[2022-10-08T10:56:13.679+0000] {processor.py:758} INFO - Processing file /home/airflow/.local/lib/python3.7/site-packages/airflow/example_dags/tutorial.py for tasks to queue
[2022-10-08T10:56:13.679+0000] {logging_mixin.py:117} INFO - [2022-10-08T10:56:13.679+0000] {dagbag.py:525} INFO - Filling up the DagBag from /home/airflow/.local/lib/python3.7/site-packages/airflow/example_dags/tutorial.py
[2022-10-08T10:56:13.693+0000] {processor.py:768} INFO - DAG(s) dict_keys(['tutorial']) retrieved from /home/airflow/.local/lib/python3.7/site-packages/airflow/example_dags/tutorial.py
[2022-10-08T10:56:13.788+0000] {logging_mixin.py:117} INFO - [2022-10-08T10:56:13.788+0000] {dag.py:2573} INFO - Sync 1 DAGs
[2022-10-08T10:56:13.814+0000] {logging_mixin.py:117} INFO - [2022-10-08T10:56:13.814+0000] {dag.py:3328} INFO - Setting next_dagrun for tutorial to 2022-10-07T10:56:13.814389+00:00, run_after=2022-10-08T10:56:13.814389+00:00
[2022-10-08T10:56:13.831+0000] {processor.py:178} INFO - Processing /home/airflow/.local/lib/python3.7/site-packages/airflow/example_dags/tutorial.py took 0.156 seconds
[2022-10-08T10:56:44.491+0000] {processor.py:156} INFO - Started process (PID=11612) to work on /home/airflow/.local/lib/python3.7/site-packages/airflow/example_dags/tutorial.py
[2022-10-08T10:56:44.491+0000] {processor.py:758} INFO - Processing file /home/airflow/.local/lib/python3.7/site-packages/airflow/example_dags/tutorial.py for tasks to queue
[2022-10-08T10:56:44.492+0000] {logging_mixin.py:117} INFO - [2022-10-08T10:56:44.492+0000] {dagbag.py:525} INFO - Filling up the DagBag from /home/airflow/.local/lib/python3.7/site-packages/airflow/example_dags/tutorial.py
[2022-10-08T10:56:44.505+0000] {processor.py:768} INFO - DAG(s) dict_keys(['tutorial']) retrieved from /home/airflow/.local/lib/python3.7/site-packages/airflow/example_dags/tutorial.py
[2022-10-08T10:56:44.541+0000] {logging_mixin.py:117} INFO - [2022-10-08T10:56:44.541+0000] {dag.py:2573} INFO - Sync 1 DAGs
[2022-10-08T10:56:44.565+0000] {logging_mixin.py:117} INFO - [2022-10-08T10:56:44.565+0000] {dag.py:3328} INFO - Setting next_dagrun for tutorial to 2022-10-07T10:56:44.564934+00:00, run_after=2022-10-08T10:56:44.564934+00:00
[2022-10-08T10:56:44.582+0000] {processor.py:178} INFO - Processing /home/airflow/.local/lib/python3.7/site-packages/airflow/example_dags/tutorial.py took 0.094 seconds
[2022-10-08T10:57:15.011+0000] {processor.py:156} INFO - Started process (PID=11834) to work on /home/airflow/.local/lib/python3.7/site-packages/airflow/example_dags/tutorial.py
[2022-10-08T10:57:15.012+0000] {processor.py:758} INFO - Processing file /home/airflow/.local/lib/python3.7/site-packages/airflow/example_dags/tutorial.py for tasks to queue
[2022-10-08T10:57:15.012+0000] {logging_mixin.py:117} INFO - [2022-10-08T10:57:15.012+0000] {dagbag.py:525} INFO - Filling up the DagBag from /home/airflow/.local/lib/python3.7/site-packages/airflow/example_dags/tutorial.py
[2022-10-08T10:57:15.025+0000] {processor.py:768} INFO - DAG(s) dict_keys(['tutorial']) retrieved from /home/airflow/.local/lib/python3.7/site-packages/airflow/example_dags/tutorial.py
[2022-10-08T10:57:15.086+0000] {logging_mixin.py:117} INFO - [2022-10-08T10:57:15.085+0000] {dag.py:2573} INFO - Sync 1 DAGs
[2022-10-08T10:57:15.110+0000] {logging_mixin.py:117} INFO - [2022-10-08T10:57:15.110+0000] {dag.py:3328} INFO - Setting next_dagrun for tutorial to 2022-10-07T10:57:15.109992+00:00, run_after=2022-10-08T10:57:15.109992+00:00
[2022-10-08T10:57:15.127+0000] {processor.py:178} INFO - Processing /home/airflow/.local/lib/python3.7/site-packages/airflow/example_dags/tutorial.py took 0.118 seconds
[2022-10-08T10:57:45.618+0000] {processor.py:156} INFO - Started process (PID=12046) to work on /home/airflow/.local/lib/python3.7/site-packages/airflow/example_dags/tutorial.py
[2022-10-08T10:57:45.619+0000] {processor.py:758} INFO - Processing file /home/airflow/.local/lib/python3.7/site-packages/airflow/example_dags/tutorial.py for tasks to queue
[2022-10-08T10:57:45.619+0000] {logging_mixin.py:117} INFO - [2022-10-08T10:57:45.619+0000] {dagbag.py:525} INFO - Filling up the DagBag from /home/airflow/.local/lib/python3.7/site-packages/airflow/example_dags/tutorial.py
[2022-10-08T10:57:45.663+0000] {processor.py:768} INFO - DAG(s) dict_keys(['tutorial']) retrieved from /home/airflow/.local/lib/python3.7/site-packages/airflow/example_dags/tutorial.py
[2022-10-08T10:57:45.699+0000] {logging_mixin.py:117} INFO - [2022-10-08T10:57:45.699+0000] {dag.py:2573} INFO - Sync 1 DAGs
[2022-10-08T10:57:45.727+0000] {logging_mixin.py:117} INFO - [2022-10-08T10:57:45.727+0000] {dag.py:3328} INFO - Setting next_dagrun for tutorial to 2022-10-07T10:57:45.727364+00:00, run_after=2022-10-08T10:57:45.727364+00:00
[2022-10-08T10:57:45.750+0000] {processor.py:178} INFO - Processing /home/airflow/.local/lib/python3.7/site-packages/airflow/example_dags/tutorial.py took 0.135 seconds
[2022-10-08T10:58:16.773+0000] {processor.py:156} INFO - Started process (PID=12250) to work on /home/airflow/.local/lib/python3.7/site-packages/airflow/example_dags/tutorial.py
[2022-10-08T10:58:16.774+0000] {processor.py:758} INFO - Processing file /home/airflow/.local/lib/python3.7/site-packages/airflow/example_dags/tutorial.py for tasks to queue
[2022-10-08T10:58:16.775+0000] {logging_mixin.py:117} INFO - [2022-10-08T10:58:16.775+0000] {dagbag.py:525} INFO - Filling up the DagBag from /home/airflow/.local/lib/python3.7/site-packages/airflow/example_dags/tutorial.py
[2022-10-08T10:58:16.787+0000] {processor.py:768} INFO - DAG(s) dict_keys(['tutorial']) retrieved from /home/airflow/.local/lib/python3.7/site-packages/airflow/example_dags/tutorial.py
[2022-10-08T10:58:16.827+0000] {logging_mixin.py:117} INFO - [2022-10-08T10:58:16.827+0000] {dag.py:2573} INFO - Sync 1 DAGs
[2022-10-08T10:58:16.863+0000] {logging_mixin.py:117} INFO - [2022-10-08T10:58:16.863+0000] {dag.py:3328} INFO - Setting next_dagrun for tutorial to 2022-10-07T10:58:16.863199+00:00, run_after=2022-10-08T10:58:16.863199+00:00
[2022-10-08T10:58:16.880+0000] {processor.py:178} INFO - Processing /home/airflow/.local/lib/python3.7/site-packages/airflow/example_dags/tutorial.py took 0.109 seconds
[2022-10-08T10:58:47.648+0000] {processor.py:156} INFO - Started process (PID=12474) to work on /home/airflow/.local/lib/python3.7/site-packages/airflow/example_dags/tutorial.py
[2022-10-08T10:58:47.648+0000] {processor.py:758} INFO - Processing file /home/airflow/.local/lib/python3.7/site-packages/airflow/example_dags/tutorial.py for tasks to queue
[2022-10-08T10:58:47.649+0000] {logging_mixin.py:117} INFO - [2022-10-08T10:58:47.649+0000] {dagbag.py:525} INFO - Filling up the DagBag from /home/airflow/.local/lib/python3.7/site-packages/airflow/example_dags/tutorial.py
[2022-10-08T10:58:47.671+0000] {processor.py:768} INFO - DAG(s) dict_keys(['tutorial']) retrieved from /home/airflow/.local/lib/python3.7/site-packages/airflow/example_dags/tutorial.py
[2022-10-08T10:58:47.708+0000] {logging_mixin.py:117} INFO - [2022-10-08T10:58:47.707+0000] {dag.py:2573} INFO - Sync 1 DAGs
[2022-10-08T10:58:47.732+0000] {logging_mixin.py:117} INFO - [2022-10-08T10:58:47.732+0000] {dag.py:3328} INFO - Setting next_dagrun for tutorial to 2022-10-07T10:58:47.732069+00:00, run_after=2022-10-08T10:58:47.732069+00:00
[2022-10-08T10:58:47.749+0000] {processor.py:178} INFO - Processing /home/airflow/.local/lib/python3.7/site-packages/airflow/example_dags/tutorial.py took 0.103 seconds
[2022-10-08T10:59:18.082+0000] {processor.py:156} INFO - Started process (PID=12714) to work on /home/airflow/.local/lib/python3.7/site-packages/airflow/example_dags/tutorial.py
[2022-10-08T10:59:18.083+0000] {processor.py:758} INFO - Processing file /home/airflow/.local/lib/python3.7/site-packages/airflow/example_dags/tutorial.py for tasks to queue
[2022-10-08T10:59:18.083+0000] {logging_mixin.py:117} INFO - [2022-10-08T10:59:18.083+0000] {dagbag.py:525} INFO - Filling up the DagBag from /home/airflow/.local/lib/python3.7/site-packages/airflow/example_dags/tutorial.py
[2022-10-08T10:59:18.096+0000] {processor.py:768} INFO - DAG(s) dict_keys(['tutorial']) retrieved from /home/airflow/.local/lib/python3.7/site-packages/airflow/example_dags/tutorial.py
[2022-10-08T10:59:18.133+0000] {logging_mixin.py:117} INFO - [2022-10-08T10:59:18.133+0000] {dag.py:2573} INFO - Sync 1 DAGs
[2022-10-08T10:59:18.163+0000] {logging_mixin.py:117} INFO - [2022-10-08T10:59:18.163+0000] {dag.py:3328} INFO - Setting next_dagrun for tutorial to 2022-10-07T10:59:18.163211+00:00, run_after=2022-10-08T10:59:18.163211+00:00
[2022-10-08T10:59:18.180+0000] {processor.py:178} INFO - Processing /home/airflow/.local/lib/python3.7/site-packages/airflow/example_dags/tutorial.py took 0.101 seconds
[2022-10-08T10:59:49.054+0000] {processor.py:156} INFO - Started process (PID=12922) to work on /home/airflow/.local/lib/python3.7/site-packages/airflow/example_dags/tutorial.py
[2022-10-08T10:59:49.054+0000] {processor.py:758} INFO - Processing file /home/airflow/.local/lib/python3.7/site-packages/airflow/example_dags/tutorial.py for tasks to queue
[2022-10-08T10:59:49.055+0000] {logging_mixin.py:117} INFO - [2022-10-08T10:59:49.055+0000] {dagbag.py:525} INFO - Filling up the DagBag from /home/airflow/.local/lib/python3.7/site-packages/airflow/example_dags/tutorial.py
[2022-10-08T10:59:49.067+0000] {processor.py:768} INFO - DAG(s) dict_keys(['tutorial']) retrieved from /home/airflow/.local/lib/python3.7/site-packages/airflow/example_dags/tutorial.py
[2022-10-08T10:59:49.103+0000] {logging_mixin.py:117} INFO - [2022-10-08T10:59:49.103+0000] {dag.py:2573} INFO - Sync 1 DAGs
[2022-10-08T10:59:49.129+0000] {logging_mixin.py:117} INFO - [2022-10-08T10:59:49.129+0000] {dag.py:3328} INFO - Setting next_dagrun for tutorial to 2022-10-07T10:59:49.129240+00:00, run_after=2022-10-08T10:59:49.129240+00:00
[2022-10-08T10:59:49.148+0000] {processor.py:178} INFO - Processing /home/airflow/.local/lib/python3.7/site-packages/airflow/example_dags/tutorial.py took 0.097 seconds
[2022-10-08T11:00:19.910+0000] {processor.py:156} INFO - Started process (PID=13134) to work on /home/airflow/.local/lib/python3.7/site-packages/airflow/example_dags/tutorial.py
[2022-10-08T11:00:19.911+0000] {processor.py:758} INFO - Processing file /home/airflow/.local/lib/python3.7/site-packages/airflow/example_dags/tutorial.py for tasks to queue
[2022-10-08T11:00:19.911+0000] {logging_mixin.py:117} INFO - [2022-10-08T11:00:19.911+0000] {dagbag.py:525} INFO - Filling up the DagBag from /home/airflow/.local/lib/python3.7/site-packages/airflow/example_dags/tutorial.py
[2022-10-08T11:00:19.923+0000] {processor.py:768} INFO - DAG(s) dict_keys(['tutorial']) retrieved from /home/airflow/.local/lib/python3.7/site-packages/airflow/example_dags/tutorial.py
[2022-10-08T11:00:19.966+0000] {logging_mixin.py:117} INFO - [2022-10-08T11:00:19.966+0000] {dag.py:2573} INFO - Sync 1 DAGs
[2022-10-08T11:00:19.994+0000] {logging_mixin.py:117} INFO - [2022-10-08T11:00:19.994+0000] {dag.py:3328} INFO - Setting next_dagrun for tutorial to 2022-10-07T11:00:19.994572+00:00, run_after=2022-10-08T11:00:19.994572+00:00
[2022-10-08T11:00:20.012+0000] {processor.py:178} INFO - Processing /home/airflow/.local/lib/python3.7/site-packages/airflow/example_dags/tutorial.py took 0.105 seconds
[2022-10-08T11:00:50.284+0000] {processor.py:156} INFO - Started process (PID=13348) to work on /home/airflow/.local/lib/python3.7/site-packages/airflow/example_dags/tutorial.py
[2022-10-08T11:00:50.285+0000] {processor.py:758} INFO - Processing file /home/airflow/.local/lib/python3.7/site-packages/airflow/example_dags/tutorial.py for tasks to queue
[2022-10-08T11:00:50.285+0000] {logging_mixin.py:117} INFO - [2022-10-08T11:00:50.285+0000] {dagbag.py:525} INFO - Filling up the DagBag from /home/airflow/.local/lib/python3.7/site-packages/airflow/example_dags/tutorial.py
[2022-10-08T11:00:50.297+0000] {processor.py:768} INFO - DAG(s) dict_keys(['tutorial']) retrieved from /home/airflow/.local/lib/python3.7/site-packages/airflow/example_dags/tutorial.py
[2022-10-08T11:00:50.333+0000] {logging_mixin.py:117} INFO - [2022-10-08T11:00:50.333+0000] {dag.py:2573} INFO - Sync 1 DAGs
[2022-10-08T11:00:50.357+0000] {logging_mixin.py:117} INFO - [2022-10-08T11:00:50.357+0000] {dag.py:3328} INFO - Setting next_dagrun for tutorial to 2022-10-07T11:00:50.357387+00:00, run_after=2022-10-08T11:00:50.357387+00:00
[2022-10-08T11:00:50.374+0000] {processor.py:178} INFO - Processing /home/airflow/.local/lib/python3.7/site-packages/airflow/example_dags/tutorial.py took 0.093 seconds
[2022-10-08T11:01:20.662+0000] {processor.py:156} INFO - Started process (PID=13549) to work on /home/airflow/.local/lib/python3.7/site-packages/airflow/example_dags/tutorial.py
[2022-10-08T11:01:20.663+0000] {processor.py:758} INFO - Processing file /home/airflow/.local/lib/python3.7/site-packages/airflow/example_dags/tutorial.py for tasks to queue
[2022-10-08T11:01:20.663+0000] {logging_mixin.py:117} INFO - [2022-10-08T11:01:20.663+0000] {dagbag.py:525} INFO - Filling up the DagBag from /home/airflow/.local/lib/python3.7/site-packages/airflow/example_dags/tutorial.py
[2022-10-08T11:01:20.676+0000] {processor.py:768} INFO - DAG(s) dict_keys(['tutorial']) retrieved from /home/airflow/.local/lib/python3.7/site-packages/airflow/example_dags/tutorial.py
[2022-10-08T11:01:20.713+0000] {logging_mixin.py:117} INFO - [2022-10-08T11:01:20.713+0000] {dag.py:2573} INFO - Sync 1 DAGs
[2022-10-08T11:01:20.738+0000] {logging_mixin.py:117} INFO - [2022-10-08T11:01:20.737+0000] {dag.py:3328} INFO - Setting next_dagrun for tutorial to 2022-10-07T11:01:20.737766+00:00, run_after=2022-10-08T11:01:20.737766+00:00
[2022-10-08T11:01:20.755+0000] {processor.py:178} INFO - Processing /home/airflow/.local/lib/python3.7/site-packages/airflow/example_dags/tutorial.py took 0.095 seconds
[2022-10-08T11:01:51.219+0000] {processor.py:156} INFO - Started process (PID=13761) to work on /home/airflow/.local/lib/python3.7/site-packages/airflow/example_dags/tutorial.py
[2022-10-08T11:01:51.220+0000] {processor.py:758} INFO - Processing file /home/airflow/.local/lib/python3.7/site-packages/airflow/example_dags/tutorial.py for tasks to queue
[2022-10-08T11:01:51.221+0000] {logging_mixin.py:117} INFO - [2022-10-08T11:01:51.221+0000] {dagbag.py:525} INFO - Filling up the DagBag from /home/airflow/.local/lib/python3.7/site-packages/airflow/example_dags/tutorial.py
[2022-10-08T11:01:51.234+0000] {processor.py:768} INFO - DAG(s) dict_keys(['tutorial']) retrieved from /home/airflow/.local/lib/python3.7/site-packages/airflow/example_dags/tutorial.py
[2022-10-08T11:01:51.269+0000] {logging_mixin.py:117} INFO - [2022-10-08T11:01:51.269+0000] {dag.py:2573} INFO - Sync 1 DAGs
[2022-10-08T11:01:51.294+0000] {logging_mixin.py:117} INFO - [2022-10-08T11:01:51.294+0000] {dag.py:3328} INFO - Setting next_dagrun for tutorial to 2022-10-07T11:01:51.294127+00:00, run_after=2022-10-08T11:01:51.294127+00:00
[2022-10-08T11:01:51.312+0000] {processor.py:178} INFO - Processing /home/airflow/.local/lib/python3.7/site-packages/airflow/example_dags/tutorial.py took 0.095 seconds
[2022-10-08T11:02:22.056+0000] {processor.py:156} INFO - Started process (PID=13975) to work on /home/airflow/.local/lib/python3.7/site-packages/airflow/example_dags/tutorial.py
[2022-10-08T11:02:22.057+0000] {processor.py:758} INFO - Processing file /home/airflow/.local/lib/python3.7/site-packages/airflow/example_dags/tutorial.py for tasks to queue
[2022-10-08T11:02:22.057+0000] {logging_mixin.py:117} INFO - [2022-10-08T11:02:22.057+0000] {dagbag.py:525} INFO - Filling up the DagBag from /home/airflow/.local/lib/python3.7/site-packages/airflow/example_dags/tutorial.py
[2022-10-08T11:02:22.070+0000] {processor.py:768} INFO - DAG(s) dict_keys(['tutorial']) retrieved from /home/airflow/.local/lib/python3.7/site-packages/airflow/example_dags/tutorial.py
[2022-10-08T11:02:22.104+0000] {logging_mixin.py:117} INFO - [2022-10-08T11:02:22.104+0000] {dag.py:2573} INFO - Sync 1 DAGs
[2022-10-08T11:02:22.129+0000] {logging_mixin.py:117} INFO - [2022-10-08T11:02:22.129+0000] {dag.py:3328} INFO - Setting next_dagrun for tutorial to 2022-10-07T11:02:22.129123+00:00, run_after=2022-10-08T11:02:22.129123+00:00
[2022-10-08T11:02:22.145+0000] {processor.py:178} INFO - Processing /home/airflow/.local/lib/python3.7/site-packages/airflow/example_dags/tutorial.py took 0.092 seconds
[2022-10-08T11:02:53.008+0000] {processor.py:156} INFO - Started process (PID=14178) to work on /home/airflow/.local/lib/python3.7/site-packages/airflow/example_dags/tutorial.py
[2022-10-08T11:02:53.009+0000] {processor.py:758} INFO - Processing file /home/airflow/.local/lib/python3.7/site-packages/airflow/example_dags/tutorial.py for tasks to queue
[2022-10-08T11:02:53.009+0000] {logging_mixin.py:117} INFO - [2022-10-08T11:02:53.009+0000] {dagbag.py:525} INFO - Filling up the DagBag from /home/airflow/.local/lib/python3.7/site-packages/airflow/example_dags/tutorial.py
[2022-10-08T11:02:53.021+0000] {processor.py:768} INFO - DAG(s) dict_keys(['tutorial']) retrieved from /home/airflow/.local/lib/python3.7/site-packages/airflow/example_dags/tutorial.py
[2022-10-08T11:02:53.057+0000] {logging_mixin.py:117} INFO - [2022-10-08T11:02:53.057+0000] {dag.py:2573} INFO - Sync 1 DAGs
[2022-10-08T11:02:53.081+0000] {logging_mixin.py:117} INFO - [2022-10-08T11:02:53.081+0000] {dag.py:3328} INFO - Setting next_dagrun for tutorial to 2022-10-07T11:02:53.081324+00:00, run_after=2022-10-08T11:02:53.081324+00:00
[2022-10-08T11:02:53.099+0000] {processor.py:178} INFO - Processing /home/airflow/.local/lib/python3.7/site-packages/airflow/example_dags/tutorial.py took 0.093 seconds
[2022-10-08T11:03:23.399+0000] {processor.py:156} INFO - Started process (PID=14391) to work on /home/airflow/.local/lib/python3.7/site-packages/airflow/example_dags/tutorial.py
[2022-10-08T11:03:23.400+0000] {processor.py:758} INFO - Processing file /home/airflow/.local/lib/python3.7/site-packages/airflow/example_dags/tutorial.py for tasks to queue
[2022-10-08T11:03:23.401+0000] {logging_mixin.py:117} INFO - [2022-10-08T11:03:23.401+0000] {dagbag.py:525} INFO - Filling up the DagBag from /home/airflow/.local/lib/python3.7/site-packages/airflow/example_dags/tutorial.py
[2022-10-08T11:03:23.413+0000] {processor.py:768} INFO - DAG(s) dict_keys(['tutorial']) retrieved from /home/airflow/.local/lib/python3.7/site-packages/airflow/example_dags/tutorial.py
[2022-10-08T11:03:23.450+0000] {logging_mixin.py:117} INFO - [2022-10-08T11:03:23.449+0000] {dag.py:2573} INFO - Sync 1 DAGs
[2022-10-08T11:03:23.474+0000] {logging_mixin.py:117} INFO - [2022-10-08T11:03:23.474+0000] {dag.py:3328} INFO - Setting next_dagrun for tutorial to 2022-10-07T11:03:23.474385+00:00, run_after=2022-10-08T11:03:23.474385+00:00
[2022-10-08T11:03:23.491+0000] {processor.py:178} INFO - Processing /home/airflow/.local/lib/python3.7/site-packages/airflow/example_dags/tutorial.py took 0.094 seconds
[2022-10-08T11:03:54.230+0000] {processor.py:156} INFO - Started process (PID=14603) to work on /home/airflow/.local/lib/python3.7/site-packages/airflow/example_dags/tutorial.py
[2022-10-08T11:03:54.231+0000] {processor.py:758} INFO - Processing file /home/airflow/.local/lib/python3.7/site-packages/airflow/example_dags/tutorial.py for tasks to queue
[2022-10-08T11:03:54.231+0000] {logging_mixin.py:117} INFO - [2022-10-08T11:03:54.231+0000] {dagbag.py:525} INFO - Filling up the DagBag from /home/airflow/.local/lib/python3.7/site-packages/airflow/example_dags/tutorial.py
[2022-10-08T11:03:54.244+0000] {processor.py:768} INFO - DAG(s) dict_keys(['tutorial']) retrieved from /home/airflow/.local/lib/python3.7/site-packages/airflow/example_dags/tutorial.py
[2022-10-08T11:03:54.279+0000] {logging_mixin.py:117} INFO - [2022-10-08T11:03:54.279+0000] {dag.py:2573} INFO - Sync 1 DAGs
[2022-10-08T11:03:54.305+0000] {logging_mixin.py:117} INFO - [2022-10-08T11:03:54.305+0000] {dag.py:3328} INFO - Setting next_dagrun for tutorial to 2022-10-07T11:03:54.305570+00:00, run_after=2022-10-08T11:03:54.305570+00:00
[2022-10-08T11:03:54.325+0000] {processor.py:178} INFO - Processing /home/airflow/.local/lib/python3.7/site-packages/airflow/example_dags/tutorial.py took 0.097 seconds
[2022-10-08T11:04:24.900+0000] {processor.py:156} INFO - Started process (PID=14813) to work on /home/airflow/.local/lib/python3.7/site-packages/airflow/example_dags/tutorial.py
[2022-10-08T11:04:24.901+0000] {processor.py:758} INFO - Processing file /home/airflow/.local/lib/python3.7/site-packages/airflow/example_dags/tutorial.py for tasks to queue
[2022-10-08T11:04:24.901+0000] {logging_mixin.py:117} INFO - [2022-10-08T11:04:24.901+0000] {dagbag.py:525} INFO - Filling up the DagBag from /home/airflow/.local/lib/python3.7/site-packages/airflow/example_dags/tutorial.py
[2022-10-08T11:04:24.915+0000] {processor.py:768} INFO - DAG(s) dict_keys(['tutorial']) retrieved from /home/airflow/.local/lib/python3.7/site-packages/airflow/example_dags/tutorial.py
[2022-10-08T11:04:24.952+0000] {logging_mixin.py:117} INFO - [2022-10-08T11:04:24.952+0000] {dag.py:2573} INFO - Sync 1 DAGs
[2022-10-08T11:04:24.977+0000] {logging_mixin.py:117} INFO - [2022-10-08T11:04:24.977+0000] {dag.py:3328} INFO - Setting next_dagrun for tutorial to 2022-10-07T11:04:24.977557+00:00, run_after=2022-10-08T11:04:24.977557+00:00
[2022-10-08T11:04:24.995+0000] {processor.py:178} INFO - Processing /home/airflow/.local/lib/python3.7/site-packages/airflow/example_dags/tutorial.py took 0.098 seconds
[2022-10-08T11:04:55.382+0000] {processor.py:156} INFO - Started process (PID=15018) to work on /home/airflow/.local/lib/python3.7/site-packages/airflow/example_dags/tutorial.py
[2022-10-08T11:04:55.382+0000] {processor.py:758} INFO - Processing file /home/airflow/.local/lib/python3.7/site-packages/airflow/example_dags/tutorial.py for tasks to queue
[2022-10-08T11:04:55.383+0000] {logging_mixin.py:117} INFO - [2022-10-08T11:04:55.383+0000] {dagbag.py:525} INFO - Filling up the DagBag from /home/airflow/.local/lib/python3.7/site-packages/airflow/example_dags/tutorial.py
[2022-10-08T11:04:55.395+0000] {processor.py:768} INFO - DAG(s) dict_keys(['tutorial']) retrieved from /home/airflow/.local/lib/python3.7/site-packages/airflow/example_dags/tutorial.py
[2022-10-08T11:04:55.436+0000] {logging_mixin.py:117} INFO - [2022-10-08T11:04:55.436+0000] {dag.py:2573} INFO - Sync 1 DAGs
[2022-10-08T11:04:55.461+0000] {logging_mixin.py:117} INFO - [2022-10-08T11:04:55.461+0000] {dag.py:3328} INFO - Setting next_dagrun for tutorial to 2022-10-07T11:04:55.460984+00:00, run_after=2022-10-08T11:04:55.460984+00:00
[2022-10-08T11:04:55.479+0000] {processor.py:178} INFO - Processing /home/airflow/.local/lib/python3.7/site-packages/airflow/example_dags/tutorial.py took 0.099 seconds
[2022-10-08T11:05:26.195+0000] {processor.py:156} INFO - Started process (PID=15230) to work on /home/airflow/.local/lib/python3.7/site-packages/airflow/example_dags/tutorial.py
[2022-10-08T11:05:26.196+0000] {processor.py:758} INFO - Processing file /home/airflow/.local/lib/python3.7/site-packages/airflow/example_dags/tutorial.py for tasks to queue
[2022-10-08T11:05:26.196+0000] {logging_mixin.py:117} INFO - [2022-10-08T11:05:26.196+0000] {dagbag.py:525} INFO - Filling up the DagBag from /home/airflow/.local/lib/python3.7/site-packages/airflow/example_dags/tutorial.py
[2022-10-08T11:05:26.210+0000] {processor.py:768} INFO - DAG(s) dict_keys(['tutorial']) retrieved from /home/airflow/.local/lib/python3.7/site-packages/airflow/example_dags/tutorial.py
[2022-10-08T11:05:26.248+0000] {logging_mixin.py:117} INFO - [2022-10-08T11:05:26.248+0000] {dag.py:2573} INFO - Sync 1 DAGs
[2022-10-08T11:05:26.273+0000] {logging_mixin.py:117} INFO - [2022-10-08T11:05:26.273+0000] {dag.py:3328} INFO - Setting next_dagrun for tutorial to 2022-10-07T11:05:26.272977+00:00, run_after=2022-10-08T11:05:26.272977+00:00
[2022-10-08T11:05:26.290+0000] {processor.py:178} INFO - Processing /home/airflow/.local/lib/python3.7/site-packages/airflow/example_dags/tutorial.py took 0.097 seconds
[2022-10-08T11:05:56.485+0000] {processor.py:156} INFO - Started process (PID=15460) to work on /home/airflow/.local/lib/python3.7/site-packages/airflow/example_dags/tutorial.py
[2022-10-08T11:05:56.486+0000] {processor.py:758} INFO - Processing file /home/airflow/.local/lib/python3.7/site-packages/airflow/example_dags/tutorial.py for tasks to queue
[2022-10-08T11:05:56.486+0000] {logging_mixin.py:117} INFO - [2022-10-08T11:05:56.486+0000] {dagbag.py:525} INFO - Filling up the DagBag from /home/airflow/.local/lib/python3.7/site-packages/airflow/example_dags/tutorial.py
[2022-10-08T11:05:56.499+0000] {processor.py:768} INFO - DAG(s) dict_keys(['tutorial']) retrieved from /home/airflow/.local/lib/python3.7/site-packages/airflow/example_dags/tutorial.py
[2022-10-08T11:05:56.536+0000] {logging_mixin.py:117} INFO - [2022-10-08T11:05:56.536+0000] {dag.py:2573} INFO - Sync 1 DAGs
[2022-10-08T11:05:56.564+0000] {logging_mixin.py:117} INFO - [2022-10-08T11:05:56.563+0000] {dag.py:3328} INFO - Setting next_dagrun for tutorial to 2022-10-07T11:05:56.563771+00:00, run_after=2022-10-08T11:05:56.563771+00:00
[2022-10-08T11:05:56.583+0000] {processor.py:178} INFO - Processing /home/airflow/.local/lib/python3.7/site-packages/airflow/example_dags/tutorial.py took 0.101 seconds
[2022-10-08T11:06:27.292+0000] {processor.py:156} INFO - Started process (PID=15663) to work on /home/airflow/.local/lib/python3.7/site-packages/airflow/example_dags/tutorial.py
[2022-10-08T11:06:27.293+0000] {processor.py:758} INFO - Processing file /home/airflow/.local/lib/python3.7/site-packages/airflow/example_dags/tutorial.py for tasks to queue
[2022-10-08T11:06:27.294+0000] {logging_mixin.py:117} INFO - [2022-10-08T11:06:27.293+0000] {dagbag.py:525} INFO - Filling up the DagBag from /home/airflow/.local/lib/python3.7/site-packages/airflow/example_dags/tutorial.py
[2022-10-08T11:06:27.306+0000] {processor.py:768} INFO - DAG(s) dict_keys(['tutorial']) retrieved from /home/airflow/.local/lib/python3.7/site-packages/airflow/example_dags/tutorial.py
[2022-10-08T11:06:27.343+0000] {logging_mixin.py:117} INFO - [2022-10-08T11:06:27.342+0000] {dag.py:2573} INFO - Sync 1 DAGs
[2022-10-08T11:06:27.370+0000] {logging_mixin.py:117} INFO - [2022-10-08T11:06:27.370+0000] {dag.py:3328} INFO - Setting next_dagrun for tutorial to 2022-10-07T11:06:27.369844+00:00, run_after=2022-10-08T11:06:27.369844+00:00
[2022-10-08T11:06:27.386+0000] {processor.py:178} INFO - Processing /home/airflow/.local/lib/python3.7/site-packages/airflow/example_dags/tutorial.py took 0.096 seconds
[2022-10-08T11:06:57.715+0000] {processor.py:156} INFO - Started process (PID=15875) to work on /home/airflow/.local/lib/python3.7/site-packages/airflow/example_dags/tutorial.py
[2022-10-08T11:06:57.716+0000] {processor.py:758} INFO - Processing file /home/airflow/.local/lib/python3.7/site-packages/airflow/example_dags/tutorial.py for tasks to queue
[2022-10-08T11:06:57.716+0000] {logging_mixin.py:117} INFO - [2022-10-08T11:06:57.716+0000] {dagbag.py:525} INFO - Filling up the DagBag from /home/airflow/.local/lib/python3.7/site-packages/airflow/example_dags/tutorial.py
[2022-10-08T11:06:57.729+0000] {processor.py:768} INFO - DAG(s) dict_keys(['tutorial']) retrieved from /home/airflow/.local/lib/python3.7/site-packages/airflow/example_dags/tutorial.py
[2022-10-08T11:06:57.780+0000] {logging_mixin.py:117} INFO - [2022-10-08T11:06:57.779+0000] {dag.py:2573} INFO - Sync 1 DAGs
[2022-10-08T11:06:57.806+0000] {logging_mixin.py:117} INFO - [2022-10-08T11:06:57.805+0000] {dag.py:3328} INFO - Setting next_dagrun for tutorial to 2022-10-07T11:06:57.805670+00:00, run_after=2022-10-08T11:06:57.805670+00:00
[2022-10-08T11:06:57.826+0000] {processor.py:178} INFO - Processing /home/airflow/.local/lib/python3.7/site-packages/airflow/example_dags/tutorial.py took 0.114 seconds
